ARM GAS  C:\Users\ajink\AppData\Local\Temp\cc979Ytt.s 			page 1


   1              		.syntax unified
   2              		.cpu cortex-m3
   3              		.fpu softvfp
   4              		.eabi_attribute 20, 1
   5              		.eabi_attribute 21, 1
   6              		.eabi_attribute 23, 3
   7              		.eabi_attribute 24, 1
   8              		.eabi_attribute 25, 1
   9              		.eabi_attribute 26, 1
  10              		.eabi_attribute 30, 2
  11              		.eabi_attribute 34, 1
  12              		.eabi_attribute 18, 4
  13              		.thumb
  14              		.file	"chcore_v7m.c"
  15              		.text
  16              	.Ltext0:
  17              		.section	.gnu.lto_.profile.a3af67,"",%progbits
  18 0000 789C6366 		.ascii	"x\234cf```a\200\000F\006C\031\000\000\362\000V"
  18      60606061 
  18      80004606 
  18      43190000 
  18      F20056
  19              		.text
  20              		.section	.gnu.lto_.jmpfuncs.a3af67,"",%progbits
  21 0000 789C6366 		.ascii	"x\234cf\300\016x\24143\214`\001b\000\002\024\000\033"
  21      C00E78A1 
  21      34338C60 
  21      01620002 
  21      14001B
  22              		.text
  23              		.section	.gnu.lto_.inline.a3af67,"",%progbits
  24 0000 789C6366 		.ascii	"x\234cf\300\016\334\24043\003\003\277\030#\003\223\310"
  24      C00EDCA0 
  24      34330303 
  24      BF182303 
  24      93C8
  25 0012 851E4606 		.ascii	"\205\036F\006\266\005\362L A&n\260\014\0277P\202gN$"
  25      B605F24C 
  25      2041266E 
  25      B00C1737 
  25      5082674E 
  26 0027 5C9C910B 		.ascii	"\\\234\221\013H\2600pr\200\304\037\304\302\305\031\000"
  26      48B03070 
  26      7280C41F 
  26      C4C2C519 
  26      00
  27 0038 005306D0 		.ascii	"\000S\006\320"
  28              		.text
  29              		.section	.gnu.lto_.pureconst.a3af67,"",%progbits
  30 0000 789C6366 		.ascii	"x\234cf```g\200\000f\006+f+\026+\000\002\350\000\303"
  30      60606067 
  30      80006606 
  30      2B662B16 
  30      2B0002E8 
  31              		.text
  32              		.section	.gnu.lto__port_irq_epilogue.part.0.a3af67,"",%progbits
  33 0000 789C9D54 		.ascii	"x\234\235T\377oSU\024\277\347\336\373^K\333m\206\037"
ARM GAS  C:\Users\ajink\AppData\Local\Temp\cc979Ytt.s 			page 2


  33      FF6F5355 
  33      14BFE7DE 
  33      FB5E4BDB 
  33      6D861F
  34 0013 0CE00F5D 		.ascii	"\014\340\017]\262\220\305\004V2\177\340\027\2101D\023"
  34      B290C504 
  34      56327FE0 
  34      17883144 
  34      13
  35 0024 7E6824EB 		.ascii	"~h$\353\037`\344Y\303\342\240\265\355\314~!{\355\212"
  35      1F60E459 
  35      C3E2A0B5 
  35      EDCC7E21 
  35      7BED8A
  36 0037 1B46270C 		.ascii	"\033F'\014\205\0213\235.\250[u+\210\340\020]\225M\346"
  36      8511339D 
  36      2EA85B75 
  36      2B88E010 
  36      5D954DE6 
  37 004b 902A211B 		.ascii	"\220*!\033\203\341V\227M1\301\260Q\276\354AF9\347\266"
  37      83E15697 
  37      4D31C1B0 
  37      51BEEC41 
  37      4639E7B6 
  38 005f 3007FBC1 		.ascii	"0\007\373\301\330\264\367\276{\316\371\234s\356\347"
  38      D8B4F7BE 
  38      7BCEF99C 
  38      73EEE7
  39 006e 735E057B 		.ascii	"s^\005{\374\363<\376\326i\214}\212;\330\030\350{\322"
  39      FCF33CFE 
  39      D6698C7D 
  39      8A3BD818 
  39      E87BD2
  40 0081 F8A00357 		.ascii	"\370\240\003W;\347\242\251\234\231\016I\253K\200F\326"
  40      3BE7A2A9 
  40      9C990E49 
  40      AB4B8046 
  40      D6
  41 0092 A85D3E78 		.ascii	"\250]>x\320\000\350\201\001\253\327\271\220\032\324"
  41      D000E881 
  41      01ABD7B9 
  41      901AD4
  42 00a1 C3DF7C96 		.ascii	"\303\337|\226\303\236T\242\325Y~\3104\315\231O\372V"
  42      C39E54A2 
  42      D5597EC8 
  42      34CD994F 
  42      FA56
  43 00b3 EC5A6171 		.ascii	"\354Zaq\306\262<_\021>\203r\2061\263\361\371\013N=\216"
  43      C6B23C5F 
  43      113E8372 
  43      8631B3F1 
  43      F90B4E3D 
  44 00c8 314FE47D 		.ascii	"1O\344}\3609\326eL\240\257\363\362\315T\261\250\004"
  44      F039D665 
  44      4CA0AFF3 
  44      F2CD54B1 
  44      A804
ARM GAS  C:\Users\ajink\AppData\Local\Temp\cc979Ytt.s 			page 3


  45 00da 8AEBEDBE 		.ascii	"\212\353\355\276q\326y\205[\034J\351x\242e\260U\247"
  45      71D67985 
  45      5B1C4AE9 
  45      78A265B0 
  45      55A7
  46 00ec 239774FC 		.ascii	"#\227t\374\343\372\265\177\240\354c\323\214\315XG\307"
  46      E3FAB57F 
  46      A0EC63D3 
  46      8CCD5847 
  46      C7
  47 00fd 9E3C68B6 		.ascii	"\236<h\266\307\366\232\271\334\263`q\001\235 03t\301"
  47      C7F69AB9 
  47      DCB36071 
  47      019D2030 
  47      3374C1
  48 0110 2A48C0AA 		.ascii	"*H\300\252\302\215\341\013(C\340\237\211\367\0325\002"
  48      C28DE10B 
  48      2843E09F 
  48      89F71A35 
  48      02
  49 0121 BE852D8E 		.ascii	"\276\205-\216\272v\015\232\361L.\347F\030[\002\363\245"
  49      BA760D9A 
  49      F14C2EE7 
  49      46185B02 
  49      F3A5
  50 0133 C2EC1F3E 		.ascii	"\302\354\037>k\0275\252\253w.LfJT\335\314\275\216\264"
  50      6B1735AA 
  50      AB772E4C 
  50      664A54DD 
  50      CCBD8EB4 
  51 0147 CB7C0897 		.ascii	"\313|\010\227\320\275d\325\036(\353Ynbk\177\245W\273"
  51      D0BD64D5 
  51      1E28EB59 
  51      6E626B7F 
  51      A557BB
  52 015a 4075C195 		.ascii	"@u\301\225U\250U2\213k\032.:cS\310\006\321:\205\007"
  52      55A85532 
  52      8B6B1A2E 
  52      3A6353C8 
  52      06D13A85 
  53 016f DCC534E7 		.ascii	"\334\3054\347j\037\203\350dv\366\230XL\036\241\025w"
  53      6A1F83E8 
  53      6476F698 
  53      584C1EA1 
  53      1577
  54 0181 6C31AB99 		.ascii	"l1\253\231\201\216s\222A\022\364,\207G\010\247\352\014"
  54      818E7392 
  54      4112F42C 
  54      874708A7 
  54      EA0C
  55 0193 0E13068E 		.ascii	"\016\023\006\216\340\212\264\277\216\021\373N\276\333"
  55      E08AB4BF 
  55      8E11FB4E 
  55      BEDB
  56 01a1 57E2AE6F 		.ascii	"W\342\256o3[K-n#\314\325\271\363\3756\211\375\300W\340"
  56      335B4B2D 
  56      6E23CCD5 
ARM GAS  C:\Users\ajink\AppData\Local\Temp\cc979Ytt.s 			page 4


  56      B9F3FD36 
  56      89FDC057 
  57 01b6 56053E4A 		.ascii	"V\005>J\232\226\023-p\024\344mL\314\340k\220l\004b\031"
  57      9A96132D 
  57      7014E46D 
  57      4CCCE06B 
  57      906C0462 
  58 01cb 6A8DB251 		.ascii	"j\215\262Qr\362\\\202\330h\343\201\346\001\235z\270"
  58      72F25C82 
  58      D868E381 
  58      E6019D7A 
  58      B8
  59 01dc CD39D946 		.ascii	"\3159\331F\200\323\211zF\013\2064\264\2769\322Y\231"
  59      80D3897A 
  59      460B8634 
  59      B4BE39D2 
  59      5999
  60 01ee 8F1068C2 		.ascii	"\217\020h\302\012Wv\017\316-S\012#\243\271\022\006\307"
  60      0A57760F 
  60      CE2D530A 
  60      23A3B912 
  60      06C7
  61 0200 90C54540 		.ascii	"\220\305E@A\271gf\3221\215l\010\2714\332;o#\210\314"
  61      41B96766 
  61      D2318D6C 
  61      08B934DA 
  61      3B6F2388 
  62 0215 4368847A 		.ascii	"Ch\204z\366&E\033|\0205M\273\305\355\230\032\216\223"
  62      F626451B 
  62      7C10354D 
  62      BBC5ED98 
  62      1A8E93
  63 0228 1A7485E1 		.ascii	"\032t\205\341\375\363Ek\023HDj\245\305\227\3017\320"
  63      FDF3456B 
  63      1348446A 
  63      A5C597C1 
  63      37D0
  64 023a 06D7D574 		.ascii	"\006\327\325tB/\254\305\200\226\336\213o;(\235\003c"
  64      422FACC5 
  64      8096DE8B 
  64      6F3B289D 
  64      0363
  65 024c EC0C4E20 		.ascii	"\354\014N \020+\2167\216w9\362\255Jj\242\320\023\002"
  65      102B8E37 
  65      8E7739F2 
  65      AD4A6AA2 
  65      D01302
  66 025f 9A4F4787 		.ascii	"\232OG\207\244h\000\305\363\357\277\304\253\363\223"
  66      A46800C5 
  66      F3EFBFC4 
  66      ABF393
  67 026e 71E7943F 		.ascii	"q\347\224?\025o7\357\345rj\034\277]r0N\322\215$\033"
  67      156F37EF 
  67      E5726A1C 
  67      BF5D7230 
  67      4ED28D24 
  68 0283 83D86476 		.ascii	"\203\330dv\372\370bq3\323]OS@AF\376\350{\003\337)\011"
ARM GAS  C:\Users\ajink\AppData\Local\Temp\cc979Ytt.s 			page 5


  68      FAF86271 
  68      33D35D4F 
  68      53404146 
  68      FEE87B03 
  69 029a BFA71707 		.ascii	"\277\247\027\007X\013\240{\342\352\334>\341n\207\274"
  69      580BA07B 
  69      E2EADC3E 
  69      E16E87BC 
  70 02aa 884E42BC 		.ascii	"\210NB\274?v7\352P\"\366=\020\361\267\344n\215DL\221"
  70      3F7637EA 
  70      5022F63D 
  70      10F1B7E4 
  70      6E8D444C 
  71 02bf 88123D3F 		.ascii	"\210\022=?\200D{\372p\377\021\233\273\003\3765\001\231"
  71      80447BFA 
  71      70FF119B 
  71      BB03FE35 
  71      0199
  72 02d1 E4A10150 		.ascii	"\344\241\001P\340\037\011\014\247P\355\313\320\220\232"
  72      E01F090C 
  72      A750EDCB 
  72      D0909A
  73 02e0 1872E5A9 		.ascii	"\030r\345\251\3200\350\303\363\315\335|\347]\263\211"
  73      D030E8C3 
  73      F3CDDD7C 
  73      E75DB389 
  74 02f0 B8766591 		.ascii	"\270ve\221\033\006\375\260\023\307\271\210\015C\374"
  74      1B06FDB0 
  74      13C7B988 
  74      0D43FC
  75 02ff 62C3D685 		.ascii	"b\303\326\205\330\211\251_\317\331\211\\\352|\240\300"
  75      D889A95F 
  75      CFD9895C 
  75      EA7CA0C0 
  76 030f C334429A 		.ascii	"\3034B\232\312\005\222|\2531\235\330R\240\365\277i\370"
  76      CA05927C 
  76      AB319DD8 
  76      52A0F5BF 
  76      69F8
  77 0321 1469F893 		.ascii	"\024i\370\223\322\020\210\320\323J\303\205\226R\033"
  77      D21088D0 
  77      D34AC385 
  77      96521B
  78 0330 2C5E9C55 		.ascii	",^\234U\267\034\304\236\250\230|X\354\326\377)\366\363"
  78      B71CC49E 
  78      A8987C58 
  78      ECD6FF29 
  78      F6F3
  79 0342 42B1A1A5 		.ascii	"B\261\241\245\213\341?*\234)\024\323\324\313;\016\321"
  79      8BE13F2A 
  79      9C2914D3 
  79      D4CB3B0E 
  79      D1
  80 0353 D481336A 		.ascii	"\324\2013j`\350\302S\010G3\362\352\251\250\240\257\261"
  80      60E8C253 
  80      084733F2 
  80      EAA9A8A0 
ARM GAS  C:\Users\ajink\AppData\Local\Temp\cc979Ytt.s 			page 6


  80      AFB1
  81 0365 AD7A6B75 		.ascii	"\255zku \374\214'\020\366\204\"\236` \024\011{\236\253"
  81      20FC8C27 
  81      10F68422 
  81      9E602014 
  81      097B9EAB 
  82 0379 F26EF2D6 		.ascii	"\362n\362\326\241\317\010\204\374/\275\261~{\205\301"
  82      A1CF0884 
  82      FC2FBDB1 
  82      7E7B85C1 
  83 0389 F4903F5C 		.ascii	"\364\220?\\[\023\251|\034\346\257\213x6y}\233}\236\352"
  83      5B13A97C 
  83      1CE6AF8B 
  83      7836797D 
  83      9B7D9EEA 
  84 039d 1D464DED 		.ascii	"\035FM\355+~\217\202\031\333_\250\335aTlc\322\210\324"
  84      2B7E8F82 
  84      19DB5FA8 
  84      DD61546C 
  84      63D288D4 
  85 03b1 058BBC55 		.ascii	"\005\213\274U\276\322\325\353\326\224\006\303A\007\023"
  85      BED2D5EB 
  85      D69406C3 
  85      410713
  86 03c0 1B43AC38 		.ascii	"\033C\2548\022\010\276\370\352\226P\300\360E^6^+\362"
  86      1208BEF8 
  86      EA9650C0 
  86      F0455E36 
  86      5E2BF2
  87 03d3 FAAAC8B9 		.ascii	"\372\252\310\271\006\243\034\214\207\230\010\007\331"
  87      06A31C8C 
  87      87980807 
  87      D9
  88 03e0 7D5E7E08 		.ascii	"}^~\010r"
  88      72
  89              		.text
  90              		.section	.gnu.lto__port_irq_epilogue.a3af67,"",%progbits
  91 0000 789C9553 		.ascii	"x\234\225S[KTQ\024\336\337>g\306q\034Jz\2200\310\201"
  91      5B4B5451 
  91      14DEDF3E 
  91      67C6711C 
  91      4A7A9030 
  92 0016 880ACA89 		.ascii	"\210\012\312\211\202|\351B\004A\017\276\344\017\210"
  92      827CE942 
  92      04410FBE 
  92      E40F88
  93 0025 9A0612B4 		.ascii	"\232\006\022\264\221Q\303\036\302=:]\036J\244\253%f"
  93      9151C31E 
  93      C23D3A5D 
  93      1E4AA4AB 
  93      2566
  94 0037 F79BA5A9 		.ascii	"\367\233\245\251\335\034-\315n\203t%+\314\310\321\022"
  94      DD1C2DCD 
  94      6E837425 
  94      2BCCC8D1 
  94      12
  95 0048 8A0CACE9 		.ascii	"\212\014\254\351\342\0205\255\265g\212\264\202\032\316"
ARM GAS  C:\Users\ajink\AppData\Local\Temp\cc979Ytt.s 			page 7


  95      E21035AD 
  95      B5678AB4 
  95      821ACE
  96 0057 9C7DCE5E 		.ascii	"\234}\316^\337Z\337\332\337\372\216!~\377\315\247\377"
  96      DF5ADFDA 
  96      DFFA8E21 
  96      7EFFCDA7 
  96      FF
  97 0068 74538856 		.ascii	"tS\210VZa\025\220\225w\205\360\333\2444\272\323\204"
  97      5A611590 
  97      957785F0 
  97      DBA434BA 
  97      D384
  98 007a B29B6D59 		.ascii	"\262\233mYB9\014Xx\033f|\365\333,\000?\010\210Ri\230"
  98      42390C58 
  98      781B667C 
  98      F5DB2C00 
  98      3F088852 
  99 0090 1694E2B5 		.ascii	"\026\224\342\265|'Q\331QW\2252\355\250Rj\370P\373\304"
  99      7C2751D9 
  99      51579532 
  99      EDA8526A 
  99      F850FBC4 
 100 00a4 8D13A352 		.ascii	"\215\023\243R\210\210\214\023\3418\246\011\302\274\013"
 100      88888C13 
 100      E138A609 
 100      C2BC0B
 101 00b3 7C7D9262 		.ascii	"|}\222b\015\020&5\036\303\011XAk\303\204\016\025\213"
 101      0D102635 
 101      1EC30958 
 101      416BC384 
 101      0E158B
 102 00c6 BDA81DEA 		.ascii	"\275\250\035\3521m\206\210J\230|\023\342%\201\230lP"
 102      316D8688 
 102      4A987C13 
 102      E2258198 
 102      6C50
 103 00d8 4A5E8DC7 		.ascii	"J^\215\307(K\345B\221:\265\3230\346\200\237[\352?\334"
 103      284BE542 
 103      913AB5D3 
 103      30E6809F 
 103      5BEA3FDC 
 104 00ec 497925A3 		.ascii	"Iy%\243R:\3715\270=Te\345W\303\344\3277\335\007\217"
 104      523AF935 
 104      B83D5465 
 104      E557C3E4 
 104      D737DD07 
 105 0101 DAA71C54 		.ascii	"\332\247\034T\252lxd\244:m\257:PVIT\213\020\225&N\302"
 105      AA6C7864 
 105      A43A6DAF 
 105      3A505649 
 105      548B1095 
 106 0118 A036700A 		.ascii	"\2406p\012\351\250CzB\025\234\306\024J\354\337\366\261"
 106      E9A8437A 
 106      42159CC6 
 106      144AECDF 
 106      F6B1
ARM GAS  C:\Users\ajink\AppData\Local\Temp\cc979Ytt.s 			page 8


 107 012a 195CC774 		.ascii	"\031\\\307t\012\234\241h/\312\006\0327\017VYG\035$\034"
 107      0A9CA168 
 107      2FCA061A 
 107      370F5659 
 107      471D241C 
 108 013e 28D5A788 		.ascii	"(\325\247\210H\214>ax\370\355\002\201z\216\310\321\221"
 108      488C3E61 
 108      78F8ED02 
 108      817A8EC8 
 108      D191
 109 0150 8E6F9398 		.ascii	"\216o\223\230C\240\201\203\306Xap\226f!\320\310\312"
 109      43A08183 
 109      C6586170 
 109      966621D0 
 109      C8CA
 110 0162 405483C2 		.ascii	"@T\203\302}C#;\214\214\323\250QU\316\250\264p\306\256"
 110      7D43233B 
 110      8C8CD3A8 
 110      5155CEA8 
 110      B470C6AE 
 111 0176 DE2F7EBB 		.ascii	"\336/~\273I\362\240\011\031\202w\366m\334\263\327A;"
 111      49F2A009 
 111      198277F6 
 111      6DDCB3D7 
 111      413B
 112 0188 68A65971 		.ascii	"h\246Yq\303\002\347`R\240k\363\201OfFC\"\333\312\330"
 112      C302E760 
 112      52A06BF3 
 112      814F6646 
 112      4322DBCA 
 113 019d FB433783 		.ascii	"\373C7\203\311:\373<g\343\002\011\376\024\235\027Z^"
 113      C93AFB3C 
 113      67E30209 
 113      FE149D17 
 113      5A5E
 114 01af D7CEE3D3 		.ascii	"\327\316\343\323|\226\006k\367\276\242\317\316\022$"
 114      7C96066B 
 114      F7BEA2CF 
 114      CE1224
 115 01be A9A7E56A 		.ascii	"\251\247\345j\034'\366\275\274\367\300\246\2674gcW\254"
 115      1C27F6BD 
 115      BCF7C0A6 
 115      B7346763 
 115      57AC
 116 01d0 CB51836A 		.ascii	"\313Q\203jR\323\206\213$\343%\346\245@E$\324\237<\253"
 116      52D3868B 
 116      24E325E6 
 116      A5404524 
 116      D49F3CAB 
 117 01e4 4E052892 		.ascii	"N\005(\222\214\026\324\340\275\366\002\202\230EL\345"
 117      8C16D4E0 
 117      BDF60282 
 117      98454CE5 
 118 01f4 239BBA65 		.ascii	"#\233\272e\234\310\214s\205\203\267kua\260\004\255T"
 118      9CC88C73 
 118      8583B76B 
 118      7561B004 
ARM GAS  C:\Users\ajink\AppData\Local\Temp\cc979Ytt.s 			page 9


 118      AD54
 119 0206 E611023D 		.ascii	"\346\021\002=\345\351\011\020!\374\307Z\267&i\004\225"
 119      E5E90910 
 119      21FCC75A 
 119      B7266904 
 119      95
 120 0217 694B8C6B 		.ascii	"iK\214k\220\364\353N3\236\241<\225\221L\275\377aE\275"
 120      90F4EB4E 
 120      339EA13C 
 120      95914CBD 
 120      FF6145BD 
 121 022b DCF0456D 		.ascii	"\334\360EmQ\266\250\264G$\031\034\227\261\201\014\225"
 121      51B6A8B4 
 121      4724191C 
 121      97B1810C 
 121      95
 122 023c A2134CD1 		.ascii	"\242\023L\321\226\365\323H\277\332\343\334\376\177\262"
 122      96F5D348 
 122      BFDAE3DC 
 122      FE7FB2
 123 024b C7156D8F 		.ascii	"\307\025m\217\237Bp\371\366\277\333\343H3\022\376\260"
 123      9F4270F9 
 123      F6BFDBE3 
 123      483312FE 
 123      B0
 124 025c 8CF547CB 		.ascii	"\214\365G\313B\201\016\216X\307\370#8\231I\004\256\376"
 124      42810E8E 
 124      58C7F823 
 124      38994904 
 124      AEFE
 125 026e D91F9DDA 		.ascii	"\331\037\235\332\037\327~\361\307\221\267\341\240\365"
 125      1FD77EF1 
 125      C791B7E1 
 125      A0F5
 126 027c C7E8DBF5 		.ascii	"\307\350\333\365\350\257\353\321\217\235\363\015\232"
 126      E8AFEBD1 
 126      8F9DF30D 
 126      9A
 127 0289 336B60D1 		.ascii	"3k`\321_\323s\370\303\203M3\010\267\373\321\035\233"
 127      5FD373F8 
 127      C3834D33 
 127      08B7FBD1 
 127      1D9B
 128 029b 7111DAC2 		.ascii	"q\021\332\302\333\236\014\204\307kI\302\337\016\337"
 128      DB9E0C84 
 128      C76B49C2 
 128      DF0EDF
 129 02aa 75A8900A 		.ascii	"u\250\220\012\204c\261\214\250t\340\346\237\004\031"
 129      8463B18C 
 129      A874E0E6 
 129      9F0419
 130 02b9 DD1E6E71 		.ascii	"\335\036nq\347't\213!\276\363G\014\246\243.\\\231\231"
 130      E727748B 
 130      21BEF347 
 130      0CA6A32E 
 130      5C9999
 131 02cc 7CB9D7E4 		.ascii	"|\271\327\344\256\312\365\026\316uy\013]\276\"W\201"
ARM GAS  C:\Users\ajink\AppData\Local\Temp\cc979Ytt.s 			page 10


 131      AECAF516 
 131      CE75790B 
 131      5DBE2257 
 131      81
 132 02dd D75754E8 		.ascii	"\327WT\350Z\274<{Iv\011\305\334^\237g\305\272\254\374"
 132      5ABC3C7B 
 132      497609C5 
 132      DC5E9F67 
 132      C5BAACFC 
 133 02f1 4CB7B0AC 		.ascii	"L\267\260\254[\231W\354\371\277\2545b\316\357xOI\221"
 133      5B9957EC 
 133      F9BFAC35 
 133      62CEEF78 
 133      4F4991
 134 0304 6B4976CE 		.ascii	"kIv\316\262\034W\356Zw^\361j\217K\343\335\371K\213\327"
 134      B21C57EE 
 134      5A775EF1 
 134      6A8F4BE3 
 134      DDF94B8B 
 135 0319 BA292535 		.ascii	"\272)%5;g\271s\325\312BO\201/w\246s\352l!}\")\337\223"
 135      3B67B973 
 135      D5CA424F 
 135      812F77A6 
 135      73EA6C21 
 136 0332 EFF5AD17 		.ascii	"\357\365\255\027\246\273\250\244\340;wR\262\352"
 136      A6BBA8A4 
 136      E03B7752 
 136      B2EA
 137              		.text
 138              		.section	.gnu.lto_SVC_Handler.a3af67,"",%progbits
 139 0000 789C9593 		.ascii	"x\234\225\223\337oTE\024\307\317\231\231\336][)\015"
 139      DF6F5445 
 139      14C7CF99 
 139      99DE5D5B 
 139      290D
 140 0012 0F3EF4C1 		.ascii	"\017>\364\301\335\2441\274\220^\305\007\236\010!$&>"
 140      DDA431BC 
 140      905EC507 
 140      9E082124 
 140      263E
 141 0024 6C24DD3F 		.ascii	"l$\335?\300\224\353jW[v\275\273%\365\251w\267\205\325"
 141      C094EB6A 
 141      575B76BD 
 141      BB25F5A9 
 141      77B785D5 
 142 0038 18158B3F 		.ascii	"\030\025\213?\266&\306\022i\260\026\241 \202,(\253\266"
 142      B626C612 
 142      69B016A1 
 142      20822C28 
 142      ABB6
 143 004a A5A2FC0A 		.ascii	"\245\242\374\012?c-\\k[\177\025\245\024\204\215i\327"
 143      3F632D5C 
 143      6B5B7F15 
 143      A514848D 
 143      69D7
 144 005c 73E6AE86 		.ascii	"s\346\256\206m\233\0307w\357\235\231\363=\277>3#a\361"
 144      6D9B1837 
ARM GAS  C:\Users\ajink\AppData\Local\Temp\cc979Ytt.s 			page 11


 144      77EF9D99 
 144      F33DBF3E 
 144      332361F1 
 145 0070 AF96FEB6 		.ascii	"\257\226\376\266\002\270M_\224\200b\373i\200\224_ \362"
 145      02B84D5F 
 145      948062FB 
 145      6980945F 
 145      20F2
 146 0082 0010DA05 		.ascii	"\000\020\332\005\266\343/bF\340\366|\177\266je\257\343"
 146      B6E32F62 
 146      46E0F67C 
 146      7FB66A65 
 146      AFE3
 147 0094 3837C6CF 		.ascii	"87\306\317\2446\346\261 \000f\205\027\007w\343J \321"
 147      A436E6B1 
 147      20006685 
 147      170777E3 
 147      4A20D1
 148 00a7 5B174FF9 		.ascii	"[\027O\371\345j\344\341\221\275\267NU\375,\012\002\203"
 148      E56AE4E1 
 148      91BDB74E 
 148      55FD2C0A 
 148      0283
 149 00b9 3CCD758D 		.ascii	"<\315u\215d\015\236\012\305\323W.\217\273\313\353v:"
 149      640D9E0A 
 149      C5D3572E 
 149      8FBBCBEB 
 149      763A
 150 00cb 4EDA7DF1 		.ascii	"N\332}\361\307o\356wF\234N\267X\014\024\204\304\017"
 150      C76FEE77 
 150      469C4EB7 
 150      580C1484 
 150      C40F
 151 00dd 505258EC 		.ascii	"PRX\354\303Z\374\020kK\205\222\313L\347\334\345*\243"
 151      C35AFC10 
 151      6B4B8592 
 151      CB4CE7DC 
 151      E52AA3
 152 00f0 930AA8C1 		.ascii	"\223\012\250\301~\254\363r\343\0364\020@\360\012i\372"
 152      7EACF372 
 152      E31E3410 
 152      40F00A69 
 152      FA
 153 0101 BEBF9DAF 		.ascii	"\276\277\235\257\226kt\001?\334\374\343:\352\0247\346"
 153      966B7401 
 153      3FDCFCE3 
 153      3AEA1437 
 153      E6
 154 0112 0F8E3ED0 		.ascii	"\017\216>\320\355\364\244_w\212\305uT\270\302\217\226"
 154      EDF4A45F 
 154      778AC575 
 154      54B8C28F 
 154      96
 155 0123 4A827BB1 		.ascii	"J\202{\261n\337\212<\211\216\316d2\346;\302G\022\012"
 155      6EDF8A3C 
 155      898ECE64 
 155      32E63BC2 
ARM GAS  C:\Users\ajink\AppData\Local\Temp\cc979Ytt.s 			page 12


 155      47120A
 156 0136 2CF55B41 		.ascii	",\365[AAT\030Z\0040A\311\031\321\244\020\374\225\243"
 156      4154185A 
 156      043041C9 
 156      19D1A410 
 156      FC95A3
 157 0149 981A9F9B 		.ascii	"\230\032\237\2339$\313\352t\267N\345\225.qV\340\302"
 157      3924CBEA 
 157      74B74EE5 
 157      952E7156 
 157      E0C2
 158 015b 16380CEE 		.ascii	"\0268\014\356C\203\322\016\320\233\232x\236\024;\216"
 158      4383D20E 
 158      D09B9A78 
 158      9E143B8E 
 159 016b BD767C79 		.ascii	"\275v|y\240\375]'\033,\010\203}\246\357\236\037\364"
 159      A0FD5D27 
 159      1B2C0883 
 159      7DA6EF9E 
 159      1FF4
 160 017d 294A87FB 		.ascii	")J\207\3731\240A\2747\340\024\252h\005\017\240\272#"
 160      31A041BC 
 160      37E014AA 
 160      68050FA0 
 160      BA23
 161 018f 38C0C7A8 		.ascii	"8\300\307\250\340\022\246]\256\200\243qp\266|\207\351"
 161      E012A65D 
 161      AE80A371 
 161      70B67C87 
 161      E9
 162 01a0 2B99B7B3 		.ascii	"+\231\267\263\035\006\327pG\010^\273\204BC\353g\211"
 162      1D06D770 
 162      47085EBB 
 162      844243EB 
 162      6789
 163 01b2 20494776 		.ascii	" IGv\333Tw\265\247\220\264t\357\336\211 \340A\342S\346"
 163      DB5477B5 
 163      A790B474 
 163      EFDE8920 
 163      E041E253 
 164 01c7 2439EED5 		.ascii	"$9\356\325\314|w)\254\342\245\222\202\234_=\221:\251"
 164      CC7C7729 
 164      ACE2A592 
 164      829C5F3D 
 164      913AA9
 165 01da 6407EA8E 		.ascii	"d\007\352\216\307\276\355\214z\333<\277\307\370w\223"
 165      C7BEED8C 
 165      7ADB3CBF 
 165      C7F87793 
 166 01ea 157EB224 		.ascii	"\025~\262$\377C\034^\301(\246\307\347&\017/\2009\361"
 166      FF431C5E 
 166      C128A6C7 
 166      E7260F2F 
 166      8039F1
 167 01fd 0CDB4B38 		.ascii	"\014\333K8\305\002\234\200\2075\312O\3718 t!\231\257"
 167      C5029C80 
 167      8735CA4F 
ARM GAS  C:\Users\ajink\AppData\Local\Temp\cc979Ytt.s 			page 13


 167      F9382074 
 167      2199AF
 168 0210 4DDFDD21 		.ascii	"M\337\335!\003=\350\301\364\261\307\233\243\177\245"
 168      033DE8C1 
 168      F4B1C79B 
 168      A37FA5
 169 021f 2A35CC23 		.ascii	"*5\314#\377\300<;\360R\005\303\3141L\272\012x\024\025"
 169      FFC03C3B 
 169      F05205C3 
 169      CC314CBA 
 169      0A781415 
 170 0233 AD9FDE3F 		.ascii	"\255\237\336?x\300\027x\037\357\331\011w\240w\010\265"
 170      78C01778 
 170      1FEFD909 
 170      77A07708 
 170      B5
 171 0244 F33176C6 		.ascii	"\3631v\306\317<\3525l\233\355w\336\220r\267\327\364"
 171      CF3CEA35 
 171      6C9BED77 
 171      DE9072B7 
 171      D7F4
 172 0256 6F1776F6 		.ascii	"o\027v\366Vz'olh\312\352\352pv\321\260\270Nw\376\371"
 172      567A276F 
 172      6C68CAEA 
 172      EA7076D1 
 172      B0B84E77 
 173 026c 929D1FD7 		.ascii	"\222\235\037\327\307\367\332\304\231s~\346\316u\344"
 173      C7F7DAC4 
 173      99737EE6 
 173      CE75E4
 174 027b C9AA49F4 		.ascii	"\311\252I\364\015?RNb\360\331\022\005YN\301\315\275"
 174      0D3F524E 
 174      62F0D912 
 174      05594EC1 
 174      CDBD
 175 028d FC930FF0 		.ascii	"\374\223\017\360\0136\251rS>\367 \347\000\374\222\215"
 175      0B36A972 
 175      533EF720 
 175      E700FC92 
 175      8D
 176 029e 158BE87D 		.ascii	"\025\213\350}\245\351\015z\364\306\376\223\336P\211"
 176      A5E90D7A 
 176      F4C6FE93 
 176      DE5089
 177 02ad DEAEEB6E 		.ascii	"\336\256\353n\316`z\303\250t\301\200'4\276\223\231\236"
 177      CE607AC3 
 177      A874C180 
 177      2734BE93 
 177      999E
 178 02bf 3F55E0F7 		.ascii	"?U\340\367\222\267\237\265g\247\207s\367i\357\021\215"
 178      92B79FB5 
 178      67A78773 
 178      F769EF11 
 178      8D
 179 02d0 EF6BC277 		.ascii	"\357k\302w\025S\356\344\257~\356\2061L\3205\241\333"
 179      1553EEE4 
 179      AF7EEE86 
ARM GAS  C:\Users\ajink\AppData\Local\Temp\cc979Ytt.s 			page 14


 179      314CD035 
 179      A1DB
 180 02e2 441AB3BE 		.ascii	"D\032\263\276\236\037\253)\272)\032K<j\306\022\246\235"
 180      9E1FAB29 
 180      BA291A4B 
 180      3C6AC612 
 180      A69D
 181 02f4 34E3313B 		.ascii	"4\3431;\2310\3277\2046\204\332\310f\305\354\310\223"
 181      9930D737 
 181      843684DA 
 181      C866C5EC 
 181      C893
 182 0306 5BD6B4D4 		.ascii	"[\326\264\324[\240\254d[\334\260#\211\326\346\344\352"
 182      5BA0AC64 
 182      5BDCB023 
 182      89D6E6E4 
 182      EA
 183 0317 C5BE91B6 		.ascii	"\305\276\221\266\244\271!\024~<lF7[\315\255OEL\355k"
 183      A4B92114 
 183      7E3C6C46 
 183      375BCDAD 
 183      4F454CED 
 184 032c B53CD6BA 		.ascii	"\265<\326\272\331\252o\202e\241\206p\360\241\207W\005"
 184      D9AA6F82 
 184      65A18670 
 184      F0A18757 
 184      05
 185 033d E3897825 		.ascii	"\343\211x%\310\2656T'c\361'\236\336h\307\254p\262\321"
 185      C8B53654 
 185      2763F127 
 185      9EDE68C7 
 185      AC70B2D1 
 186 0351 7A6E5928 		.ascii	"znY(\334\300\306U\244\252\004a\203L\304\241bKcsk\344"
 186      DCC0C655 
 186      A4AA0461 
 186      834CC4A1 
 186      624B6373 
 187 0367 FF95DA04 		.ascii	"\377\225\332\0045\034jSc\"\022\267\243\034\016|-\221"
 187      351C6A53 
 187      632212B7 
 187      A31C0E7C 
 187      2D91
 188 0379 9698FD02 		.ascii	"\226\230\375\002\374\015\236\351\322\255"
 188      FC0D9EE9 
 188      D2AD
 189              		.text
 190              		.section	.gnu.lto_.symbol_nodes.a3af67,"",%progbits
 191 0000 789C6366 		.ascii	"x\234cf``(a\200\002\246m\214\365\014\014\023\31610\324"
 191      60602861 
 191      8002A66D 
 191      8CF50C0C 
 191      13CE3130 
 192 0015 D733CE5D 		.ascii	"\3273\316]\304\301\300\270\201\261\236\021\"\300\320"
 192      C4C1C0B8 
 192      81B19E11 
 192      22C0D0
 193 0024 D001E46F 		.ascii	"\320\001\344od\254gB\3423\255c\254g\206j`\230\267\000"
ARM GAS  C:\Users\ajink\AppData\Local\Temp\cc979Ytt.s 			page 15


 193      64AC6742 
 193      E233AD63 
 193      AC67866A 
 193      6098B700 
 194 0038 28B096B1 		.ascii	"(\260\226\261\236\005Y\200q=c=+LG\003\007\0033\003+"
 194      9E055980 
 194      713D633D 
 194      2B4C4703 
 194      07033303 
 195 004d C393B637 		.ascii	"\303\223\2667\362\314\314\014\014\207V\2521\000\000"
 195      F2CCCC0C 
 195      0C8756AA 
 195      310000
 196 005c 52841F6C 		.ascii	"R\204\037l"
 197              		.text
 198              		.section	.gnu.lto_.refs.a3af67,"",%progbits
 199 0000 789C6366 		.ascii	"x\234cf``\340d\200\000&\006&F^&&>\006\000\001~\0001"
 199      6060E064 
 199      80002606 
 199      26465E26 
 199      263E0600 
 200              		.text
 201              		.section	.gnu.lto_.decls.a3af67,"",%progbits
 202 0000 789CBD58 		.ascii	"x\234\275XkPTG\026\236\276=\014\3140@J\023\223P[\265"
 202      6B505447 
 202      169EBE3D 
 202      0CCC3040 
 202      4A139350 
 203 0016 E80FCA24 		.ascii	"\350\017\312$F\215\356#\273\177\"\242\256\324\226+;"
 203      468DEE23 
 203      BB7F22A2 
 203      AED4962B 
 203      3B
 204 0027 24EED686 		.ascii	"$\356\326\206\252\011\031&B\005\001\207ac\376]\034\242"
 204      AA091926 
 204      42050187 
 204      6163FE5D 
 204      1CA2
 205 0039 68441115 		.ascii	"hD\021\025\020\001GAy\311\033\024\004\001\361\205\202"
 205      10014741 
 205      79C91B14 
 205      0401F185 
 205      82
 206 004a 824F24BC 		.ascii	"\202O$\274\0065bD\005\025\037D\302\354\351\356{g\356"
 206      06356244 
 206      05151F44 
 206      C2ECE9EE 
 206      7B67EE
 207 005d 0C4392AD 		.ascii	"\014C\222\255\332\332[\234;\367\334\376\372;\347\364"
 207      DADA5B9C 
 207      3BF7DCFE 
 207      FA3BE7F4 
 208 006d 39DDB71B 		.ascii	"9\335\267\033,\223\311\222\220Lf\205\353\354,\231,\037"
 208      2C93C992 
 208      904C6685 
 208      EBEC2C99 
 208      2C1F
ARM GAS  C:\Users\ajink\AppData\Local\Temp\cc979Ytt.s 			page 16


 209 007f CB647278 		.ascii	"\313drx\027,\263_\012\220# e \025 U 5 'dS/\202\363\021"
 209      172CB35F 
 209      0A902320 
 209      65201520 
 209      55203520 
 210 009a FA7B83A8 		.ascii	"\372{\203\250AN\203\014\202\314\006\251\005\031\006"
 210      414E830C 
 210      82CC06A9 
 210      051906
 211 00a9 19006903 		.ascii	"\031\000i\003Y\015\362\010d\004\244\036d\024\204\003"
 211      590DF208 
 211      6404A41E 
 211      64148403 
 212 00b9 E903E996 		.ascii	"\351\003\351\226\330~\006\362\243`S\364\303\371\"~y"
 212      D87E06F2 
 212      A36053F4 
 212      C3F9227E 
 212      79
 213 00ca 09B6673B 		.ascii	"\011\266g;\331'6\254 \377\200X\327\200\270\201\374\023"
 213      D92736AC 
 213      20FF8058 
 213      D780B881 
 213      FC13
 214 00dc A450F00D 		.ascii	"\244P\360\015\036eAps\027x\376\005\317\241 Z\304\354"
 214      1E654170 
 214      731778FE 
 214      05CFA120 
 214      5AC4EC
 215 00ef 87C1AF0E 		.ascii	"\207\301\257\016M\265I\306A\351\024\357\240`s\266\020"
 215      4DB549C6 
 215      41E914EF 
 215      A06073B6 
 215      10
 216 0100 AB685B1C 		.ascii	"\253h[\034\313\032I<\"\257\326\005\367c\016\325\225"
 216      CB1A493C 
 216      22AFD605 
 216      F7630ED5 
 216      95
 217 0111 8E5DF4BC 		.ascii	"\216]\364\274\307!o\225\037Q\217\247\266f(@U\253\344"
 217      C7216F95 
 217      1F518FA7 
 217      B6662840 
 217      55ABE4
 218 0124 44AD7F75 		.ascii	"D\255\177u\353\232\374\315=<\\)&\37659\012\236\205\362"
 218      EB9AFCCD 
 218      3D3C5C29 
 218      26FE3539 
 218      0A9E85F2 
 219 0138 912F2A40 		.ascii	"\221/*@\276\020Q!z\023\356\237\312\031Seyb\257\022s"
 219      BE105121 
 219      7A13EE9F 
 219      CA195365 
 219      7962AF12 
 220 014d 883CE766 		.ascii	"\210<\347f\014^S\315+\202nI|\263\005\333\315\035:X\276"
 220      0C5E53CD 
 220      2B826E49 
 220      7CB305DB 
ARM GAS  C:\Users\ajink\AppData\Local\Temp\cc979Ytt.s 			page 17


 220      CD1D3A58 
 221 0162 1BF9E5F0 		.ascii	"\033\371\345\360\315\345\243mc\233\361\336\024\363F"
 221      CDE5A36D 
 221      639BF1DE 
 221      14F346
 222 0171 7ED26A45 		.ascii	"~\322jE<G\330P\021\302\250\030\315#`\362L{\241#\310"
 222      3C47D850 
 222      11C2A818 
 222      CD2360F2 
 222      4C7BA123 
 223 0186 EF175D29 		.ascii	"\357\027])qp\305\\~x\310\003\207PW\216]\252~F,Z\370"
 223      7170C55C 
 223      7E78C803 
 223      8750578E 
 223      5DAA7E46 
 224 019d D1EEDCE7 		.ascii	"\321\356\334\347Kw\232R\362x\213\325\372[\332\007\225"
 224      4B779A52 
 224      F2788BD5 
 224      FA5BDA07 
 224      95
 225 01ae 4A0C968A 		.ascii	"J\014\226\212\006\313\250\301\266\314\2643\034\336\213"
 225      06CBA8C1 
 225      B6CCB433 
 225      1CDE8B
 226 01bd 5840771E 		.ascii	"X@w\036\366\253)\213\371\273\342M~\255|\263\325\372"
 226      F6AB298B 
 226      F9BBE24D 
 226      7EAD7CB3 
 226      D5FA
 227 01cf 11652897 		.ascii	"\021e(\2270\224\213\014\025\224!\177\370x\221\022\227"
 227      30948B0C 
 227      1594217F 
 227      F8789112 
 227      97
 228 01e0 30867DC9 		.ascii	"0\206}\311\373[\275\200\301,D\316\013\221s\224\245R"
 228      FB5BBD80 
 228      C12C44CE 
 228      0B917394 
 228      A552
 229 01f2 C25229B2 		.ascii	"\302R)\262TQ\226\244\341\236\373*\334\314X,e\205{\334"
 229      545196A4 
 229      E19EFB2A 
 229      DCCC582C 
 229      65857BDC 
 230 0206 298B79B2 		.ascii	")\213y\262\222_\222\310OX\255\2302TK\030\252E\206\032"
 230      925F92C8 
 230      4F58AD98 
 230      32544B18 
 230      AA45861A 
 231 021a CA909ED6 		.ascii	"\312\220\236\326\226\345\216\333)\203\374\316x\377\013"
 231      96E58EDB 
 231      2983FCCE 
 231      78FF0B
 232 0229 77E4ABF4 		.ascii	"w\344\253\364\367\315\340=P-R\3126\363\374F~tc\312k"
 232      F7CDE03D 
 232      502D52CA 
 232      36F3FC46 
ARM GAS  C:\Users\ajink\AppData\Local\Temp\cc979Ytt.s 			page 18


 232      7E7463CA 
 233 023e EB65689E 		.ascii	"\353eh\236/z\307W\206\352\220?m\222\241c0\304\307a\210"
 233      2F7AC757 
 233      86EA903F 
 233      6D92A163 
 233      30C4C761 
 234 0253 F3682E97 		.ascii	"\363h.\227\220\267\350(\0223J\256\014x\317\210\300\324"
 234      90B7E828 
 234      12334AAE 
 234      0C78CF88 
 234      C0D4
 235 0265 D5E6ED56 		.ascii	"\325\346\355V7i\226\010\336\236\246z\2074u\324\345\214"
 235      37699608 
 235      DE9EA67A 
 235      873475D4 
 235      E58C
 236 0277 7AE22B2C 		.ascii	"z\342+,\262\374\256\236>\037\226\247\336\315\245\352"
 236      B2FCAE9E 
 236      3E1F96A7 
 236      DECDA5EA 
 237 0287 8C4ABE85 		.ascii	"\214J\276\205F\207\020\351\205\032$\3415\210\341\235"
 237      468710E9 
 237      851A24E1 
 237      3588E19D 
 238 0297 A0E13535 		.ascii	"\240\34155\276<\253\302\273X\345mK\262\234W\341,\246"
 238      BE3CABC2 
 238      BB58E56D 
 238      4BB29C57 
 238      E12CA6
 239 02aa 241CAEDF 		.ascii	"$\034\256\337\346\016\325<[E\355\015\354\033\317SR\225"
 239      E60ED53C 
 239      5B45ED0D 
 239      EC1BCF53 
 239      5295
 240 02bc 2C463EF0 		.ascii	",F>\360\212k\275\313\347z#\177\025\011o\264\243\360"
 240      8A6BBDCB 
 240      E77A237F 
 240      15096FB4 
 240      A3F0
 241 02ce D64A13C4 		.ascii	"\326J\023\304x\012\251P\223\315\036\355M\256$2N\020"
 241      780AA950 
 241      93CD1EED 
 241      4DAE2432 
 241      4E10
 242 02e0 95B2D55B 		.ascii	"\225\262\325[f\213\011\265\300P\315VQ,j\206\227'\341"
 242      668B09B5 
 242      C050CD56 
 242      512C6A86 
 242      9727E1
 243 02f3 25109F99 		.ascii	"%\020\237\231hLtC*\177\327\235\316\270\350D]\310IN\235"
 243      684C7443 
 243      2A7FD79D 
 243      CEB8E844 
 243      5DC8494E 
 244 0308 C5F37274 		.ascii	"\305\363rt\032\\h\264\273\000\0361\037H\003\231\014"
 244      1A5C68B4 
 244      BB001E31 
ARM GAS  C:\Users\ajink\AppData\Local\Temp\cc979Ytt.s 			page 19


 244      1F480399 
 244      0C
 245 0319 ED85651C 		.ascii	"\355\205e\034\235\265<'\235\305j6\213\323r~\354R\340"
 245      9DB53C27 
 245      9DC56A36 
 245      8BD3727E 
 245      EC52E0
 246 032c FB980EC2 		.ascii	"\373\230\016\302\225'u\274;~N\025.\371\362\300\244\034"
 246      952775BC 
 246      3B7E4E15 
 246      2EF9F2C0 
 246      A41C
 247 033e F9ABA931 		.ascii	"\371\253\2511k\331\323\015\011\020o\033R\243\363vc\253"
 247      6BD9D30D 
 247      09106F1B 
 247      52A3F376 
 247      63AB
 248 0350 D5CCD656 		.ascii	"\325\314\326V\273\353\322\311\206.\200\363\253\325\002"
 248      BBEBD2C9 
 248      862E80F3 
 248      ABD502
 249 035f 1A0CEC4F 		.ascii	"\032\014\354O\315+\345p\261\234Z\033\255}<\350\215K"
 249      CD2BE570 
 249      B19C5A1B 
 249      AD7D3CE8 
 249      8D4B
 250 0371 99D25F79 		.ascii	"\231\322_y\371\214\017\256`J\336\236\264#n\324G\017"
 250      F98C0FAE 
 250      604ADE9E 
 250      B4236ED4 
 250      470F
 251 0383 BA5C34EE 		.ascii	"\272\\4\356\355\361\304\325\254\355\247+\343V/|\214"
 251      EDF1C4D5 
 251      ACEDA72B 
 251      E3562F7C 
 251      8C
 252 0394 296DB75E 		.ascii	")m\267^>US\340kD\35590\366\334\033\327\263\266\035m"
 252      3E5553E0 
 252      6B44ED39 
 252      30F6DC1B 
 252      D7B3B61D 
 253 03a9 352D1EB8 		.ascii	"5-\036\270\205){_\264\237\365\241\300\267\210\232\361"
 253      85297B5F 
 253      B49FF5A1 
 253      C0B7889A 
 253      F1
 254 03ba A03D19E3 		.ascii	"\240=\031\3433\264M5\231\235\233\356\201\346\260\313"
 254      33B44D35 
 254      999D9BEE 
 254      81E6B0CB 
 255 03ca 7FE61C33 		.ascii	"\177\346\0343\0043\332}\352QP\252\211\317{\213\206|"
 255      0433DA7D 
 255      EA5150AA 
 255      89CF7B8B 
 255      867C
 256 03dc 19421E40 		.ascii	"\031B\036@3\355\201]\2415\372.\334d\004n.\313W\264."
 256      33ED815D 
ARM GAS  C:\Users\ajink\AppData\Local\Temp\cc979Ytt.s 			page 20


 256      A135FA2E 
 256      DC64046E 
 256      2ECB57B4 
 257 03f1 A4D08BCE 		.ascii	"\244\320\213\316\320\271\004\231\217l\320\006\033\364"
 257      D0B90499 
 257      8F6CD006 
 257      1BF4
 258 03ff 9A33F4BA 		.ascii	"\2323\364\272\023k\275\015z\325\265\003\022\332Z\033"
 258      136BBD0D 
 258      7AD5B503 
 258      12DA5A1B 
 259 040f F69233B6 		.ascii	"\366\2223\266\303\211\266\324\006mw\351\254\035y\302"
 259      C389B6D4 
 259      066D77E9 
 259      AC1D79C2 
 260 041f 86BCE1DA 		.ascii	"\206\274\341\332W\346\000)\021K\311f\005\217\010F&\316"
 260      57E60029 
 260      114BC966 
 260      058F0846 
 260      26CE
 261 0431 3E76EDA4 		.ascii	">v\355\2443\234\347\227\030e\350,\364>Gz\267\012t\200"
 261      339CE797 
 261      1865E82C 
 261      F43E477A 
 261      B70A7480 
 262 0445 44FD5024 		.ascii	"D\375P$\275h\016\272\011\322\003b\001\351\002\371\016"
 262      BD680EBA 
 262      09D20362 
 262      01E902F9 
 262      0E
 263 0456 A41BA40F 		.ascii	"\244\033\244\017\315\241D\304#K]\376\0055/\370\324\351"
 263      CDA144C4 
 263      234B5DFE 
 263      05352FF8 
 263      D4E9
 264 0468 3A50E613 		.ascii	":P\346\023d\371\356\300P\232B-\255M)Z\206\006\021-_"
 264      64F9EEC0 
 264      509A422D 
 264      AD4D295A 
 264      8606112D 
 265 047d F20BE8D6 		.ascii	"\362\013\350\326\342\354\317\360\005Z\022\362\333Y\345"
 265      E2ECCFF0 
 265      055A12F2 
 265      DB59E5
 266 048c 477D90BF 		.ascii	"G}\220\277\257\257J\\\314\356\302,\2735e1{\371\021i"
 266      AFAF4A5C 
 266      CCEEC22C 
 266      BB356531 
 266      7BF91169 
 267 04a0 9091E591 		.ascii	"\220\221\345\221\374\322\031<\232\312\343\267l\313\343"
 267      FCD2193C 
 267      9ACAE3B7 
 267      6CCBE3
 268 04af 6D088E34 		.ascii	"m\010\2164\311\320\367`\367\016\235\361\266j\364f\325"
 268      C9D0F760 
 268      F70E9DF1 
 268      B66AF466 
ARM GAS  C:\Users\ajink\AppData\Local\Temp\cc979Ytt.s 			page 21


 268      D5
 269 04c0 B8BD34EF 		.ascii	"\270\2754\357)+NL\324\314\256\357\3070U\351\204\255"
 269      292B4E4C 
 269      D4CCAEEF 
 269      C73055E9 
 269      84AD
 270 04d2 BCD1E3A3 		.ascii	"\274\321\343\243J\022\226I\022\204Z%\211\341>\345\236"
 270      4A129649 
 270      12845A25 
 270      89E13EE5 
 270      9E
 271 04e3 EB8B7E60 		.ascii	"\353\213~`\324E\027v\337v\233\221\"\214\271\037\242"
 271      D4451776 
 271      DF769B91 
 271      228CB91F 
 271      A2
 272 04f4 8E0F01FC 		.ascii	"\216\017\001\374\036\205\017\243\031b'\252H\346\220"
 272      1E850FA3 
 272      196227AA 
 272      48E690
 273 0503 379B435B 		.ascii	"7\233C[\277\255\260\272Oo\357\241h\357\035j.\347^Z\246"
 273      BFADB0BA 
 273      4F6FEFA1 
 273      68EF1D6A 
 273      2EE75E5A 
 274 0518 52306716 		.ascii	"R0g\026\315=@\314\035\031zD\315=d\346\036Qs-\273j\212"
 274      CD3D40CC 
 274      1D197A44 
 274      CD3D64E6 
 274      1E51732D 
 275 052f 3C1D9242 		.ascii	"<\035\222B\326l\273\201\021!)#4)\375\031\315[\345\016"
 275      D66CBB81 
 275      11212923 
 275      3429FD19 
 275      CD5BE50E 
 276 0543 E81207F4 		.ascii	"\350\022\007\364\250\200\036\245\350\361\341\216\207"
 276      A8801EA5 
 276      E8F1E18E 
 276      87
 277 0550 2AE92785 		.ascii	"*\351'\205\254\215v\360c\207O\312\336\355\023\355\356"
 277      AC8D76F0 
 277      63874FCA 
 277      DEED13ED 
 277      EE
 278 0561 B883AD0F 		.ascii	"\270\203\255\017\007~\350\336\241\302\335Lyxn\262\312"
 278      077EE8DE 
 278      A1C2DD4C 
 278      79786EB2 
 278      CA
 279 0572 4DCEC9D0 		.ascii	"M\316\311\320S\232pxs\342p\356\015O\266\027\351\250"
 279      539A7078 
 279      73E270EE 
 279      0D4FB617 
 279      E9A8
 280 0584 B2FCE1A7 		.ascii	"\262\374\341\247J\276\231}q\022\022g\023Z\364D\\\023"
 280      4ABE997D 
 280      71121267 
ARM GAS  C:\Users\ajink\AppData\Local\Temp\cc979Ytt.s 			page 22


 280      135AF444 
 280      5C13
 281 0596 D11892CB 		.ascii	"\321\030\222\313\210\312\326\340g\354\273\\R\336\240"
 281      88CAD6E0 
 281      67ECBB5C 
 281      52DEA0
 282 05a5 0442BA26 		.ascii	"\004B\272&\023\007\310ZU5\371\310g\332M\312\013\352"
 282      1307C85A 
 282      5535F9C8 
 282      67DA4DCA 
 282      0BEA
 283 05b7 EA7324F8 		.ascii	"\352s$\370\272\353(\237\357\2013\335\246q\357e\362\330"
 283      BAEB289F 
 283      EF8133DD 
 283      A671EF65 
 283      F2D8
 284 05c9 A09ABA67 		.ascii	"\240\232\272g\031)\351\207\371A\366\034M\374l9\341A"
 284      1929E987 
 284      F941F61C 
 284      4DFC6C39 
 284      E141
 285 05db 2F6DBE8D 		.ascii	"/m\276\215\023\337^\212\276\375H}Kh.\271\352N\323\377"
 285      13DF5E8A 
 285      BEFD487D 
 285      4B682EB9 
 285      EA4ED3FF 
 286 05ef 21A17A91 		.ascii	"!\241z\221k\031F\264\370\334\211\232\372Mm\2557U\025"
 286      6B1946B4 
 286      F8DC899A 
 286      FA4D6DAD 
 286      375515
 287 0602 7461CE1B 		.ascii	"ta\316\033M\363\232\2768&\305\342\370\211\025\343C\323"
 287      4DF39ABE 
 287      3826C5E2 
 287      F88915E3 
 287      43D3
 288 0614 7089C2B9 		.ascii	"p\211\302\271\030_\001|\202\302\255\264:&YuXiu4\364"
 288      185F017C 
 288      82C2ADB4 
 288      3A265975 
 288      58697534 
 289 0629 6FB9AFA4 		.ascii	"o\271\257\244\336X\350\322\177\301\272+\201}\011\266"
 289      DE58E8D2 
 289      7FC1BA2B 
 289      817D09B6 
 290 0639 D1D82B87 		.ascii	"\321\330+\207\2227\371\340<6\020[M\347\213T\304\033"
 290      9237F9E0 
 290      3C36105B 
 290      4DE78B54 
 290      C41B
 291 064b 137893F4 		.ascii	"\023x\223\364\313\237M\222\310\216\322\026\037\\\"\014"
 291      CB9F4D92 
 291      C88ED216 
 291      1F5C220C 
 292 065b 644BDE06 		.ascii	"dK\336\006\261\373\257\370\352\222\2712\326\\\256\304"
 292      B1FBAFF8 
 292      EA92B932 
ARM GAS  C:\Users\ajink\AppData\Local\Temp\cc979Ytt.s 			page 23


 292      D65CAEC4 
 293 066b 55ACFBB3 		.ascii	"U\254\373\263\221\226>\017\\\313\224\352vS\243\002\237"
 293      91963E0F 
 293      5CCB94EA 
 293      7653A302 
 293      9F
 294 067c 10942D35 		.ascii	"\020\224-5\027\025\370\224\340e\332\356\263\010\237"
 294      1715F894 
 294      E065DAEE 
 294      B3089F
 295 068b 7373D866 		.ascii	"ss\330f\314b\333\214\355m\231'1U\255\2649\375\362\315"
 295      CC62DB8C 
 295      ED6D9927 
 295      3155ADB4 
 295      39FDF2CD 
 296 069f 6372DC26 		.ascii	"cr\334&t\354)\204\002\275J\025.\365\366\330!$n\022\034"
 296      74EC2984 
 296      02BD4A15 
 296      2EF5F6D8 
 296      21246E12 
 297 06b4 979814CE 		.ascii	"\227\230\024\316\037\010\230\257\337r\276h\033'\354"
 297      1F0898AF 
 297      DF72BE68 
 297      1B27EC
 298 06c3 103A0A77 		.ascii	"\020:\012w\374\206\354\020vp*\264\235\263}\264g\251"
 298      FC86EC10 
 298      76702AB4 
 298      9DB37DB4 
 298      67A9
 299 06d5 C43D3667 		.ascii	"\304=6g\351:\364w\327\244\251\323\221\346$\267\275A"
 299      E93AF477 
 299      D7A4A9D3 
 299      91E624B7 
 299      BD41
 300 06e7 48770269 		.ascii	"Hw\002i\262\235\024l\330v\3567\266%\244c6\260\277L\012"
 300      B29D146C 
 300      D876EE37 
 300      B625A463 
 300      36B0BF4C 
 301 06fc F8F2A6E2 		.ascii	"\370\362\246\342-,\351\237\321\022\374ft\213\212\346"
 301      2D2CE99F 
 301      D112FC66 
 301      748B8AE6 
 302 070c 5C4DD4A1 		.ascii	"\\M\324\241\224\2022\366\215\367\244\307\216\3079?W"
 302      948232F6 
 302      8DF7A4C7 
 302      8EC7393F 
 302      57
 303 071d 82E99C50 		.ascii	"\202\351\234P\202i\214;\273\263k\237\227\264\004\211"
 303      82698C3B 
 303      BBB36B9F 
 303      97B40489 
 304 072d DFBBC1F6 		.ascii	"\337\273\301\366\036\216\3003\270\031b'\202n|\325\177"
 304      1E8EC033 
 304      B8196227 
 304      826E7CD5 
 304      7F
ARM GAS  C:\Users\ajink\AppData\Local\Temp\cc979Ytt.s 			page 24


 305 073e C5538ADE 		.ascii	"\305S\212\336\365s\350\246\261'VO\334\307\262\325y\366"
 305      F573E8A6 
 305      B127564F 
 305      DCC7B2D5 
 305      79F6
 306 0750 146C5206 		.ascii	"\024lR\006\231\222\304\233JTx\210)\005\267.\245z\321"
 306      9992C49B 
 306      4A547888 
 306      2905B72E 
 306      A57AD1
 307 0763 00E6D26D 		.ascii	"\000\346\322m\317\235\341}^\370\001k\273\177\260\340"
 307      CF9DE17D 
 307      5EF8016B 
 307      BB7FB0E0 
 308 0773 A61A3F66 		.ascii	"\246\032?f\312\300\213\201\026w\012\\H\324\223\033\263"
 308      CAC08B81 
 308      16770A5C 
 308      48D4931B 
 308      B3
 309 0784 8F7AE2E7 		.ascii	"\217z\342\347\254m\350A\352\210\034O\010U$\314Y5\233"
 309      AC6DE841 
 309      EA881C4F 
 309      085524CC 
 309      59359B
 310 0797 B3FB9F1C 		.ascii	"\263\373\237\034\334\344\201\023\024l\206\344\036:\312"
 310      DCE48113 
 310      146C86E4 
 310      1E3ACA
 311 07a6 06730985 		.ascii	"\006s\011\205f\037\262`\373\002m\244+\320!\210\210}"
 311      661FB260 
 311      FB026DA4 
 311      2BD02188 
 311      887D
 312 07b8 2B0F73F6 		.ascii	"+\017s\366\005\032\320\347we\017)\244h\023\3673\350"
 312      051AD0E7 
 312      77650F29 
 312      A46813F7 
 312      33E8
 313 07ca BA96AE49 		.ascii	"\272\226\256IO\274"
 313      4FBC
 314 07d0 C9D1AE9A 		.ascii	"\311\321\256\232\331\2350\361UJ\274\225\265\325U\244"
 314      D99D30F1 
 314      554ABC95 
 314      B5D555A4 
 315 07e0 8CB35564 		.ascii	"\214\263Ud%Q[\222\370\003j\274\235\265\355i\310Je\376"
 315      25515B92 
 315      F8036ABC 
 315      9DB5ED69 
 315      C84A65FE 
 316 07f4 F26CB40E 		.ascii	"\362l\264\016\364\266\343\351\363[*\346\367\036\233"
 316      F4B6E3E9 
 316      F35B2AE6 
 316      F71E9B
 317 0803 91D9C39D 		.ascii	"\221\331\303\235E>\366\214\261\370J\300c\266A*\243\036"
 317      453EF68C 
 317      B1F84AC0 
 317      63B6412A 
ARM GAS  C:\Users\ajink\AppData\Local\Temp\cc979Ytt.s 			page 25


 317      A31E
 318 0815 978A19DB 		.ascii	"\227\212\031\333:^\321\204\245h\022\337\264\350\221"
 318      3A5ED184 
 318      A56812DF 
 318      B4E891
 319 0824 CA827D6A 		.ascii	"\312\202}j\234\312\374\034j|\300s4\206`\242\236\276"
 319      9CCAFC1C 
 319      6A7CC073 
 319      348660A2 
 319      9EBE
 320 0836 DC53ACA0 		.ascii	"\334S\254\240n\233Y\030m\265}\254h_\247\237\341;\025"
 320      6E9B5918 
 320      6DB57DAC 
 320      685FA79F 
 320      E13B15
 321 0849 F73CA68F 		.ascii	"\367<\246\217\242F\214\242\200Eq\374`u\270s\020U\340"
 321      A2468CA2 
 321      804571FC 
 321      6075B873 
 321      1055E0
 322 085c 56352DBB 		.ascii	"V5-\273\243\324\255\032\321\255\347\257\212\207\246"
 322      A3D4AD1A 
 322      D1ADE7AF 
 322      8A87A6
 323 086b 04312DFA 		.ascii	"\0041-\372\301\215S\337\252q:\013B\234ij6\323\362n\356"
 323      C18D53DF 
 323      AA713A0B 
 323      429C696A 
 323      36D3F26E 
 324 0880 C8C2388B 		.ascii	"\310\3028\213\265\355\337^9\316\316\363\261D\335\224"
 324      B5EDDF5E 
 324      39CECEF3 
 324      B144DD94 
 325 0890 9E78518E 		.ascii	"\236xQ\216\017\263\266\352\246\252'l\016&\021\375\315"
 325      0FB3B6EA 
 325      A6AA276C 
 325      0E2611FD 
 325      CD
 326 08a1 D281BBD5 		.ascii	"\322\201\273\325\266-\263\364\232\011;h3\237h\032\355"
 326      B62DB3F4 
 326      9A093B68 
 326      339F681A 
 326      ED
 327 08b2 AD9B9857 		.ascii	"\255\233\230WH>\223\030}\003\356m\205\225\34227\355"
 327      483E9318 
 327      7D03EE6D 
 327      8595E232 
 327      37ED
 328 08c4 FE35D164 		.ascii	"\3765\321d\316)&[M\202\335\342\032\373\256\015\332h"
 328      CE29265B 
 328      4D82DDE2 
 328      1AFBAE0D 
 328      DA68
 329 08d6 83363843 		.ascii	"\20368COp\216\320,\033t\2633\324aW\274;\301\\\373\036"
 329      4F708ED0 
 329      2C1B74B3 
 329      33D46157 
ARM GAS  C:\Users\ajink\AppData\Local\Temp\cc979Ytt.s 			page 26


 329      BC3BC15C 
 330 08ec 20F3B919 		.ascii	" \363\271\031\250@@\212u\217\012\235H\313l\244y\316"
 330      A840408A 
 330      758F0A9D 
 330      48CB6CA4 
 330      79CE
 331 08fe A4B99C34 		.ascii	"\244\271\2344\254\335&\363q\212%\031:\342\214-v\300"
 331      ACDD26F3 
 331      718A2519 
 331      3AE28C2D 
 331      76C0
 332 0910 2626980B 		.ascii	"&&\230\013\336\313X\210\366\202\007\231\002T\\y\034"
 332      DECB5888 
 332      F6820799 
 332      02545C79 
 332      1C
 333 0921 0F06C09A 		.ascii	"\017\006\300\232icMtf\235\353\210\254\263!\213\\\333"
 333      69634D74 
 333      669DEB88 
 333      ACB3218B 
 333      5CDB
 334 0933 B787556A 		.ascii	"\267\207Uj\013\353\240\353\260\354\320}6\350&\227\366"
 334      0BEBA0EB 
 334      B0ECD07D 
 334      36E82697 
 334      F6
 335 0944 25792DB2 		.ascii	"%y-\262A\263\234\241\331RV\2367\237 \031\200\362E\307"
 335      41B39CA1 
 335      D952569E 
 335      379F2019 
 335      80F245C7 
 336 0958 05A458D4 		.ascii	"\005\244X\324\250\336qX\023\314\015\004z\014\240\265"
 336      A8DE7158 
 336      13CC0D04 
 336      7A0CA0B5 
 337 0968 CED03A27 		.ascii	"\316\320:'W\263m\366\223\\W\200\304\327b\0336\307\265"
 337      57B36DF6 
 337      935C5780 
 337      C4D7621B 
 337      36C7B5
 338 097b AF126C89 		.ascii	"\257\022l\211\015{\300\031kv\306\036\261a\367\273\306"
 338      0D7BC019 
 338      6B76C61E 
 338      B161F7BB 
 338      C6
 339 098c 5277A507 		.ascii	"Rw\245\007%\036\302I\240M\004MNI\327\340\333y\226\233"
 339      251EC249 
 339      A04D044D 
 339      4E49D7E0 
 339      DB79969B 
 340 09a0 83CE839C 		.ascii	"\203\316\203\234\004\271\010\322\004\322\010r\006\344"
 340      04B908D2 
 340      04D20872 
 340      06E4
 341 09ae 2AC80590 		.ascii	"*\310\005\220K \235 \035 \255 \247@Z@\316\201\234\006"
 341      4B209D20 
 341      1D20AD20 
ARM GAS  C:\Users\ajink\AppData\Local\Temp\cc979Ytt.s 			page 27


 341      A7405A40 
 341      CE819C06 
 342 09c2 B902D20E 		.ascii	"\271\002\322\016\322\006\322\314\211'+\030\322z2\244"
 342      D206D2CC 
 342      89272B18 
 342      D27A32A4 
 343 09d2 E530A415 		.ascii	"\3450\244\025\202\217\342\272\210*\235\206\264\320\026"
 343      828FE2BA 
 343      882A9D86 
 343      B4D016
 344 09e1 CE3EE770 		.ascii	"\316>\347p\3169\237\0123\212\311\251\0200N\247B\330"
 344      CE399F0A 
 344      338AC9A9 
 344      10304EA7 
 344      42D8
 345 09f3 7C247667 		.ascii	"|$vg\233\025\310\177&\3055}\351\201n\000\323F\373\226"
 345      9B15C87F 
 345      26C5357D 
 345      E9816E00 
 345      D346FB96 
 346 0a07 82749A72 		.ascii	"\202t\232r\202\024\007\006]\207\361\370\177\214\015"
 346      82140706 
 346      5D87F1F8 
 346      7F8C0D
 347 0a16 AC7E5B76 		.ascii	"\254~[v_\257v<\262\334\340\244\347\310.\216\035B\340"
 347      5FAF763C 
 347      B2DCE0A4 
 347      E7C82E8E 
 347      1D42E0
 348 0a29 D7E591A5 		.ascii	"\327\345\221\245\320\341\310rS@\337\244\350\301k\327"
 348      D0E1C872 
 348      5340DFA4 
 348      E8C16BD7 
 349 0a39 3B55B897 		.ascii	";U\270\227-\263yEE}*v\314\350\316}\244#\377\177\240"
 349      2DB37945 
 349      457D2A76 
 349      CCE8CE7D 
 349      A423FF7F 
 350 0a4e FF80347B 		.ascii	"\377\2004{\320cO7g\377\307\026<\263]\374w\034\331\305"
 350      D0634F37 
 350      67FFC716 
 350      3CB35DFC 
 350      771CD9C5 
 351 0a62 DFB9F698 		.ascii	"\337\271\366\230W\341\021Fs\370a\303=%\2451O\224(\304"
 351      57E11146 
 351      73F861C3 
 351      3D25A531 
 351      4F9428C4 
 352 0a76 C300A5E8 		.ascii	"\303\000\245\350\221P\364\210\024\275\224b\322\262\203"
 352      9150F488 
 352      14BD9462 
 352      D2B283
 353 0a85 57E271C5 		.ascii	"W\342q\3054g\014\323\256\3461$\036\201\314+v\226mb\307"
 353      34670CD3 
 353      AEE63124 
 353      1E81CC2B 
 353      76966D62 
ARM GAS  C:\Users\ajink\AppData\Local\Temp\cc979Ytt.s 			page 28


 354 0a9a 0CB4BF39 		.ascii	"\014\264\2779\205\2353\372Dn\324\317\3019\243O\244\037"
 354      859D33FA 
 354      446ED4CF 
 354      C139A34F 
 354      A41F
 355 0aac A0F4E91D 		.ascii	"\240\364\351\035\347g\340\315\356\224\335\334{\345\257"
 355      E767E0CD 
 355      EE94DDDC 
 355      7BE5AF
 356 0abb 4298A6A7 		.ascii	"B\230\246\247S\302\264H|\264\210$\203\224$\247\263\357"
 356      53C2B448 
 356      7CB48824 
 356      839424A7 
 356      B3EF
 357 0acd 0739CE62 		.ascii	"\0079\316b,\223\246\316\0017\026ff\231c\230\267$\024"
 357      2C93A6CE 
 357      01371666 
 357      66996398 
 357      B72414
 358 0ae0 B7448ADB 		.ascii	"\267D\212\333\234\237\354mml\214\301\250\2154\254\327"
 358      9C9FEC6D 
 358      6D6C8CC1 
 358      A88D34AC 
 358      D7
 359 0af1 EA6323A3 		.ascii	"\352c#\243b\326\306\353\347\307\206\031\214\363\027"
 359      62D6C6EB 
 359      E7C78619 
 359      8CF317
 360 0b00 2AFEF2B7 		.ascii	"*\376\362\267O\374\002e\013\346\317'\177\272\210\310"
 360      4FFC0265 
 360      0BE6CF27 
 360      7FBA88C8 
 361 0b10 CF2363E2 		.ascii	"\317#c\342\026/\210\211[`0. \235\342\026\004hV\005\256"
 361      162F8889 
 361      5B60302E 
 361      209DE216 
 361      04685605 
 362 0b25 DA006DBA 		.ascii	"\332\000m\272\030\203^\373\357?\256\233\257\223\275"
 362      18835EFB 
 362      EF3FAE9B 
 362      AF93BD
 363 0b34 C108E3BE 		.ascii	"\301\010\343\276\2124\352\"\264_\030b\326i#\343\014"
 363      8A34EA22 
 363      B45F1862 
 363      D66923E3 
 363      0C
 364 0b45 FF1D4B84 		.ascii	"\377\035K\204l&c\321o\2104\3328fLu\3253dM\240veXtx\224"
 364      6C2663D1 
 364      6F8834DA 
 364      38664C75 
 364      D533644D 
 365 0b60 DEE0A65D 		.ascii	"\336\340\246]\032\023\023\365\266.\"D\027\021\024\027"
 365      1A1313F5 
 365      B62E2244 
 365      17111417 
 366 0b70 6CD0EBD7 		.ascii	"l\320\353\327\305\032#c\2425\372\365\361\221\006}\270"
 366      C51A2363 
ARM GAS  C:\Users\ajink\AppData\Local\Temp\cc979Ytt.s 			page 29


 366      A235FAF5 
 366      F191067D 
 366      B8
 367 0b81 BF4B1722 		.ascii	"\277K\027\"\243uQ\361\341zx\035\247\213\010\007\313"
 367      A37551F1 
 367      E17A781D 
 367      A78B0807 
 367      CB
 368 0b92 1EF191D1 		.ascii	"\036\361\221\321\306\305\213\264F\225V+>~\241\373s("
 368      C6C58BB4 
 368      4695562B 
 368      3E7EA1FB 
 368      7328
 369 0ba4 ED17678C 		.ascii	"\355\027g\214\017\217\214\0115\202\241\270\320\265\321"
 369      0F8F8C09 
 369      3582A1B8 
 369      D0B5D1
 370 0bb3 F17EF4C9 		.ascii	"\361~\364\311/\314\260\316O\277\356s}x\270><\364w\363"
 370      2FCCB0CE 
 370      4FBFEE73 
 370      7D78B83E 
 370      3CF477F3 
 371 0bc7 FFE4B768 		.ascii	"\377\344\267h\341\007\277_\2778\024\336\277\037\035"
 371      E107BF5F 
 371      BF3814DE 
 371      BF1F1D
 372 0bd6 13AD7F5F 		.ascii	"\023\255\177_\037\366yd\250`*t]\030pE\353C\265\341\372"
 372      1FF67964 
 372      A8602A74 
 372      5D187045 
 372      EB43B5E1 
 373 0beb 2FC2E2A3 		.ascii	"/\302\342\243\214Z\343\327\261\37280\375\351\377\324"
 373      8C5AE3D7 
 373      B1FA3830 
 373      FDE9FFD4 
 374 0bfb 4CDCD771 		.ascii	"L\334\327q\241\3328c8\304\000\334\236\302x\032u\306"
 374      A1DA3863 
 374      38C400DC 
 374      9EC2781A 
 374      75C6
 375 0c0d 0D1E06FD 		.ascii	"\015\036\006\375Z\350\2435\276\367k\263\002\004\234"
 375      5AE8A335 
 375      BEF76BB3 
 375      02049C
 376 0c1c 612167F8 		.ascii	"a!g\370\2003,\342\014\213\261\341\203E\212(\203\326"
 376      80332CE2 
 376      0C8BB1E1 
 376      83458A28 
 376      83D6
 377 0c2e 1811CEC5 		.ascii	"\030\021\316\305\352\344\033b\343\014r]D\230A\251\325"
 377      EAE41B62 
 377      E30C725D 
 377      449841A9 
 377      D5
 378 0c3f AED51BB5 		.ascii	"\256\325\033\265\301!\301^aQ_\205}\035\247\215\214\216"
 378      C121C15E 
 378      61515F85 
ARM GAS  C:\Users\ajink\AppData\Local\Temp\cc979Ytt.s 			page 30


 378      7D1DA78D 
 378      8C8E
 379 0c51 8250174D 		.ascii	"\202P\027M\265\003\236,\010\\\025\022\024b\317\000\311"
 379      B5039E2C 
 379      085C1512 
 379      1462CF00 
 379      C9
 380 0c62 BE6EDD8A 		.ascii	"\276n\335\212\370h\035\230\003\2528F\345\021\022\270"
 380      F8681D98 
 380      03AA3846 
 380      E51112B8 
 381 0c72 54FB310C 		.ascii	"T\3731\014\221[`\360'A\313\344A\201!\032\371\232\217"
 381      915B60F0 
 381      2741CBE4 
 381      4181211A 
 381      F99A8F
 382 0c85 576BDC02 		.ascii	"Wk\334\002\2024\201\032\034\002\022\030\250q'\311\372"
 382      8234811A 
 382      1C021218 
 382      A87127C9 
 382      FA
 383 0c96 506B54B2 		.ascii	"PkT\262\264\301\023\016Y\031\354\026\262\222\300\003"
 383      B4C1130E 
 383      5919EC16 
 383      B292C003 
 384 0ca6 57C06D25 		.ascii	"W\300m%\271-\203\233\333\252U+\0024\362\245\344\026"
 384      B92D839B 
 384      DBAA552B 
 384      0234F2A5 
 384      E416
 385 0cb8 003A0E5E 		.ascii	"\000:\016^\241\301\313@\002\226i\344\320\246\221\007"
 385      A1C1CB40 
 385      029669E4 
 385      D0A69107 
 386 0cc8 85046894 		.ascii	"\205\004h\224\232\345!\3135k\226/[\010\206\003\0025"
 386      9AE521CB 
 386      356B962F 
 386      5B088603 
 386      0235
 387 0cda 2E4A78DA 		.ascii	".Jx\332 \026C\0043\350\210G\305\350\276\264U\260\322"
 387      20164304 
 387      33E88847 
 387      C5E8BEB4 
 387      55B0D2
 388 0ced F6CA8B85 		.ascii	"\366\312\213\205\2674 dy\260&\350u\372>>\332\001\354"
 388      B7342064 
 388      79B026E8 
 388      75FA3E3E 
 388      DA01EC
 389 0d00 2979F91F 		.ascii	")y\371\037R\311\000:"
 389      52C9003A 
 390              		.text
 391              		.section	.gnu.lto_.symtab.a3af67,"",%progbits
 392 0000 5F706F72 		.ascii	"_port_irq_epilogue\000\000\000\000\000\000\000\000\000"
 392      745F6972 
 392      715F6570 
 392      696C6F67 
ARM GAS  C:\Users\ajink\AppData\Local\Temp\cc979Ytt.s 			page 31


 392      75650000 
 393 001b 000000B3 		.ascii	"\000\000\000\263\000\000\000SVC_Handler\000\000\000"
 393      00000053 
 393      56435F48 
 393      616E646C 
 393      65720000 
 394 0030 00000000 		.ascii	"\000\000\000\000\000\000\000\000\000\265\000\000\000"
 394      00000000 
 394      00B50000 
 394      00
 395 003d 5F706F72 		.ascii	"_port_switch_from_isr\000\000\002\000\000\000\000\000"
 395      745F7377 
 395      69746368 
 395      5F66726F 
 395      6D5F6973 
 396 005a 00000000 		.ascii	"\000\000\000\000\257\000\000\000_port_exit_from_isr"
 396      AF000000 
 396      5F706F72 
 396      745F6578 
 396      69745F66 
 397 0075 00000200 		.ascii	"\000\000\002\000\000\000\000\000\000\000\000\000\261"
 397      00000000 
 397      00000000 
 397      B1
 398 0082 00000063 		.ascii	"\000\000\000chSchIsPreemptionRequired\000\000\002\000"
 398      68536368 
 398      49735072 
 398      65656D70 
 398      74696F6E 
 399 00a2 00000000 		.ascii	"\000\000\000\000\000\000\000\000\275\000\000\000"
 399      00000000 
 399      BD000000 
 400              		.text
 401              		.section	.gnu.lto_.opts,"",%progbits
 402 0000 272D666E 		.ascii	"'-fno-trapv' '-mcpu=cortex-m3' '-mno-thumb-interwor"
 402      6F2D7472 
 402      61707627 
 402      20272D6D 
 402      6370753D 
 403 0033 6B272027 		.ascii	"k' '-mthumb' '-ggdb' '-O2' '-fomit-frame-pointer' '"
 403      2D6D7468 
 403      756D6227 
 403      20272D67 
 403      67646227 
 404 0066 2D66616C 		.ascii	"-falign-functions=16' '-ffunction-sections' '-fdata"
 404      69676E2D 
 404      66756E63 
 404      74696F6E 
 404      733D3136 
 405 0099 2D736563 		.ascii	"-sections' '-fno-common' '-flto'\000"
 405      74696F6E 
 405      73272027 
 405      2D666E6F 
 405      2D636F6D 
 406              		.text
 407              		.comm	__gnu_lto_v1,1,1
 408              		.comm	__gnu_lto_slim,1,1
ARM GAS  C:\Users\ajink\AppData\Local\Temp\cc979Ytt.s 			page 32


 409              		.ident	"GCC: (GNU Tools for ARM Embedded Processors) 4.9.3 20150529 (release) [ARM/embedded-4_9-br
ARM GAS  C:\Users\ajink\AppData\Local\Temp\cc979Ytt.s 			page 33


DEFINED SYMBOLS
                            *ABS*:00000000 chcore_v7m.c
                            *COM*:00000001 __gnu_lto_v1
                            *COM*:00000001 __gnu_lto_slim

NO UNDEFINED SYMBOLS
