ARM GAS  C:\Users\ajink\AppData\Local\Temp\cchjUHx3.s 			page 1


   1              		.syntax unified
   2              		.cpu cortex-m3
   3              		.fpu softvfp
   4              		.eabi_attribute 20, 1
   5              		.eabi_attribute 21, 1
   6              		.eabi_attribute 23, 3
   7              		.eabi_attribute 24, 1
   8              		.eabi_attribute 25, 1
   9              		.eabi_attribute 26, 1
  10              		.eabi_attribute 30, 2
  11              		.eabi_attribute 34, 1
  12              		.eabi_attribute 18, 4
  13              		.thumb
  14              		.file	"crc.c"
  15              		.text
  16              	.Ltext0:
  17              		.section	.gnu.lto_.profile.a3d347,"",%progbits
  18 0000 789C6366 		.ascii	"x\234cf```a\200\000F\006^\036\000\000\232\000\""
  18      60606061 
  18      80004606 
  18      5E1E0000 
  18      9A0022
  19              		.text
  20              		.section	.gnu.lto_.jmpfuncs.a3d347,"",%progbits
  21 0000 789C6366 		.ascii	"x\234cf\300\0168\2414#\003\023##s}=\003\000\003\346"
  21      C00E38A1 
  21      34230313 
  21      2323737D 
  21      3D030003 
  22 0015 0113     		.ascii	"\001\023"
  23              		.text
  24              		.section	.gnu.lto_.inline.a3d347,"",%progbits
  25 0000 789C6366 		.ascii	"x\234cf\300\016d\2404#\003\003\337g\006F ```\022\353"
  25      C00E64A0 
  25      34230303 
  25      DF670646 
  25      20606060 
  26 0016 7AC9CBC0 		.ascii	"z\311\313\300\266@\236\211\201\005$\007\0009\321\003"
  26      B6409E89 
  26      81052407 
  26      0039D103 
  27 0026 89       		.ascii	"\211"
  28              		.text
  29              		.section	.gnu.lto_.pureconst.a3d347,"",%progbits
  30 0000 789C6366 		.ascii	"x\234cf```f\200\000F\006V\000\000e\000\015"
  30      60606066 
  30      80004606 
  30      56000065 
  30      000D
  31              		.text
  32              		.section	.gnu.lto_crc16.a3d347,"",%progbits
  33 0000 789C6554 		.ascii	"x\234eT[KTQ\024\336k\357skf\324Qs\212\236\"\221\352"
  33      5B4B5451 
  33      14DE6BEF 
  33      736B66D4 
  33      51738A9E 
  34 0017 A5FA09BD 		.ascii	"\245\372\011\275\367'\"+\210.\017E\217\321q\234T$\264"
ARM GAS  C:\Users\ajink\AppData\Local\Temp\cchjUHx3.s 			page 2


  34      F727222B 
  34      882E0F45 
  34      8FD1719C 
  34      5424B4
  35 002a A4421421 		.ascii	"\244B\024!)++\233\2642o\351\004A\201Z\030Vbb!:eDe\016"
  35      292B2B9B 
  35      B4326FE9 
  35      0441815A 
  35      18566262 
  36 0044 4D93D5F4 		.ascii	"M\223\325\364\255\275G\273\035f\266g\255\375}\337\272"
  36      ADBD47BB 
  36      1D66B667 
  36      ADFD7DDF 
  36      BA
  37 0055 3A4AFCFF 		.ascii	":J\374\377\354\300\327\261\205X\213\277\344\010\222"
  37      ECC0D7B1 
  37      85588BBF 
  37      E40892
  38 0064 A71E0B51 		.ascii	"\247\036\013Q\341I\262\314\2132/\367=K\252\223\017\205"
  38      E149B2CC 
  38      8B322FF7 
  38      3D4BAA93 
  38      0F85
  39 0076 F00376CC 		.ascii	"\360\003v\314\025~\310&b\277 q\\*\313\246\343\322\022"
  39      157EC826 
  39      62BF2071 
  39      5C2ACBA6 
  39      E3D212
  40 0089 94C553A0 		.ascii	"\224\305S\240e\347\345\202\244\341\231\257\213\241\267"
  40      65E7E582 
  40      A4E199AF 
  40      8BA1B7
  41 0098 32234558 		.ascii	"2#EX\300lz1\227Rl\222d\363B\353\347\341\300\3066\337"
  41      C06C7A31 
  41      97526C92 
  41      64F342EB 
  41      E7E1C0C6 
  42 00ae 8F7E6AA8 		.ascii	"\217~j\250\257\015\235\330\224\221R,JA\227i\035]\241"
  42      AF0D9DD8 
  42      9491522C 
  42      4A419769 
  42      1D5DA1
  43 00c1 752CDE4E 		.ascii	"u,\336N\033\201\214\275\237\177\340\250U\304\254\336"
  43      1B818CBD 
  43      9F7FE0A8 
  43      55C4ACDE 
  44 00d1 1BA9D1A0 		.ascii	"\033\251\321\240\326\\\317f_\303\243FGkZlF\353\306\266"
  44      D65CCF66 
  44      5FC3A346 
  44      476B5A6C 
  44      46EBC6B6 
  45 00e5 955D8064 		.ascii	"\225]\200db\264\313\337ne\244\242\253\244X\364\032D"
  45      62B4CBDF 
  45      6E65A4A2 
  45      ABA458F4 
  45      1A44
  46 00f7 AF43142E 		.ascii	"\257C\024.A\035T\006p{\315\245\256\240\312\323\262m"
ARM GAS  C:\Users\ajink\AppData\Local\Temp\cchjUHx3.s 			page 3


  46      411D5406 
  46      707BCDA5 
  46      AEA0CAD3 
  46      B26D
  47 0109 CFDB5E06 		.ascii	"\317\333^\006\015\363\243aZt\343_&*\214S\031\303S\325"
  47      0DF3A361 
  47      5A74E35F 
  47      262A8C53 
  47      19C353D5 
  48 011d F197AE2A 		.ascii	"\361\227\256*\324\324\245\323\035\257\013J[A}\375mp"
  48      D4D4A5D3 
  48      1DAF0B4A 
  48      5B417DFD 
  48      6D70
  49 012f 772276DE 		.ascii	"w\"v\336\377\231\315\022\013\334\374[\300<\034\254\273"
  49      FF99CD12 
  49      0BDCFC5B 
  49      C03C1CAC 
  49      BB
  50 0140 76285F15 		.ascii	"v(_\025kv\367L\362]\300\260\227\236\356LD\227\331\222"
  50      6B76F74C 
  50      F25DC0B0 
  50      979EEE4C 
  50      4497D992 
  51 0154 BA0CFB77 		.ascii	"\272\014\373w7r\354\205\330\217\027A'\346\373~\230:"
  51      3772EC85 
  51      D88F1741 
  51      27E6FB7E 
  51      983A
  52 0166 A9946E51 		.ascii	"\251\224nQ)\267\015\335\272M\016\011!\227\275\361\242"
  52      29B70DDD 
  52      BA4D0E09 
  52      2197BDF1 
  52      A2
  53 0177 849FCD2E 		.ascii	"\204\237\315.\016|o\334P\270\206t\325\320\303%:\200"
  53      0E7C6FDC 
  53      50B88674 
  53      D5D0C325 
  53      3A80
  54 0189 6B8BD883 		.ascii	"k\213\330\2039\242&\007\325I\027\207\355i\\\000\257"
  54      39A22607 
  54      D5491787 
  54      ED695C00 
  54      AF
  55 019a 4E90ED10 		.ascii	"N\220\355\020\037y|\3443\246\000\207\033f\263\220\217"
  55      1F797CE4 
  55      33A60087 
  55      1B66B390 
  55      8F
  56 01ab 22368BF9 		.ascii	"\"6\213\371X\2555K\264~D\277\0131\213\254\260,s\230"
  56      58AD354B 
  56      B47E44BF 
  56      0B318BAC 
  56      B02C7398 
  57 01bf 6BCC55CF 		.ascii	"k\314U\317)\232H\267\221\316\022\327\250\244\342R\377"
  57      299A48B7 
  57      91CE12D7 
ARM GAS  C:\Users\ajink\AppData\Local\Temp\cchjUHx3.s 			page 4


  57      A8A4E252 
  57      FF
  58 01d0 49978707 		.ascii	"I\227\207\007\034\335A\215\014\311\354\321\210\316\277"
  58      1CDD418D 
  58      0CC9ECD1 
  58      88CEBF
  59 01df 111610DD 		.ascii	"\021\026\020\335\272\013s\030 \026QMR\345t\325\2077"
  59      BA0B7318 
  59      2016514D 
  59      52E574D5 
  59      8737
  60 01f1 2EA3D312 		.ascii	".\243\323\022\037\005\374\305\263\347\256\333\214\347"
  60      1F05FCC5 
  60      B3E7AEDB 
  60      8CE7
  61 01ff 3AEE023F 		.ascii	":\356\002?I\321\351\034\304\005\012vec\325\270m<^Z\022"
  61      49D1E91C 
  61      C4050A76 
  61      6563D5B8 
  61      6D3C5E5A 
  62 0214 6DE6B052 		.ascii	"m\346\260R\307D\341p2\347Km\3122\230\000T_\315>\031"
  62      C744E170 
  62      32E74B6D 
  62      CA329800 
  62      545FCD3E 
  63 0229 F35855E9 		.ascii	"\363XU\351\001\364\017\366\356n\241f\014\311a\201\036"
  63      01F40FF6 
  63      EE6EA166 
  63      0CC96181 
  63      1E
  64 023a 4E8B7AA9 		.ascii	"N\213z\251\205t\264\352\331\0343\0102\307\373\342\030"
  64      8574B4EA 
  64      D91C3308 
  64      32C7FBE2 
  64      18
  65 024b 3BA45308 		.ascii	";\244S\010\262\353kU*\227B\036\374\220\254\033n\272"
  65      B2EB6B55 
  65      2A97421E 
  65      FC90AC1B 
  65      6EBA
  66 025d AFFF35EC 		.ascii	"\257\3775\354,\006\325g\022\357k\215\030P>\020\347\352"
  66      2C06D567 
  66      12EF6B8D 
  66      18503E10 
  66      E7EA
  67 026f C77BD4B1 		.ascii	"\307{\324\261%\277\321\3672\322\373!\315.\254d\346i"
  67      25BFD1F7 
  67      32D2FB21 
  67      CD2EAC64 
  67      E669
  68 0281 B3BDFE4C 		.ascii	"\263\275\376L\017\362h\2568\305\250U\324O\307h\200\323"
  68      0FF268AE 
  68      38C5A855 
  68      D44FC768 
  68      80D3
  69 0293 C3DDC47C 		.ascii	"\303\335\304|\315\250\265\265\303\017gd\200\356\001"
  69      CDA8B5B5 
ARM GAS  C:\Users\ajink\AppData\Local\Temp\cchjUHx3.s 			page 5


  69      C30F6764 
  69      80EE01
  70 02a2 85E0BC51 		.ascii	"\205\340\274Q4H[M\342#d\302\025 \242\361<Xk<at\227\363"
  70      34485B4D 
  70      E22364C2 
  70      1520A2F1 
  70      3C586B3C 
  71 02ba 9ECA9552 		.ascii	"\236\312\225R\010\327r{'VxE\270\370\263\340b-U\364\347"
  71      08D7727B 
  71      27567845 
  71      B8F8B3E0 
  71      622D55F4 
  72 02cf 0C56C3BB 		.ascii	"\014V\303\273\322n,\001<\314h\250JV\347\020%i\311?\035"
  72      D26E2C01 
  72      3CCC68A8 
  72      4A56E710 
  72      2569C93F 
  73 02e4 0F5BDE76 		.ascii	"\017[\336vYz\360\350\307\020\375\236Q'\223J\364\036"
  73      597AF0E8 
  73      C710FD9E 
  73      5127934A 
  73      F41E
  74 02f6 5802BF40 		.ascii	"X\002\277@\274Vaa\264\2240\206\306\310\234\241\207J"
  74      BC566161 
  74      B4943086 
  74      C6C89CA1 
  74      874A
  75 0308 E219C546 		.ascii	"\342\031\305F*\003&\206LK\233KO\022\232`I\034\236\232"
  75      2A032686 
  75      4C4B9B4B 
  75      4F129A60 
  75      491C9E9A 
  76 031c 7A124922 		.ascii	"z\022I\"\004vL\216\3049\017U\343&I\361Z\312\201x\000"
  76      04764C8E 
  76      C4390F55 
  76      E32649F1 
  76      5ACA8178 
  77 0331 89AAA9B8 		.ascii	"\211\252\251\270\203\2506\3572JjX\030\222F.\302\221"
  77      83A836EF 
  77      324A6A58 
  77      1892462E 
  77      C291
  78 0343 A729D785 		.ascii	"\247)\327\205\210\340\305'\2400#\247\374p\371\226r\241"
  78      88E0C527 
  78      A03023A7 
  78      FC70F996 
  78      72A1
  79 0355 761DDDAB 		.ascii	"v\035\335\253\016\3549D\373\354\362\375G\216\036\374"
  79      0EEC3944 
  79      FBECF2FD 
  79      478E1EFC 
  80 0365 0521E7AC 		.ascii	"\005!\347\254\343"
  80      E3
  81              		.text
  82              		.section	.gnu.lto_.symbol_nodes.a3d347,"",%progbits
  83 0000 789C6366 		.ascii	"x\234cf``\220d\200\002&\306z\006\206\011\347\030\030"
  83      60609064 
ARM GAS  C:\Users\ajink\AppData\Local\Temp\cchjUHx3.s 			page 6


  83      800226C6 
  83      7A068609 
  83      E71818
  84 0013 EAEB19E6 		.ascii	"\352\353\031\346-\340``e`X\310\004\024\002\000I\367"
  84      2DE06060 
  84      656058C8 
  84      04140200 
  84      49F7
  85 0025 0568     		.ascii	"\005h"
  86              		.text
  87              		.section	.gnu.lto_.refs.a3d347,"",%progbits
  88 0000 789C6366 		.ascii	"x\234cf```c\200\000F \342f\000\000\000\273\000\027"
  88      60606063 
  88      80004620 
  88      E2660000 
  88      00BB0017 
  89              		.text
  90              		.section	.gnu.lto_.decls.a3d347,"",%progbits
  91 0000 789C8D9A 		.ascii	"x\234\215\232y|\253YY\307\233\273\316t\356\024\030u"
  91      797CAB59 
  91      59C79BBB 
  91      CE74EE14 
  91      1875
  92 0012 80ABC815 		.ascii	"\200\253\310\025dd\031G\021\031\334P\024\224\001\025"
  92      64641947 
  92      1119DC50 
  92      14940115 
  93 0022 41C50D15 		.ascii	"A\305\015\025\207\001\001\225A\207\001\027\020\322}"
  93      87010195 
  93      41870117 
  93      10D27D
  94 0031 4FBAEF4D 		.ascii	"O\272\357M\323}_\322\264\351\2226M\367}\337\323}_\322"
  94      D37D5FD2 
  94      B4E99236 
  94      4DF77DDF 
  94      D37D5FD2 
  95 0045 B469BAA4 		.ascii	"\264i\272\244m\272\360{\237_\006.\377\370\361~>\337"
  95      6DBAF07B 
  95      9F5F062E 
  95      FFF8F17E 
  95      3EDF
  96 0057 7BEFF3FE 		.ascii	"{\357\363\376N\316{\316\363<\347y\317{\222\333>>>jp"
  96      4ECE7BCE 
  96      F33CE779 
  96      CF7B92DB 
  96      3E3E3E6A 
  97 006c 833F4F7D 		.ascii	"\203?O}\300\307\347\023\370\377-\360Y\237\037\377Q\201"
  97      C0C7E713 
  97      F8FF2DF0 
  97      599F1FFF 
  97      5181
  98 007e 4AEFBF8D 		.ascii	"J\357\277\215\267|~\342\217r\375)\340\007\036\200G\240"
  98      B77C7EE2 
  98      8F72FD29 
  98      E0071E80 
  98      47A0
  99 0090 18BC043E 		.ascii	"\030\274\004>\015\236\005\315\370\214\0054\341\377\246"
ARM GAS  C:\Users\ajink\AppData\Local\Temp\cchjUHx3.s 			page 7


  99      0D9E05CD 
  99      F88C0534 
  99      E1FFA6
 100 009f FF479F87 		.ascii	"\377G\237\207\267T\015\025\307\203Om\337R\371\371>R"
 100      B7540D15 
 100      C7834F6D 
 100      DF52F9F9 
 100      3E52
 101 00b1 CCC6B89E 		.ascii	"\314\306\270\236\224{0\037\370\336Q\3144w\216\343\211"
 101      947B301F 
 101      F8DE51CC 
 101      34778EE3 
 101      89
 102 00c2 07116A75 		.ascii	"\007\021ju\200:&P\375d\217\237\352Y_U\241\352\241\252"
 102      803A2650 
 102      FD648F9F 
 102      EA595F55 
 102      A1EAA1AA 
 103 00d6 48F5105D 		.ascii	"H\365\020]\026\253\036x\273i\033\256OR\335A\367\252"
 103      16AB1E78 
 103      BB691BAE 
 103      4F52DD41 
 103      F7AA
 104 00e8 977C555F 		.ascii	"\227|U_\220\317\366-\364\353o\313%4S\225\250\344\242"
 104      90CFF62D 
 104      F4EB6FCB 
 104      25345395 
 104      A8E4A2
 105 00fb 6E3556FB 		.ascii	"n5V\373\364[\023\325\370\203\016\337|G\365\350\361\376"
 105      F45B13D5 
 105      F8830EDF 
 105      7C47F5E8 
 105      F1FE
 106 010d CA546FC5 		.ascii	"\312To\305\337\245h*\235\352\342\354\271\367o\337R)"
 106      DFA5682A 
 106      9DEAE2EC 
 106      B9F76FDF 
 106      5229
 107 011f FFCF4D59 		.ascii	"\377\317MY\231\360}\276\004\237\013S[\255\252\037O\340"
 107      99F07DBE 
 107      049F0B53 
 107      5BADAA1F 
 107      4FE0
 108 0131 AC64F0F8 		.ascii	"\254d\360\370\336#\235Z_\345\314re\253R\325\372\000"
 108      DE239D5A 
 108      5FE5CC72 
 108      65AB52D5 
 108      FA00
 109 0143 F5F5CD8D 		.ascii	"\365\365\315\215J\375H\351NU\256\272\255\252P=/\236"
 109      4AFD48E9 
 109      4E55AEBA 
 109      ADAA503D 
 109      2F9E
 110 0155 C0FFE992 		.ascii	"\300\377\351\222J\325#|\262\177\365\354\350\201L\375"
 110      4AD5237C 
 110      B27FF5EC 
 110      E8814CFD 
ARM GAS  C:\Users\ajink\AppData\Local\Temp\cchjUHx3.s 			page 8


 111 0165 CD32D7E9 		.ascii	"\3152\327\351\215\343\3332\365[\212\331\341\326\274"
 111      8DE3DB32 
 111      F55B8AD9 
 111      E1D6BC
 112 0174 FDF6B372 		.ascii	"\375\366\263r\357\256\335`\323\335\347\362\344\336\037"
 112      EFAEDD60 
 112      D3DDE7F2 
 112      E4DE1F
 113 0183 53465CED 		.ascii	"SF\\\355\355\350G\203\360/0G\335\307g\037\371\212\231"
 113      EDE84783 
 113      F02F3047 
 113      DDC7671F 
 113      F98A99
 114 0196 6C3FAB79 		.ascii	"l?\253yB\314\233\233\333\312\005\253\305tz\3137L\361"
 114      42CC9B9B 
 114      DBCA05AB 
 114      C5747ACB 
 114      374CF1
 115 01a9 A33A30EC 		.ascii	"\243:0\354n\221\237\217\252\012\2636`\326*\243\3529"
 115      6E919F8F 
 115      AA0AB336 
 115      60D62AA3 
 115      EA39
 116 01bb F99CAA06 		.ascii	"\371\234\252\006Wjq\005\355\247\006w7\237\220\241\251"
 116      576A7105 
 116      EDA70677 
 116      379F90A1 
 116      A9
 117 01cc 252C5AE7 		.ascii	"%,Z\347h\364\22326\265\270Q\323\237\326\312\261\336"
 117      68F49332 
 117      36B5B851 
 117      D39FD6CA 
 117      B1DE
 118 01de C80843DD 		.ascii	"\310\010C\335\372g\224\356\325o\204\351\301\343nmT)"
 118      FA6794EE 
 118      D56F84E9 
 118      C1E36E6D 
 118      5429
 119 01f0 DDBFF7A1 		.ascii	"\335\277\367\241\252\201\275\347\367\254\345\373=\023"
 119      AA81BDE7 
 119      F7ACE5FB 
 119      3D13
 120 01fe 23CDD5EA 		.ascii	"#\315\325\352G\257)S\252C\353zimV=\363\306g\224\306"
 120      47AF2953 
 120      AA43EB7A 
 120      696D563D 
 120      F3C66794 
 121 0213 E3412BC6 		.ascii	"\343A+\306{\21776\251\376\217\326\332=\317\334\235\333"
 121      7B8F3736 
 121      A9FE8FD6 
 121      DA3DCFDC 
 121      9DDB
 122 0225 EF93416D 		.ascii	"\357\223Amk:\253n\275\363C\231\352'D\032.\273nzR\234"
 122      6B3AAB6E 
 122      BDF34399 
 122      EA27441A 
 122      2EBB6E7A 
ARM GAS  C:\Users\ajink\AppData\Local\Temp\cchjUHx3.s 			page 9


 123 023b 92FDE871 		.ascii	"\222\375\350q\177\373\321\337\306\211\330Z_\221\333"
 123      7FFBD1DF 
 123      C689D85A 
 123      5F91DB
 124 024a 3E2653AC 		.ascii	">&S\254\310;z\223\310\342\301\336\332\303\361[\"\257"
 124      C83B7A93 
 124      C8E2C1DE 
 124      DAC3F15B 
 124      22AF
 125 025c FDD3E389 		.ascii	"\375\323\343\211\352\307D]\331\260\315\336\0259\310"
 125      EAC7445D 
 125      D9B0CDDE 
 125      1539C8
 126 026b 5F6EBE37 		.ascii	"_n\2767\236\336\310\340\336U\314\343\211\364a?\321\363"
 126      9EDEC8E0 
 126      DE55CCE3 
 126      89F4613F 
 126      D1F3
 127 027d B3458F0B 		.ascii	"\263E\217\013\256\257\367\023\375\236b\236\357\037|"
 127      AEAFF713 
 127      FD9E629E 
 127      EF1F7C
 128 028c 47E4AE56 		.ascii	"G\344\256V\221\335\271\313v\225\310\367E\356<h\277#"
 128      91DDB9CB 
 128      7695C8F7 
 128      45EE3C68 
 128      BF23
 129 029e FAD68AE8 		.ascii	"\372\326\212\350\365I\033\255\354/,@\206?\323\223\374"
 129      F5491BAD 
 129      EC2F2C40 
 129      863FD393 
 129      FC
 130 02af 6169FFA4 		.ascii	"ai\377\2448\255\300u\303\366\3059\"G_\034\016\362v\276"
 130      38ADC075 
 130      C3F6C539 
 130      22475F1C 
 130      0EF276BE 
 131 02c3 8A596B4C 		.ascii	"\212YkL0\251D\357k\023}+\246\250\222\303}J1\017\303"
 131      30A944EF 
 131      6B137D2B 
 131      A6A892C3 
 131      7D4A310F 
 132 02d8 3C49ECDE 		.ascii	"<I\354\336\276*\272;\330\031\356+\372\003\305\354?\210"
 132      BE2ABA3B 
 132      D819EE2B 
 132      FA03C5EC 
 132      3F88
 133 02ea 9E7B4AF4 		.ascii	"\236{J\364\250@q\317^\265\276\213\011\363\264b\252\253"
 133      A84071CF 
 133      5EB5BE8B 
 133      09F3B462 
 133      AAAB
 134 02fc 8E861F88 		.ascii	"\216\206\037\210^\236+\272!{\316Mg\373)\346\351\351"
 134      5E9E2BBA 
 134      217BCE4D 
 134      67FB29E6 
 134      E9E9
ARM GAS  C:\Users\ajink\AppData\Local\Temp\cchjUHx3.s 			page 10


 135 030e DA34DD35 		.ascii	"\3324\3355\324.\372\314r@\037\313\300\233d|E\0367\363"
 135      D42EFACC 
 135      72401FCB 
 135      C09B647C 
 135      451E37F3 
 136 0322 F9604DF4 		.ascii	"\371`M\364\360\201\216<^0\374\242\254\272U\327 \373"
 136      F0818E3C 
 136      5E30FCA2 
 136      ACBA55D7 
 136      20FB
 137 0334 7B8B6256 		.ascii	"{\213bVW\314\177W\324\030\211F\230#U\313\336\236Q\314"
 137      57CC7F57 
 137      D4188946 
 137      982355CB 
 137      DE9E51CC 
 138 0348 D2929BAA 		.ascii	"\322\222\233\2527\211|\364e\305N\355O\366:\343\247\024"
 138      37897CF4 
 138      65C54EED 
 138      4FF63AE3 
 138      A714
 139 035a F3EADCED 		.ascii	"\363\352\334\355\346`\306>\241\330\211\375\365\013\234"
 139      E660C63E 
 139      A1D889FD 
 139      F50B9C
 140 0369 EB4F2BE6 		.ascii	"\353O+\346P\250-\216\211Q\233/\276oI=\310\242\257~F"
 140      50A82D8E 
 140      89519B2F 
 140      BE6F493D 
 140      C8A2AF7E 
 141 037e 316B8A06 		.ascii	"1k\212\0063\351\353\204`\321\027Z\333m\367E\177V1\233"
 141      33E9EB84 
 141      60D1175A 
 141      DB6DF745 
 141      7F56319B 
 142 0392 FCA30B78 		.ascii	"\374\243\013xw\367\206\350\363#\223\245\274\375[\025"
 142      77F786E8 
 142      F32393A5 
 142      BCFD5B15 
 143 03a2 B36C745A 		.ascii	"\263ltZ\246\362\310w\252S\364T\367@\0273\357m\212y]"
 143      A6F2C877 
 143      AA53F454 
 143      F7401733 
 143      EF6D8A79 
 144 03b7 5959CECC 		.ascii	"YY\316\314k(\220X\254\027\307\336p\356o\227\322\327"
 144      6B289058 
 144      AC17C7DE 
 144      70EE6F97 
 144      D2D7
 145 03c9 9C1DC0C5 		.ascii	"\234\035\300\305\236\022\"\372\265\241\305\315\361\311"
 145      9E1222FA 
 145      B5A1C5CD 
 145      F1C9
 146 03d7 6AAB4988 		.ascii	"j\253I\210\317\345\364<\233\242\367\235\257m\335\025"
 146      CFE5F43C 
 146      9BA2F79D 
 146      AF6DDD15 
 147 03e7 FD6715D3 		.ascii	"\375g\025\323\022\335\331uOt[\227\350\325M\333'\274"
ARM GAS  C:\Users\ajink\AppData\Local\Temp\cchjUHx3.s 			page 11


 147      12DDD975 
 147      4F745B97 
 147      E8D54DDB 
 147      27BC
 148 03f9 FFCF49EA 		.ascii	"\377\317I\352\014\232\2439\376\346B\211Ez\326\364\376"
 148      0C9AA339 
 148      FEE64289 
 148      457AD6F4 
 148      FE
 149 040a D3A2BF43 		.ascii	"\323\242\277C1K\014\306P\306:#Ttm\374\225\361\226\350"
 149      314B0CC6 
 149      50C63A23 
 149      54746DFC 
 149      95F196E8 
 150 041e 3F2FA91A 		.ascii	"?/\251\0326\336\315\320\335l\211\336\244\325v\322?\357"
 150      36DECDD0 
 150      DD6C89DE 
 150      A4D576D2 
 150      3FEF
 151 0430 94E8C46C 		.ascii	"\224\350\304l\234p~\213\335\242\0077\224\214\323\341"
 151      9C707E8B 
 151      DDA20737 
 151      948CD3E1 
 152 0440 AB2F29F6 		.ascii	"\253/)\366\330QB\021\243\371\013\212Y\036k\352g\177"
 152      D8514211 
 152      A3F90B8A 
 152      591E6BEA 
 152      677F
 153 0452 ED5F1377 		.ascii	"\355_\023ww5\366\334\021\371]\212y\221\345\212\244;"
 153      7735F6DC 
 153      11F95D8A 
 153      7991E58A 
 153      A43B
 154 0464 F54F482A 		.ascii	"\365OH*\027M\276G\324w+V]\205\335\273\016\375\337\253"
 154      174DBE47 
 154      D4772B56 
 154      5D85DDBB 
 154      0EFDDFAB 
 155 0478 D8D96B7D 		.ascii	"\330\331k}\375\354[\322\312V\236\353\342\272\330\354"
 155      FDEC5BD2 
 155      CA569EEB 
 155      E2BAD8EC 
 156 0488 650D7156 		.ascii	"e\015qV\232\270\314\337\243\230\373\305\301\211\314"
 156      9AB8CCDF 
 156      A398FBC5 
 156      C189CC
 157 0497 FBEE1DD1 		.ascii	"\373\356\035\321\327\202\362#\237\024\3759\305\354\214"
 157      D782F223 
 157      9F14FD39 
 157      C5EC8C
 158 04a6 9C6DE2D0 		.ascii	"\234m\342\320\363\302E7ZK\325\364\305/)\346\234:\303"
 158      F3C24537 
 158      5A4BD5F4 
 158      C52F29E6 
 158      9C3AC3
 159 04b9 9F7A70B1 		.ascii	"\237zp\261\350E\253Cq\364\245\014'\252\331\331\300\341"
 159      E845AB43 
ARM GAS  C:\Users\ajink\AppData\Local\Temp\cchjUHx3.s 			page 12


 159      71F4A50C 
 159      27AAD9D9 
 159      C0E1
 160 04cb EDF6492C 		.ascii	"\355\366I,\\-\323\363\234\334\373$u\\\275\015\234{\377"
 160      5C2DD3F3 
 160      9CDCFB24 
 160      755CBD0D 
 160      9C7BFF
 161 04de AEE8C7D3 		.ascii	"\256\350\307\3235:\366\377~\305l\326\344\2251\326E\021"
 161      353AF6FF 
 161      7EC56CD6 
 161      E49531D6 
 161      4511
 162 04f0 A2679B87 		.ascii	"\242g\233\207Z\270.? \353J\0277M\347\204\227\210n\033"
 162      5AB82E3F 
 162      20EB4A17 
 162      374DE784 
 162      97886E1B 
 163 0504 36AC3017 		.ascii	"6\2540\027\237\227\361\237Z\372Y#\367\373%\026\372\265"
 163      9F97F19F 
 163      5AFA5923 
 163      F7FB2516 
 163      FAB5
 164 0516 AD49E6C2 		.ascii	"\255I\346\302/\313\374\303\223\257\230\013\303v\321"
 164      2FCBFCC3 
 164      93AF980B 
 164      C376D1
 165 0525 A7E62BC3 		.ascii	"\247\346+\303\350\237\027\0243\323\221\360\242\310e"
 165      E89F1714 
 165      33D391F0 
 165      A2C865
 166 0534 9122CFEE 		.ascii	"\221\"\317\356\324\255qx\277\"\353\3620\264\353i\321"
 166      D4AD7178 
 166      BF22EBF2 
 166      30B4EB69 
 166      D1
 167 0545 A34B455F 		.ascii	"\243KE_r/\2651\025~U17O\034\221t\357\370\277I\246U\230"
 167      722FB531 
 167      157E5531 
 167      374F1C91 
 167      74EFF8BF 
 168 055d 2DBCFB07 		.ascii	"-\274\373\007\025\263\320\234\353\344Js\375\211\330"
 168      15B3D09C 
 168      EBE44A73 
 168      FD89D8
 169 056c 75EB532C 		.ascii	"u\353S,\222\277&\211x]\341\346\247ce2's\3069\256\203"
 169      92BF2689 
 169      785DE1E6 
 169      A7636532 
 169      2773C639 
 170 0582 0F29E665 		.ascii	"\017)\346eP)]S%%\354\3064\275\302\017\377\2728\3420"
 170      50295D53 
 170      2525ECC6 
 170      34BDC20F 
 170      FFBA38E2 
 171 0597 C9C0A14D 		.ascii	"\311\300\241M;$2\232+G\020=\367aY%YG\001\\%\247\203"
 171      3B24329A 
ARM GAS  C:\Users\ajink\AppData\Local\Temp\cchjUHx3.s 			page 13


 171      2B47103D 
 171      F7615925 
 171      5947015C 
 172 05ae A29B77AF 		.ascii	"\242\233w\257&Y%^T\314\311\005\323&=\223X.\272\372\""
 172      2659255E 
 172      54CCC905 
 172      D3263D93 
 172      582EBAFA 
 173 05c3 299C99F1 		.ascii	")\234\231\361\021\211\214\343\342\204\221\255\211\026"
 173      11898CE3 
 173      E28491AD 
 173      8916
 174 05d1 DDDF5A3E 		.ascii	"\335\337Z>\316\251\377\2068\372\362\310D\317\317\355"
 174      CEA9FF86 
 174      38FAF2C8 
 174      44CFCFED 
 175 05e1 4B6436CB 		.ascii	"Kd6\313v\3739\276\337T\314v\243m\231\367\277\030\022"
 175      76FB39BE 
 175      DF54CC76 
 175      A36D99F7 
 175      BF1812
 176 05f4 BDA160D6 		.ascii	"\275\241`\326\314\314\370-\271\177NM\002?\237Z!\372"
 176      CCCCF82D 
 176      B97F4E4D 
 176      023F9F5A 
 176      21FA
 177 0606 46EAC934 		.ascii	"F\352\3114\253\304o+fq`\275\211\237\257\327\210~\246"
 177      ABC46F2B 
 177      667160BD 
 177      899FAFD7 
 177      887EA6
 178 0619 3EEBE1FC 		.ascii	">\353\341\374~G\236g\311\345\271\254\"K\007\022\232"
 178      7E479E67 
 178      C9E5B9AC 
 178      224B0712 
 178      9A
 179 062a 1B43DB02 		.ascii	"\033C\333\002\357\377Q\031_\177\326\347D\276\036\026"
 179      EFFF5119 
 179      5F7FD6E7 
 179      44BE1E16 
 180 063a 797DCD95 		.ascii	"y}\315\225\302\320\374\256\324wud2o\237YI}x\322\302"
 180      C2D0FCAE 
 180      D4777564 
 180      326F9F59 
 180      497D78D2 
 181 064f E9FD9EE4 		.ascii	"\351\375\236\344\371\205\377\012\027V\223V\364\352\334"
 181      F985FF0A 
 181      17569356 
 181      F4EADC
 182 065e 7C13DD23 		.ascii	"|\023\335#O\333\242\\\357\376\245#V\274\223w\224WF\371"
 182      4FDBA25C 
 182      EFFEA523 
 182      56BC9377 
 182      945746F9 
 183 0672 F7A5B7EC 		.ascii	"\367\245\267\354\275bv\277a\020\375,\311P\317\330\376"
 183      BD6276BF 
 183      6110FD2C 
ARM GAS  C:\Users\ajink\AppData\Local\Temp\cchjUHx3.s 			page 14


 183      C950CFD8 
 183      FE
 184 0683 8162065C 		.ascii	"\201b\006\\\370\367\261\373\220Q\321\257;\232\272\270"
 184      F8F7B1FB 
 184      9051D1AF 
 184      3B9ABAB8 
 185 0693 AE3FAE98 		.ascii	"\256?\256\230\225\376M!L\215\302C\321K\352#<\234\275"
 185      95FE4D21 
 185      4C8DC243 
 185      D14BEA23 
 185      3C9CBD
 186 06a6 94FCAE8A 		.ascii	"\224\374\256\212\355&\336\337*{\261\246LC+K\344\037"
 186      ED26DEDF 
 186      2A7BB1A6 
 186      4C432B4B 
 186      E41F
 187 06b8 4A2EB802 		.ascii	"J.\270\002\362\351\274\025\311S\233=s\206\362\037)f"
 187      F2E9BC15 
 187      C9539B3D 
 187      7386F21F 
 187      2966
 188 06ca 644FC016 		.ascii	"dO\300\026WU\300g\345a\032\024\261O\327\177R\012\234"
 188      5755C067 
 188      E5611A14 
 188      B14FD77F 
 188      520A9C
 189 06dd 69D14139 		.ascii	"i\321A9\367\337%r\206\230s\2569)og\3531k\234\333@\274"
 189      F7DF2572 
 189      869873AE 
 189      39296F67 
 189      EB316B9C 
 190 06f4 B866DBD3 		.ascii	"\270f\333\323\362.\221?\245X\011\031\307\361\034\272"
 190      F22E913F 
 190      A5580919 
 190      C7F11CBA 
 191 0704 C32872EA 		.ascii	"\303(r\352\304\266\206\275\177Z1\227\347\366\34686\315"
 191      C4B686BD 
 191      7F5A3197 
 191      E7F6E638 
 191      36CD
 192 0716 383FDE1A 		.ascii	"8?\336\032\030\314%\371\307R~\017J\364,\317\225G\242"
 192      18CC25F9 
 192      C7527E0F 
 192      4AF42CCF 
 192      9547A2
 193 0729 B704C78E 		.ascii	"\267\004\307\2160qd\021i\265\307:\256\213\2368I\214"
 193      30716411 
 193      69B5C73A 
 193      AE8B9E38 
 193      498C
 194 073b 89A98D25 		.ascii	"\211\251\215%\272\356O%\262m\033\013,Y;\325\242\257"
 194      BAEE4F25 
 194      B26D1B0B 
 194      2C593BD5 
 194      A2AF
 195 074d F65D0D53 		.ascii	"\366]\015S\377\214\224\224\324\334\"~>bL\364\266\230"
 195      FF8C9494 
ARM GAS  C:\Users\ajink\AppData\Local\Temp\cchjUHx3.s 			page 15


 195      D4DC227E 
 195      3E624CF4 
 195      B698
 196 075f 151DEFFF 		.ascii	"\025\035\357\377g\212i\335\353\332by/uq\253a\331\363"
 196      678A69DD 
 196      EBDA6279 
 196      2F7571AB 
 196      61D9F3
 197 0772 964471D6 		.ascii	"\226Dq\326\210\263\311\310\361\235\324Jhj\007:-L\274"
 197      88B3C9C8 
 197      F19DD44A 
 197      686A073A 
 197      2D4CBC
 198 0785 CF490DC8 		.ascii	"\317I\015\310\216\272bh&\022\271\360rC\253\231\032\177"
 198      8EBA6268 
 198      2612B9F0 
 198      7243AB99 
 198      1A7F
 199 0797 AE983DD9 		.ascii	"\256\230=\331\355\336\330\324\235pgUd=e\377\177\241"
 199      EDDED8D4 
 199      9D706755 
 199      643D65FF 
 199      7FA1
 200 07a9 9855235B 		.ascii	"\230U#[\033L\215\244I\321g5\345[\\\270\177\251\230\035"
 200      1B4C8DA4 
 200      49D16735 
 200      E55B5CB8 
 200      7FA9981D 
 201 07bd CD11A3FC 		.ascii	"\315\021\243\374\374\241\024\202\330\203\2136N\357\363"
 201      FCA11482 
 201      D8838B36 
 201      4EEFF3
 202 07cc 8AE96CBD 		.ascii	"\212\351l\275"
 203 07d0 B1333A23 		.ascii	"\2613:#\262\0338->\234g\350\377J1W\0227\274\033%\343"
 203      B21B382D 
 203      3E9C67E8 
 203      FF4A3157 
 203      1237BC1B 
 204 07e6 EB8A3DDE 		.ascii	"\353\212=\336P\237\315\233\377\265\344m\214\255\215"
 204      509FCD9B 
 204      FFB5E46D 
 204      8CAD8D
 205 07f5 729CDC2C 		.ascii	"r\234\334,\254)\241\200c\377\033\305<H\030\233\246o"
 205      AC29A180 
 205      63FF1BC5 
 205      3C48189B 
 205      A66F
 206 0807 AEEAB8E8 		.ascii	"\256\352\270\350\266\364-L\215\277\225\352\235\335\272"
 206      B6F42D4C 
 206      8DBF95EA 
 206      9DDDBA
 207 0816 CDB1CF27 		.ascii	"\315\261\317'\213\236\322X\031\301U\365w\212i\357q_"
 207      8B9ED258 
 207      19C155F5 
 207      778A69EF 
 207      715F
 208 0828 B3E8B4B8 		.ascii	"\263\350\264\270\271\015+\236\272dl\277 \211\271\365"
ARM GAS  C:\Users\ajink\AppData\Local\Temp\cchjUHx3.s 			page 16


 208      B90D2B9E 
 208      BA646CBF 
 208      2089B9F5 
 209 0838 C67B806E 		.ascii	"\306{\200nZ\364\344\204\3355N\356\357\245\\\357\016"
 209      5AF4E484 
 209      DD354EEE 
 209      EFA55CEF 
 209      0E
 210 0849 4D513F37 		.ascii	"MQ?7Il\"\257\362\026\270\252\377A1\223\326\316\016\230"
 210      496C22AF 
 210      F216B8AA 
 210      FF413193 
 210      D6CE0E98 
 211 085d B93349A2 		.ascii	"\2713I\242{\\W\035\034\377?Jn\372\317\234q\374\346S"
 211      7B5C571D 
 211      1CFF3F4A 
 211      6EFACF9C 
 211      71FCE653 
 212 0871 D197D75A 		.ascii	"\321\227\327Zn\330\377\027e\025\227\344\035\320\267"
 212      6ED8FF17 
 212      651597E4 
 212      1DD0B7
 213 0880 6953A257 		.ascii	"iS\242W\265\224z\213\242l\242\333\"\013\352\230;\005"
 213      B5947A8B 
 213      A26CA2DB 
 213      220BEA98 
 213      3B05
 214 0892 B38C8DE5 		.ascii	"\263\214\215\345|\230\313\362e)\022E[\227t_\350\271"
 214      7C98CBF2 
 214      65291245 
 214      5B97745F 
 214      E8B9
 215 08a4 E8CBCB16 		.ascii	"\350\313\313\026\007\373\377\222\204\332v\225\310\340"
 215      07FBFF92 
 215      84DA7695 
 215      C8E0
 216 08b2 ACA78A9E 		.ascii	"\254\247\212\236\3341ee\356\274\"\376\315N\327s\355"
 216      DC316565 
 216      EEBC22FE 
 216      CD4ED773 
 216      ED
 217 08c3 7436F071 		.ascii	"t6\360q\335\2318\303\371\311Fpq4\376#\"\347H8\322:="
 217      DD9938C3 
 217      F9C94670 
 217      7134FE23 
 217      22E74838 
 218 08da 46DEFD2B 		.ascii	"F\336\375+\022z\217-\205w\017\374/\305\016\361\224\346"
 218      127A8F2D 
 218      85770FFC 
 218      2FC50EF1 
 218      94E6
 219 08ec 71E1FDB3 		.ascii	"q\341\375\263b\016\333<\343|\032-\313>-v\244\315\033"
 219      620EDB3C 
 219      E37C1A2D 
 219      CB3E2D76 
 219      A4CD1B
 220 08ff BBAFCA93 		.ascii	"\273\257\312\223\333V\363aQ[\245\276\247\307\214\245"
ARM GAS  C:\Users\ajink\AppData\Local\Temp\cchjUHx3.s 			page 17


 220      DB56F361 
 220      515BA5BE 
 220      A7C78CA5 
 221 090f B260C9A6 		.ascii	"\262`\311\246\305\023\320\344\340\310*\346$2E\226v\017"
 221      C513D0E4 
 221      E0C82AE6 
 221      24324596 
 221      760F
 222 0921 3BFFBA2C 		.ascii	";\377\272,\362\256\010oA\324zD\337\012\217l\344\330"
 222      F2AE086F 
 222      41D47A44 
 222      DF0A8F6C 
 222      E4D8
 223 0933 FE453C1F 		.ascii	"\376E<\0372\221M}/]\364\266\346\225/\212\374\257R\357"
 223      32914D7D 
 223      2F5DF4B6 
 223      E6952F8A 
 223      FCAF52EF 
 224 0947 1CB6103A 		.ascii	"\034\266\020:v\320,r\350y\321\006\035#\017\326\271\275"
 224      76D02C72 
 224      E879D106 
 224      1D230FD6 
 224      B9BD
 225 0959 98542656 		.ascii	"\230T&V\211M\002\3438O\210\242c\276\241\230\347\373"
 225      894D02E3 
 225      384F88A2 
 225      63BEA198 
 225      E7FB
 226 096b CE552ECA 		.ascii	"\316U.\312\310\013\276?\350\246m\\4\257J\034\333v\006"
 226      C80BBE3F 
 226      E8A66D5C 
 226      34AF4A1C 
 226      DB7606
 227 097e 5914B6D3 		.ascii	"Y\024\266\323D\237<L\362>M\276)\017\267\352\355e>M{"
 227      449F3C4C 
 227      F23E4DBE 
 227      290FB7EA 
 227      ED653E4D 
 228 0993 1B45CFD2 		.ascii	"\033E\317\322T\237\263(H\011\234\323\357u1\361\222\257"
 228      549FB328 
 228      48099CD3 
 228      EF7531F1 
 228      92AF
 229 09a5 2430A51B 		.ascii	"$0\245\033\316m\336\377?$\217\247*]\374\274iA\364\310"
 229      CE6DDEFF 
 229      3F248FA7 
 229      2A5DFCBC 
 229      6941F4C8 
 230 09b9 8C3C2BDD 		.ascii	"\214<+\335\367\232,\372\342\212}N\177\262\231/\240q"
 230      F79A2CFA 
 230      E28A7D4E 
 230      7FB2992F 
 230      A071
 231 09cb 8E4C26C6 		.ascii	"\216L&\306\267\244`\257\234k8\277\343L\321\203w\007"
 231      B7A460AF 
 231      9C6B38BF 
 231      E34CD183 
ARM GAS  C:\Users\ajink\AppData\Local\Temp\cchjUHx3.s 			page 18


 231      7707
 232 09dd EDFCBC2C 		.ascii	"\355\374\274,\323!Ci!c\027\377=\305vO6\277C\324o\313"
 232      D3214369 
 232      216317FF 
 232      3DC5764F 
 232      36BF43D4 
 233 09f3 B37A6521 		.ascii	"\263ze!\207\275W\3132i;\355\254\345\340\277#\025cp\307"
 233      87BD57CB 
 233      32693BED 
 233      ACE5E0BF 
 233      23156370 
 234 0a08 C6D88DCA 		.ascii	"\306\330\215\312\243S\335rcb\350\376S\036\016\227K\337"
 234      A353DD72 
 234      6362E8FE 
 234      531E0E97 
 234      4BDF
 235 0a1a 10D529DB 		.ascii	"\020\325)\333g\303\344\3664='I\224s\022x\310\221e\361"
 235      67C3E4F6 
 235      343D2749 
 235      94731278 
 235      C89165F1 
 236 0a2e D57CAFA0 		.ascii	"\325|\257\240p\235#\373o\305<\351\356Hg\322Y\226D\337"
 236      709D23FB 
 236      6FC53CE9 
 236      EE4867D2 
 236      599644DF 
 237 0a42 A89EAB66 		.ascii	"\250\236\253f\357\377\243\2305\376\225\261\034\371B"
 237      EFFFA398 
 237      35FE95B1 
 237      1CF942
 238 0a51 8BE86B9E 		.ascii	"\213\350k\236a\357\222\376\256bF\364\225-0r\227Y\242"
 238      61EF92FE 
 238      AE6246F4 
 238      952D3072 
 238      9759A2
 239 0a64 4F1ECC58 		.ascii	"O\036\314Xx\177\231\251\301?\321\273\333O\277\346\016"
 239      787F99A9 
 239      C13FD1BB 
 239      DB4FBFE6 
 239      0E
 240 0a75 722CE733 		.ascii	"r,\3473\"\377\257T\204\200\016\035\207\327\270(r\335"
 240      22FFAF54 
 240      84800E1D 
 240      87D7B828 
 240      72DD
 241 0a87 48E31603 		.ascii	"H\343\026\003\373}\305\254\350\255\216a\340g-\242\217"
 241      FB7DC5AC 
 241      E8AD8E61 
 241      E0672DA2 
 241      8F
 242 0a98 5F0FB533 		.ascii	"_\017\2653\261~ \013x\273[O\375L'zbSF\034W\274\232\333"
 242      B17E200B 
 242      78BB5B4F 
 242      FD4C277A 
 242      6253461C 
 243 0ab0 9EA1E824 		.ascii	"\236\241\350$\226\254\260\\iP\034\032\023\315\361\361"
 243      96ACB05C 
ARM GAS  C:\Users\ajink\AppData\Local\Temp\cchjUHx3.s 			page 19


 243      69501C1A 
 243      13CDF1F1 
 244 0ac0 C5599F72 		.ascii	"\305Y\237rv\310\011\024\007J\203\363\2149\015\275\037"
 244      76C80914 
 244      074A83F3 
 244      8C390DBD 
 244      1F
 245 0ad1 A062512C 		.ascii	"\240bQ,\263\322C}k\322`(\\\357}\325\016\224\006\215"
 245      B3D2437D 
 245      6BD26028 
 245      5CEF7DD5 
 245      0E94068D 
 246 0ae5 86D42B56 		.ascii	"\206\324+V%{\2734\250\237Ow\263\207 iP\2407jY\326\242"
 246      257BBB34 
 246      A89F4F77 
 246      B3872069 
 246      50A0376A 
 247 0afc 72C4478E 		.ascii	"r\304G\216\376\233`N\222op\361\243Ss\364By\2004\030"
 247      FE9B604E 
 247      926F70F1 
 247      A35373F4 
 247      42798034 
 248 0b11 325957D8 		.ascii	"2YW\330C\2104\270\011\330\267s\014C\253,\314\327\341"
 248      438834B8 
 248      09D8B773 
 248      0C43AB2C 
 248      CCD7E1
 249 0b24 36E66F28 		.ascii	"6\346o(\367\365\3155\353\014\323A\2334\250i1\2728\310"
 249      F7F5CD35 
 249      EB0CD341 
 249      9B34A869 
 249      31BA38C8 
 250 0b38 3026ACD1 		.ascii	"0&\254\321\341\317$R\313[MWyU\003\357\300\027\207\256"
 250      E1CF2452 
 250      CB5B4D57 
 250      795503EF 
 250      C01787AE 
 251 0b4c ED250727 		.ascii	"\355%\007'\301\363\002MH\310s\"Gp=\304\207\237\261\362"
 251      C1F3024D 
 251      48C87322 
 251      47703DC4 
 251      879FB1F2 
 252 0b60 B549A5DC 		.ascii	"\265I\245\334\250\334\036\343c)R\364\200\024m!\247\270"
 252      A8DC1EE3 
 252      632952F4 
 252      80146D21 
 252      A7B8
 253 0b72 261BA8BE 		.ascii	"&\033\250\276\233x\177\352Q\242\247\364\\\254\320\313"
 253      9B787FEA 
 253      51A2A7F4 
 253      5CACD0CB 
 254 0b82 417AB990 		.ascii	"Az\271\2200\330\276\310\373s{\0327f?f\005\311g\340V"
 254      30D8BEC8 
 254      FB737B1A 
 254      37663F66 
 254      05C967E0 
 255 0b97 4F5B5F12 		.ascii	"O[_\022]\303J\272;2J\027u-s\200\241A\013\314C-;\260"
ARM GAS  C:\Users\ajink\AppData\Local\Temp\cchjUHx3.s 			page 20


 255      5DC34ABA 
 255      3B324A17 
 255      752D7380 
 255      A1410BCC 
 256 0baf 4469BD47 		.ascii	"Di\275G\026V\271P\335\251;`\"\307\210\335\321\024\261"
 256      1656B950 
 256      DDA93B60 
 256      22C788DD 
 256      D114B1
 257 0bc2 CB55D610 		.ascii	"\313U\326\020*a\272q\026]1\012\334\003\246\231\034\223"
 257      2A61BA71 
 257      165D310A 
 257      DC03A699 
 257      1C93
 258 0bd4 74414AA1 		.ascii	"tAJ\2414\230+\350\365\347\313R\2344\260\016%\235r\022"
 258      34982BE8 
 258      F5E7CB52 
 258      9C34B00E 
 258      259D7212 
 259 0be8 9E6E6960 		.ascii	"\236ni`ZZ\362\276\367\307K\203\356\235\265QN\302\266"
 259      5A5AF2BE 
 259      F7C74B83 
 259      EE9DB551 
 259      4EC2B6
 260 0bfb C54C18CA 		.ascii	"\305L\030\312\261\260A\002S%\313\261\311A6\207H\230"
 260      B1B04102 
 260      5325CBB1 
 260      C9413687 
 260      4898
 261 0c0d 629D9E13 		.ascii	"b\235\236\023\24637\033\205\201{W\234fF\2014\270\216"
 261      A633371B 
 261      85817B57 
 261      9C664681 
 261      34B88E
 262 0c20 BA5961A0 		.ascii	"\272Ya\240\223\230\011ye\353t\364M\027_yr3\214\034d"
 262      93980979 
 262      65EB74F4 
 262      4D175F79 
 262      72338C1C 
 263 0c35 B2349869 		.ascii	"\2624\230i\\7\262\301\342\24640/\273\252\370\014O\221"
 263      5C37B2C1 
 263      E2A63430 
 263      2FBBAAF8 
 263      0C4F91
 264 0c48 0617C713 		.ascii	"\006\027\307\023.\256H\203\034\025\205\247\304\025p"
 264      2EAE4883 
 264      1C1585A7 
 264      C41570
 265 0c57 41F09936 		.ascii	"A\360\2316\232q^\302L\211\221w\320\374\245\341\034\372"
 265      9A715EC2 
 265      4C899177 
 265      D0FCA5E1 
 265      1CFA
 266 0c69 314DF4E1 		.ascii	"1M\364\341\231A3\365#\331\254\326j*\227\330\177\272"
 266      994133F5 
 266      23D9ACD6 
 266      6A2A97D8 
ARM GAS  C:\Users\ajink\AppData\Local\Temp\cchjUHx3.s 			page 21


 266      7FBA
 267 0c7b E861CEF1 		.ascii	"\350a\316\361\002.\3111y\254\345\325\354\3309\203\014"
 267      022EC931 
 267      79ACE5D5 
 267      ECD83983 
 267      0C
 268 0c8c D11DF9A6 		.ascii	"\321\035\371\246z\306\241\226\313#o\252y\217{\030\326"
 268      7AC6A196 
 268      CB236FAA 
 268      798F7B18 
 268      D6
 269 0c9d CEEDC4F8 		.ascii	"\316\355\304\370b.\331\204<\271\2209a\030\242\027ub"
 269      622ED984 
 269      3CB99039 
 269      6118A217 
 269      7562
 270 0caf EF3B1246 		.ascii	"\357;\022F\030\007w\207\\X\217]>e$\263\304n\327\304"
 270      18077787 
 270      5C588F5D 
 270      3E6524B3 
 270      C46ED7C4 
 271 0cc3 5D708A53 		.ascii	"]p\212S\353\214\375\350\\)\263\215\331\227\344_\327"
 271      EB8CFDE8 
 271      5C29B38D 
 271      D997E45F 
 271      D7
 272 0cd4 CF7ABF6B 		.ascii	"\317z\277k\277\365x\372\373y\323\177v{3\203\223\350"
 272      BFF578FA 
 272      FB79D37F 
 272      767B3383 
 272      93E8
 273 0ce6 EF97064B 		.ascii	"\357\227\006KYe\336\262\230\303\235Am\276\367\375\251"
 273      5965DEB2 
 273      98C39D41 
 273      6DBEF7FD 
 273      A9
 274 0cf7 A8541A18 		.ascii	"\250T\032\030NV\267\351\306\\\316b\275\250\201\221\014"
 274      4E56B7E9 
 274      C65CCE62 
 274      BDA88191 
 274      0C
 275 0d08 8F64B2B4 		.ascii	"\217d\262\2644n2\324\234\225\345\342l\205\317\244\375"
 275      346E32D4 
 275      9C95E5E2 
 275      6C85CFA4 
 275      FD
 276 0d19 5D09D469 		.ascii	"]\011\324ivY2{\340\271O\321z\366$o1\334'\0156\313[\336"
 276      7659327B 
 276      E0B94FD1 
 276      7AF6246F 
 276      31DC270D 
 277 0d31 227A81E8 		.ascii	"\"z\201\350}\025z\276\"\225\225p\311\217O\230y\203B"
 277      7D157ABE 
 277      22959570 
 277      C98F4F98 
 277      798342
 278 0d44 D10F1272 		.ascii	"\321\017\022r\374\371\371\350\010i\220\327\317\247\260"
ARM GAS  C:\Users\ajink\AppData\Local\Temp\cchjUHx3.s 			page 22


 278      FCF9F9E8 
 278      086990D7 
 278      CFA7B0
 279 0d53 9F6F11CF 		.ascii	"\237o\021\317\014\335g.\216`U6\001'\306\316^\372\231"
 279      0CDD672E 
 279      8E605536 
 279      0127C6CE 
 279      5EFA99
 280 0d66 8705AD41 		.ascii	"\207\005\255A[\336\016\332\345\325\300\255^\032\243"
 280      5BDE0EDA 
 280      E5D5C0AD 
 280      5E1AA3
 281 0d75 174B18C9 		.ascii	"\027K\030\311\211\272O\211\254\227\303\002wm\371\026"
 281      89BA4F89 
 281      AC97C302 
 281      776DF916 
 282 0d85 7D582A72 		.ascii	"}X*r\324J\214\231\201\366\227C\302\222\225\343\001&"
 282      D44A8C99 
 282      81F69743 
 282      C29295E3 
 282      0126
 283 0d97 4A99E89B 		.ascii	"J\231\350\233-m\305\274\375\346\266\\(\357\254I\240"
 283      2D6DC5BC 
 283      FDE6B65C 
 283      28EFAC49 
 283      A0
 284 0da8 8FF94AEB 		.ascii	"\217\371J\353h\275\314\346\375\273{\344B\204}\251\237"
 284      68BDCCE6 
 284      FDBB7BE4 
 284      42847DA9 
 284      9F
 285 0db9 DBCD0AB1 		.ascii	"\333\315\012\261\007\033k\374\271\234\3628#k\342a\036"
 285      071B6BFC 
 285      B99CF238 
 285      236BE261 
 285      1E
 286 0dca 5D58C91A 		.ascii	"]X\311\032\340\272\366n\266\203Y\006]\365\332tn\232"
 286      E0BAF66E 
 286      B6835906 
 286      5DF5DA74 
 286      6E9A
 287 0ddc AA78B676 		.ascii	"\252x\266v\272_\3035?7,Q*\213\211qp\014|\361\353\356"
 287      BA5FC335 
 287      3F372C51 
 287      2A8B8971 
 287      700C7CF1 
 288 0df2 D38579DF 		.ascii	"\323\205y\337\203\017\370\200\262\007\256\360\001S\315"
 288      830FF880 
 288      B207AEF0 
 288      0153CD
 289 0e01 595827DC 		.ascii	"YX'\334\314\326T\2554\210?\034[b\003#S)\260\370\007"
 289      CCD654AD 
 289      34883F1C 
 289      5B620323 
 289      5329B0F8 
 290 0e16 A2D7578A 		.ascii	"\242\327W\212\036:wS\314d\255\021\375PW}\310I,\015I"
 290      1E3A7753 
ARM GAS  C:\Users\ajink\AppData\Local\Temp\cchjUHx3.s 			page 23


 290      CC64AD11 
 290      FD50577D 
 290      C8492C0D 
 291 0e2b 98321303 		.ascii	"\2302\023\003\034l\300\027\224\204l\307\030\223\365"
 291      1C6CC017 
 291      94846CC7 
 291      1893F5
 292 0e3a 7A5F1AF4 		.ascii	"z_\032\364\207/\026\322\321&i\320<\032ZKGfj\270\373"
 292      872F16D2 
 292      D12669D0 
 292      3C1A5A4B 
 292      47666AB8 
 293 0e4f B284C4D0 		.ascii	"\262\204\304\320\015u\322`\321S\241e\203\246\012\336"
 293      0D75D260 
 293      D153A165 
 293      83A60ADE 
 294 0e5f A2F2E48C 		.ascii	"\242\362\344\214c\254\347\361n\311J6\3350./a\347\372"
 294      63ACE7F1 
 294      6EC94A36 
 294      DD302E2F 
 294      61E7FA
 295 0e72 62EF911D 		.ascii	"b\357\221\035\367\261\213\011\2475Lf\227\354\327\012"
 295      F7B18B09 
 295      A7354C66 
 295      97ECD70A 
 296 0e82 8B121618 		.ascii	"\213\022\026\030\210F\006f\270\356\210\313%V\316c\217"
 296      88460666 
 296      B8EE88CB 
 296      2556CE63 
 296      8F
 297 0e93 DDBDDEDA 		.ascii	"\335\275\336\332k\026=\374 \302\3009V\311\271N\373\366"
 297      6B163DFC 
 297      20C2C039 
 297      56C9B94E 
 297      FBF6
 298 0ea5 6926C3D0 		.ascii	"i&\303\320$\372\212\326\336\316\025==\3002w\325\351"
 298      24FA8AD6 
 298      DECE153D 
 298      3DC03277 
 298      D5E9
 299 0eb7 1D20F75B 		.ascii	"\035 \367[\346I\367\024\213\316\351\236\\8\316\255l"
 299      E649F714 
 299      8BCEE99E 
 299      5C38CEAD 
 299      6C
 300 0ec8 A00F2CCC 		.ascii	"\240\017,\314\235\342\254`\216 \221O\234\326\330\203"
 300      9DE2AC60 
 300      8E20914F 
 300      9CD6D883 
 301 0ed8 2AD6C516 		.ascii	"*\326\305\026\261\007f\364\201\336\003\021\246\337@"
 301      B10766F4 
 301      81DE0311 
 301      A6DF40
 302 0ee7 64562A7B 		.ascii	"dV*{\340\363\242!\244s\203\351:P-NZ\335\011\351\346"
 302      E0F3A221 
 302      A47383E9 
 302      3A502D4E 
ARM GAS  C:\Users\ajink\AppData\Local\Temp\cchjUHx3.s 			page 24


 302      5ADD09E9 
 303 0efc 72E119F9 		.ascii	"r\341\031\371\210\256\256\200\351\350\210\223\006\245"
 303      88AEAE80 
 303      E9E88893 
 303      06A5
 304 0f0a 5305177C 		.ascii	"S\005\027|\306\266I\203\335\022\217w\037\247q\261\301"
 304      C6B64983 
 304      DD128F77 
 304      1FA771B1 
 304      C1
 305 0f1b E4D9246F 		.ascii	"\344\331$o\321\316TXp\2461\016\225c\322 \253\273\243"
 305      D1CE5458 
 305      70A6310E 
 305      9563D220 
 305      ABBBA3
 306 0f2e 9B0D58C8 		.ascii	"\233\015X\310\314\236\200\357\211\336c\224\\\331\256"
 306      CC9E80EF 
 306      89DE6394 
 306      5CD9AE
 307 0f3d B426D0CF 		.ascii	"\264&\320\317<\252\015\250\210\214e*\354\304K\203\261"
 307      3CAA0DA8 
 307      888C652A 
 307      ECC44B83 
 307      B1
 308 0f4e C6DD233A 		.ascii	"\306\335#:\262K\032\234\247\344\306s\010\021G\322`W"
 308      B24B1A9C 
 308      A7E4C673 
 308      081147D2 
 308      6057
 309 0f60 5BBBC035 		.ascii	"[\273\3005\333\315l[\362\\0\222\245\343\322\240r8\333"
 309      DBCD6C5B 
 309      F25C3092 
 309      A5E3D2A0 
 309      7238DB
 310 0f73 C3F2CC35 		.ascii	"\303\362\3145fL\215\2601\237;\270D\002\264W\336o\036"
 310      664C8DB0 
 310      319F3BB8 
 310      4402B457 
 310      DE6F1E
 311 0f86 78443930 		.ascii	"xD90\332b\247\2477\370`\3355\033\267\330\240O\354\304"
 311      DA62A7A7 
 311      37F860DD 
 311      351BB7D8 
 311      A04FECC4 
 312 0f9a E5BA588E 		.ascii	"\345\272X\216!\304"
 312      21C4
 313 0fa0 C9C391BA 		.ascii	"\311\303\221\272\234\031&t?\227\255=7\235c(\034a\206"
 313      9C192674 
 313      3F97AD3D 
 313      379D6328 
 313      1C6186
 314 0fb3 07AE7A18 		.ascii	"\007\256z\030+F\177\267\333T\313\006V9\210\353\014R"
 314      2B467FB7 
 314      DB54CB06 
 314      563988EB 
 314      0C52
 315 0fc5 BF4D641E 		.ascii	"\277Md\036\205\251MC\321\224W\3444\376\312\2313\301"
ARM GAS  C:\Users\ajink\AppData\Local\Temp\cchjUHx3.s 			page 25


 315      85A94D43 
 315      D19457E4 
 315      34FECA99 
 315      33C1
 316 0fd7 400D893E 		.ascii	"@\015\211>U\336\371U\221\003ds_2\266\357\344\370\206"
 316      55DEF955 
 316      91036473 
 316      5F32B6EF 
 316      E4F886
 317 0fea F9BCD951 		.ascii	"\371\274\331Q\233\031\307\\y\343?\217\357)e\0309\032"
 317      9B19C75C 
 317      79E33F8F 
 317      EF296518 
 317      391A
 318 0ffc 4F4E6F32 		.ascii	"ONo2"
 319 1000 93F52A49 		.ascii	"\223\365*I\2424a\330\364z\200\207=\261a\261z\326\204"
 319      A23461D8 
 319      F47A8087 
 319      3DB161B1 
 319      7AD684
 320 1013 791317E4 		.ascii	"y\023\027\344y\363,\327\333\2304\250\253\331\360\036"
 320      79F32CD7 
 320      DB9834A8 
 320      ABD9F01E 
 321 1023 D1B74C71 		.ascii	"\321\267Lq\275\315\237T1\235\307\031\246\205\213\217"
 321      BDCD9F54 
 321      319DC719 
 321      A6858B8F 
 322 1033 8BAE3BE5 		.ascii	"\213\256;\345S\336\330\344\375Vr\202\017\260CS\011\327"
 322      53DED8E4 
 322      FD567282 
 322      0FB04353 
 322      09D7
 323 1045 E379B244 		.ascii	"\343y\262DIw5=H\027\362P\241z\1774\216Q\232\251\223"
 323      4977353D 
 323      4817F250 
 323      A17A7F34 
 323      8E519AA9 
 324 105a 0696D844 		.ascii	"\006\226\330D\357\361\336\024\237\221\321\371jnE\314"
 324      EFF1DE14 
 324      9F91D1F9 
 324      6A6E45CC 
 325 106a D3D26024 		.ascii	"\323\322`$.=\206\223\230\226\006\201M\255\032F)\315"
 325      2E3D8693 
 325      98960681 
 325      4DAD1A46 
 325      29CD
 326 107c CDDD4E78 		.ascii	"\315\335Nxl Si\206\351n=\272d\262\236p\363rj6t\261\007"
 326      6C205369 
 326      86E96E3D 
 326      BA64B29E 
 326      70F3726A 
 327 1094 BE3CAF05 		.ascii	"\276<\257\0056U\360\026\023\254d\305\341\2323\016\322"
 327      3655F016 
 327      13AC64C5 
 327      E19A330E 
 327      D2
ARM GAS  C:\Users\ajink\AppData\Local\Temp\cchjUHx3.s 			page 26


 328 10a5 26B67362 		.ascii	"&\266sbd\223=\324qZ\021\316\2201\016rN\354\241\216v"
 328      64933DD4 
 328      715A11CE 
 328      90310E72 
 328      4EECA18E 
 329 10ba 6FA6241D 		.ascii	"o\246$\035\313\205\371\205\26136\230\027\373(\257\177"
 329      CB85F985 
 329      B1333698 
 329      17FB28AF 
 329      7F
 330 10cb 989B9943 		.ascii	"\230\233\231C\371\356#\314T\247c\250\370\2326\032\242"
 330      F9EE23CC 
 330      54A763A8 
 330      F89A361A 
 330      A2
 331 10dc 6F632E8E 		.ascii	"oc.\216\310\251iD\210a\206\237_\344\220#\213\203\270"
 331      C8A96944 
 331      8861869F 
 331      5FE49023 
 331      8B83B8
 332 10ef 5E8C72BA 		.ascii	"^\214r\272R\347?\227\303\317/qW|y\362Q\221\343\344E"
 332      52E73F97 
 332      C3CF2F71 
 332      577C79F2 
 332      5191E3E4 
 333 1104 CC7C662A 		.ascii	"\314|f*\244\013\270\307\334w\365$2\320\025\027</\261"
 333      A40BB8C7 
 333      DC77F524 
 333      32D01517 
 333      3C2FB1
 334 1117 EC7672B1 		.ascii	"\354vr\261\360k\261\202\206\253u\246\222\326&\015l\316"
 334      F06BB182 
 334      86AB75A6 
 334      92D6260D 
 334      6CCE
 335 1129 E1492ED8 		.ascii	"\341I.\330U\366\320\274\027I\027\3545\362{=\353\210"
 335      55F6D0BC 
 335      174917EC 
 335      35F27B3D 
 335      EB88
 336 113b 8E3E5A63 		.ascii	"\216>Zc\241\333\214\217\342\014\006\323\244\301qF\236"
 336      A1DB8C8F 
 336      E20C06D3 
 336      A4C17146 
 336      9E
 337 114c 3FC7C0AD 		.ascii	"?\307\300\255K\321\2463\223\221.\361H\234.\256\367\373"
 337      4BD1A633 
 337      93912EF1 
 337      489C2EAE 
 337      F7FB
 338 115e 39067EBD 		.ascii	"9\006~\2753\234\026\225@\037E\316I\203\264*\315\367"
 338      339C1695 
 338      401F45CE 
 338      4983B42A 
 338      CDF7
 339 1170 45DF14BD 		.ascii	"E\337\024\275\326s]C\037l\233E\357^]x\237\350[\254\010"
 339      D6735D43 
ARM GAS  C:\Users\ajink\AppData\Local\Temp\cchjUHx3.s 			page 27


 339      1F6C9B45 
 339      EF5E5D78 
 339      9FE85BAC 
 340 1185 995B1A16 		.ascii	"\231[\032\026\306\336t\321C\246C\274'\271|,\267\347"
 340      C6DE74D1 
 340      43A643BC 
 340      27B97C2C 
 340      B7E7
 341 1197 37E819A5 		.ascii	"7\350\031\245\2023\2710\021{\305\003C~'1\355l\011fm"
 341      8233B930 
 341      117BC503 
 341      437E2731 
 341      ED6C0966 
 342 11ac 0E65E6F4 		.ascii	"\016e\346\364V\036\2160\333w\271\240.\014%\354`\235"
 342      561E8E30 
 342      DB77B9A0 
 342      2E0C25EC 
 342      609D
 343 11be 8F9B1AF7 		.ascii	"\217\233\032\367J\002\303d\247\227\352\247\017\331\240"
 343      4A02C364 
 343      A797EAA7 
 343      0FD9A0
 344 11cd 937B545B 		.ascii	"\223{T[b\357\001\353\"\253\2756=\312C7\346\310[\253"
 344      62EF01EB 
 344      22ABBD36 
 344      3DCA4337 
 344      E6C85BAB 
 345 11e1 63663E82 		.ascii	"cf>\202\013\216\207\347#\027E\271\\p\201r\220\325\265"
 345      0B8E87E7 
 345      231745B9 
 345      5C708172 
 345      90D5B5
 346 11f4 D59C4F2F 		.ascii	"\325\234O/\357\213\256\213(\016f\234\226\345t;h:l\230"
 346      EF8BAE8B 
 346      280E669C 
 346      96E5743B 
 346      683A6C98 
 347 1208 0338E056 		.ascii	"\0038\340V%\242\261\231\317\237V\371\216k0u\271\206"
 347      25A2B199 
 347      CF9F56F9 
 347      8E6B3075 
 347      B986
 348 121a 416005CB 		.ascii	"A`\005\313\032;?b\252g-\362\270y6:\214>\342\371\356"
 348      1A3B3F62 
 348      AA672DF2 
 348      B879363A 
 348      8C3EE2F9 
 349 122f CCB9B69B 		.ascii	"\314\271\266\233%\311r-\015,\272\256E\2264\2274\330"
 349      25C9722D 
 349      0D2CBAAE 
 349      45963497 
 349      34D8
 350 1241 B01BBA18 		.ascii	"\260\033\272\030\347\005\2354\210I?0\363\026GL\345\336"
 350      E7059D34 
 350      88493F30 
 350      F316474C 
 350      E5DE
ARM GAS  C:\Users\ajink\AppData\Local\Temp\cchjUHx3.s 			page 28


 351 1253 FC6E4EF1 		.ascii	"\374nN\361\322\"\015F\343\212\354\354\201k\303\025\225"
 351      D2220D46 
 351      E38AECEC 
 351      816BC315 
 351      95
 352 1264 33CA1ED2 		.ascii	"3\312\036\322\227\370\275[\376P\036\223\231\007\221"
 352      97F8BD5B 
 352      FE501E93 
 352      990791
 353 1273 3365C921 		.ascii	"3e\311!\314\224\306\033i\240\031\313Oc]<\345\356h\340"
 353      CC94C61B 
 353      69A019CB 
 353      4F635D3C 
 353      E5EE68E0 
 354 1287 F094819A 		.ascii	"\360\224\201\232\315\222\006\243)\265\265,;n\026\316"
 354      CD9206A3 
 354      29B5B52C 
 354      3B6E16CE 
 355 1297 FDE62596 		.ascii	"\375\346%\226\235\263\026i\020\036\224\267\316\006\214"
 355      9DB31669 
 355      101E94B7 
 355      CE068C
 356 12a6 FCC8AC35 		.ascii	"\374\310\2545\230\013\"\231\013\264\372\252*\236\015"
 356      980B2299 
 356      0BB4FAAA 
 356      2A9E0D
 357 12b5 786096EB 		.ascii	"x`\226\353J\251`\003\323\245\\\230\354H\033f\244.\370"
 357      4AA96003 
 357      D3A55C98 
 357      EC481B66 
 357      A42EF8
 358 12c8 586E9F31 		.ascii	"Xn\2371p\220\223|\035P\037\237yw\377\036\2615\221\326"
 358      7090937C 
 358      1D501F9F 
 358      7977FF1E 
 358      B13591D6 
 359 12dc 328EE198 		.ascii	"2\216\341\230{\203\263N\235\367}\234=\026\256\033f9"
 359      7B83B34E 
 359      9DF77D9C 
 359      3D16AE1B 
 359      6639
 360 12ee 8B783934 		.ascii	"\213x94\2140\015xw\215<\332Ii\234\256\346\020\252\345"
 360      8C300D78 
 360      778D3CDA 
 360      49699CAE 
 360      E610AAE5 
 361 1302 8861BB38 		.ascii	"\210a\2738;\211#\270\026\275\264&\343\232\241\032\225"
 361      3B8923B8 
 361      16BDB426 
 361      E39AA11A 
 361      95
 362 1313 EF13DFF8 		.ascii	"\357\023\337\370m\201\237\367\267\005\001\201\326B&"
 362      6D819FF7 
 362      B7050181 
 362      D64226
 363 1322 A353BE89 		.ascii	"\243S\276\211\350:\261\037\334\177\261F\035\246\267"
 363      E83AB11F 
ARM GAS  C:\Users\ajink\AppData\Local\Temp\cchjUHx3.s 			page 29


 363      DC7FB146 
 363      1DA6B7
 364 1331 BEA46A52 		.ascii	"\276\244jR=\243z\377C\371\351\302\007\036\252Z\360\217"
 364      3DA37AFF 
 364      43F9E9C2 
 364      071EAA5A 
 364      F08F
 365 1343 15B48236 		.ascii	"\025\264\2026\320\016:@'\350\002\335\240\007\364\202"
 365      D00E3A40 
 365      27E802DD 
 365      A007F482 
 366 1353 3ED00F9E 		.ascii	">\320\017\236\177\250\032\300?\203`\010\014\203\021"
 366      7FA81AC0 
 366      3F836008 
 366      0C8311
 367 1362 300AC6C0 		.ascii	"0\012\306\3008\230\000\223`\012L\203\0310\013l@\371"
 367      38980093 
 367      600A4C83 
 367      19300B6C 
 367      40F9
 368 1374 19C51C98 		.ascii	"\031\305\034\230\007\013`\021,\201e\260\002V\301\032"
 368      070B6011 
 368      2C8165B0 
 368      0256C11A 
 369 1384 58071B60 		.ascii	"X\007\033`\023l\201m\260\003v\201\035\354\001\007\330"
 369      136C816D 
 369      B0037681 
 369      1DEC0107 
 369      D8
 370 1395 0707C009 		.ascii	"\007\007\300\011\016\201\013\034\201cp\002N\201\033"
 370      0E810B1C 
 370      81637002 
 370      4E811B
 371 13a4 9C8173A0 		.ascii	"\234\201s\240\374\312\342\002x\300%\270\002\327\340"
 371      FCCAE202 
 371      78C025B8 
 371      02D7E0
 372 13b3 06A86F3D 		.ascii	"\006\250o=T\371\203\000\020\010\202@0\010\001\241 \014"
 372      54F98300 
 372      10088240 
 372      300801A1 
 372      200C
 373 13c5 84830810 		.ascii	"\204\203\010\020\011\242@4\320\000-\210\001\261 \016"
 373      09A24034 
 373      D0002D88 
 373      01B1200E 
 374 13d5 C4830490 		.ascii	"\304\203\004\220\010\222@2H\001\251 \015\244\203\014"
 374      08924032 
 374      4801A920 
 374      0DA4830C 
 375 13e5 90097420 		.ascii	"\220\011t \013\350A6\310\001\271 \017\344\203\002P\010"
 375      0BE84136 
 375      C801B920 
 375      0FE48302 
 375      5008
 376 13f7 8A403128 		.ascii	"\212@1(\001\245\240\014\224\203\012P\011\252\200\001"
 376      01A5A00C 
ARM GAS  C:\Users\ajink\AppData\Local\Temp\cchjUHx3.s 			page 30


 376      94830A50 
 376      09AA8001 
 377 1407 540323A8 		.ascii	"T\003#\250\001\265\300\004\352@=h\000\215\300\014\232"
 377      01B5C004 
 377      EA403D68 
 377      008DC00C 
 377      9A
 378 1418 4033B080 		.ascii	"@3\260\200\026`\005\255\240\015\264\203\016\320\011"
 378      166005AD 
 378      A00DB483 
 378      0ED009
 379 1427 BA4037E8 		.ascii	"\272@7\350\001\275\240\017\364\203\0010\010\206\300"
 379      01BDA00F 
 379      F4830130 
 379      0886C0
 380 1436 301801A3 		.ascii	"0\030\001\243`\014\214\203\0110\011\246\3004\230\001"
 380      600C8C83 
 380      093009A6 
 380      C0349801 
 381 1446 B3C006E6 		.ascii	"\263\300\006\346\300<X\000\213`\011,\203\025\260\012"
 381      C03C5800 
 381      8B60092C 
 381      8315B00A 
 382 1456 D6C03AD8 		.ascii	"\326\300:\330\000\233`\013l\203\035\260\013\354`\017"
 382      009B600B 
 382      6C831DB0 
 382      0BEC600F 
 383 1466 38C03E38 		.ascii	"8\300>8\000Np\010\\\340\010\034\203\023p\012\334\340"
 383      004E7008 
 383      5CE0081C 
 383      8313700A 
 383      DCE0
 384 1478 0C9C830B 		.ascii	"\014\234\203\013\340\001\227\340\012\\\203\033\240\276"
 384      E00197E0 
 384      0A5C831B 
 384      A0BE
 385 1486 8DF88300 		.ascii	"\215\370\203\000\020\010\202@0\010\001\241 \014\204"
 385      10088240 
 385      300801A1 
 385      200C84
 386 1495 83081009 		.ascii	"\203\010\020\011\242@4\320\000-\210\001\261 \016\304"
 386      A24034D0 
 386      002D8801 
 386      B1200EC4 
 387 14a5 83049008 		.ascii	"\203\004\220\010\222@2H\001\251 \015\244\203\014\220"
 387      92403248 
 387      01A9200D 
 387      A4830C90 
 388 14b5 0974200B 		.ascii	"\011t \013\350A6\310\001\271 \017\344\203\002P\010\212"
 388      E84136C8 
 388      01B9200F 
 388      E4830250 
 388      088A
 389 14c7 40312801 		.ascii	"@1(\001\245\240\014\224\203\012P\011\252\200\001T\003"
 389      A5A00C94 
 389      830A5009 
 389      AA800154 
ARM GAS  C:\Users\ajink\AppData\Local\Temp\cchjUHx3.s 			page 31


 389      03
 390 14d8 23A801B5 		.ascii	"#\250\001\265\300\004\352@=h\000\215\300\014\232@3\260"
 390      C004EA40 
 390      3D68008D 
 390      C00C9A40 
 390      33B0
 391 14ea 80166005 		.ascii	"\200\026`\005\255\240\015\264\203\016\320\011\272@7"
 391      ADA00DB4 
 391      830ED009 
 391      BA4037
 392 14f9 E801BDA0 		.ascii	"\350\001\275\240\017\364\203\0010\010\206\3000\030\001"
 392      0FF48301 
 392      300886C0 
 392      301801
 393 1508 A3600C8C 		.ascii	"\243`\014\214\203\0110\011\246\3004\230\001\263\300"
 393      83093009 
 393      A6C03498 
 393      01B3C0
 394 1517 06E6C03C 		.ascii	"\006\346\300<X\000\213`\011,\203\025\260\012\326\300"
 394      58008B60 
 394      092C8315 
 394      B00AD6C0 
 395 1527 3AD8009B 		.ascii	":\330\000\233`\013l\203\035\260\013\354`\0178\300>8"
 395      600B6C83 
 395      1DB00BEC 
 395      600F38C0 
 395      3E38
 396 1539 004E7008 		.ascii	"\000Np\010\\\340\010\034\203\023p\012\334\340\014\234"
 396      5CE0081C 
 396      8313700A 
 396      DCE00C9C 
 397 1549 830BE001 		.ascii	"\203\013\340\001\227\340\012\\\203\033\240\276\203\370"
 397      97E00A5C 
 397      831BA0BE 
 397      83F8
 398 1557 83001008 		.ascii	"\203\000\020\010\202@0\010\001\241 \014\204\203\010"
 398      82403008 
 398      01A1200C 
 398      848308
 399 1566 1009A240 		.ascii	"\020\011\242@4\320\000-\210\001\261 \016\304\203\004"
 399      34D0002D 
 399      8801B120 
 399      0EC48304 
 400 1576 90089240 		.ascii	"\220\010\222@2H\001\251 \015\244\203\014\220\011t \013"
 400      324801A9 
 400      200DA483 
 400      0C900974 
 400      200B
 401 1588 E84136C8 		.ascii	"\350A6\310\001\271 \017\344\203\002P\010\212@1(\001"
 401      01B9200F 
 401      E4830250 
 401      088A4031 
 401      2801
 402 159a A5A00C94 		.ascii	"\245\240\014\224\203\012P\011\252\200\001T\003#\250"
 402      830A5009 
 402      AA800154 
 402      0323A8
ARM GAS  C:\Users\ajink\AppData\Local\Temp\cchjUHx3.s 			page 32


 403 15a9 01B5C004 		.ascii	"\001\265\300\004\352@=h\000\215\300\014\232@3\260\200"
 403      EA403D68 
 403      008DC00C 
 403      9A4033B0 
 403      80
 404 15ba 166005AD 		.ascii	"\026`\005\255\240\015\264\203\016\320\011\272@7\350"
 404      A00DB483 
 404      0ED009BA 
 404      4037E8
 405 15c9 01BDA00F 		.ascii	"\001\275\240\017\364\203\0010\010\206\3000\030\001\243"
 405      F4830130 
 405      0886C030 
 405      1801A3
 406 15d8 600C8C83 		.ascii	"`\014\214\203\0110\011\246\3004\230\001\263\300\006"
 406      093009A6 
 406      C0349801 
 406      B3C006
 407 15e7 E6C03C58 		.ascii	"\346\300<X\000\213`\011,\203\025\260\012\326\300:\330"
 407      008B6009 
 407      2C8315B0 
 407      0AD6C03A 
 407      D8
 408 15f8 009B600B 		.ascii	"\000\233`\013l\203\035\260\013\354`\0178\300>8\000N"
 408      6C831DB0 
 408      0BEC600F 
 408      38C03E38 
 408      004E
 409 160a 70085CE0 		.ascii	"p\010\\\340\010\034\203\023p\012\334\340\014\234\203"
 409      081C8313 
 409      700ADCE0 
 409      0C9C83
 410 1619 0BE00197 		.ascii	"\013\340\001\227\340\012\\\203\033\240\276\213\370\203"
 410      E00A5C83 
 410      1BA0BE8B 
 410      F883
 411 1627 00100882 		.ascii	"\000\020\010\202@0\010\001\241 \014\204\203\010\020"
 411      40300801 
 411      A1200C84 
 411      830810
 412 1636 09A24034 		.ascii	"\011\242@4\320\000-\210\001\261 \016\304\203\004\220"
 412      D0002D88 
 412      01B1200E 
 412      C4830490 
 413 1646 08924032 		.ascii	"\010\222@2H\001\251 \015\244\203\014\220\011t \013\350"
 413      4801A920 
 413      0DA4830C 
 413      90097420 
 413      0BE8
 414 1658 4136C801 		.ascii	"A6\310\001\271 \017\344\203\002P\010\212@1(\001\245"
 414      B9200FE4 
 414      83025008 
 414      8A403128 
 414      01A5
 415 166a A00C9483 		.ascii	"\240\014\224\203\012P\011\252\200\001T\003#\250\001"
 415      0A5009AA 
 415      80015403 
 415      23A801
ARM GAS  C:\Users\ajink\AppData\Local\Temp\cchjUHx3.s 			page 33


 416 1679 B5C004EA 		.ascii	"\265\300\004\352@\375]\371\201\323\230\356p\312\357"
 416      40FD5DF9 
 416      81D398EE 
 416      70CAEF
 417 1688 DDD96AA7 		.ascii	"\335\331j\247~\331<\177\307\032\244\226\337_\312\326"
 417      7ED93C7F 
 417      C71AA496 
 417      DF5FCAD6 
 418 1698 A099BFBE 		.ascii	"\240\231\277\276|\354\367\202\312\025\213\352\235>\252"
 418      7CECF782 
 418      CA158BEA 
 418      9D3EAA
 419 16a7 86BB2FFA 		.ascii	"\206\273/\372\250\032\357\276\373\360\326\355\204Ys"
 419      A81AEFBE 
 419      FBF0D6ED 
 419      845973
 420 16b6 C07DD5C3 		.ascii	"\300}\325\303\207\276)\312\217;\303b\257\177p\303?\332"
 420      87BE29CA 
 420      8F3BC362 
 420      AF7F70C3 
 420      3FDA
 421 16c8 FBAAE6BB 		.ascii	"\373\252\346\273\276>\312\3453\245K\305\220_9\252\003"
 421      BE3ECAE5 
 421      33A54BC5 
 421      905F39AA 
 421      03
 422 16d9 D53FF123 		.ascii	"\325?\361#J\037\221|Tf\214\252\011\243RL\345}\3124e"
 422      4A1F917C 
 422      54668CAA 
 422      09A3524C 
 422      E57DCA34 
 423 16ee BCF5133F 		.ascii	"\274\365\023?_U\006\365\343\037FZ\356\312\357W\345\337"
 423      5F5506F5 
 423      E31F465A 
 423      EECAEF57 
 423      E5DF
 424 1700 BBAFBCF6 		.ascii	"\273\257\274\366\312\007_\274\367\311\317|\376\321\307"
 424      CA075FBC 
 424      F7C9CF7C 
 424      FED1C7
 425 170f 7DEEC178 		.ascii	"}\356\301x\341\025\237g\276\365\265o\276\366\372\243"
 425      E1159F67 
 425      BEF5B56F 
 425      BEF6FAA3 
 426 171f 6FBFFAAD 		.ascii	"o\277\372\255\257\177\365\325\257|\371\321\327_}\375"
 426      AF7FF5D5 
 426      AF7CF9D1 
 426      D75F7DFD 
 427 172f 4969F6C5 		.ascii	"Ii\366\305\327_\376\322[^x\355\233_~\371\365\227_\370"
 427      D75FFED2 
 427      5B5E78ED 
 427      9B5F7EF9 
 427      F5975FF8 
 428 1743 D1951F02 		.ascii	"\321\225\037\002\340\367\255\322"
 428      E0F7ADD2 
 429              		.text
 430              		.section	.gnu.lto_.symtab.a3d347,"",%progbits
ARM GAS  C:\Users\ajink\AppData\Local\Temp\cchjUHx3.s 			page 34


 431 0000 63726331 		.ascii	"crc16\000\000\000\000\000\000\000\000\000\000\000\000"
 431      36000000 
 431      00000000 
 431      00000000 
 431      00
 432 0011 AF000000 		.ascii	"\257\000\000\000crc16_tab\000\000\000\000\000\000\000"
 432      63726331 
 432      365F7461 
 432      62000000 
 432      00000000 
 433 0025 00000000 		.ascii	"\000\000\000\000\000\272\002\000\000"
 433      00BA0200 
 433      00
 434              		.text
 435              		.section	.gnu.lto_.opts,"",%progbits
 436 0000 272D666E 		.ascii	"'-fno-trapv' '-mcpu=cortex-m3' '-mno-thumb-interwor"
 436      6F2D7472 
 436      61707627 
 436      20272D6D 
 436      6370753D 
 437 0033 6B272027 		.ascii	"k' '-mthumb' '-ggdb' '-O2' '-fomit-frame-pointer' '"
 437      2D6D7468 
 437      756D6227 
 437      20272D67 
 437      67646227 
 438 0066 2D66616C 		.ascii	"-falign-functions=16' '-ffunction-sections' '-fdata"
 438      69676E2D 
 438      66756E63 
 438      74696F6E 
 438      733D3136 
 439 0099 2D736563 		.ascii	"-sections' '-fno-common' '-flto'\000"
 439      74696F6E 
 439      73272027 
 439      2D666E6F 
 439      2D636F6D 
 440              		.text
 441              		.comm	__gnu_lto_v1,1,1
 442              		.comm	__gnu_lto_slim,1,1
 443              		.ident	"GCC: (GNU Tools for ARM Embedded Processors) 4.9.3 20150529 (release) [ARM/embedded-4_9-br
ARM GAS  C:\Users\ajink\AppData\Local\Temp\cchjUHx3.s 			page 35


DEFINED SYMBOLS
                            *ABS*:00000000 crc.c
                            *COM*:00000001 __gnu_lto_v1
                            *COM*:00000001 __gnu_lto_slim

NO UNDEFINED SYMBOLS
