ARM GAS  C:\Users\ajink\AppData\Local\Temp\cc7wX6SR.s 			page 1


   1              		.syntax unified
   2              		.cpu cortex-m3
   3              		.fpu softvfp
   4              		.eabi_attribute 20, 1
   5              		.eabi_attribute 21, 1
   6              		.eabi_attribute 23, 3
   7              		.eabi_attribute 24, 1
   8              		.eabi_attribute 25, 1
   9              		.eabi_attribute 26, 1
  10              		.eabi_attribute 30, 2
  11              		.eabi_attribute 34, 1
  12              		.eabi_attribute 18, 4
  13              		.thumb
  14              		.file	"hal.c"
  15              		.text
  16              	.Ltext0:
  17              		.section	.gnu.lto_.profile.a3ab67,"",%progbits
  18 0000 789C6366 		.ascii	"x\234cf```a\200\000F\006ON\000\001\017\000["
  18      60606061 
  18      80004606 
  18      4F4E0001 
  18      0F005B
  19              		.text
  20              		.section	.gnu.lto_.jmpfuncs.a3ab67,"",%progbits
  21 0000 789C6366 		.ascii	"x\234cf\300\0164\2404#L\200\221\351#\023\343\264\376"
  21      C00E34A0 
  21      34234C80 
  21      91E92313 
  21      E3B4FE
  22 0013 2B3B986B 		.ascii	"+;\230k\1777\314h\340\370\311\304\360\227\011$\276\234"
  22      7F37CC68 
  22      E0F8C9C4 
  22      F0970924 
  22      BE9C
  23 0025 B1164801 		.ascii	"\261\026H\001\000\302<\012\020"
  23      00C23C0A 
  23      10
  24              		.text
  25              		.section	.gnu.lto_.inline.a3ab67,"",%progbits
  26 0000 789C6366 		.ascii	"x\234cf\300\016,\2414#\003\003\367I \311\004d\263-\220"
  26      C00E2CA1 
  26      34230303 
  26      F74920C9 
  26      0464B32D 
  27 0015 67028B71 		.ascii	"g\002\213q\341 \230\270A\032\300L\006\000e\035\002,"
  27      E12098B8 
  27      411AC04C 
  27      0600651D 
  27      022C
  28              		.text
  29              		.section	.gnu.lto_.pureconst.a3ab67,"",%progbits
  30 0000 789C6366 		.ascii	"x\234cf```f\200\000F\006\011\000\000x\000 "
  30      60606066 
  30      80004606 
  30      09000078 
  30      0020
  31              		.text
ARM GAS  C:\Users\ajink\AppData\Local\Temp\cc7wX6SR.s 			page 2


  32              		.section	.gnu.lto_halInit.a3ab67,"",%progbits
  33 0000 789C75D1 		.ascii	"x\234u\321AK\002A\024\007\360\367\237\325\325\222 :"
  33      414B0241 
  33      1407F0F7 
  33      9FD5D592 
  33      203A
  34 0012 85A7E8E2 		.ascii	"\205\247\350\342\315=\364-:\365\025\312\213B \344yq"
  34      CD3DF42D 
  34      3AF515CA 
  34      8B4220E4 
  34      7971
  35 0024 373D744A 		.ascii	"7=tJ\011\021!\252CD\232\245f\207<x\230O\220\204A\035"
  35      091121AA 
  35      43449AA5 
  35      66873C78 
  35      984F9084 
  36 003a A42E1BD4 		.ascii	"\244.\033\324-\361\264\224\330\2335B\250]v\231\335\371"
  36      2DF1B494 
  36      D89B3542 
  36      A85D7699 
  36      DDF9
  37 004c FFE6CD63 		.ascii	"\377\346\315cG\243\277W\224\237/\020\255\362\010\215"
  37      47A3BF57 
  37      949F2F10 
  37      ADF2088D 
  38 005c 208A7744 		.ascii	" \212wDvX\000\352\205@Y\201,\336\305P\240(\353\225H"
  38      765800EA 
  38      85405981 
  38      2CDEC550 
  38      A028EB95 
  39 0071 ECCCB2AC 		.ascii	"\354\314\262\254\217\335\236\275!\341\012\242\221\230"
  39      8FDD9EBD 
  39      21E10AA2 
  39      9198
  40 007f D6C13962 		.ascii	"\326\3019b\304h\230\037?F\364<\243\305i\206*t\256O\315"
  40      C468981F 
  40      3F46F43C 
  40      A3C56986 
  40      2A74AE4F 
  41 0094 25694D26 		.ascii	"%iM&\247\345n?0G\344p\2446x\025B\215\332\00099^PV\025"
  41      A7E56E3F 
  41      3047E470 
  41      A4367815 
  41      428DDA00 
  42 00ae 39EEEF37 		.ascii	"9\356\3577\204\371i\355YaW`$x=j0\311e=@^\036\350\377"
  42      84F969ED 
  42      59615760 
  42      24783D6A 
  42      30C9653D 
  43 00c7 4A6DC439 		.ascii	"Jm\3049\341\202%G\345\302CG\343\250\242\242\300X\365"
  43      E1822547 
  43      E5C24347 
  43      E3A8A2A2 
  43      C058F5
  44 00da C2B32F4E 		.ascii	"\302\263/N\357>\374&x\306\373\254\025J\035\034\341\320"
  44      EF3EFC26 
  44      78C6FBAC 
ARM GAS  C:\Users\ajink\AppData\Local\Temp\cc7wX6SR.s 			page 3


  44      154A1D1C 
  44      E1D0
  45 00ec 2E2A1544 		.ascii	".*\025D\035&.\021\365\262\023\247Z\211p\201e\306\270"
  45      1D262E11 
  45      F5B213A7 
  45      5A897081 
  45      65C6B8
  46 00ff 62E56D8A 		.ascii	"b\345m\212\006LW\350\244:n\205\374:\326\270\217\346"
  46      064C57E8 
  46      A43A6E85 
  46      FC3AD6B8 
  46      8FE6
  47 0111 6FC739D9 		.ascii	"o\3079\331\365\225\334\007Z3\362\311W\006Y^\317\310"
  47      F595DC07 
  47      5A33F2C9 
  47      5706595E 
  47      CFC8
  48 0123 D2BC9FD4 		.ascii	"\322\274\237\324Y\266gd\333W\206X\336\374\310g\330\362"
  48      59B66764 
  48      DB578658 
  48      DEFCC867 
  48      D8F2
  49 0135 76DD93A4 		.ascii	"v\335\223\244N\010\352d\370\267\255\304\343\006\337"
  49      4E08EA64 
  49      F8B7ADC4 
  49      E306DF
  50 0144 89646A2B 		.ascii	"\211dj+\225\316\254\031\351\214\221\334\33462;\0115"
  50      95CEAC19 
  50      E98C91DC 
  50      DC36323B 
  50      0935
  51 0156 C613F40D 		.ascii	"\306\023\364\015\213N\275o"
  51      8B4EBD6F 
  52              		.text
  53              		.section	.gnu.lto_.symbol_nodes.a3ab67,"",%progbits
  54 0000 789C4DC8 		.ascii	"x\234M\310\273\015\302@\024D\321;\273\376lH\307\343"
  54      BB0DC240 
  54      1444D13B 
  54      BBFE6C48 
  54      C7E3
  55 0012 8002A800 		.ascii	"\200\002\250\000\021\270\022\344\020\314\267\000\220"
  55      11B812E4 
  55      10CCB700 
  55      90
  56 001f 5C070216 		.ascii	"\\\007\002\026\2027\311\321\235\014\354\371/\035d\330"
  56      8237C9D1 
  56      9D0CECF9 
  56      2F1D64D8 
  57 002f CC60B3DD 		.ascii	"\314`\263\335\025\332\223X\031\335e\375~\206\241\240"
  57      15DA9358 
  57      19DD65FD 
  57      7E86A1A0 
  58 003f 9B9C625F 		.ascii	"\233\234b_\345\034\373\"7\261\317r\033{\226\273\330"
  58      E51CFB22 
  58      37B1CF72 
  58      1B7B96BB 
  58      D8
ARM GAS  C:\Users\ajink\AppData\Local\Temp\cc7wX6SR.s 			page 4


  59 0050 47B90F9D 		.ascii	"G\271\017\235)\214\217\2272=S\265c\251\266\254\237_"
  59      298C8F97 
  59      323D53B5 
  59      63A9B6AC 
  59      9F5F
  60 0062 1BC66A66 		.ascii	"\033\306jf\252&\226\217\274\001R=7&"
  60      AA26968F 
  60      BC01523D 
  60      3726
  61              		.text
  62              		.section	.gnu.lto_.refs.a3ab67,"",%progbits
  63 0000 789C6366 		.ascii	"x\234cf```c\200\000F\006&F&\006\000\000\261\000\020"
  63      60606063 
  63      80004606 
  63      26462606 
  63      0000B100 
  64              		.text
  65              		.section	.gnu.lto_.decls.a3ab67,"",%progbits
  66 0000 789CAD55 		.ascii	"x\234\255U}LSW\024\177\267\267\264PP\214,\272\0307;"
  66      7D4C5357 
  66      147FB7B7 
  66      B450508C 
  66      2CBA1837 
  67 0015 7064D994 		.ascii	"pd\331\224*\354#[\266\314\257\315\2308G\262\355/\233"
  67      2AEC235B 
  67      B6CCAFCD 
  67      983847B2 
  67      ED2F9B
  68 0028 D4D25669 		.ascii	"\324\322ViRZ\306{]\364\277\247\240C\346\002\350t\260"
  68      525AC67B 
  68      5DF4BFA7 
  68      A043E602 
  68      E874B0
  69 003b 2D5A021B 		.ascii	"-Z\002\033\010\005A\231\250\010E7\001\235\314/\360\003"
  69      08054199 
  69      A8084537 
  69      019DCC2F 
  69      F003
  70 004d 91960E0A 		.ascii	"\221\226\016\012\210\333\360+`P\272s\357{\217\226\016"
  70      88DBF02B 
  70      6050BA73 
  70      EF7B8F96 
  70      0E
  71 005e 747FECA5 		.ascii	"t\177\354\245\347\335{\356\373\235\337\371\235s\357"
  71      E7DD7BEE 
  71      FB9DDFF9 
  71      9D73EF
  72 006d 7BC50CC3 		.ascii	"{\305\014\3038\301\374p\035\015g\030\227\214a\340\307"
  72      38C1FC70 
  72      1D0D6718 
  72      978C61E0 
  72      C7
  73 007e 248321B0 		.ascii	"$\203!\260\016F\270\340\021s\035\254\023\254\013\254"
  73      0E46B8E0 
  73      11731DAC 
  73      13AC0BAC 
  74 008e 1BCC03E6 		.ascii	"\033\314\003\346\005\363\201\015\210\370\333\314\344"
ARM GAS  C:\Users\ajink\AppData\Local\Temp\cc7wX6SR.s 			page 5


  74      05F3810D 
  74      88F8DBCC 
  74      E4
  75 009b 8BC42845 		.ascii	"\213\304(E\276!\260\253`wD\336v\260\336\020\376\001"
  75      BE21B0AB 
  75      607744DE 
  75      76B0DE10 
  75      FE01
  76 00ad 91CF2BF2 		.ascii	"\221\317+\362w\213\371:\247\341\277+C\337^\035\361\341"
  76      778BF93A 
  76      A7E1BF2B 
  76      43DF5E1D 
  76      F1E1
  77 00bf 01199AA9 		.ascii	"\001\031\232\251\362`\342\217\362\243\255\341\340G\251"
  77      F260E28F 
  77      F2A3ADE1 
  77      E047A9
  78 00ce DE256E71 		.ascii	"\336%nqAO\273jQ9\317\363\331|\323\254@X\265\253bg\004"
  78      414FBB6A 
  78      5139CFF3 
  78      D97CD3AC 
  78      4058B5AB 
  79 00e5 0DDB40DC 		.ascii	"\015\333@\334\221\355\303;U4*\212\270\356\306z\237\002"
  79      91EDC33B 
  79      55342A8A 
  79      B8EEC67A 
  79      9F02
  80 00f7 4720323F 		.ascii	"G 2?^\365\240-\222\"\325\304=\261\273\265@A\221r\342"
  80      5EF5A02D 
  80      9222D5C4 
  80      3DB1BBB5 
  80      40419172 
  81 010c BA1A479B 		.ascii	"\272\032G\233Ux>E\356\312\366\234U\341\227\351|\353"
  81      55783E45 
  81      EECAF69C 
  81      55E197E9 
  81      7CEB
  82 011e 4FF5BB94 		.ascii	"O\365\273\224\000{IE\323\271\277\177T\022A]\322\352"
  82      007B4945 
  82      D3B9BF7F 
  82      5412415D 
  82      D2EA
  83 0130 685892B5 		.ascii	"hX\222\265\372\370\342\231(^U\002\332\206\007v7\317"
  83      FAF8E299 
  83      285E5502 
  83      DA860776 
  83      37CF
  84 0142 E77939AA 		.ascii	"\347y9\252E*T\2150:\210\026\221\222I4\271\262y~\033"
  84      452A548D 
  84      303A8816 
  84      91924934 
  84      B9B2797E 
  85 0157 9F97C947 		.ascii	"\237\227\311G\264\316dP%\232\207\252\320<\006\035A\361"
  85      B4CE6450 
  85      259A87AA 
  85      D03C061D 
  85      41F1
ARM GAS  C:\Users\ajink\AppData\Local\Temp\cc7wX6SR.s 			page 6


  86 0169 80A05854 		.ascii	"\200\240XT\003\213\207a\021\210\317<n\314\012C\252\370"
  86      038B8761 
  86      1188CF3C 
  86      6ECC0A43 
  86      AAF8
  87 017b A9838E4E 		.ascii	"\251\203\216N\021D%\034\332\276{\016\221\3603H8\024"
  87      1144251C 
  87      DABE7B0E 
  87      91F03348 
  87      3814
  88 018d 90008A26 		.ascii	"\220\000\212&\232V\353p\266`|\037\321\012\037f\346\272"
  88      9A56EB70 
  88      B6607C1F 
  88      D10A1F66 
  88      E6BA
  89 019f 15784470 		.ascii	"\025xDp\356\217\234\252\014\303c\202S\262w\2373\214"
  89      EE8F9CAA 
  89      0CC36382 
  89      53B2779F 
  89      338C
  90 01b1 B6281CDC 		.ascii	"\266(\034\334\260!\357\227\275*\024\033\023\033\033"
  90      B021EF97 
  90      BD2A141B 
  90      131B1B
  91 01c0 EF0049C3 		.ascii	"\357\000I\303\376\226\356\347\012y\307iDS\325A\252\223"
  91      FE96EEE7 
  91      0A79C769 
  91      4453D541 
  91      AA93
  92 01d2 282620F0 		.ascii	"(& \360\225y\220\365U\2701\371 \213\317\343\371e\034"
  92      957990F5 
  92      55B831F9 
  92      208BCFE3 
  92      F9651C
  93 01e5 83CAE171 		.ascii	"\203\312\341q\005\"\217\010\030\264!\027\024R\217bQ"
  93      05228F08 
  93      18B42117 
  93      14528F62 
  93      51
  94 01f6 2358038A 		.ascii	"#X\003\212\245\032\011\277c\3740\277,\013S\362\343\241"
  94      A51A09BF 
  94      63FC30BF 
  94      2C0B53F2 
  94      E3A1
  95 0208 E427D004 		.ascii	"\344'\320\004;\305>\016`\217M)\244\222\004\320\006y"
  95      3BC53E0E 
  95      608F4D29 
  95      A49204D0 
  95      0679
  96 021a 4613C309 		.ascii	"F\023\303\011\200\021;3q\226d;\016\264U\310P|\014E\371"
  96      80113B33 
  96      7196643B 
  96      0EB455C8 
  96      507C0C45 
  97 022f 15089D02 		.ascii	"\025\010\235\002\032g\240\205$\210^S\025\204\232\240"
  97      1A67A085 
  97      24885E53 
ARM GAS  C:\Users\ajink\AppData\Local\Temp\cc7wX6SR.s 			page 7


  97      15849AA0 
  98 023f 8EA7D504 		.ascii	"\216\247\325\004\015\355x\322\366\"\256\223\321\346"
  98      0DED78D2 
  98      F622AE93 
  98      D1E6
  99 024d 7A9EE4D5 		.ascii	"z\236\344\325\206\341F\301\371\346\\\376\006|F\230\027"
  99      86E146C1 
  99      F9E65CFE 
  99      067C4698 
  99      17
 100 025e 8E9C6F8E 		.ascii	"\216\234o\216\246]\177\236\270Ng\336>%>/\233t\206\243"
 100      A65D7F9E 
 100      B84E67DE 
 100      3E253E2F 
 100      9B7486A3 
 101 0272 84333CE8 		.ascii	"\2043<\350\032<\031\211\257\010\317\334#\356\323J\372"
 101      1A3C1989 
 101      AF08CFDC 
 101      23EED34A 
 101      FA
 102 0283 6C09B8CA 		.ascii	"l\011\270\312qw\356v\204`\263\340\212\017\026\\\012"
 102      7177EE76 
 102      8460B3E0 
 102      8A0F165C 
 102      0A
 103 0294 82CB68FB 		.ascii	"\202\313h\373\316\211j/\202\332\013\240\3647\260\363"
 103      CE896A2F 
 103      82DA0BA0 
 103      F437B0F3 
 104 02a4 606D60BF 		.ascii	"`m`\277\007v\202\367\374P\274\216o]B\333\361\013\264"
 104      077682F7 
 104      FC50BC8E 
 104      6F5D42DB 
 104      F10BB4
 105 02b7 83C44D94 		.ascii	"\203\304M\224-\354\204\320^\002v\354\217\023\241\277"
 105      2DEC84D0 
 105      5E0276EC 
 105      8F13A1BF 
 106 02c7 8642CF4C 		.ascii	"\206B\317L\3324\336Q&!\233C\221-\241\244\025\022\264"
 106      DA34DE51 
 106      26219B43 
 106      912DA1A4 
 106      1512B4
 107 02da 35147A36 		.ascii	"5\024z6\204\364;\011y:\024\0318\220t\203\013\212\025"
 107      84F43B09 
 107      793A1419 
 107      38907483 
 107      0B8A15
 108 02ed 3C22887F 		.ascii	"<\"\210\177\035\004T\364\300Y\247\304\235\264\2572\177"
 108      1D0454F4 
 108      C059A7C4 
 108      9DB4AF32 
 108      7F
 109 02fe D7A5768C 		.ascii	"\327\245v\214b\246\354!\272\002\255\373/m\244\031\033"
 109      62A6EC21 
 109      BA02ADFB 
 109      2F6DA419 
ARM GAS  C:\Users\ajink\AppData\Local\Temp\cc7wX6SR.s 			page 8


 109      1B
 110 030f 0CE1E832 		.ascii	"\014\341\3502\200/\005\216\3249\351HA\326\254\242\235"
 110      802F058E 
 110      D439E948 
 110      41D6ACA2 
 110      9D
 111 0320 8D113162 		.ascii	"\215\0211b\032\307ti\230is\220\217Z\331x6\212\312\011"
 111      1AC77469 
 111      98697390 
 111      8F5AD978 
 111      368ACA09 
 112 0334 7C30507B 		.ascii	"|0P{\320\233\300\240\016\024E\220d\004t\375\230\267"
 112      D09BC0A0 
 112      0E144590 
 112      640474FD 
 112      98B7
 113 0346 5D3E772F 		.ascii	"]>w/M\230\311\317\222\243\3449A\330\253h.\334\327\313"
 113      4D98C9CF 
 113      92A3E439 
 113      41D8AB68 
 113      2EDCD7CB 
 114 035a 05666F53 		.ascii	"\005foSi\1774\356\025\216ZU~a\251R\275\237wT\017w}\265"
 114      697F34EE 
 114      158E5A55 
 114      7E61A952 
 114      BD9F7754 
 115 0372 1FC34760 		.ascii	"\037\303G`\033?\356\367#\032\204\256M\224\307\2209\325"
 115      1B3FEEF7 
 115      231A84AE 
 115      4D94C790 
 115      39D5
 116 0384 86AE2335 		.ascii	"\206\256#5\004:\352\262\356\311\361\327Xx\003|'G1\260"
 116      043AEAB2 
 116      EEC9F1D7 
 116      5878037C 
 116      274731B0 
 117 0398 78F86167 		.ascii	"x\370ag\333\320\262\374\314\274\022x\355\374\013\004"
 117      DBD0B2FC 
 117      CCBC1278 
 117      EDFC0B04 
 118 03a8 961B412C 		.ascii	"\226\033A,7$\226N\312R~ \267C\211\217\011,\345{\372"
 118      3724964E 
 118      CA527E20 
 118      B743898F 
 118      092CE57B 
 119 03bd EE475296 		.ascii	"\356GR\226\352\234\277\033Q!_\024\254\345f\020\313M"
 119      EA9CBF1B 
 119      51215F14 
 119      ACE56610 
 119      CB4D
 120 03cf 89A58BB2 		.ascii	"\211\245\213\262\214e\035\361\315\300m\002\313\301r"
 120      8C651DF1 
 120      CDC06D02 
 120      CBC172
 121 03de D77B0249 		.ascii	"\327{\002I\345\205\261P\222[A$\267$\222nJ\222\223Up"
 121      E585B150 
 121      925B4124 
ARM GAS  C:\Users\ajink\AppData\Local\Temp\cc7wX6SR.s 			page 9


 121      B724926E 
 121      4A929355 
 122 03f3 31126F95 		.ascii	"1\022o\225\013\037\317\226\252j\271\300RXS\273:\244"
 122      0B1FCF96 
 122      AA6AB9C0 
 122      525853BB 
 122      3AA4
 123 0405 2077108B 		.ascii	" w\020\213[b\361P\226\262\332ZG$\256\022X\012\353n\334"
 123      5B62F150 
 123      96B2DA5A 
 123      4724AE12 
 123      580AEB6E 
 124 041a 8D1658FE 		.ascii	"\215\026X\376\2529\2660DKO\020K\217\304\342\245,-\017"
 124      AA39B630 
 124      444B4F10 
 124      4B8FC4E2 
 124      A52C2D0F 
 125 042e 477F54C9 		.ascii	"G\177T\311e\302\366\222\215#\377\242\203#\015a\323n"
 125      65C2F692 
 125      8D23FFA2 
 125      83230D61 
 125      D36E
 126 0440 712FDDE2 		.ascii	"q/\335\342?\220\264\307e\327\352\225\370\246 \343QM"
 126      3F90B4C7 
 126      65D7EA95 
 126      F8A620E3 
 126      514D
 127 0452 DF8E1982 		.ascii	"\337\216\031\202\014\177\213W\026$\003\242P_\220\214"
 127      0C7F8B57 
 127      162403A2 
 127      505F908C 
 128 0462 3E49868F 		.ascii	">I\206\217\312\310\315\373\023\376\013\006\005\226\256"
 128      CAC8CDFB 
 128      13FE0B06 
 128      0596AE
 129 0471 869E7B52 		.ascii	"\206\236{R1G</\204\024\323\037\304\322/\261\014P\226"
 129      31473C2F 
 129      8414D31F 
 129      C4D22FB1 
 129      0C5096
 130 0484 6BFDBD07 		.ascii	"k\375\275\0070\256\014\243,\227\367f^\216\212+\342\207"
 130      30AE0CA3 
 130      2C97F766 
 130      5E8E8A2B 
 130      E287
 131 0496 F9617FA9 		.ascii	"\371a\177\251k\305\036\036\032\013\323\367\027\320\343"
 131      6BC51E1E 
 131      1A0BD3F7 
 131      17D0E3
 132 04a5 3D28B004 		.ascii	"=(\260\004}\330\006\005.t\033\305AtwAS\216|\322KAr\007"
 132      7DD80605 
 132      2E741BC5 
 132      41747741 
 132      538E7CD2 
 133 04bd BA3024BE 		.ascii	"\2720$\276\024C\364\245\360\025\357\273\024>\011\335"
 133      1443F4A5 
 133      F015EFBB 
ARM GAS  C:\Users\ajink\AppData\Local\Temp\cc7wX6SR.s 			page 10


 133      143E09DD 
 134 04cd 3B097D47 		.ascii	";\011}GD\223Q\261z\335g\352\225\314l\226KKJ\324mJ7\333"
 134      449351B1 
 134      7ADD67EA 
 134      95CC6C96 
 134      4B4B4AD4 
 135 04e5 74AC89B3 		.ascii	"t\254\211\263\247\353\270p\273\331\312\301\032\247\322"
 135      A7EBB870 
 135      BBD9CAC1 
 135      1AA7D2
 136 04f4 E9A4E946 		.ascii	"\351\244\351F\303;ZC\2529\305\314rv\243\331\246\345"
 136      C33B5A43 
 136      AA39C5CC 
 136      7276A3D9 
 136      A6E5
 137 0506 6C360BAB 		.ascii	"l6\013\253\335d\265\253\351L\255\317HS\233\322RLF\243"
 137      DD64B5AB 
 137      E94CADCF 
 137      48539BD2 
 137      524C46A3 
 138 051a C9A87D3D 		.ascii	"\311\250}=\341mu\342\222\245o|\236\244\205\365\305V"
 138      E16D75E2 
 138      92A56F7C 
 138      9EA485F5 
 138      C556
 139 052c 9BD5B4D8 		.ascii	"\233\325\264\330\244O1k\315V\203\305n4i\323\364\300"
 139      A44F316B 
 139      CD5683C5 
 139      6E3469D3 
 139      F4C0
 140 053e 65356975 		.ascii	"e5iuF\323F\275\335\302\351\270-\351&6!\225Y\377\277"
 140      46D346BD 
 140      DDC2E9B8 
 140      2DE92636 
 140      219559FF 
 141 0553 A661B7B0 		.ascii	"\246a\267\260Z\035\313\031\241\006\340\3066c\0066dX"
 141      5A1DCB19 
 141      A106E0C6 
 141      36630636 
 141      6458
 142 0565 C052DF4A 		.ascii	"\300R\337JH\320\300\217\246\262\261I\032\033\253I\325"
 142      48D0C08F 
 142      A6B2B149 
 142      1A1BAB49 
 142      D5
 143 0576 5B34E9B6 		.ascii	"[4\351\266\014\216\325|\362\351GI\211\232\265kWiV'\257"
 143      0C8ED57C 
 143      F2E94749 
 143      899AB56B 
 143      57695627 
 144 058b F9F88BA5 		.ascii	"\371\370\213\245\232t\275Eg\261\030\201C\221\274|\225"
 144      9A74BD45 
 144      67B11881 
 144      4391BC7C 
 144      95
 145 059c 9ED32B92 		.ascii	"\236\323+\222W\010\303JaX%\014\037\220!\"y\371\332\225"
 145      5708C34A 
ARM GAS  C:\Users\ajink\AppData\Local\Temp\cc7wX6SR.s 			page 11


 145      6158250C 
 145      1F902122 
 145      79F9DA95 
 146 05b0 36EB46F3 		.ascii	"6\353F\363&%P\256\261\2329\365\324\311\330\014\003\031"
 146      262550AE 
 146      B19A39F5 
 146      D4C9D80C 
 146      0319
 147 05c2 130C8C82 		.ascii	"\023\014\214\202\345\010.nj\234X\215\206%ED\244\330"
 147      E5082E6E 
 147      6A9C588D 
 147      86254544 
 147      A4D8
 148 05d4 F4194682 		.ascii	"\364\031F\202V%h\350\034\026\225\254\321N\226^{\006"
 148      562568E8 
 148      1C1695AC 
 148      D14E965E 
 148      7B06
 149 05e6 8129C30C 		.ascii	"\201)\303\014\225\330\331\024\022\003\003\211Y\370\364"
 149      95D8D914 
 149      12030389 
 149      59F8F4
 150 05f5 1811CCA6 		.ascii	"\030\021\314\246\233\377\003\030P\000\236\241\023\373"
 150      9BFF0318 
 150      50009EA1 
 150      13FB
 151 0603 A5334348 		.ascii	"\2453CHTj\220\363\346\263\333N\357\037.\335\274Y\223"
 151      546A90F3 
 151      E6B3DB4E 
 151      EF1F2EDD 
 151      BC5993
 152 0616 3AD1F5D9 		.ascii	":\321\365\331\204P:*\006\332\333\177\000\312\231\250"
 152      84503A2A 
 152      06DADB7F 
 152      00CA99A8 
 153 0626 E1       		.ascii	"\341"
 154              		.text
 155              		.section	.gnu.lto_.symtab.a3ab67,"",%progbits
 156 0000 68616C49 		.ascii	"halInit\000\000\000\000\000\000\000\000\000\000\000"
 156      6E697400 
 156      00000000 
 156      00000000 
 156      0000
 157 0012 00D80000 		.ascii	"\000\330\000\000\000pal_default_config\000\000\002\000"
 157      0070616C 
 157      5F646566 
 157      61756C74 
 157      5F636F6E 
 158 002d 00000000 		.ascii	"\000\000\000\000\000\000\000\000\352\000\000\000stI"
 158      00000000 
 158      EA000000 
 158      737449
 159 003c 6E697400 		.ascii	"nit\000\000\002\000\000\000\000\000\000\000\000\000"
 159      00020000 
 159      00000000 
 159      000000
 160 004b DA000000 		.ascii	"\332\000\000\000boardInit\000\000\002\000\000\000\000"
ARM GAS  C:\Users\ajink\AppData\Local\Temp\cc7wX6SR.s 			page 12


 160      626F6172 
 160      64496E69 
 160      74000002 
 160      00000000 
 161 005f 00000000 		.ascii	"\000\000\000\000\000\334\000\000\000sduInit\000\000"
 161      00DC0000 
 161      00736475 
 161      496E6974 
 161      0000
 162 0071 02000000 		.ascii	"\002\000\000\000\000\000\000\000\000\000\336\000\000"
 162      00000000 
 162      0000DE00 
 162      00
 163 007e 00757362 		.ascii	"\000usbInit\000\000\002\000\000\000\000\000\000\000"
 163      496E6974 
 163      00000200 
 163      00000000 
 163      0000
 164 0090 0000E000 		.ascii	"\000\000\340\000\000\000spiInit\000\000\002\000\000"
 164      00007370 
 164      69496E69 
 164      74000002 
 164      0000
 165 00a2 00000000 		.ascii	"\000\000\000\000\000\000\000\342\000\000\000_pal_ll"
 165      000000E2 
 165      0000005F 
 165      70616C5F 
 165      6C6C
 166 00b4 645F696E 		.ascii	"d_init\000\000\002\000\000\000\000\000\000\000\000\000"
 166      69740000 
 166      02000000 
 166      00000000 
 166      0000
 167 00c6 E6000000 		.ascii	"\346\000\000\000hal_lld_init\000\000\002\000\000\000"
 167      68616C5F 
 167      6C6C645F 
 167      696E6974 
 167      00000200 
 168 00dc 00000000 		.ascii	"\000\000\000\000\000\000\350\000\000\000"
 168      0000E800 
 168      0000
 169              		.text
 170              		.section	.gnu.lto_.opts,"",%progbits
 171 0000 272D666E 		.ascii	"'-fno-trapv' '-mcpu=cortex-m3' '-mno-thumb-interwor"
 171      6F2D7472 
 171      61707627 
 171      20272D6D 
 171      6370753D 
 172 0033 6B272027 		.ascii	"k' '-mthumb' '-ggdb' '-O2' '-fomit-frame-pointer' '"
 172      2D6D7468 
 172      756D6227 
 172      20272D67 
 172      67646227 
 173 0066 2D66616C 		.ascii	"-falign-functions=16' '-ffunction-sections' '-fdata"
 173      69676E2D 
 173      66756E63 
 173      74696F6E 
ARM GAS  C:\Users\ajink\AppData\Local\Temp\cc7wX6SR.s 			page 13


 173      733D3136 
 174 0099 2D736563 		.ascii	"-sections' '-fno-common' '-flto'\000"
 174      74696F6E 
 174      73272027 
 174      2D666E6F 
 174      2D636F6D 
 175              		.text
 176              		.comm	__gnu_lto_v1,1,1
 177              		.comm	__gnu_lto_slim,1,1
 178              		.ident	"GCC: (GNU Tools for ARM Embedded Processors) 4.9.3 20150529 (release) [ARM/embedded-4_9-br
ARM GAS  C:\Users\ajink\AppData\Local\Temp\cc7wX6SR.s 			page 14


DEFINED SYMBOLS
                            *ABS*:00000000 hal.c
                            *COM*:00000001 __gnu_lto_v1
                            *COM*:00000001 __gnu_lto_slim

NO UNDEFINED SYMBOLS
