ARM GAS  C:\Users\ajink\AppData\Local\Temp\cc3ycJru.s 			page 1


   1              		.syntax unified
   2              		.cpu cortex-m3
   3              		.fpu softvfp
   4              		.eabi_attribute 20, 1
   5              		.eabi_attribute 21, 1
   6              		.eabi_attribute 23, 3
   7              		.eabi_attribute 24, 1
   8              		.eabi_attribute 25, 1
   9              		.eabi_attribute 26, 1
  10              		.eabi_attribute 30, 2
  11              		.eabi_attribute 34, 1
  12              		.eabi_attribute 18, 4
  13              		.thumb
  14              		.file	"hal_qei_lld.c"
  15              		.text
  16              	.Ltext0:
  17              		.section	.gnu.lto_.profile.a3fd44,"",%progbits
  18 0000 789C6366 		.ascii	"x\234cf```a\200\000F\206\020\033\000\001X\000\231"
  18      60606061 
  18      80004686 
  18      101B0001 
  18      580099
  19              		.text
  20              		.section	.gnu.lto_.jmpfuncs.a3fd44,"",%progbits
  21 0000 789C6366 		.ascii	"x\234cf\300\016\254\2404\033\0203\002A=\003\023\220"
  21      C00EACA0 
  21      341B1033 
  21      02413D03 
  21      1390
  22 0012 C1F49189 		.ascii	"\301\364\221\211q\336\345\276uL\265\277\033:\0328~2"
  22      71DEE5BE 
  22      754CB5BF 
  22      1B3A1A38 
  22      7E32
  23 0024 31FC6502 		.ascii	"1\374e\002)X\316X\313\300\002R\305\012\"\330\300\352"
  23      2958CE58 
  23      CBC00252 
  23      C50A22D8 
  23      C0EA
  24 0036 01789E0C 		.ascii	"\001x\236\014,"
  24      2C
  25              		.text
  26              		.section	.gnu.lto_.inline.a3fd44,"",%progbits
  27 0000 789C85CE 		.ascii	"x\234\205\316\277K\303@\024\007\360\367^\356\222\320"
  27      BF4BC340 
  27      1407F0F7 
  27      5EEE92D0 
  28 0010 48EBAA8B 		.ascii	"H\353\252\213n]$\207v\323\245\203\213\320Nv/\332\012"
  28      6E5D2487 
  28      76D3A583 
  28      8BD04E76 
  28      2FDA0A
  29 0023 0904A246 		.ascii	"\011\004\242F\334\012\001\227N\212\253\203t\361G;8\272"
  29      DC0A0197 
  29      4E8AAB83 
  29      74F1473B 
  29      38BA
ARM GAS  C:\Users\ajink\AppData\Local\Temp\cc3ycJru.s 			page 2


  30 0035 97AE828A 		.ascii	"\227\256\202\212\377@\307\270Up\251\"zw\011A\260`8\336"
  30      FF40C7B8 
  30      5570A922 
  30      7A770941 
  30      B06038DE 
  31 0049 37DC7BBC 		.ascii	"7\334{\274\373\0300\373\273B\200\015\231\246<\034\201"
  31      FB1830FB 
  31      BB42800D 
  31      99A63C1C 
  31      81
  32 005a CC890B66 		.ascii	"\314\211\013fo\211T\017\301\261\320\002\357\215\360"
  32      6F89540F 
  32      C1B1D002 
  32      EF8DF0
  33 0069 713C3A9B 		.ascii	"q<:\233KhJH\2007\270h\000\370Y\252\366\345\313\351\035"
  33      4B684A48 
  33      8037B868 
  33      00F859AA 
  33      F6E5CBE9 
  34 007e 753EE36E 		.ascii	"u>\343n<\031~\267\247\004_j\001\336bG\315\351@0t\251"
  34      3C197EB7 
  34      A7045F6A 
  34      01DE6247 
  34      CDE94030 
  35 0094 CA02B67A 		.ascii	"\312\002\266zQ\275\202\211U%\340\335\262\274\376\240"
  35      51BD8289 
  35      5525E0DD 
  35      B2BCFEA0 
  36 00a4 18196509 		.ascii	"\030\031e\011\364\316\031\260\304\211\211iK\001\346"
  36      F4CE19B0 
  36      C4898969 
  36      4B01E6
  37 00b3 E50F8159 		.ascii	"\345\017\201Y\224Jz*\345Jr\324^\006\345\005\2645\346"
  37      944A7A2A 
  37      E54A72D4 
  37      5E06E505 
  37      B435E6
  38 00c6 F9E2FAA4 		.ascii	"\371\342\372\244\244\255\010\330\317\254\375\031\326"
  38      A4AD08D8 
  38      CFACFD19 
  38      D6
  39 00d3 DE2BCFA9 		.ascii	"\336+\317\251\203\224:\370E\315\271\306ra\345\376\234"
  39      83943AF8 
  39      45CDB9C6 
  39      7261E5FE 
  39      9C
  40 00e4 FE88D9D8 		.ascii	"\376\210\331\330V\322\342\003\2234y\037\023\245\241"
  40      56D2E203 
  40      9334791F 
  40      13A5A1
  41 00f3 2BCB4219 		.ascii	"+\313B\0319p\2464r\037\313\355\262\233\316\350\021\363"
  41      3970A634 
  41      721FCBED 
  41      B29BCEE8 
  41      11F3
  42 0105 FF115877 		.ascii	"\377\021Xw]!O\313\363w\3750\252\2100\022\336N \366\303"
  42      5D214FCB 
ARM GAS  C:\Users\ajink\AppData\Local\Temp\cc3ycJru.s 			page 3


  42      F377FD30 
  42      AA883012 
  42      DE4E20F6 
  43 011a C3A3486C 		.ascii	"\303\243Hl7\352\2255Q\253m\212\306V\375xUu\232\007{"
  43      37EA9535 
  43      51AB6D8A 
  43      C656FD78 
  43      55759A07 
  44 012f 7E3308DA 		.ascii	"~3\010\332n\013~\000\361\247a\337"
  44      6E0B7E00 
  44      F1A761DF 
  45              		.text
  46              		.section	.gnu.lto_.pureconst.a3fd44,"",%progbits
  47 0000 789C6366 		.ascii	"x\234cf``\340e\200\0006\006)F)&\011\026)V)6)\000\005"
  47      6060E065 
  47      80003606 
  47      29462926 
  47      09162956 
  48 0019 AF00C3   		.ascii	"\257\000\303"
  49              		.text
  50              		.section	.gnu.lto_qei_lld_stop.part.0.a3fd44,"",%progbits
  51 0000 789C9550 		.ascii	"x\234\225PMH\024q\024\377\377\336\314Nk\033e\236\304"
  51      4D481471 
  51      14FFFFDE 
  51      CC4E6B1B 
  51      659EC4
  52 0013 5320A241 		.ascii	"S \242A\273C\355-\010\021:\024\350%\275/e\201\013\013"
  52      BB43ED2D 
  52      08113A14 
  52      E825BD2F 
  52      65810B0B 
  53 0027 6B6D74F5 		.ascii	"kmt\365\277\266\325\336Z\274d\310\322FX\255\353W_\206"
  53      BFB6D5DE 
  53      5ABC64C8 
  53      D24658AD 
  53      EB575F86 
  54 003b 5D5A2252 		.ascii	"]Z\"R\214\224.\033I\224\310\212E\227\266\357)tzoV\354"
  54      8C942E1B 
  54      4994C88A 
  54      4597B6EF 
  54      29747A6F 
  55 0051 E0C96166 		.ascii	"\340\311af\336{\377\367\376\277\217g\250\255\317\001"
  55      DE7BFFF7 
  55      FEBF8F67 
  55      A8ADCF01 
  56 0061 FEC2A454 		.ascii	"\376\302\244T\033G\370\024\314\314<'&\310\213\004Cb"
  56      1B47F814 
  56      CCCC3C27 
  56      26C88B04 
  56      4362
  57 0073 D26F0092 		.ascii	"\322o\000\222(\250>\223\014\364\341\023U\010\231ba0"
  57      28A83E93 
  57      0CF4E113 
  57      55089962 
  57      6130
  58 0085 D03CACB5 		.ascii	"\320<\254\265\376\262\354\324_\252w\030\350\033U\201"
  58      FEB2ECD4 
ARM GAS  C:\Users\ajink\AppData\Local\Temp\cc3ycJru.s 			page 4


  58      5FAA7718 
  58      E81B5581 
  59 0095 7107CD8A 		.ascii	"q\007\315\212g\336Un\374\2541\216@\362\351\361\357\257"
  59      67DE556E 
  59      FCAC318E 
  59      40F2E9F1 
  59      EFAF
  60 00a7 021FC921 		.ascii	"\002\037\311!\354\223\362\311\300\354\240%%\231R~\236"
  60      EC93F2C9 
  60      C0ECA025 
  60      2599527E 
  60      9E
  61 00b8 9BB9BABB 		.ascii	"\233\271\272\273\361\246\326\375\372\272\316Q\272\350"
  61      F1A6D6FD 
  61      FABACE51 
  61      BAE8
  62 00c6 BAAD0E93 		.ascii	"\272\255\016\223\335\205\301\240\310\243\001#h\330\320"
  62      DD85C1A0 
  62      C8A30123 
  62      68D8D0
  63 00d5 CDF395D4 		.ascii	"\315\363\225\324\332\233\200\225b\366Z\024\320Xe\306"
  63      DA9B8095 
  63      62F65A14 
  63      D05865C6 
  64 00e5 282C7090 		.ascii	"(,p\220\223\211:\255]wuh\277\017\312!\223\344\247T\231"
  64      93893AAD 
  64      5D777568 
  64      BF0FCA21 
  64      93E4A754 
  65 00fa C7C4CB0A 		.ascii	"\307\304\313\012\027\034\215\022\372\367\012\334\333"
  65      171C8D12 
  65      FAF70ADC 
  65      DB
  66 0107 17CF4702 		.ascii	"\027\317G\002-\267\031.\3672\177\331\004Sopa\014-\342"
  66      2DB7192E 
  66      F7327FD9 
  66      04536F70 
  66      610C2DE2 
  67 011b 369B2EF9 		.ascii	"6\233.\371\232n\261\276\245\371\231\205]\372\330\246"
  67      9A6EB1BE 
  67      A5F99985 
  67      5DFAD8A6 
  68 012b 386C8A93 		.ascii	"8l\212\223K\030G\223b\324Z%\"\344\262\0226\362\330\026"
  68      4B184793 
  68      62D45A25 
  68      22E4B212 
  68      36F2D816 
  69 013f F16CAAB2 		.ascii	"\361l\252\262\236\020\231\277\330\002anvx\272F\226\340"
  69      9E1099BF 
  69      D802616E 
  69      7678BA46 
  69      96E0
  70 0151 D3B9B4F6 		.ascii	"\323\271\264\366\026\361\241\274\360\332\357\035y>\177"
  70      16F1A1BC 
  70      F0DAEF1D 
  70      793E7F
  71 0160 FCC99776 		.ascii	"\374\311\227vf1\224\314h\277C\026&\230kR\026\301\275"
ARM GAS  C:\Users\ajink\AppData\Local\Temp\cc3ycJru.s 			page 5


  71      663194CC 
  71      68BF4316 
  71      26986B52 
  71      16C1BD
  72 0173 2B6B5391 		.ascii	"+kS\221`A\247\222\334\331\201{\310\342\253\267\177\334"
  72      6041A792 
  72      DCD9817B 
  72      C8E2ABB7 
  72      7FDC
  73 0185 47502DE2 		.ascii	"GP-\342\342o\253\312DU\262\325kOC\002l\376u]w\217\302"
  73      E26FABCA 
  73      4455B2D5 
  73      6B4F4302 
  73      6CFE755D 
  74 019c 03866145 		.ascii	"\003\206aE\003\220\251mQ=\374O\365\010A&\360<\032\236"
  74      0390A96D 
  74      513DFC4F 
  74      F5084126 
  74      F03C1A9E 
  75 01b0 C7F74816 		.ascii	"\307\367H\026\037\237\020H\351\227\011r\312\003\207"
  75      1F9F1048 
  75      E9970972 
  75      CA0387
  76 01bf 43219BDF 		.ascii	"C!\233\337\356\236\350\251h<\021\266\343\011\273\347"
  76      EE9EE8A9 
  76      683C11B6 
  76      E309BBE7 
  77 01cf 64CCEE8D 		.ascii	"d\314\356\215\237;\237\260;\273:\302\207\354\366\366"
  77      9F3B9FB0 
  77      3BBB3AC2 
  77      87ECF6F6 
  78 01df A376D7F1 		.ascii	"\243v\327\361\216\013\007\245\0239{&\032\211\305N\207"
  78      8E0B07A5 
  78      13397B26 
  78      1A89C54E 
  78      87
  79 01f0 BA95C969 		.ascii	"\272\225\311i\357?\253\\\331\023"
  79      EF3FAB5C 
  79      D913
  80              		.text
  81              		.section	.gnu.lto_qei_lld_stop.a3fd44,"",%progbits
  82 0000 789C8D52 		.ascii	"x\234\215R]H\024Q\024\276\337\2753\353\350\032\211\017"
  82      5D481451 
  82      14BEDFBD 
  82      33EBE81A 
  82      890F
  83 0012 B109462F 		.ascii	"\261\011F/\242\020\353T\276\005\202A/\201>%\364(e\201"
  83      A210EB54 
  83      BE058241 
  83      2F813E25 
  83      F4286581 
  84 0026 82B096D1 		.ascii	"\202\260\226\321\233xw\335@\010j\311\027!\267}\220\314"
  84      9B7877DD 
  84      40086AC9 
  84      1721B77D 
  84      90CC
  85 0038 9FD25C73 		.ascii	"\237\322\\sK\213X*\226\350O*\262\024+\211\015\012\014"
ARM GAS  C:\Users\ajink\AppData\Local\Temp\cc3ycJru.s 			page 6


  85      4B8B582A 
  85      96E84F2A 
  85      B2142B89 
  85      0D0A0C
  86 004b DC56AA29 		.ascii	"\334V\252)\304\316\231]\312\352\245af\316=g\276\363"
  86      C4CE995D 
  86      CAEAA561 
  86      66CE3D67 
  86      BEF3
  87 005d 7DE76794 		.ascii	"}\347g\224\370\367\332K\3173\231\263\360\010\310\310"
  87      F8F7DA4B 
  87      CF3399B3 
  87      F008C8C8 
  88 006d 13218296 		.ascii	"\023!\202\226\224*U.t\221\371`\247\320\305J\032\331"
  88      942A552E 
  88      7491F960 
  88      A7D0C54A 
  88      1AD9
  89 007f 12F6A2B5 		.ascii	"\022\366\242\265\344\0310\031\004\023`+ \272\2442Lt"
  89      E4193019 
  89      0413602B 
  89      20BAA432 
  89      4C74
  90 0091 E1A3CC48 		.ascii	"\341\243\314HD\222\243}\336\312\213Z\353\225w\216\357"
  90      4492A37D 
  90      DECA8B5A 
  90      EB95778E 
  90      EF
  91 00a2 94CF21F6 		.ascii	"\224\317!\366\254\314\251\341\022*\011\262\230\211}"
  91      ACCCA9E1 
  91      122A09B2 
  91      98897D
  92 00b1 2954B510 		.ascii	")T\265\020t\236\036[}\354\375 \035\211\355\354\316\234"
  92      749E1E5B 
  92      7DECFD20 
  92      1D89EDEC 
  92      CE9C
  93 00c3 BBDFE761 		.ascii	"\273\337\347aW\032\354F\242=sf\305\200\326\241\344\355"
  93      571AEC46 
  93      A23D7366 
  93      C580D6A1 
  93      E4ED
  94 00d5 B8AE331C 		.ascii	"\270\2563\034\2510\004E|\030F\031FP&($0\212\012\206"
  94      A9300445 
  94      7C184619 
  94      46502628 
  94      24308A0A 
  95 00ea 67C26B2F 		.ascii	"g\302k/\275\2360i\227\3444q\031\036\220\035/M\352\365"
  95      BD9E3069 
  95      97E43471 
  95      191E901D 
  95      2F4DEAF5 
  96 00fe F581C15B 		.ascii	"\365\201\301[\275\246%\301pE\211\206A/S\2104A\271\225"
  96      BDA625C1 
  96      70458986 
  96      412F5388 
  96      3441B995 
ARM GAS  C:\Users\ajink\AppData\Local\Temp\cc3ycJru.s 			page 7


  97 0112 F752B255 		.ascii	"\367R\262U\013\010%&\226'\025g\177\225\212\210\337\246"
  97      0B082526 
  97      96271567 
  97      7F958A88 
  97      DFA6
  98 0124 679F5A5C 		.ascii	"g\237Z\\\226\022\2543\365-\366iS\024\347\341H\002H\\"
  98      9612AC33 
  98      F52DF669 
  98      5314E7E1 
  98      4802485C 
  99 0138 A13A38DE 		.ascii	"\241:8\336\277\332;\277\331\277\303\221\005\030C\024"
  99      BFDA3BBF 
  99      D9BFC391 
  99      05184314 
 100 0148 9FDDB631 		.ascii	"\237\335\2661\016\277x\201\360\253\356\262\337\204\263"
 100      0EBF7881 
 100      F0ABEEB2 
 100      DF84B3
 101 0157 4B77CF16 		.ascii	"Kw\317\0263a\001\265r\225\323\005\353+\221*w\3453\313"
 101      336101B5 
 101      7295D305 
 101      EB2B912A 
 101      77E533CB 
 102 016b BD7979E3 		.ascii	"\275yy\343\177\364LL\270z\334+\342\244\267\200;+K[\230"
 102      7FF44C4C 
 102      B87ADC2B 
 102      E2A4B780 
 102      3B2B4B5B 
 103 0180 6163F5E6 		.ascii	"ac\365\346\037\325\007\265Nns\244E\032\230\3143\246"
 103      1FD507B5 
 103      4E6E73A4 
 103      451A98CC 
 103      33A6
 104 0192 1F9D4E58 		.ascii	"\037\235NX\376Q\035&\251B\\sI\335AN\301\277\221\251"
 104      FE511D26 
 104      A9425C73 
 104      49DD414E 
 104      C1BF91A9 
 105 01a6 904209CA 		.ascii	"\220B\011\312q\373\312\306|\271Zy\377\027\236\237\031"
 105      71FBCAC6 
 105      7CB95A79 
 105      FF179E9F 
 105      19
 106 01b7 939D3F74 		.ascii	"\223\235?t\217\266h\\k\234L\321\241`\270\0379M\012{"
 106      8FB6685C 
 106      6B9C4CD1 
 106      A160B81F 
 106      394D0A7B 
 107 01cb 701D9DBF 		.ascii	"p\035\235\277\272x\235\376~\320MHn\345\375\336 \034"
 107      BA789DFE 
 107      7ED04D48 
 107      6EE5FDDE 
 107      201C
 108 01dd B14FA333 		.ascii	"\261O\2433?\024C\304=j\016\241\222|;\363\251{#\336\252"
 108      3F1443C4 
 108      3D6A0EA1 
 108      927C3BF3 
ARM GAS  C:\Users\ajink\AppData\Local\Temp\cc3ycJru.s 			page 8


 108      A97B23DE 
 109 01f2 41DAF2D2 		.ascii	"A\332\362\322\303\341t\235\345n%\367\177\315\240\212"
 109      C3E1749D 
 109      E56E25F7 
 109      7FCDA08A 
 110 0202 AA108BE8 		.ascii	"\252\020\213\350v\301\342\357z\212\262<\"\334$nGz]v"
 110      76C1E2EF 
 110      7A8AB23C 
 110      22DC246E 
 110      477A5D76 
 111 0216 D35DF91B 		.ascii	"\323]\371\033\004\223\211R7G\360\017\001\216R\355{\252"
 111      04938952 
 111      3747F00F 
 111      018E52ED 
 111      7BAA
 112 0228 AB6DBA9B 		.ascii	"\253m\272\233[Z\017\267\006:j\354@\207\335r\250\315"
 112      5B5A0FB7 
 112      063A6AEC 
 112      4087DD72 
 112      A8CD
 113 023a 6E0F1C3F 		.ascii	"n\017\034?\321a\037hl\250\331m\327\327\357\263\033\367"
 113      D1611F68 
 113      6CA8D96D 
 113      D7D7EFB3 
 113      1BF7
 114 024c 379CDCC5 		.ascii	"7\234\334\305_\232\216\035mmjk;R\335,\014:\266\377\004"
 114      5F9A8E1D 
 114      6D6D6A6B 
 114      3B52DD2C 
 114      0C3AB6FF 
 115 0261 0E6E1402 		.ascii	"\016n\024\002"
 116              		.text
 117              		.section	.gnu.lto_qei_lld_init.a3fd44,"",%progbits
 118 0000 789C7550 		.ascii	"x\234uP;K\003A\020\236o\357\022\2026b\025\362\007R%"
 118      3B4B0341 
 118      109E6FEF 
 118      12823662 
 118      15F20752 
 119 0015 87DA89A5 		.ascii	"\207\332\211\245\215\222T\006,\203/H \0205bw\270'Q\254"
 119      8D925406 
 119      2C832F48 
 119      20103562 
 119      77B82751 
 120 002a 3476828F 		.ascii	"4v\202\217B\020\037y\251\255E\256\260\262P\324B\020"
 120      42101F79 
 120      A9AD45AE 
 120      B0B250D4 
 120      4210
 121 003c 1F8511B4 		.ascii	"\037\205\021\264\213\246\212\032\343\354\245\021\203"
 121      8BA68A1A 
 121      E3ECA511 
 121      83
 122 0049 CB2EB33B 		.ascii	"\313.\263;\3377\337\314~\032\265.\037\237Y\020\365q"
 122      DF37DFCC 
 122      7E1AB52E 
 122      1F9F5910 
 122      F571
ARM GAS  C:\Users\ajink\AppData\Local\Temp\cc3ycJru.s 			page 9


 123 005b 84461099 		.ascii	"\204F\020\231s\"\313#\000u!\320\234\300\034^\305\233"
 123      7322CB23 
 123      007521D0 
 123      9CC01C5E 
 123      C59B
 124 006d 40C6CEAE 		.ascii	"@\306\316\256\265\373w\244\224\225\355\023\357\202\267"
 124      B5FB77A4 
 124      9495ED13 
 124      EF82B7
 125 007c 2688AAA2 		.ascii	"&\210\252\242)\203]\370\2119o\351\372M\273;\315\234"
 125      29835DF8 
 125      89396FE9 
 125      FA4DBB3B 
 125      CD9C
 126 008e 8E26863D 		.ascii	"\216&\206=\270Y\236\212\235\266l4\2366\276\256u\235"
 126      B8599E8A 
 126      9DB66C34 
 126      9E36BEAE 
 126      759D
 127 00a0 A8CC90D2 		.ascii	"\250\314\220\322\177\026BE\355\016i{\365\014\212\254"
 127      7F164245 
 127      ED0E697B 
 127      F50C8AAC 
 128 00b0 54B6AE97 		.ascii	"T\266\256\227\013\302\374\224K\322S\023\250\012\026"
 128      0BC2FC94 
 128      4BD25313 
 128      A80A16
 129 00bf C03ECC16 		.ascii	"\300>\314\026H\324U\013\316>\226/.=/\2023\316s\317J"
 129      48D4550B 
 129      CE3E962F 
 129      2E3D2F82 
 129      33CE73CF 
 130 00d4 6F6013EB 		.ascii	"o`\023\353\226T,\015\0070\221\205\317\301\356\313\037"
 130      96542C0D 
 130      07309185 
 130      CFC1EECB 
 130      1F
 131 00e5 C35CAFAA 		.ascii	"\303\\\257\252\221c\222\323\023y\2305\241\323-\346+"
 131      916392D3 
 131      13799835 
 131      A1D32DE6 
 131      2B
 132 00f6 95D32B4D 		.ascii	"\225\323+M%\377m\366W\275\360K\375;\267r\354\016d\371"
 132      25FF6DF6 
 132      57BDF04B 
 132      FD3BB772 
 132      EC0E64F9 
 133 010a FF36FBE3 		.ascii	"\3776\373\343B\221\211\357\216G8D\200\011yYZlS\223\272"
 133      429189EF 
 133      8E473844 
 133      80097959 
 133      5A6C5393 
 134 011f 64464A9D 		.ascii	"dFJ\235p\304\225\017\260\354\322\2403\011)s\240L\341"
 134      70C4950F 
 134      B0ECD2A0 
 134      33092973 
 134      A04CE1
ARM GAS  C:\Users\ajink\AppData\Local\Temp\cc3ycJru.s 			page 10


 135 0132 AADE60D0 		.ascii	"\252\336`\320\340=\026\213\217\306\223\251\036#\231"
 135      E03D168B 
 135      8FC693A9 
 135      1E2399
 136 0141 32622309 		.ascii	"2b#\011c29=\2232\206\"\341\236n#\024\3527\"\003\341"
 136      6332393D 
 136      93328622 
 136      E19E6E23 
 136      14EA3722 
 137 0157 D92E8544 		.ascii	"\331.\205D\247&\342\321Db<8F?o{\232\003"
 137      A726E2D1 
 137      44623C38 
 137      463F6F7B 
 137      9A03
 138              		.text
 139              		.section	.gnu.lto_qei_lld_start.a3fd44,"",%progbits
 140 0000 789C9D95 		.ascii	"x\234\235\225]L\\U\020\307\317\234\273\367c\357\335"
 140      5D4C5C55 
 140      10C7CF9C 
 140      BBF763EF 
 140      DD
 141 0011 6529B029 		.ascii	"e)\260)\220b\372\322`\322,\033\355\2131\261\321\304"
 141      9062FAD2 
 141      60D22C1B 
 141      ED8B31B1 
 141      D1C4
 142 0023 1793D617 		.ascii	"\027\223\326\027\233\370\330\330jR\022\022\260\230\276"
 142      9BF8D8D8 
 142      6A521212 
 142      B098BE
 143 0032 91DE054C 		.ascii	"\221\336\005LHL\032RM$m\221\372QZ\213B\201\262\026\374"
 143      484C1A52 
 143      4D246D91 
 143      FA515A8B 
 143      4281B216 
 144 0047 60A55AA0 		.ascii	"`\245Z\240\362!RJ\213@[Y\264X[AA\2724\2103\347\336\275"
 144      F221524A 
 144      8B405B59 
 144      B4585B41 
 144      41BA3488 
 145 005f BB206916 		.ascii	"\273 i\026\010\314\236{\230\363\373\317\234\231;+\261"
 145      08CC9E7B 
 145      98F3FBCF 
 145      9C993B2B 
 145      B1
 146 0070 FFFF7C84 		.ascii	"\377\377|\204\177\367\334\214\275\200\237\220\306\200"
 146      7FF7DC8C 
 146      BD809F90 
 146      C680
 147 007e 570F3016 		.ascii	"W\0170\026\3228\227f\375\314\324\345\323\3170\323#q"
 147      D2389766 
 147      FDCCD4E5 
 147      D3CF30D3 
 147      2371
 148 0090 D7B8414F 		.ascii	"\327\270AO\027\273\030>\272@\266\274d\256T\345\343\276"
 148      17BB183E 
 148      BA40B6BC 
ARM GAS  C:\Users\ajink\AppData\Local\Temp\cc3ycJru.s 			page 11


 148      64AE54E5 
 148      E3BE
 149 00a2 9BAC47E1 		.ascii	"\233\254G\341\2528\243\2113*\350\226\223\026_\270\343"
 149      AA38A389 
 149      332AE896 
 149      93165FB8 
 149      E3
 150 00b3 0B9D1BDD 		.ascii	"\013\235\033\335>t\364\364\356FG\003\274\326\266'\276"
 150      3E74F4F4 
 150      EE464703 
 150      BCD6B627 
 150      BE
 151 00c4 F002D082 		.ascii	"\360\002\320\202\001;\312%\227\254\250\232[7<^8\012"
 151      013BCA25 
 151      97ACA89A 
 151      5B373C5E 
 151      380A
 152 00d6 337C8E43 		.ascii	"3|\216Cu\244\241\306\310?c\232\346l\371h\366\333\331"
 152      75A4A1C6 
 152      C83F639A 
 152      E66CF968 
 152      F6DBD9
 153 00e9 31CED8DF 		.ascii	"1\316\330\337\334J\007\316B>\272\214\317\325\375\343"
 153      DC4A07CE 
 153      423EBA8C 
 153      CFD5FDE3 
 154 00f9 969E0386 		.ascii	"\226\236\003\206\353\366\306\371~\343.\217q\330N\217"
 154      EBF6C6F9 
 154      7EE32E8F 
 154      71D84E8F 
 155 0109 1DC77B6A 		.ascii	"\035\307{j\024z\344.z\254\256\255\272.\357\370\3304"
 155      147AE42E 
 155      7AACAEAD 
 155      BA2EEFF8 
 155      D834
 156 011b CB239D2D 		.ascii	"\313#\235-\346\363\256\030\227\340\034H\310\203O!\027"
 156      E6F3AE18 
 156      97E01C48 
 156      C8834F21 
 156      17
 157 012c CE432EC3 		.ascii	"\316C.\303-\006\015\260\203\334\347*\227G\015\245\022"
 157      2D060DB0 
 157      83DCE72A 
 157      97470DA5 
 157      12
 158 013d B5D397E3 		.ascii	"\265\323\227\343\262\360\031(\200\237M\031\021see\252"
 158      B2F01928 
 158      809F4D19 
 158      11736565 
 158      AA
 159 014e 7E7CD1B5 		.ascii	"~|\321\265]\006:\241\340Y\227\212F\326\310\350d\014"
 159      5D063AA1 
 159      E059978A 
 159      46D6C8E8 
 159      640C
 160 0160 32696894 		.ascii	"2ih\224,Z\371\311lE\243f\243\321r\320\270\363\320\350"
 160      2C5AF9C9 
ARM GAS  C:\Users\ajink\AppData\Local\Temp\cc3ycJru.s 			page 12


 160      6C45A366 
 160      A3D172D0 
 160      B8F3D0E8 
 161 0174 8C45114E 		.ascii	"\214E\021N\3670\3159}JcP\036n\236l\221Ho\221+\030\315"
 161      F730CD39 
 161      7D4A6350 
 161      1E6E9E6C 
 161      91486F91 
 162 018b ADE8E090 		.ascii	"\255\350\340\220F\271H\214\202k{Xw\337[\013'!\306\215"
 162      46B9488C 
 162      826B7B58 
 162      77DF5B0B 
 162      2721C68D 
 163 019f 452EC3E7 		.ascii	"E.\303\347\030<\355\237\232\177\367\246/\2603\306=\320"
 163      183CED9F 
 163      9A7FF7A6 
 163      2FB033C6 
 163      3DD0
 164 01b1 08B5F097 		.ascii	"\010\265\360\227\270+h\202\000\033\201\312\033\025\271"
 164      B82B6882 
 164      001B81CA 
 164      1B15B9
 165 01c0 09E0D089 		.ascii	"\011\340\320\211\372\012\037\001=\300\340\002\035g\244"
 165      FA0A1F01 
 165      3DC0E002 
 165      1D67A4
 166 01cf 2FB159BF 		.ascii	"/\261Y\277$|\317\276\237my\313\350\375\301\360\261F"
 166      247CCFBE 
 166      9F6D79CB 
 166      E8FDC1F0 
 166      B146
 167 01e1 5EF6C8AC 		.ascii	"^\366\310\25425\014a\231\203P;\027\252<\205*'C&m\033"
 167      32350C61 
 167      9983503B 
 167      17AA3C85 
 167      2A274326 
 168 01f7 D00C654E 		.ascii	"\320\014eN$\023\321\245W\305\201H\016]t\013\372a$\255"
 168      2413D1A5 
 168      57C58148 
 168      0E5D740B 
 168      FA6124AD 
 169 020b 50660BB9 		.ascii	"Pf\013\271\330'\022\346\331\025n^8l\351\250x\352j\317"
 169      D82712E6 
 169      D9156E5E 
 169      386CE9A8 
 169      78EA6ACF 
 170 021f 99763745 		.ascii	"\231v7E\3455OW\231\242lN\346^\301-\257\377\260C\263"
 170      E5354F57 
 170      99A26C4E 
 170      E65EC12D 
 170      AFFFB043 
 171 0234 324F838B 		.ascii	"2O\203\213X\2676[pj\351\304\264\021h0+C\030\213\017"
 171      58B7365B 
 171      706AE9C4 
 171      B4116830 
 171      2B43188B 
 172 0249 C2227D2A 		.ascii	"\302\"}*\026|\201\351\217A\305\274b\351h\226\224\323"
ARM GAS  C:\Users\ajink\AppData\Local\Temp\cc3ycJru.s 			page 13


 172      167C81E9 
 172      8F41C5BC 
 172      62E96896 
 172      94D3
 173 025b 1DB28BC1 		.ascii	"\035\262\213\301%\204`0\307\201\\6\240\322\236P\351"
 173      25846030 
 173      C7815C36 
 173      A0D29E50 
 173      E9
 174 026c 8000B289 		.ascii	"\200\000\262\211\022\036Z\340\226\224\276\001\324\227"
 174      121E5AE0 
 174      9694BE01 
 174      D497
 175 027a 0225BAEC 		.ascii	"\002%\272\354\253\325\001c\205\365MG\370u\002\373\015"
 175      ABD50163 
 175      85F54D47 
 175      F87502FB 
 175      0D
 176 028b 456810A5 		.ascii	"Eh\020\245$e\010\020\2433\301\210@ \271&>\334\372V4"
 176      24650810 
 176      A333C188 
 176      4020B926 
 176      3EDCFA56 
 177 02a0 CF34979D 		.ascii	"\3174\227\235\326\035\272bwnZ*\255\252@\227\340K\304"
 177      D61DBA62 
 177      776E5A2A 
 177      ADAA4097 
 177      E04BC4
 178 02b3 BF2C52EF 		.ascii	"\277,R\357\232\275\355\267Ct\244\224U\215\217-\027\331"
 178      9ABDEDB7 
 178      4374A494 
 178      558D8F2D 
 178      17D9
 179 02c5 16E3E9A8 		.ascii	"\026\343\351\250\001\337\331\304h\337;a\315\011\372"
 179      01DFD9C4 
 179      68DF3B61 
 179      CD09FA
 180 02d4 7B017511 		.ascii	"{\001u\021\364\012\004D\224\004\276\320\335*\333\350"
 180      F40A0444 
 180      9404BED0 
 180      DD2ADBE8 
 181 02e4 D459DD82 		.ascii	"\324Y\335\202%\023\253'\2115\273\031V\257`)\304\272"
 181      2513AB27 
 181      8935BB19 
 181      56AF6029 
 181      C4BA
 182 02f6 9A1C57DF 		.ascii	"\232\034W\337&X?\010\226J\254\276\344\270\372.o\234"
 182      26583F08 
 182      964AACBE 
 182      E4B8FA2E 
 182      6F9C
 183 0308 D52F581A 		.ascii	"\325/X\032\261\006D\221\337k\353\254\021\023\302\267"
 183      B1064491 
 183      DF6BEBAC 
 183      1113C2B7 
 184 0318 B2826371 		.ascii	"\262\202cq\320\202\207\233\007\206e\253\272Y\253\253"
 184      D082879B 
ARM GAS  C:\Users\ajink\AppData\Local\Temp\cc3ycJru.s 			page 14


 184      078665AB 
 184      BA59ABAB 
 185 0328 BB3EDBEA 		.ascii	"\273>\333\352\302\037\005\334M\360\241\325\315\355\267"
 185      C21F05DC 
 185      4DF0A1D5 
 185      CDEDB7
 186 0337 38F3F5E6 		.ascii	"8\363\365\346%1\272\345\020\316\343\237\3264{\212*\303"
 186      2531BAE5 
 186      10CEE39F 
 186      D6347B8A 
 186      2AC3
 187 0349 09956BD4 		.ascii	"\011\225k\324\353~&\006\351`\253\335\216[SiG\025F\004"
 187      EB7E2606 
 187      E960ABDD 
 187      8E5B5369 
 187      47154604 
 188 035d 4627CC75 		.ascii	"F'\314u\021ly\370\216\337\"d'w\244\272v\024oA\011\030"
 188      116C79F8 
 188      8EDF2264 
 188      2777A4BA 
 188      76146F41 
 189 0373 B5810FBA 		.ascii	"\265\201\017\272\216-\3710\266\364\030\317\200\033\002"
 189      8E2DF930 
 189      B6F418CF 
 189      801B02
 190 0382 6910F2E6 		.ascii	"i\020\362\346\232a\274\012\231\201\016c\3160VXU\276"
 190      9A61BC0A 
 190      99810E63 
 190      CE305658 
 190      55BE
 191 0394 78A1E606 		.ascii	"x\241\346\006\343w\236\223\232b&\374,\024=\2448\036"
 191      E3779E93 
 191      9A6226FC 
 191      2C143DA4 
 191      381E
 192 03a6 573C9060 		.ascii	"W<\220`8\343?\023\307\377\204\243\250\262\207\272$\332"
 192      38E33F13 
 192      C7FF84A3 
 192      A8B287BA 
 192      24DA
 193 03b8 F15A85BA 		.ascii	"\361Z\205\272N\013=\371\330\026\232\024\232^\322\274"
 193      4E0B3DF9 
 193      D8169A14 
 193      9A5ED2BC 
 194 03c8 255AA8A9 		.ascii	"%Z\250\251n\341_\020-\204\015t\333\236\023\032\253\336"
 194      6EE15F10 
 194      2D840D74 
 194      DB9E131A 
 194      ABDE
 195 03da 66698C6C 		.ascii	"fi\214lB\343NB\343\027\241\341d\342\303L\246l\015\267"
 195      42E34E42 
 195      E317A1E1 
 195      64E2C34C 
 195      A66C0DB7 
 196 03ee 7573A831 		.ascii	"us\2501:\265\336\253\360\304c5\242\011\215i|\255\342"
 196      3AB5DEAB 
 196      F0C46335 
ARM GAS  C:\Users\ajink\AppData\Local\Temp\cc3ycJru.s 			page 15


 196      A2098D69 
 196      7CADE2
 197 0401 50DD1970 		.ascii	"P\335\031ps\343\255v=\362R\253G\026\374*\230i\304\374"
 197      73E3AD76 
 197      3DF252AB 
 197      4716FC2A 
 197      9869C4FC 
 198 0415 6D4D07E4 		.ascii	"mM\007\344%g\221\205Y\334u\352a\260n\237\225\307\304"
 198      25679185 
 198      59DC75EA 
 198      61B06E9F 
 198      95C7C4
 199 0428 F0C6F398 		.ascii	"\360\306\363\230\021\232>\322\374]\334UmK\353y\361\226"
 199      119A3ED2 
 199      FC5DDC55 
 199      6D4BEB79 
 199      F196
 200 043a F93219DC 		.ascii	"\3712\031\334\263\323\362\260\336\335\226\306\344&4"
 200      B3D3F2B0 
 200      DEDD96C6 
 200      E42634
 201 0449 FE4868DC 		.ascii	"\376Hh\334\027\032\177\2323\375V=\2660x`kx\305\325M"
 201      171A7F9A 
 201      33FD563D 
 201      B6307860 
 201      6B78C5D5 
 202 045e 4228F2E8 		.ascii	"B(\362\350e\222\240\354\242\370\275\211\273\370\265"
 202      6592A0EC 
 202      A2F8BD89 
 202      BBF8B5
 203 046d F26C4141 		.ascii	"\362lAA\020\177\017\036*<PX\\\272+X\\\032<\364ZQ\260"
 203      107F0F1E 
 203      2A3C5058 
 203      5CBA2B58 
 203      5C1A3CF4 
 204 0484 A4F8F05B 		.ascii	"\244\370\360[\245\301W\366\355\335\365tp\317\236\027"
 204      A5C157F6 
 204      EDDDF574 
 204      70CF9E17 
 205 0494 83FB5EDA 		.ascii	"\203\373^\332{\344)\372\317\3767\337(\334_T\364z\301"
 205      7BE429FA 
 205      CFFE37DF 
 205      28DC5F54 
 205      F47AC1
 206 04a7 41E6C265 		.ascii	"A\346\302e\311\177v]\230\271"
 206      C97F765D 
 206      98B9
 207              		.text
 208              		.section	.gnu.lto_qei_lld_enable.a3fd44,"",%progbits
 209 0000 789C658F 		.ascii	"x\234e\217MH\224Q\024\206\317{\3567\343\310\020F \350"
 209      4D489451 
 209      1486CF7B 
 209      EE37E3C8 
 209      104620E8 
 210 0014 D0C28DB8 		.ascii	"\320\302\215\270\220\231\017s\027\004\005n\004\335\244"
 210      90990F73 
 210      1704056E 
ARM GAS  C:\Users\ajink\AppData\Local\Temp\cc3ycJru.s 			page 16


 210      04DDA4
 211 0023 7BF10F1C 		.ascii	"{\361\017\034\030\030s\244\255wl\204\240\315`\012\242"
 211      181873A4 
 211      AD776C84 
 211      A0CD600A 
 211      A2
 212 0034 0E06E24F 		.ascii	"\016\006\342OM\376\243\240\253\017W.\254p\223(\222\233"
 212      4DFEA3A0 
 212      AB0F572E 
 212      AC709328 
 212      929B
 213 0046 09741138 		.ascii	"\011t\0218%\331\007\206\236\243-\212.\367r\317\271\367"
 213      25D90786 
 213      9EA32D8A 
 213      2EF772CF 
 213      B9F7
 214 0058 3DCF7B8E 		.ascii	"=\317{\216\241\377WD\316\010\210\236\310\015C\340\354"
 214      A1FF5744 
 214      CE08889E 
 214      C80D43E0 
 214      EC
 215 0069 47A27488 		.ascii	"G\242t\210\001\015\0104\300\030\300)\027\031Y/?\026"
 215      010D0834 
 215      C018C029 
 215      1719592F 
 215      3F16
 216 007b AE99B1D6 		.ascii	"\256\231\261\326\236m\217V\016U\370L\364\203o1\230C"
 216      9E6D8F56 
 216      0E55F84C 
 216      F4836F31 
 216      9843
 217 008d 8D488E8A 		.ascii	"\215H\216\212S?K\315#\220\304\233\213\347\037\302'\354"
 217      533F4BCD 
 217      2390C49B 
 217      8BE71FC2 
 217      27EC
 218 009f 33AA34DD 		.ascii	"3\2524\335\032\336\031\013j\312\216\246\331\334\313"
 218      1ADE190B 
 218      6ACA8EA6 
 218      D9DCCB
 219 00ae CF81EA69 		.ascii	"\317\201\352ik\007\275\235U\373\330\361\331`\036Fxx"
 219      6B07BD9D 
 219      55FBD8F1 
 219      D9601E46 
 219      7878
 220 00c0 8B08DE21 		.ascii	"\213\010\336!B\362D\310\243Z\345\305\314\357\375p0#"
 220      42F244C8 
 220      A35AE5C5 
 220      CCEFFD70 
 220      3023
 221 00d2 DE776F3D 		.ascii	"\336wo=\361\036Ai\233\226\356y\366\352jz\356r4\020\220"
 221      F11E4169 
 221      9B96EE79 
 221      F6EA6A7A 
 221      EE723410 
 222 00e7 A6456EA4 		.ascii	"\246En\244\320!*\210JG\370\312\254\2679\304\340\306"
 222      D0212A88 
ARM GAS  C:\Users\ajink\AppData\Local\Temp\cc3ycJru.s 			page 17


 222      4A47F8CA 
 222      ACB739C4 
 222      E0C6
 223 00f9 CA7EBFD6 		.ascii	"\312~\277\326]\260\021\344q\341\323^H\0332\244\016\353"
 223      5DB011E4 
 223      71E1D35E 
 223      481B32A4 
 223      0EEB
 224 010b BFA6BEDD 		.ascii	"\277\246\276\335\311a\002>\007.\230\261 \035\350\373"
 224      C961023E 
 224      072E98B1 
 224      201DE8FB 
 225 011b E4F9EB83 		.ascii	"\344\371\353\203\262h\2550\261\210\034\276\337\014\214"
 225      B268AD30 
 225      B1881CBE 
 225      DF0C8C
 226 012a 2544E910 		.ascii	"%D\351\020\333go\312\025\3707\315\371\207\226\266\326"
 226      DB676FCA 
 226      15F837CD 
 226      F98796B6 
 226      D6
 227 013b BBEFB35A 		.ascii	"\273\357\263Zb\371\017\261\260\373j#\024\315\333\214"
 227      62F90FB1 
 227      B0FB6A23 
 227      14CDDB8C 
 228 014b 589560E5 		.ascii	"X\225`\345\006\252\243`\025Q\371\336\033\237}Q\246\244"
 228      06AAA360 
 228      1551F9DE 
 228      1B9F7D51 
 228      A6A4
 229 015d 1210D6A4 		.ascii	"\022\020\326\244\346\013\322\336\361S\365Q\353\202h"
 229      E60BD2DE 
 229      F153F551 
 229      EB8268
 230 016c 651E69E3 		.ascii	"e\036i\343a,\346\312\356\354\211w\304\223\251z7\231"
 230      612CE6CA 
 230      EEEC8977 
 230      C493A97A 
 230      3799
 231 017e 727BDA13 		.ascii	"r{\332\023no\262\257?\345\266\2646\327?p\233\232\032"
 231      6E6FB2AF 
 231      3FE5B6B4 
 231      36D73F70 
 231      9B9A1A
 232 0191 DCD6C6E6 		.ascii	"\334\326\306\346\347u\372\323\366\254;\336\226Ht\305"
 232      E775FAD3 
 232      F6AC3BDE 
 232      964874C5 
 233 01a1 3AC991B0 		.ascii	":\311\221\260\367\032\332\030\242\330"
 233      F71ADA18 
 233      A2D8
 234              		.text
 235              		.section	.gnu.lto_qei_lld_disable.a3fd44,"",%progbits
 236 0000 789C658F 		.ascii	"x\234e\217AHTa\020\307\347?\337\333uc\021C\020t\351"
 236      41485461 
 236      10C7E73F 
 236      DFDB7563 
ARM GAS  C:\Users\ajink\AppData\Local\Temp\cc3ycJru.s 			page 18


 236      11431074 
 237 0015 D045F610 		.ascii	"\320E\366\020\273\217\362&\004\012^\204\335\223{_\312"
 237      BB8FF226 
 237      040A5E84 
 237      DD937B5F 
 237      CA
 238 0026 02171656 		.ascii	"\002\027\026V]\351\352\267\313\012A\227%\005\225Z\014"
 238      5DE9EAB7 
 238      CB0A4197 
 238      2505955A 
 238      0C
 239 0037 22ACB634 		.ascii	"\"\254\2664\215\026\212\016\217N\005\225x)\024\261C"
 239      8D168A0E 
 239      8F4E0595 
 239      782914B1 
 239      43
 240 0048 2BE82170 		.ascii	"+\350!pK\262w\020\233Q\017\212\037\357\343\233\2317"
 240      4BB27710 
 240      9B510F8A 
 240      1FEFE39B 
 240      9937
 241 005a F3FBFFC7 		.ascii	"\363\373\377\307\320\371\023\221;\005\242^ya\010\\\376"
 241      D0F91391 
 241      3B05A25E 
 241      7961085C 
 241      FE
 242 006b 4A540831 		.ascii	"JT\0101\240\001\201\306\031\343\330\341\006\243\354"
 242      A00181C6 
 242      19E3D8E1 
 242      06A3EC
 243 007a 5567C2D1 		.ascii	"Ug\302\321'\326\332\335\342l\307D\273\317D\177\370\030"
 243      27D6DADD 
 243      E26CC744 
 243      BBCF447F 
 243      F818
 244 008c 837944A5 		.ascii	"\203yD\245e\2431\367\367\202\271\016\222\370\355\302"
 244      65A331F7 
 244      F782B90E 
 244      92F8EDC2 
 245 009c DE97F036 		.ascii	"\336\227\3606\373\214\313\232\276\273\377q&\250);\232"
 245      FB8CCB9A 
 245      BEBBFF71 
 245      26A8293B 
 245      9A
 246 00ad 962B77BF 		.ascii	"\226+w\277\005:\037[[\364>-\333\036\307g\203\2470\302"
 246      053A1F5B 
 246      5BF43E2D 
 246      DB1EC767 
 246      83A730C2 
 247 00c1 C33344F0 		.ascii	"\3033D\360\034\021\222\022\241\212Nmo\224\016\276\207"
 247      1C119212 
 247      A18A4E6D 
 247      6F940EBE 
 247      87
 248 00d2 8325D1BE 		.ascii	"\203%\321\276x\254\211\027\010\212mZl\365\354\341\341"
 248      78AC8917 
 248      088A6D5A 
ARM GAS  C:\Users\ajink\AppData\Local\Temp\cc3ycJru.s 			page 19


 248      6CF5ECE1 
 248      E1
 249 00e3 CFF9F7B3 		.ascii	"\317\371\367\263\201\200\230\226v#\203\016Q]\272t\205"
 249      81809896 
 249      7623830E 
 249      515DBA74 
 249      85
 250 00f4 2D667DCD 		.ascii	"-f}\315:\212\265\245\2551\235\333g#\310\037\365\225"
 250      3A8AB5A5 
 250      AD319DDB 
 250      6723C81F 
 250      F595
 251 0106 D5901A32 		.ascii	"\325\220\0322\244\012o\376\315\375j\256\340\001|\016"
 251      A40A6FFE 
 251      CDFD6AAE 
 251      E0017C0E 
 252 0116 EC33E3A5 		.ascii	"\3543\343\2458\320\372\303\275\311\265\226\330\025a"
 252      38D0FAC3 
 252      BDC9B596 
 252      D81561
 253 0125 620115FC 		.ascii	"b\001\025\374>Z\030\213\210\321:>\354>jS\340i\232s\206"
 253      3E5A188B 
 253      88D13A3E 
 253      EC3E6A53 
 253      E0699A73 
 254 013a 56B0D6BB 		.ascii	"V\260\326\273\344\263J\342\325\011\261\376\371^-\024"
 254      E4B34AE2 
 254      D509B1FE 
 254      F95E2D14 
 255 014a ABDA9248 		.ascii	"\253\332\222H5a\351\010\252\253`\031\261\323\244&)\275"
 255      3561E908 
 255      AAAB6019 
 255      B1D3A426 
 255      29BD
 256 015c 96994D14 		.ascii	"\226\231M\024\274\351\001\325Q\351\272\364\312>b\243"
 256      BCE901D5 
 256      51E9BAF4 
 256      CA3E62A3 
 257 016c 3B1E77E5 		.ascii	";\036w\345\033\034\312\334\314\344\362]n.\357\016\335"
 257      1B1CCADC 
 257      CCE4F25D 
 257      6E2EEF0E 
 257      DD
 258 017d C8BAC3B9 		.ascii	"\310\272\303\271\321\261\274;\220Jv]s\023\211>7\325"
 258      D1B1BC3B 
 258      904A765D 
 258      7313893E 
 258      37D5
 259 018f 9FBC7355 		.ascii	"\237\274sU\377\244Gng\322\331\354\255\370 9\022\016"
 259      FFA4476E 
 259      67D2D9EC 
 259      ADF82039 
 259      120E
 260 01a1 FF07BE50 		.ascii	"\377\007\276P\243/"
 260      A32F
 261              		.text
 262              		.section	.gnu.lto_.symbol_nodes.a3fd44,"",%progbits
ARM GAS  C:\Users\ajink\AppData\Local\Temp\cc3ycJru.s 			page 20


 263 0000 789C55CA 		.ascii	"x\234U\312\301\015\202P\024\005\321\271\357\213\260"
 263      C10D8250 
 263      1405D1B9 
 263      EF8BB0
 264 000f A1E64B07 		.ascii	"\241\346K\007\330\200F\010t\243(\304\002\214\205\030"
 264      D8804608 
 264      74A328C4 
 264      028C8518 
 265 001f 486001B3 		.ascii	"H`\001\263<\231\004\324l\305G\206\313\000\266\256mA"
 265      3C9904D4 
 265      6CC54786 
 265      CB00B6AE 
 265      6D41
 266 0031 BC646DC0 		.ascii	"\274dm\300\355\276\300S\216=d\017\321\204\211AN\207"
 266      EDBEC053 
 266      8E3D640F 
 266      D1848941 
 266      4E87
 267 0043 F32D9F0E 		.ascii	"\363-\237\0160\312\331\0364\311\347\025\250\252\202"
 267      30CAD91E 
 267      34C9E715 
 267      A8AA82
 268 0052 24F8F565 		.ascii	"$\370\365e\212\234\356\373\0273\273\026(\264"
 268      8A9CEEFB 
 268      1733BB16 
 268      28B4
 269              		.text
 270              		.section	.gnu.lto_.refs.a3fd44,"",%progbits
 271 0000 789C25C1 		.ascii	"x\234%\301\261\001\0000\010\303\260\304.\027\360\377"
 271      B1010030 
 271      08C3B0C4 
 271      2E17F0FF 
 272 0010 AF0C954C 		.ascii	"\257\014\225L\262\371Z\034\300V\372\320\034\004\030"
 272      B2F95A1C 
 272      C056FAD0 
 272      1C0418
 273 001f 0040     		.ascii	"\000@"
 274              		.text
 275              		.section	.gnu.lto_.decls.a3fd44,"",%progbits
 276 0000 789CB559 		.ascii	"x\234\265Y\013TTG\232\356\272\3254M\323@FN\036\313\331"
 276      0B545447 
 276      9AEEBAD5 
 276      344DD340 
 276      464E1ECB 
 277 0015 9D41B2C3 		.ascii	"\235A\262\303If\023E\235\335\231\2353g#\001b\230\365"
 277      49661345 
 277      9DDD999D 
 277      33672301 
 277      6298F5
 278 0028 950693CC 		.ascii	"\225\006\223\314\306\331\036\004\214\314\3620\322\346"
 278      C6D91E04 
 278      8CCCF230 
 278      D2E6
 279 0036 3167CEE4 		.ascii	"1g\316\344\362\020A\024\020\025\225\2074\010\010\242"
 279      F2104114 
 279      10159587 
 279      340808A2 
ARM GAS  C:\Users\ajink\AppData\Local\Temp\cc3ycJru.s 			page 21


 280 0046 A8181F28 		.ascii	"\250\030\037(\">\002(\012\342\013\021\037\310CTDa@\005"
 280      223E0228 
 280      0AE20B11 
 280      1FC84354 
 280      44614005 
 281 005a 14D9BFAA 		.ascii	"\024\331\277\252n\337{\273\271039\273}\370\351\372\253"
 281      6EDF7BBB 
 281      B9303339 
 281      BB7DF8E9 
 281      FAAB
 282 006c BEFAEAFF 		.ascii	"\276\372\352\377\377\372\353qoc\225Je\346T\2521\370"
 282      FFFAEB71 
 282      6F63954A 
 282      65E654AA 
 282      31F8
 283 007e F8BAAB54 		.ascii	"\370\272\253Tej\225\312\036\352\026\202@\265\352\023"
 283      656A95CA 
 283      1EEA1682 
 283      40B5EA13 
 284 008e A45255A8 		.ascii	"\244RU\250\330\207\324\257\004\375+\220?\202\374\011"
 284      D887D4AF 
 284      04FD2B90 
 284      3F82FC09 
 285 009e E4CF203C 		.ascii	"\344\317 <H,\010\374\251\342\221\312\352C\360Z\201\317"
 285      482C08FC 
 285      A9E291CA 
 285      EA43F05A 
 285      81CF
 286 00b0 19442F70 		.ascii	"\031D/pN\205\357\\\370\336\006\362\252\3207\023\261"
 286      4E85EF5C 
 286      F8DE06F2 
 286      AAD03713 
 286      B1
 287 00c1 312D63D8 		.ascii	"1-c\330~H\235^\201\353\020|\033\340\373S\301\326\205"
 287      7E489D5E 
 287      81EB107C 
 287      1BE0FB53 
 287      C1D685
 288 00d4 02A71924 		.ascii	"\002\247\031$\032\004C\3352\370\376\035\210\2170\006"
 288      1A0443DD 
 288      32F8FE1D 
 288      888F3006 
 289 00e4 E15A3981 		.ascii	"\341Z9\201\315\3047\2150N\004bc\020\3560\304\306!\360"
 289      CDC4378D 
 289      304E0462 
 289      6310EE30 
 289      C4C621F0 
 290 00f8 DF093C7F 		.ascii	"\337\011<\177\234\304w\022\237W'\260w\252`\363\177\201"
 290      9CC47712 
 290      9F5727B0 
 290      77AA60F3 
 290      7F81
 291 010a 3441B915 		.ascii	"4A\271\025\244K%\371 \217\015\361'\030$\017$\037d;\310"
 291      A44B25F9 
 291      208F0DF1 
 291      2718240F 
 291      241F643B 
ARM GAS  C:\Users\ajink\AppData\Local\Temp\cc3ycJru.s 			page 22


 292 011f 2B824F24 		.ascii	"+\202O$f\233e\276\275\0172\017\304\027\344?@f\203\004"
 292      669B65BE 
 292      BD0F320F 
 292      C417E43F 
 292      40668304 
 293 0133 82FC37C8 		.ascii	"\202\3747\310oA\374A>\007\371\265`\363\237\004?\312"
 293      6F41FC41 
 293      3E07F9B5 
 293      60F39F04 
 293      3FCA
 294 0145 D178FBFF 		.ascii	"\321x\373\377<\301\334Ybm\2113\247\222\306GB?\333\017"
 294      3CC1DC59 
 294      626D8933 
 294      A792C647 
 294      423FDB0F 
 295 0159 FF03B978 		.ascii	"\377\003\271x\005\256~\016\355=^\232\344p\217C\316\272"
 295      05AE7E0E 
 295      ED3D5E9A 
 295      E4708F43 
 295      CEBA
 296 016b DF13F5D9 		.ascii	"\337\023\365\331\252\276$\035\250z\235\236\250E\305"
 296      AABE241D 
 296      A87A9D9E 
 296      A845C5
 297 017a 152F9C31 		.ascii	"\025/\2341\207Hy\373\226;\227u\357\354\344y>\221\257"
 297      874879FB 
 297      963B9775 
 297      EFECE479 
 297      3E91AF
 298 018d 6E431245 		.ascii	"nC\022EI\327\272\014\204])h\315\321\323]\034\3761-\247"
 298      49D7BA0C 
 298      845D2968 
 298      CDD1D35D 
 298      1CFE312D 
 299 01a2 175E3FE2 		.ascii	"\027^?\342\200\337\246\345\352m=\351\034\236I\313\231"
 299      80DFA6E5 
 299      EA6D3DE9 
 299      1C9E49CB 
 299      99
 300 01b3 CD5D8318 		.ascii	"\315]\203\030\306\370\215\216#jU\321\326<\214\177M\233"
 300      C6F88D8E 
 300      236A55D1 
 300      D63C8C7F 
 300      4D9B
 301 01c5 46BB1AAF 		.ascii	"F\273\032\257:\2509\025\332\2130\372\251\033\245\337"
 301      3AA83915 
 301      DA8B30FA 
 301      A91BA5DF 
 302 01d5 3D7CEEBC 		.ascii	"=|\356\274\035\251+\203\272=\310\015\355CjR\277\252"
 302      1DA92B83 
 302      BA3DC80D 
 302      ED436A52 
 302      BFAA
 303 01e7 2AFFA213 		.ascii	"*\377\242\023\251\337\015\365\377\354\206\312Y\365\343"
 303      A9DF0DF5 
 303      FFEC86CA 
 303      59F5E3
ARM GAS  C:\Users\ajink\AppData\Local\Temp\cc3ycJru.s 			page 23


 304 01f6 17D58D5A 		.ascii	"\027\325\215ZR\275\013\252\337tC\373YuL\321\321\265"
 304      52BD0BAA 
 304      DF7443FB 
 304      59754CD1 
 304      D1B5
 305 0208 F630E86B 		.ascii	"\3660\350k:J\232R\237y\002Su\214\014\314\035<\332\336"
 305      3A4A9A52 
 305      9F790253 
 305      758C0CCC 
 305      1D3CDADE 
 306 021c EA88B49E 		.ascii	"\352\210\264\236\011<\037\313\367\305\306\340-\316*"
 306      093C1FCB 
 306      F7C5C6E0 
 306      2DCE2A
 307 022b F48E1B7A 		.ascii	"\364\216\033z\033l@\207\220\026\355D\357\240\303\310"
 307      1B6C4087 
 307      9016ED44 
 307      EFA0C3C8 
 308 023b 137D87D4 		.ascii	"\023}\207\324\350\000\030q\020\271\251\012 \026}\251"
 308      E8001871 
 308      10B9A90A 
 308      20167DA9 
 309 024b DB335D78 		.ascii	"\3333]x^M@*\202\222G\227\313=V\233\203\224i\321\021"
 309      5E4D402A 
 309      82924797 
 309      CB3D569B 
 309      839469D1 
 310 0260 609B8CB9 		.ascii	"`\233\214\271\355\221\006\241\012\000\224\202#\214\230"
 310      ED9106A1 
 310      0A009482 
 310      238C98
 311 026f 0E62097B 		.ascii	"\016b\011{|\301\323Q5^N\343V\337>4\240\247\263\370\212"
 311      7CC1D351 
 311      355E4EE3 
 311      56DF3E34 
 311      A0A7B3F8 
 312 0284 3CC27A16 		.ascii	"<\302z\026\341\301\254\242~\015\376\222\"7\235\315J"
 312      E1C1ACA2 
 312      7E0DFE92 
 312      22379DCD 
 312      4A
 313 0295 B5C3DFD2 		.ascii	"\265\303\337\322r\332\235\364Kj\234\210\220<@\356,@"
 313      72DA9DF4 
 313      4B6A9C88 
 313      903C40EE 
 313      2C40
 314 02a7 9B7B86BE 		.ascii	"\233{\206\276\323Rul\014\023W\362o^\270\343\200<u\324"
 314      D352756C 
 314      0C1357F2 
 314      6F5EB8E3 
 314      803C75D4 
 315 02bb E9D2AEAB 		.ascii	"\351\322\256\253\377H\234>\215t\250Z2\217\364%\237D"
 315      FF489C3E 
 315      8D74A85A 
 315      328FF425 
 315      9F44
 316 02cd E22E1FC7 		.ascii	"\342.\037\307\333\025\203\273\225\340\3231\360\011\235"
ARM GAS  C:\Users\ajink\AppData\Local\Temp\cc3ycJru.s 			page 24


 316      DB1583BB 
 316      95E0D331 
 316      F0099D
 317 02dc 0227DD75 		.ascii	"\002'\335u\024\213N@\345I\250\004\342\375\355\217\222"
 317      148B4E40 
 317      E549A804 
 317      E2FDED8F 
 317      92
 318 02ed 7516E291 		.ascii	"u\026\342\221\332\224\327\010q\015\020\037\227\210a"
 318      DA94D708 
 318      710D101F 
 318      978861
 319 02fc 9CC998BF 		.ascii	"\234\311\230\277Wf\276zj \333\316\302\\V?\366Q,?\033"
 319      5766BE7A 
 319      6A20DBCE 
 319      C25C563F 
 319      F6512C3F 
 320 0311 D5017395 		.ascii	"\325\001s\225\304\\39s\255\"3z\274\276c\304\011\257"
 320      C45C3339 
 320      73AD2233 
 320      7ABCBE63 
 320      C409AF
 321 0324 C72CA495 		.ascii	"\307,\244\225\331\351l\011\361V\223\241g\223Q\233\267"
 321      D9E96C09 
 321      F15693A1 
 321      6793519B 
 321      B7
 322 0335 AA00E30C 		.ascii	"\252\000\343\014\206=\032\227\231\303a3S\352\217\327"
 322      863D1A97 
 322      99C36133 
 322      53EA8FD7 
 323 0345 BFE4F077 		.ascii	"\277\344\360wLi:\327|\217\246y\003Mg:\011/\252\257\235"
 323      4C693AD7 
 323      7C8FA679 
 323      034D673A 
 323      092FAAAF 
 324 035a 5093BAF3 		.ascii	"P\223\272\363,\227\033i.sM7N\027\253'J\326&!\245.\202"
 324      2C971B69 
 324      2E734D37 
 324      4E17AB27 
 324      4AD62621 
 325 0371 E5176C53 		.ascii	"\345\027lS\252\241\326\236G\0042>U\037\245\215<wF\236"
 325      AAA1D69E 
 325      4704323E 
 325      551FA58D 
 325      3C77469E 
 326 0385 5A8A6BF9 		.ascii	"Z\212k\371\\\213.\003\3219)PM\226\324S\312\345K0\330"
 326      5C8B2E03 
 326      D1392950 
 326      4D96D453 
 326      CAE54B30 
 327 039a 4403831F 		.ascii	"D\003\203\037\335\303\367w8\341\032\346\350\315\261"
 327      DDC3F777 
 327      38E11AE6 
 327      E8CDB1
 328 03a9 E1183B5C 		.ascii	"\341\030;\\\317\224\244\222\216/p++\367U\254\352\300"
 328      CF94A492 
ARM GAS  C:\Users\ajink\AppData\Local\Temp\cc3ycJru.s 			page 25


 328      8E2F702B 
 328      2BF755AC 
 328      EAC0
 329 03bb B88729B7 		.ascii	"\270\207)\267\256\014\356\246\253\373\232\024\216\342"
 329      AE0CEEA6 
 329      ABFB9A14 
 329      8EE2
 330 03c9 9ED1661A 		.ascii	"\236\321f\032\242f\026\216\026\026\216\213\347:z\365"
 330      A266168E 
 330      16168E8B 
 330      E73A7AF5 
 331 03d9 1385A355 		.ascii	"\023\205\243U\260\352\006Xu\3356\034\267h8Z\225\302"
 331      B0EA0658 
 331      75DD361C 
 331      B768385A 
 331      95C2
 332 03eb 91D798BA 		.ascii	"\221\327\230\272{\202\030\243[\3005)\357}\010\337M\000"
 332      7B8218A3 
 332      5BC03529 
 332      EF7D08DF 
 332      4D00
 333 03fd 5C95C2D7 		.ascii	"\\\225\302\327*[\271\215\325\255\3071\036a\216\0165"
 333      2A5BB98D 
 333      D5ADC731 
 333      1E618E0E 
 333      35
 334 040e 542EC1AB 		.ascii	"T.\301\253\324\264\334\220u7^\207\3273%\373br\211#\316"
 334      D4B4DC90 
 334      75375E87 
 334      D73325FB 
 334      62728923 
 335 0423 674AFE93 		.ascii	"gJ\376\223\230rg\342z\273,;6\2444\320\020\335a\341\350"
 335      987267E2 
 335      7ABB2C3B 
 335      36A434D0 
 335      10DD61E1 
 336 0438 60E1B899 		.ascii	"`\341\270\231\373([;Q8\272\004\263\357\202\331\235\343"
 336      FB285B3B 
 336      5138BA04 
 336      B3EF82D9 
 336      9DE3
 337 044a 361C1A8E 		.ascii	"6\034\032\216.\245p\334?<|\332a\202p\334\003\256Iy\207"
 337      2EA570DC 
 337      3F3C7CDA 
 337      618270DC 
 337      03AE4979 
 338 045f 211CDD00 		.ascii	"!\034\335\000h\223\302\321%\013Gyks\246\006\2273G\033"
 338      6893C2D1 
 338      250B4779 
 338      6B73A606 
 338      9733471B 
 339 0473 4B0F7E8B 		.ascii	"K\017~\213+X\371\321\231\343\207\265\270\226)\373\317"
 339      2B58F9D1 
 339      99E387B5 
 339      B89629FB 
 339      CF
 340 0484 7699E9D1 		.ascii	"v\231\351\321\320C\275\245V\035\333\331\376L7\221\253"
ARM GAS  C:\Users\ajink\AppData\Local\Temp\cc3ycJru.s 			page 26


 340      D043BDA5 
 340      561DDBD9 
 340      FE4C3791 
 340      AB
 341 0495 BD82498F 		.ascii	"\275\202I\217\300\244\207\343v\355\270\236\3451\260"
 341      C0A487E3 
 341      76EDB89E 
 341      E531B0
 342 04a4 1BF42A39 		.ascii	"\033\364*9\233\321\270\243i\202\010\242>`\233\214\271"
 342      9BD1B8A3 
 342      698208A2 
 342      3E609B8C 
 342      B9
 343 04b5 AD32588B 		.ascii	"\2552X\213\036\003\340\201\344l\257\314\331\023O2\274"
 343      1E03E081 
 343      E46CAFCC 
 343      D9134F32 
 343      BC
 344 04c6 700B7369 		.ascii	"p\013si\353\263s5.t\343x\203\250\317\357\364\306;\342"
 344      EBB37335 
 344      2E74E378 
 344      83A8CFEF 
 344      F4C63BE2 
 345 04da 76D65651 		.ascii	"v\326VQ6x\336\221\266\271\023um\366\275\313Z|\227\265"
 345      3678DE91 
 345      B6B91375 
 345      6DF6BDCB 
 345      5A7C97B5 
 346 04ee DD7E76FB 		.ascii	"\335~v\373\244=m\363\"\352\221\364\272-\032\272\337"
 346      A43D6DF3 
 346      22EA91F4 
 346      BA2D1ABA 
 346      DF
 347 04ff D093EE68 		.ascii	"\320\223\356h\341\376\033\030?`\320\344\354\374k:<\304"
 347      E1FE1B18 
 347      3F60D0E4 
 347      ECFC6B3A 
 347      3CC4
 348 0511 94824D19 		.ascii	"\224\202M\031\273\354(PK\267\237\033)\311v8\326\216"
 348      BBEC2850 
 348      4BB79F1B 
 348      29C97638 
 348      D68E
 349 0523 6D4CDDB1 		.ascii	"mL\335\261-\366x\035S\206\036t?Dx\023S\312n\236\372"
 349      2DF6781D 
 349      53861E74 
 349      3F447813 
 349      53CA6E9E 
 350 0538 0A3A6974 		.ascii	"\012:it\340\035?D\256\267\350[\250>s\251\361\202\035"
 350      E01D3F44 
 350      AEB7E85B 
 350      A83E73A9 
 350      F1821D
 351 054b AD2755F6 		.ascii	"\255'U\366$n\303\247\017\357\321 \235g\"A\246\305\361"
 351      246EC3A7 
 351      0FEFD120 
 351      9D672241 
ARM GAS  C:\Users\ajink\AppData\Local\Temp\cc3ycJru.s 			page 27


 351      A6C5F1
 352 055e 0E7510B7 		.ascii	"\016u\020\267A\010\3163\262\225\306p\236\000f[\351K"
 352      4108CE33 
 352      B295C670 
 352      9E00665B 
 352      E94B
 353 0570 A81CB3CC 		.ascii	"\250\034\263\314EiW.=LxN\207F\245\250it\342\204\264"
 353      4569572E 
 353      3D4C784E 
 353      8746A5A8 
 353      6974E284 
 354 0585 1CC83BE2 		.ascii	"\034\310;\342,\036\021\335\215\257\022x\034\300_Hp\350"
 354      2C1E11DD 
 354      8DAF1278 
 354      1CC05F48 
 354      70E8
 355 0597 2D6EE40A 		.ascii	"-n\344\012\243\307*\214\016\314;b\216\266p\342\021\321"
 355      A3C72A8C 
 355      0ECC3B62 
 355      8EB670E2 
 355      11D1
 356 05a9 93FF1B72 		.ascii	"\223\377\033rD\254\002\346\347\022s\334\344\314\361"
 356      44AC02E6 
 356      E71273DC 
 356      E4CCF1
 357 05b8 8ACCA8A8 		.ascii	"\212\314\250\250\272\3414Y\235*J\367\031\235\232=77"
 357      BAE13459 
 357      9D2A4AF7 
 357      199D9A3D 
 357      3737
 358 05ca F43BE35C 		.ascii	"\364;\343\\\026\327\301\326\252n-.eJ\302\256\233\265"
 358      16D7C1D6 
 358      AA6E2D2E 
 358      654AC2AE 
 358      9BB5
 359 05dc 6A7C8029 		.ascii	"j|\200)5\367\253R\330i\316k\344w4=\273\243\235\254X"
 359      35F7AB52 
 359      D869CE6B 
 359      E477343D 
 359      BBA39DAC 
 360 05f1 9DA3C695 		.ascii	"\235\243\306\225vV\307\366Tvl\337\316\032.p\240*\231"
 360      7656C7F6 
 360      54766CDF 
 360      CE1A2E70 
 360      A02A99
 361 0604 15175275 		.ascii	"\025\027Ru\274j\250F\207\353\030|mb\333\031\035n\242"
 361      BC6AA846 
 361      87EB187C 
 361      6D62DB19 
 361      1D6EA2
 362 0617 0A577797 		.ascii	"\012Ww\227\337.\206\265\264\260\375\3038p>\035\254M"
 362      DF2E86B5 
 362      B4B0FDC3 
 362      38703E1D 
 362      AC4D
 363 0629 E344E7A7 		.ascii	"\343D\347\247\312\217\307q\276\257\007\337\247\012\276"
 363      CA8FC771 
ARM GAS  C:\Users\ajink\AppData\Local\Temp\cc3ycJru.s 			page 28


 363      BEAF07DF 
 363      A70ABE
 364 0638 AFE3DC50 		.ascii	"\257\343\334P\012G\243\372\375\213\252x;\226\010\012"
 364      0A47A3FA 
 364      FD8BAA78 
 364      3B96080A 
 365 0648 9D362A74 		.ascii	"\2356*tb3\273:\235\036\376\033\300\204T\311\204tN\314"
 365      6233BB3A 
 365      9D1EFE1B 
 365      C08454C9 
 365      84744ECC 
 366 065c 04D47BB2 		.ascii	"\004\324{\262\340k]\"9\247\377&ZrM\332:\366\004\343"
 366      E06B5D22 
 366      39A7FF26 
 366      5A724DDA 
 366      3AF604E3 
 367 0670 1BCCFDCC 		.ascii	"\033\314\375\314\341=\260\247\266\011\312\326\332V5"
 367      E13DB0A7 
 367      B609CAD6 
 367      DA5635
 368 067f EE1402D3 		.ascii	"\356\024\002\323x9\325\001\337gJ\321\306gI.\370\021"
 368      7839D501 
 368      DF674AD1 
 368      C667492E 
 368      F811
 369 0691 53869F5F 		.ascii	"S\206\237_n\341p?S\316^\275\223o\207\237\330Y\255_="
 369      6EE1703F 
 369      53CE5EBD 
 369      936F879F 
 369      D859AD5F 
 370 06a6 5BBFCFB2 		.ascii	"[\277\317\262\342\342\\\360s\326f\3361:\346\214c4V\213"
 370      E2E25CF0 
 370      73D666DE 
 370      313AE68C 
 370      6334568B 
 371 06ba 59CF1673 		.ascii	"Y\317\026s\366\211\007MN8\201\265\015\264\307\276Dx"
 371      F689074D 
 371      4E3881B5 
 371      0DB4C7BE 
 371      4478
 372 06cc 0D538ADB 		.ascii	"\015S\212\333\033\322\235(\360-\242\346n\034\366\301"
 372      1BD29D28 
 372      F02DA2E6 
 372      6E1CF6C1 
 373 06dc 29ACE948 		.ascii	")\254\351H\177\362\240\026\247k\254v\000=\333\001R\312"
 373      7FF2A016 
 373      A76BAC76 
 373      003DDB01 
 373      52CA
 374 06ee 0A069821 		.ascii	"\012\006\230!\230\262\344\3358\207u\262l\205\0061N*"
 374      98B2E4DD 
 374      388775B2 
 374      6C850631 
 374      4E2A
 375 0700 544CE289 		.ascii	"TL\342\211\336rC;X\204rz.\354t\231\222F\341<\357n\242"
 375      DE72433B 
 375      5884727A 
ARM GAS  C:\Users\ajink\AppData\Local\Temp\cc3ycJru.s 			page 29


 375      2EEC7499 
 375      9246E13C 
 376 0717 F13F0BF0 		.ascii	"\361?\013\360z\012/\341\246X:\321\213\341\225\342>{"
 376      7A0A2FE1 
 376      A6583AD1 
 376      8BE195E2 
 376      3E7B
 377 0729 397AD364 		.ascii	"9z\323d\3505\031\033k\020\316`V_\211\271{\225\303\231"
 377      E835191B 
 377      6B10CE60 
 377      565F89B9 
 377      7B95C399 
 378 073d 4C29DF5E 		.ascii	"L)\337^x\220%\365l\352Bs\323\025{\234+\304k_\332\260"
 378      789025F5 
 378      6CEA4273 
 378      D3157B9C 
 378      2BC46B5F 
 379 0753 336DFB90 		.ascii	"3m\373\220\250g\016\254\253\326\341\355\254m\264\264"
 379      A8670EAC 
 379      ABD6E1ED 
 379      AC6DB4B4 
 380 0763 7388C3C5 		.ascii	"s\210\303\305L\351\256z\310s\024\270\220^\032z\327\335"
 380      4CE9AE7A 
 380      C87314B8 
 380      905E1A7A 
 380      D7DD
 381 0775 8625653D 		.ascii	"\206%e=\2003\033`M\362\2761\373\211\203r\300\022\224"
 381      80331B60 
 381      4DF2BE31 
 381      FB898372 
 381      C01294
 382 0788 B7694C62 		.ascii	"\267iLbr\012\333\260\340\245\331\022\223\357 \253F("
 382      720ADBB0 
 382      E0A5D912 
 382      93EF20AB 
 382      4628
 383 079a FA20F5F2 		.ascii	"\372 \365\362\200\305\313\376k\361\215\216r\364\246"
 383      80C5CBFE 
 383      6BF18D8E 
 383      72F4A6
 384 07a9 C9D0E79F 		.ascii	"\311\320\347\237\026\347h\360>feb\345\306\"\026\206"
 384      16E768F0 
 384      3E666562 
 384      E5C62216 
 384      86
 385 07ba 4F417DAD 		.ascii	"OA}\255\265q\365\036'\344\301>\256\036\262\217\247\207"
 385      B571F51E 
 385      27E4C13E 
 385      AE1EB28F 
 385      A787
 386 07cc 998F8FEB 		.ascii	"\231\217\217\353"
 387 07d0 7B5461FE 		.ascii	"{Ta\376EE9_\035\217\351 \373`\231\234\340\\\245UP\316"
 387      4545395F 
 387      1D8FE920 
 387      FB60999C 
 387      E05CA555 
 388 07e6 91117F06 		.ascii	"\221\021\177\006\377T\004o\276\275[S\347E\241{m\241"
ARM GAS  C:\Users\ajink\AppData\Local\Temp\cc3ycJru.s 			page 30


 388      FF54046F 
 388      BEBD5B53 
 388      E745A17B 
 388      6DA1
 389 07f8 7B287410 		.ascii	"{(t\020\211\330F\021\233k\2135\333\320\326\213\320L"
 389      89D84611 
 389      9B6B8B35 
 389      DBD0D68B 
 389      D04C
 390 080a 5B28CB03 		.ascii	"[(\313\003\011z]\204\026\330B\267\333Z\320 b\267\331"
 390      097A5D84 
 390      16D842B7 
 390      DB5AD020 
 390      62B7D9
 391 081d 62736CB1 		.ascii	"bsl\261\347El\2662\226\232\260^H\324\331&\025Z\0033"
 391      E7456CB6 
 391      32969AB0 
 391      5E48D4D9 
 391      26155A03 
 392 0832 924C9B08 		.ascii	"\222L\233\010\232\234\340\015\260g\234\342<\320I\220"
 392      9A9CE00D 
 392      B0679CE2 
 392      3CD04990 
 393 0842 3320A741 		.ascii	"3 \247A\216\201\234\005\251\0069\016R\011R\003r\036"
 393      8E819C05 
 393      A906390E 
 393      52095203 
 393      721E
 394 0854 A40AA416 		.ascii	"\244\012\244\026\244\036\344\034\310\367 GA\216\200"
 394      A41EE41C 
 394      C8F72047 
 394      418E80
 395 0863 3482D471 		.ascii	"4\202\324q\036t\247\242\006\326\211\006n\2665\360-\033"
 395      1E74A7A2 
 395      06D68906 
 395      6EB635F0 
 395      2D1B
 396 0875 5F8E8BD0 		.ascii	"_\216\213\320\014E\250\024\315\263\"r\253-\222%\233"
 396      0C45A814 
 396      CDB32272 
 396      AB2D9225 
 396      9B
 397 0886 8CF59688 		.ascii	"\214\365\226\210-S\236{\211\366\232\010\315S\236z\031"
 397      2D539E7B 
 397      89F69A08 
 397      CD539E7A 
 397      19
 398 0897 6DAB882D 		.ascii	"m\253\210-\264\305\026Y\321\306\230\037\274\013\310"
 398      B4C51659 
 398      D1C6981F 
 398      BC0BC8
 399 08a6 43DC1474 		.ascii	"C\334\024tX@Z\026\005\252\2601\340\214H\272E\331/\011"
 399      58405A16 
 399      05AAB031 
 399      E08C48BA 
 399      45D92F09 
 400 08ba 7A4E8466 		.ascii	"zN\204f)\347\236hk\214\371\0061`'\030P*@-;\225`\252"
ARM GAS  C:\Users\ajink\AppData\Local\Temp\cc3ycJru.s 			page 31


 400      29E79E68 
 400      6B8CF906 
 400      31602718 
 400      502A402D 
 401 08d2 CCAD9B22 		.ascii	"\314\255\233\"\355.[\332\335\266\330\026\021\233\257"
 401      ED2E5BDA 
 401      DDB6D816 
 401      119BAF
 402 08e1 9CD3D45A 		.ascii	"\234\323\324Zz\037\254\332\255\201K5@l\356\231\204\247"
 402      7A1FACDA 
 402      AD814B35 
 402      406CEE99 
 402      84A7
 403 08f3 EDFEEE06 		.ascii	"\355\376\356\006=/0\355W^\312lT8Tk\373*^b\344\352\251"
 403      3D2F30ED 
 403      575ECA6C 
 403      5438546B 
 403      FB2A5E62 
 404 090a 94D1A809 		.ascii	"\224\321\250\011\022\371\377;\251\251;=\021Zt\001\006"
 404      12F9FF3B 
 404      A9A93B3D 
 404      115A7401 
 404      06
 405 091b 5A2B9DCF 		.ascii	"Z+\235\317\3047\313\371|,\267\246\337^\277F:\367)X\332"
 405      C437CBF9 
 405      7C2CB7A6 
 405      DF5EBF46 
 405      3AF72958 
 406 0930 662F727A 		.ascii	"f/rz\001\271\177\343\275vg\374\230\356\202?9\034\373"
 406      01B97FE3 
 406      BD7667FC 
 406      98EE823F 
 406      391CFB
 407 0943 F0A43DF2 		.ascii	"\360\244=\362\360T\353]=\364l\267\363\360t\205\217\207"
 407      F054EB5D 
 407      3DF46CB7 
 407      F3F07485 
 407      8F87
 408 0955 C7EBAFAB 		.ascii	"\307\353\257\253\365z\275\207'\331\377\370X\270\243"
 408      F57ABD87 
 408      27D9FFF8 
 408      58B8A3
 409 0964 75AFD810 		.ascii	"u\257\330\020\307\027\274\201\256sz\224\004VtN\260\260"
 409      C717BC81 
 409      AE737A94 
 409      0456744E 
 409      B0B0
 410 0976 A8B92FC3 		.ascii	"\250\271/\303\264\350.\000\022%s\273,\346\222\273Y3"
 410      B4E82E00 
 410      122573BB 
 410      2CE692BB 
 410      5933
 411 0988 90C0DD4C 		.ascii	"\220\300\335Ln\3605+\203\233\231\301\362\240\357\200"
 411      6EF0352B 
 411      839B99C1 
 411      F2A0EF80 
 412 0998 C66232D8 		.ascii	"\306b2\330m\010t\247\020\364~(\337\203`\335\000\271"
ARM GAS  C:\Users\ajink\AppData\Local\Temp\cc3ycJru.s 			page 32


 412      6D0874A7 
 412      10F47E28 
 412      DF8360DD 
 412      00B9
 413 09aa 0C7253DC 		.ascii	"\014rS\334\011\370\330\266\222\222FG~\213\027}&\274"
 413      09F8D8B6 
 413      92924647 
 413      7E8B177D 
 413      26BC
 414 09bc 0D174B30 		.ascii	"\015\027K0\301\362<A\015~\207\330+\267\241\303\312\206"
 414      C1F23C41 
 414      0D7E87D8 
 414      2BB7A1C3 
 414      CA86
 415 09ce EBCC0642 		.ascii	"\353\314\006BenH\322\024{\321\227\030\003\002\221\370"
 415      656E48D2 
 415      147BD197 
 415      18030291 
 415      F8
 416 09df AEC26A53 		.ascii	"\256\302jS\001hV\262\005z\006\2610YC+Eh\333\236\372"
 416      016856B2 
 416      057A06B1 
 416      3059432B 
 416      4568DB9E 
 417 09f4 469A8730 		.ascii	"F\232\2070=\350\222mL\255\326\037\200s\004o\310\013"
 417      3DE8926D 
 417      4CADD61F 
 417      8073046F 
 417      C80B
 418 0a06 822B0ADE 		.ascii	"\202+\012\336\210\271\337\227\332\261\355\237\310\205"
 418      88B9DF97 
 418      DAB1ED9F 
 418      C885
 419 0a14 8E84B444 		.ascii	"\216\204\264D\272PwZf\200\315h\375\236?\014\304\362"
 419      BA50775A 
 419      6680CD68 
 419      FD9E3F0C 
 419      C4F2
 420 0a26 6BDFA08F 		.ascii	"k\337\240\217M\375\012\204\177\221|\272%\272\377D\321"
 420      4DFD0A84 
 420      7F917CBA 
 420      25BAFF44 
 420      D1
 421 0a37 FDA7481A 		.ascii	"\375\247H\032\374T\373lr\233\177\010>\015\311\036\306"
 421      FC54FB6C 
 421      729B7F08 
 421      3E0DC91E 
 421      C6
 422 0a48 5830C529 		.ascii	"X0\305)5\223)\025w\205+0\215]lJ\3419\037\346\261\005"
 422      35932915 
 422      77852B30 
 422      8D5D6C4A 
 422      E1391FE6 
 423 0a5e A41BA40D 		.ascii	"\244\033\244\015\244\025\344\016\310_@\036\013\363\253"
 423      A415E40E 
 423      C85F401E 
 423      0BF3AB
ARM GAS  C:\Users\ajink\AppData\Local\Temp\cc3ycJru.s 			page 33


 424 0a6d 98182542 		.ascii	"\230\030%B\274'K\014yG\351\372$\214\215\372\240\327"
 424      BC274B0C 
 424      7947E9FA 
 424      248C8DFA 
 424      A0D7
 425 0a7f DF3BBC92 		.ascii	"\337;\274\222\023\1773\021\233\212\322Ra*\310\343\372"
 425      137F3311 
 425      9B8AD252 
 425      612AC8E3 
 425      FA
 426 0a90 7D85A990 		.ascii	"}\205\251\220r\306\234\332c\007I@^P\036\025\334\035"
 426      72C69CDA 
 426      63074940 
 426      5E501E15 
 426      DC1D
 427 0aa2 97049B84 		.ascii	"\227\004\233\204\333\326+j\264\3605YB\337\347^\207\377"
 427      DBD62B6A 
 427      B4F03559 
 427      42DFE75E 
 427      87FF
 428 0ab4 5739F524 		.ascii	"W9\365$\230\007\024\323C1\226\225\232\300Y/U\340\221"
 428      980714D3 
 428      43319695 
 428      9AC0592F 
 428      55E091
 429 0ac7 D2B41D3C 		.ascii	"\322\264\035<\205\311\025\346y\"\230j\002\314\003+\314"
 429      85C915E6 
 429      7922986A 
 429      02CC032B 
 429      CC
 430 0ad8 2369C5B5 		.ascii	"#i\305\265\2758SC\327\006\324\241\325\034\013\211\342"
 430      BD385343 
 430      D706D4A1 
 430      D51C0B89 
 430      E2
 431 0ae9 994B379C 		.ascii	"\231K7\234\255%d\273\357\032\267\335\323\306\344d\322"
 431      AD2564BB 
 431      EF1AB7DD 
 431      D3C6E464 
 431      D2
 432 0afa D8A97016 		.ascii	"\330\251p\026\3008\017K\330\032$\371:\214\024\307\241"
 432      C0380F4B 
 432      D81A24F9 
 432      3A8C14C7 
 432      A1
 433 0b0b 41259120 		.ascii	"A%\221 \017\354\317\333/\253_\237(z\0034z\237\251\331"
 433      0FECCFDB 
 433      2FAB5F9F 
 433      287A0334 
 433      7A9FA9D9 
 434 0b1f 5E7BAFB5 		.ascii	"^{\257\265\243\016\343\001v\343\334y\262\374\037\334"
 434      A30EE301 
 434      76E3DC79 
 434      B2FC1FDC 
 435 0b2f B7F1D57B 		.ascii	"\267\361\325{\373R\217\035\376qF\\l\001\33766\366\023"
 435      FB528F1D 
 435      FE71465C 
ARM GAS  C:\Users\ajink\AppData\Local\Temp\cc3ycJru.s 			page 34


 435      6C01DF36 
 435      36F613
 436 0b42 DE9D7442 		.ascii	"\336\235tB\203\342F\251\"ej\036z\302\271\223\313\366"
 436      83E246A9 
 436      22656A1E 
 436      7AC2B993 
 436      CBF6
 437 0b54 85DC321D 		.ascii	"\205\3342\035\206}\232>\260f\364&\253\201\306\274\227"
 437      867D9A3E 
 437      B066F426 
 437      AB81C6BC 
 437      97
 438 0b65 DFCA9B39 		.ascii	"\337\312\2339\036\2366y\216F\372\251\214\341\251\205"
 438      1E9E3679 
 438      8E46FAA9 
 438      8CE1A985 
 439 0b75 E1196598 		.ascii	"\341\031e\230\334\346!+\233\023^t\2478\342F6\332\246"
 439      DCE6212B 
 439      9B135E74 
 439      A738E246 
 439      36DAA6
 440 0b88 9ACE231A 		.ascii	"\232\316#\032:\232\371\372vM\035_=6\366\036\301\243"
 440      3A9AF9FA 
 440      764D1D5F 
 440      3D36F61E 
 440      C1A3
 441 0b9a 61D960C3 		.ascii	"a\331`\303\226\301F\230\271C#\243N\370\006#\310\251"
 441      96C14698 
 441      B94323A3 
 441      4EF80623 
 441      C8A9
 442 0bac BBDEE1C0 		.ascii	"\273\336\341\300\010\016\027Z\010\210\265\317e\004\317"
 442      080E175A 
 442      0888B5CF 
 442      6504CF
 443 0bbb 2D042F28 		.ascii	"-\004/(AWq}\024~\300\372w\356\310M\342X\377]%\362\376"
 443      4157717D 
 443      147EC0FA 
 443      77EEC84D 
 443      E258FF5D 
 444 0bd2 A3B2FEA3 		.ascii	"\243\262\376\243\226\376/i\377\304\234\253\335j<\314"
 444      96FE2F69 
 444      FFC49CAB 
 444      DD6A3CCC 
 445 0be2 085EE63E 		.ascii	"\010^\346>i\3272\202:+\2021\031\301\230\205\200\307"
 445      69D73282 
 445      3A2B8231 
 445      19C19885 
 445      80C7
 446 0bf4 94A0F96E 		.ascii	"\224\240\371n\221\003N\322\262\327\246\333z\366;\003"
 446      91034ED2 
 446      B2D7A6DB 
 446      7AF63B03 
 447 0c04 411BD9D9 		.ascii	"A\033\331\331vx\257\217Kc\363FW\023\212\301\022\013"
 447      7678AF8F 
 447      4B63F346 
 447      57138AC1 
ARM GAS  C:\Users\ajink\AppData\Local\Temp\cc3ycJru.s 			page 35


 447      120B
 448 0c16 94194B2C 		.ascii	"\224\031K,e)NO\250\262\303\233\031\313\311\313\235G"
 448      65294E4F 
 448      A8B2C39B 
 448      19CBC9CB 
 448      9D47
 449 0c28 746FE6F1 		.ascii	"to\346\361mf\230\375b}V,<I\360\374\313\367\3060\335"
 449      6D6698FD 
 449      627D562C 
 449      3C49F0FC 
 449      CBF7C630 
 450 0c3d A4E3188D 		.ascii	"\244\343\030\215\270\223\251H\015\345\212\307oB\367"
 450      B893A948 
 450      0DE58AC7 
 450      6F42F7
 451 0c4c 91559712 		.ascii	"\221U\227\0228\372LUM\177Y\310lhN\262\3039\214;\366"
 451      38FA4C55 
 451      4D7F59C8 
 451      6C684EB2 
 451      C3398C3B 
 452 0c61 C2C30E17 		.ascii	"\302\303\016\027\\\302\024>\265;\036\343]LIJ\217\353"
 452      5CC2143E 
 452      B53B1EE3 
 452      5D4C494A 
 452      8FEB
 453 0c73 D6E27D4C 		.ascii	"\326\342}L\271T\234\226\250\305\007\2302\334\320}\000"
 453      B9549C96 
 453      A8C50798 
 453      32DCD07D 
 453      00
 454 0c84 E32AA61C 		.ascii	"\343*\246\034H\355\316U\343Z\246|\337\234p_\203\033"
 454      48EDCE55 
 454      E35AA67C 
 454      DF9C705F 
 454      831B
 455 0c96 98D2B263 		.ascii	"\230\322\262c\365\006-\276\312\224\365\205\033\0238"
 455      F5062DBE 
 455      CA94F585 
 455      1B1338
 456 0ca5 7C8B29C7 		.ascii	"|\213)\307k\032\362\035p\007U\364\251\353\007\315\010"
 456      6B1AF21D 
 456      700755F4 
 456      A9EB07CD 
 456      08
 457 0cb6 B9CA9E99 		.ascii	"\271\312\236\231\344\373\343*\354&\334\316\326c\266"
 457      E4FBE32A 
 457      EC26DCCE 
 457      D663B6
 458 0cc5 3966614F 		.ascii	"9faO\224\216=\320\006\220\255 \031 \233A6\202d\203d"
 458      948E3DD0 
 458      0690AD20 
 458      19209B41 
 458      36826483 
 459 0cda 826C01D9 		.ascii	"\202l\001\331\204\245k}_\343\245\2669\351\205\011\226"
 459      84A56B7D 
 459      5FE3A5B6 
 459      39E98509 
ARM GAS  C:\Users\ajink\AppData\Local\Temp\cc3ycJru.s 			page 36


 459      96
 460 0ceb 6BDB6A08 		.ascii	"k\333j\010\031\341\233\350\302>\334\024byXKT\204\312"
 460      19E19BE8 
 460      C23EDC14 
 460      6279584B 
 460      5484CA
 461 0cfe AE95A312 		.ascii	"\256\225\243\022v\255-\326\346j\033gN\272$\202\323l"
 461      76AD2DD6 
 461      E66A1B67 
 461      4EBA2482 
 461      D36C
 462 0d10 C1E3EEEC 		.ascii	"\301\343\356\354\317%\3465\266\340q\317\015/$p\262\262"
 462      CF25E635 
 462      B6E071CF 
 462      0D2F2470 
 462      B2B2
 463 0d22 19927B89 		.ascii	"\031\222{\211\222\025\251\312VH\330\021\2117I\331\010"
 463      9215A9CA 
 463      5648D811 
 463      893749D9 
 463      08
 464 0d33 093B2661 		.ascii	"\011;&aSl\261\362GA\366\342\272)\204\\3\000\244t\311"
 464      536CB1F2 
 464      4741F6E2 
 464      BA29845C 
 464      3300A474 
 465 0d48 7ED95480 		.ascii	"~\331T\200`\217:\211(\333:e\266\237\011\267\354\366"
 465      608F3A89 
 465      28DB3A65 
 465      B69F09B7 
 465      ECF6
 466 0d5a 864363CE 		.ascii	"\206Cc\316\310\323\225\362f_\322\303~\275\015\320\011"
 466      C8D395F2 
 466      665FD2C3 
 466      7EBD0DD0 
 466      09
 467 0d6b E2FAA2A3 		.ascii	"\342\372\242\243\214;{-\271\205r \245~hz\221\267Ayw"
 467      8C3B7B2D 
 467      B9857220 
 467      A57E687A 
 467      91B74179 
 468 0d80 47B456F7 		.ascii	"G\264V\367\347mX~\025\314\305\364`\"\337\344}\307\226"
 468      E76D587E 
 468      15CCC5F4 
 468      6022DFE4 
 468      7DC796
 469 0d93 EA356A2B 		.ascii	"\3525j+\364\200\3251f\026\320f\212\036\252\274]\247"
 469      F480D531 
 469      6616D066 
 469      8A1EAABC 
 469      5DA7
 470 0da5 D10A2FB5 		.ascii	"\321\012/\265\223&\370\371Fe\365\333\015\312\303ZrW"
 470      9326F8F9 
 470      4665F5DB 
 470      0DCAC35A 
 470      7257
 471 0db7 2F68EAD5 		.ascii	"/h\352\325)\366\224\375\024\242\262\372\035\004\345"
ARM GAS  C:\Users\ajink\AppData\Local\Temp\cc3ycJru.s 			page 37


 471      29F694FD 
 471      14A2B2FA 
 471      1D04E5
 472 0dc6 D39E872A 		.ascii	"\323\236\207*\007\262\\\024{\312~5PY\375d\200\266\323"
 472      07B25C14 
 472      7BCA7E35 
 472      5059FD64 
 472      80B6D3
 473 0dd9 9E75A539 		.ascii	"\236u\2459\277\307\033\034\310\272Vwd\357=\350\202<"
 473      BFC71B1C 
 473      C8BA5677 
 473      64EF3DE8 
 473      823C
 474 0deb DDDCE8AB 		.ascii	"\335\334\350\253\312D\270\324\025c\035*\020\3669\366"
 474      CA44B8D4 
 474      15631D2A 
 474      10F639F6 
 475 0dfb D902F543 		.ascii	"\331\002\365C\357\221\006(j\3517}\375\330\227\316\343"
 475      EF910628 
 475      6AE9377D 
 475      FDD897CE 
 475      E3
 476 0e0c 37C4510B 		.ascii	"7\304Q\013aJH\023\\\326`\306\2120}\331\323\276\241?"
 476      614A4813 
 476      5CD660C6 
 476      8A307DD9 
 476      D3BEA13F 
 477 0e20 C94E27A0 		.ascii	"\311N'\240\023\377\032:7\245|XC\367\300\345D\335\227"
 477      13FF1A3A 
 477      37A57C58 
 477      43F7C0E5 
 477      44DD97
 478 0e33 D7FA8CFD 		.ascii	"\327\372\214\375\326\352L\324\207\345\346\032-U\235"
 478      D6EA4CD4 
 478      87E5E61A 
 478      2D559D
 479 0e42 887A61D5 		.ascii	"\210za\325K\355\304/\235vc\341\245\323.F]\270+{\310"
 479      4BEDC42F 
 479      9D7663E1 
 479      A5D32E46 
 479      5DB82B7B 
 480 0e57 517AB786 		.ascii	"Qz\267\206\250\233;a\350RL\340ex\212\245\023Ag\264\215"
 480      A89B3B61 
 480      E8524CE0 
 480      65788AA5 
 480      134167B4 
 481 0e6c AED5C8D1 		.ascii	"\256\325\310\321%\223\241\273\3227\365a\274\205\006"
 481      2593A1BB 
 481      D237F561 
 481      BC8506
 482 0e7b 141D8AEB 		.ascii	"\024\035\212\353\315E8\217)'\312\313\326\251\341L\270"
 482      CD45388F 
 482      2927CACB 
 482      D6A9E14C 
 482      B8
 483 0e8c 60DE9B7A 		.ascii	"`\336\233z\254\363\325\230\2646\340#\307\023\332\203"
 483      ACF3D598 
ARM GAS  C:\Users\ajink\AppData\Local\Temp\cc3ycJru.s 			page 38


 483      B436E023 
 483      C713DA83 
 484 0e9c A7A0BD90 		.ascii	"\247\240\275\220\371p\036\312\210\367\221\270\243\""
 484      F9701ECA 
 484      88F791B8 
 484      A322
 485 0eaa C4C1232A 		.ascii	"\304\301#*~S\345\360\221\237\277\357\212\260/CWh\346"
 485      7E53E5F0 
 485      919FBFEF 
 485      8AB02F43 
 485      5768E6
 486 0ebd CC5FE4EE 		.ascii	"\314_\344\356\243\322}\021\032\026m\0122\205\032M:h"
 486      A3D27D11 
 486      1A166D0A 
 486      32851A4D 
 486      3A68
 487 0ecf 332E9AEF 		.ascii	"3.\232\357?\337?PK\212\001\201\013\026\022\274\321\340"
 487      3FDF3F50 
 487      4B8A0181 
 487      0B1612BC 
 487      D1E0
 488 0ee1 E7EDFB5B 		.ascii	"\347\355\373[\332\352\355\023\350\377\261\337[\323\246"
 488      DAEAED13 
 488      E8FFB1DF 
 488      5BD3A6
 489 0ef0 4D87BFE0 		.ascii	"M\207\277\340eaK\302\242\242gM\217\212\236\276,(|zX"
 489      65614BC2 
 489      A2A2674D 
 489      8F8A9EBE 
 489      2C287C7A 
 490 0f05 6470F8CA 		.ascii	"dp\370\312\220PR6\002\353\264e*;\312\254\005%8\322d"
 490      90505236 
 490      02EBB465 
 490      2A3BCAAC 
 490      052538D2 
 491 0f1a 34695786 		.ascii	"4iW\206E\232f\374\033\214d4Z\212K\203\177\265\230\022"
 491      459A66FC 
 491      1B8C6434 
 491      5A8A4B83 
 491      7FB59812 
 492 0f2e 459B5686 		.ascii	"E\233V\206\204E-6EE\205G/\376<r\245;-\271\007\255\210"
 492      84452D36 
 492      45458547 
 492      2FFE3C72 
 492      A53B2DB9 
 493 0f45 700F8D58 		.ascii	"p\017\215X\022\032\022\022\032\262\370\347\323\376\335"
 493      121A1212 
 493      1AB2F8E7 
 493      D3FEDD
 494 0f54 7DA6D78C 		.ascii	"}\246\327\214\177\375b\326b\250\17772*2\364\335\320"
 494      7FFD62D6 
 494      62A87F37 
 494      322A32F4 
 494      DDD0
 495 0f66 A025618B 		.ascii	"\240%a\213\205\241\027G\004\001Wd\350bcH\350\322\240"
 495      85A11747 
 495      04015764 
ARM GAS  C:\Users\ajink\AppData\Local\Temp\cc3ycJru.s 			page 39


 495      E8626348 
 495      E8D2A0
 496 0f79 95E130E6 		.ascii	"\225\3410\3467\313C\243\301\222\317\376O\207\211\376"
 496      37CB43A3 
 496      C192CFFE 
 496      4F8789FE 
 497 0f89 267AB131 		.ascii	"&z\2611\332\024\002>\000\367\257\224\303\261<j\205)"
 497      DA14023E 
 497      00F7AF94 
 497      C3B13C6A 
 497      8529
 498 0f9b 7A7A40E0 		.ascii	"zz@\340\274"
 498      BC
 499 0fa0 5933A7CF 		.ascii	"Y3\247\317\235\353;=\320\177\336\2273,\3011\206\207"
 499      9DEB3B3D 
 499      D07FDE97 
 499      332CC131 
 499      8687
 500 0fb2 87405775 		.ascii	"\207@WuxP\264\311\001\364\210\250\020\230\001W\022\343"
 500      7850B4C9 
 500      01F488A8 
 500      10980157 
 500      12E3
 501 0fc4 790B7CFD 		.ascii	"y\013|\375\214\037-\362\3665x\007.2\370\375H\254\363"
 501      8C1F2DF2 
 501      F6357807 
 501      2E32F8FD 
 501      48ACF3
 502 0fd7 F537F8CC 		.ascii	"\3657\370\314]\340\363\237j\002v\201N+B\243\243\302"
 502      5DE0F39F 
 502      6A027681 
 502      4E2B42A3 
 502      A3C2
 503 0fe9 579AC2A2 		.ascii	"W\232\302\242\"\215&\027:c\376\363\347\314\3653\372"
 503      228D2617 
 503      3A63FEF3 
 503      E7CCF533 
 503      FA
 504 0ffa F9CEF173 		.ascii	"\371\316\361s&\372"
 504      26FA
 505 1000 FB0B023F 		.ascii	"\373\013\002?\244Z\200N\302:B\317\220\260\025a\221_"
 505      A45A804E 
 505      C23A42CF 
 505      90B01561 
 505      915F
 506 1012 1A4DAF10 		.ascii	"\032M\257\020\024\360\372\317\377\330\370\201\367\334"
 506      14F0FACF 
 506      FFD8F881 
 506      F7DC
 507 1020 003F1759 		.ascii	"\000?\027YE\240a\221\237\206!\235\240O\024$\315\322"
 507      45A06191 
 507      9F86219D 
 507      A04F1424 
 507      CDD2
 508 1032 F0A8AF8C 		.ascii	"\360\250\257\214&j\322\202\217\375\014\037\314]\360"
 508      266AD282 
 508      8FFD0C1F 
ARM GAS  C:\Users\ajink\AppData\Local\Temp\cc3ycJru.s 			page 40


 508      CC5DF0
 509 1041 89F11383 		.ascii	"\211\361\023\203\367B\255\245\021G\204E\342\210\240"
 509      F742ADA5 
 509      11478445 
 509      E288A0
 510 1050 AF4987E0 		.ascii	"\257I\207\340\240\360\360%A\301\377c49DF\231\302\226"
 510      A0F0F025 
 510      41C1FF63 
 510      34394446 
 510      99C296
 511 1063 7E630C5E 		.ascii	"~c\014^B\322-$4\334\024d4\331C\364f\315\204F\243Q(9"
 511      42D22D24 
 511      34DC1464 
 511      34D943F4 
 511      66CD8446 
 512 107b 8A43042F 		.ascii	"\212C\004/!\211\347\023\025\2714\354sM0\375r\2146E\020"
 512      2189E713 
 512      15B934EC 
 512      734D30FD 
 512      728C3645 
 513 1090 50588490 		.ascii	"PX\204\220HD\021\022\211\024\261\217a\006\310Lu\300"
 513      48441112 
 513      8914B18F 
 513      6106C84C 
 513      75C0
 514 10a2 3C1F83DA 		.ascii	"<\037\203\332\327\337\317\300\005\030\260\337\034\203"
 514      D7DFCFC0 
 514      0518B0DF 
 514      1C83
 515 10b0 9D8FCF3C 		.ascii	"\235\217\317<\303\014\372\177\246\332\307\307\317\200"
 515      C30CFA7F 
 515      A6DAC7C7 
 515      CF80
 516 10be 7DE607E2 		.ascii	"}\346\007\342\205\001>\330\333`\300\006\037\320\241"
 516      85013ED8 
 516      DB60C006 
 516      1FD0A1
 517 10cd C3FBBE81 		.ascii	"\303\373\276\201\006\354Kz\316\3636p\013X\257Y\200\377"
 517      06EC4B7A 
 517      CEF33670 
 517      0B58AF59 
 517      80FF
 518 10df D4F0CBBF 		.ascii	"\324\360\313\277g~E+av1|\271\012\223\015\351\022\265"
 518      677E452B 
 518      6176317C 
 518      B90A930D 
 518      E912B5
 519 10f2 7CDAF2A0 		.ascii	"|\332\362\240\025\246i^?8a\202Uz9\235\250\204E\206\231"
 519      15A6695E 
 519      3F386182 
 519      557A399D 
 519      A8844586 
 520 1107 9CA41618 		.ascii	"\234\244\026\030\304\331\242\205F\006-\011\247\331B"
 520      C4D9A285 
 520      46062D09 
 520      A7D942
 521 1116 D590B068 		.ascii	"\325\220\260h\242\023\360\202%\177\010\0156\371CW;\262"
ARM GAS  C:\Users\ajink\AppData\Local\Temp\cc3ycJru.s 			page 41


 521      A213F082 
 521      257F080D 
 521      36F94357 
 521      3BB2
 522 1128 29FCDCD1 		.ascii	")\374\334\321\340\343c\014\204\365\342\033\272\224\203"
 522      E0E3630C 
 522      84F5E21B 
 522      BA9483
 523 1137 40F87C30 		.ascii	"@\370|0\007B\343o\320z/|\177\246! \220\026f\220\202"
 523      0742E36F 
 523      D07A2F7C 
 523      7FA62120 
 523      90166690 
 524 114c C6FBC3F7 		.ascii	"\306\373\303\367\375\346\033\354I\203\360=\003\276!"
 524      FDE61BEC 
 524      4983F03D 
 524      03BE21
 525 115b 86249801 		.ascii	"\206$\230\001\206\177\031\357_\350\327\246\351>\363"
 525      867F19EF 
 525      5FE8D7A6 
 525      E93EF3
 526 116a 02FC03C0 		.ascii	"\002\374\003\300?\026\243\2453\274\276&+ xY\320\012"
 526      3F16A3A5 
 526      33BCBE26 
 526      2B207859 
 526      D00A
 527 117c ADD1B874 		.ascii	"\255\321\270ted\260\321\350d)L\373\205\227\327/\377"
 527      6564B0D1 
 527      E864294C 
 527      FB8597D7 
 527      2FFF
 528 118e 1757CEE9 		.ascii	"\027W\316\351\352"
 528      EA
 529              		.text
 530              		.section	.gnu.lto_.symtab.a3fd44,"",%progbits
 531 0000 7165695F 		.ascii	"qei_lld_stop\000\000\000\000\000\000\000\000\000\000"
 531      6C6C645F 
 531      73746F70 
 531      00000000 
 531      00000000 
 532 0016 00007701 		.ascii	"\000\000w\001\000\000qei_lld_init\000\000\000\000\000"
 532      00007165 
 532      695F6C6C 
 532      645F696E 
 532      69740000 
 533 002d 00000000 		.ascii	"\000\000\000\000\000\000\000z\001\000\000QEID4\000\000"
 533      0000007A 
 533      01000051 
 533      45494434 
 533      0000
 534 003f 00000000 		.ascii	"\000\000\000\000\000\000\000\000\000\000\204\001\000"
 534      00000000 
 534      00008401 
 534      00
 535 004c 00716569 		.ascii	"\000qei_lld_start\000\000\000\000\000\000\000\000\000"
 535      5F6C6C64 
 535      5F737461 
ARM GAS  C:\Users\ajink\AppData\Local\Temp\cc3ycJru.s 			page 42


 535      72740000 
 535      00000000 
 536 0063 0000007C 		.ascii	"\000\000\000|\001\000\000qei_lld_enable\000\000\000"
 536      01000071 
 536      65695F6C 
 536      6C645F65 
 536      6E61626C 
 537 007b 00000000 		.ascii	"\000\000\000\000\000\000\000\000\000~\001\000\000qe"
 537      00000000 
 537      007E0100 
 537      007165
 538 008a 695F6C6C 		.ascii	"i_lld_disable\000\000\000\000\000\000\000\000\000\000"
 538      645F6469 
 538      7361626C 
 538      65000000 
 538      00000000 
 539 00a1 00008001 		.ascii	"\000\000\200\001\000\000qeiObjectInit\000\000\002\000"
 539      00007165 
 539      694F626A 
 539      65637449 
 539      6E697400 
 540 00b8 00000000 		.ascii	"\000\000\000\000\000\000\000\000\202\001\000\000"
 540      00000000 
 540      82010000 
 541              		.text
 542              		.section	.gnu.lto_.opts,"",%progbits
 543 0000 272D666E 		.ascii	"'-fno-trapv' '-mcpu=cortex-m3' '-mno-thumb-interwor"
 543      6F2D7472 
 543      61707627 
 543      20272D6D 
 543      6370753D 
 544 0033 6B272027 		.ascii	"k' '-mthumb' '-ggdb' '-O2' '-fomit-frame-pointer' '"
 544      2D6D7468 
 544      756D6227 
 544      20272D67 
 544      67646227 
 545 0066 2D66616C 		.ascii	"-falign-functions=16' '-ffunction-sections' '-fdata"
 545      69676E2D 
 545      66756E63 
 545      74696F6E 
 545      733D3136 
 546 0099 2D736563 		.ascii	"-sections' '-fno-common' '-flto'\000"
 546      74696F6E 
 546      73272027 
 546      2D666E6F 
 546      2D636F6D 
 547              		.text
 548              		.comm	__gnu_lto_v1,1,1
 549              		.comm	__gnu_lto_slim,1,1
 550              		.ident	"GCC: (GNU Tools for ARM Embedded Processors) 4.9.3 20150529 (release) [ARM/embedded-4_9-br
ARM GAS  C:\Users\ajink\AppData\Local\Temp\cc3ycJru.s 			page 43


DEFINED SYMBOLS
                            *ABS*:00000000 hal_qei_lld.c
                            *COM*:00000001 __gnu_lto_v1
                            *COM*:00000001 __gnu_lto_slim

NO UNDEFINED SYMBOLS
