ARM GAS  C:\Users\ajink\AppData\Local\Temp\ccXMS8Px.s 			page 1


   1              		.syntax unified
   2              		.cpu cortex-m3
   3              		.fpu softvfp
   4              		.eabi_attribute 20, 1
   5              		.eabi_attribute 21, 1
   6              		.eabi_attribute 23, 3
   7              		.eabi_attribute 24, 1
   8              		.eabi_attribute 25, 1
   9              		.eabi_attribute 26, 1
  10              		.eabi_attribute 30, 2
  11              		.eabi_attribute 34, 1
  12              		.eabi_attribute 18, 4
  13              		.thumb
  14              		.file	"lcd_2x16.c"
  15              		.text
  16              	.Ltext0:
  17              		.section	.gnu.lto_.profile.a3d9bd,"",%progbits
  18 0000 789C6366 		.ascii	"x\234cf```e\200\000F\206#L\301\000\003-\001#"
  18      60606065 
  18      80004686 
  18      234CC100 
  18      032D0123 
  19              		.text
  20              		.section	.gnu.lto_.jmpfuncs.a3d9bd,"",%progbits
  21 0000 789C7590 		.ascii	"x\234u\2201k\002A\020\205\347\355\\4\250\220\306\312"
  21      316B0241 
  21      1085E7ED 
  21      5C34A890 
  21      C6CA
  22 0012 5FE02FCA 		.ascii	"_\340/\312_Iy\007Io\025\020IH\241$\306h.1M@\004!\020"
  22      5F497907 
  22      496F1510 
  22      4948A124 
  22      C6682E31 
  23 002b 0B21E1EA 		.ascii	"\013!\341\352p\250\330X\032D\210\205\222\231\335\003"
  23      70A8D858 
  23      1A448885 
  23      9299DD03 
  24 003b E5D06D96 		.ascii	"\345\320m\226}\337\233\2317\313t\370\334\300\335Y\002"
  24      7DDF9B99 
  24      37CB74F8 
  24      DCC0DD59 
  24      02
  25 004c E0C3FC1A 		.ascii	"\340\303\374\032\014o\347]on\326\206@x@I\211 >\027\326"
  25      0C6FE75D 
  25      6F6ED686 
  25      40784049 
  25      89203E17 
  26 0061 88C6112B 		.ascii	"\210\306\021+\203Gh\012#\360\205\224\233\304\262\257"
  26      8347680A 
  26      23F08594 
  26      9BC4B2AF 
  27 0071 B188ECFB 		.ascii	"\261\210\354\3732\300sTE;\241\363\326\213a\273\014d"
  27      32C07354 
  27      453BA1F3 
  27      D68B61BB 
  27      0C64
ARM GAS  C:\Users\ajink\AppData\Local\Temp\ccXMS8Px.s 			page 2


  28 0083 C4A3949C 		.ascii	"\304\243\224\234\250\027\352u\266L\342\274\036\275\307"
  28      A817EA75 
  28      B64CE2BC 
  28      1EBDC7
  29 0092 399BA548 		.ascii	"9\233\245Hhi\026U\233\361\327\347\251\255/\020\236\254"
  29      68691655 
  29      9BF1D7E7 
  29      A9AD2F10 
  29      9EAC
  30 00a4 BA8351ED 		.ascii	"\272\203Q\355\376\362\314B\351\335N\301\376\370g\352"
  30      FEF2CC42 
  30      E9DD4EC1 
  30      FEF867EA 
  31 00b4 F297099D 		.ascii	"\362\227\011\235\024\374\236|T\012\026\312\352\317)"
  31      14FC9E7C 
  31      540A16CA 
  31      EACF29
  32 00c3 18DEADB6 		.ascii	"\030\336\255\266.3\023\302}x\374\305Z\270\250lB\273"
  32      2E3313C2 
  32      7D78FCC5 
  32      5AB8A86C 
  32      42BB
  33 00d5 8209AA57 		.ascii	"\202\011\252W\201|\333\213\020\005\365\331\244\236W"
  33      817CDB8B 
  33      1005F5D9 
  33      A49E57
  34 00e4 C0C19FF4 		.ascii	"\300\301\237\364|M\344\345v\3317*{\031BW\277\363\037"
  34      7C4DE4E5 
  34      76D9372A 
  34      7B194257 
  34      BFF31F
  35 00f7 646364C6 		.ascii	"dcd\306"
  36              		.text
  37              		.section	.gnu.lto_.inline.a3d9bd,"",%progbits
  38 0000 789CB590 		.ascii	"x\234\265\2201\016\2020\024\206\377\327\026(\240\302"
  38      310E8230 
  38      1486FFD7 
  38      1628A0C2 
  39 0010 E084039B 		.ascii	"\340\204\003\233\243\361\004\036\301s\3001\3345\361"
  39      A3F1041E 
  39      C173C031 
  39      DC35F1
  40 001f 084CC805 		.ascii	"\010L\310\005\234\\\274\200\211\307`\224Q'_)\"&\306"
  40      9C5CBC80 
  40      89C76094 
  40      51275F29 
  40      2226C6
  41 0032 CD0E7D6D 		.ascii	"\315\016}m\336\367\276\376\251\304\367U\220\255\036"
  41      DEF7BEFE 
  41      A9C4F755 
  41      90AD1E
  42 0041 309A1281 		.ascii	"0\232\022\201\257R\237Wp\213T\300\275-\224i\212\020"
  42      AF529F57 
  42      708B54C0 
  42      BD2D9469 
  42      8A10
  43 0053 302D3FE9 		.ascii	"0-?\351\010q\215,\301\2077\261_\277\012\202YG\252\""
ARM GAS  C:\Users\ajink\AppData\Local\Temp\ccXMS8Px.s 			page 3


  43      08718D2C 
  43      C18737B1 
  43      5FBF0A82 
  43      5947AA22 
  44 0067 FD454AE8 		.ascii	"\375EJ\350\230\024\362F\320\246<m\275Z\334\205\303\235"
  44      9814F246 
  44      D0A63C6D 
  44      BD5ADC85 
  44      C39D
  45 0079 03254066 		.ascii	"\003%@f\013kX\0063\335\232X\031\033\335r\240S\360#\222"
  45      0B6B5806 
  45      33DD9A58 
  45      191BDD72 
  45      A053F023 
  46 008e C8D8B37B 		.ascii	"\310\330\263{4\227I\353\011@\225\021\344\266\2308\037"
  46      349749EB 
  46      09409511 
  46      E4B69838 
  46      1F
  47 009f 0E3BAEBB 		.ascii	"\016;\256\2738\212\001\007a\305o\011]\227\216\005[\206"
  47      388A0107 
  47      61C56F09 
  47      5D978E05 
  47      5B86
  48 00b1 06895DCC 		.ascii	"\006\211]\314\217\006\351\277\240\377\237\177\354jl"
  48      8F06E9BF 
  48      A0FF9F7F 
  48      EC6A6C
  49 00c0 43E3099C 		.ascii	"C\343\011\234;,\002"
  49      3B2C02
  50              		.text
  51              		.section	.gnu.lto_.pureconst.a3d9bd,"",%progbits
  52 0000 789C6366 		.ascii	"x\234cf``\340g\200\000v\006)F)&)f\011\026\011VK6)\000"
  52      6060E067 
  52      80007606 
  52      29462926 
  52      29660916 
  53 001a 07DD0100 		.ascii	"\007\335\001\000"
  54              		.text
  55              		.section	.gnu.lto_lcd_2x16_write.a3d9bd,"",%progbits
  56 0000 789C9592 		.ascii	"x\234\225\222\315k\023A\030\306\337\347\235dwkP\244"
  56      CD6B1341 
  56      18C6DFE7 
  56      9D64776B 
  56      50A4
  57 0012 C7BD9722 		.ascii	"\307\275\227\"\030A\021\317\236<\373\037Hi\217\036="
  57      184111CF 
  57      9E3CFB1F 
  57      48698F1E 
  57      3D
  58 0023 78299D34 		.ascii	"x)\2354KQ\0175\210JT\242H\225~$&5~\267\210kA\252(U\361"
  58      4B510F35 
  58      884A54A2 
  58      48957E24 
  58      26357EB7 
  59 003e 502835F6 		.ascii	"P(5\366\020!\336\322F\250AB}\337I\240\210\027\273\260"
  59      1021DED2 
ARM GAS  C:\Users\ajink\AppData\Local\Temp\ccXMS8Px.s 			page 4


  59      46A84142 
  59      7DDF49A0 
  59      8817BBB0 
  60 0052 33B333BF 		.ascii	"3\2633\277\347y?v\014\375\373\204\362\266\231\250_f"
  60      E7793F76 
  60      0CFDFB84 
  60      F2B699A8 
  60      5F66
  61 0064 1802E756 		.ascii	"\030\002\347V\2102\001\003\272 \320\030c\014?x\223\221"
  61      88320103 
  61      BA20D018 
  61      630C3F78 
  61      9391
  62 0076 8B8BF9D4 		.ascii	"\213\213\371\324\340}kms\351}\346t\014\325\265\270\353"
  62      E07D6B6D 
  62      73E97DE6 
  62      740CD5B5 
  62      B8EB
  63 0088 83690C0A 		.ascii	"\203i\014\012swur\3067\007@\262\376\372ve\316\014LY"
  63      73777572 
  63      C6370740 
  63      B2FEFA76 
  63      65CE0C4C 
  64 009d 3B1EBF2C 		.ascii	";\036\277,\333\223\202\00330\242\300\341\020\207B\211"
  64      DB938203 
  64      3330A2C0 
  64      E1108742 
  64      89
  65 00ae 0BC22C06 		.ascii	"\013\302,\006\024\336\214:\253)/\022\363\203]O\314\301"
  65      14DE8C3A 
  65      AB292F12 
  65      F3835D4F 
  65      CCC1
  66 00c0 83CC95FE 		.ascii	"\203\314\225\376\330\356\354\264\312\257\363\336~\250"
  66      D8EEECB4 
  66      CAAFF3DE 
  66      7EA8
  67 00ce 2409D578 		.ascii	"$\011\325x\262d_\207@\207>\031\014Q]\224\232\367wf\235"
  67      B2645F87 
  67      40873E19 
  67      0C515D94 
  67      9AF77766 
  68 00e3 CD1A969A 		.ascii	"\315\032\226\232\363\025V/\211\321\274\334\251\354k"
  68      F315562F 
  68      89D1BCDC 
  68      A9EC6B
  69 00f2 709B1336 		.ascii	"p\233\0236\037\331\204\206\375V\377\3709p[\244\2376"
  69      1FD98486 
  69      FD56FFF8 
  69      39705BA4 
  69      9F36
  70 0104 5BB8E815 		.ascii	"[\270\350\025pKrM\242\210\020%\204\356\340Uc\361R\220"
  70      704B724D 
  70      A2881025 
  70      84EEE055 
  70      63F15290 
  71 0118 2EDA484E 		.ascii	".\332HN<<@\001[\256p\224\221\226\343Rm\242\303j\343"
ARM GAS  C:\Users\ajink\AppData\Local\Temp\ccXMS8Px.s 			page 5


  71      3C3C4001 
  71      5BAE7094 
  71      9196E352 
  71      6DA2C36A 
  72 012d D90D6962 		.ascii	"\331\015ibET\032:w\274\027\371?}\347\235\257V\215\207"
  72      45541A3A 
  72      77BC17F9 
  72      3F7DE79D 
  72      AF568D87 
  73 0141 CE7763E1 		.ascii	"\316wc\341\303\035\227\236\221\266\240\352l\263\277"
  73      C31D979E 
  73      91B6A0EA 
  73      6CB3BF
  74 0150 26D63CF5 		.ascii	"&\326<\365\335flsR\250\345\255\233u\243\024\232\322"
  74      DD666C73 
  74      52A8E5AD 
  74      9B75A314 
  74      9AD2
  75 0162 D0478E1A 		.ascii	"\320G\216\032\257\371]F1U\375\354i|\331\322\214\336"
  75      AFF95D46 
  75      3155FDEC 
  75      697CD9D2 
  75      8CDE
  76 0174 55B3BE6A 		.ascii	"U\263\276j\330e\374\270k\275\336\203\002\341\004\272"
  76      D865FCB8 
  76      6BBDDE83 
  76      02E104BA 
  77 0184 77ED7A29 		.ascii	"w\355z)\351\240\200\360\344o\337>\241\264\310+\330["
  77      E9A080F0 
  77      E46FDF3E 
  77      A1B4C82B 
  77      D85B
  78 0196 8D4F776B 		.ascii	"\215Owk|\206\264\370\320:\242\370\252\013\254\364\355"
  78      7C86B4F8 
  78      D03AA2F8 
  78      AA0BACF4 
  78      ED
  79 01a7 2F93651E 		.ascii	"/\223e\036\375m/\330\240\315~KI<\307\250\036-\027\032"
  79      FD6D2FD8 
  79      A0CD7E4B 
  79      493CC7A8 
  79      1E2D171A 
  80 01bb D584A613 		.ascii	"\325\204\246\023H\231/\020\266E\254m\376\364f\2179,"
  80      48992F10 
  80      B645AC6D 
  80      FEF4668F 
  80      392C
  81 01cd ECFEBF45 		.ascii	"\354\376\277E\244]_k\310\3047N\271$H\357\021\364\376"
  81      A45D5F6B 
  81      C8C4374E 
  81      B92448EF 
  81      11F4FE
  82 01e0 08923A3B 		.ascii	"\010\222:;<r\346\330\371\243'\216\014Sbd\350\334\320"
  82      3C72E6D8 
  82      F9A3278E 
  82      0C536264 
  82      E8DCD0
ARM GAS  C:\Users\ajink\AppData\Local\Temp\ccXMS8Px.s 			page 6


  83 01f3 1FD40001 		.ascii	"\037\324\000\001\336"
  83      DE
  84              		.text
  85              		.section	.gnu.lto_lcd_2x16_write_command.a3d9bd,"",%progbits
  86 0000 789C7D90 		.ascii	"x\234}\220\273K\003A\020\306\347\333\275\\\016\003\""
  86      BB4B0341 
  86      10C6E7DB 
  86      BD5C0E03 
  86      22
  87 0011 56F13A8B 		.ascii	"V\361:\213\020\004#ham\345\277!bJK\013\233\220UOQ\213"
  87      10042368 
  87      616DE5BF 
  87      21624A4B 
  87      0B9B9055 
  88 0028 A89D2011 		.ascii	"\250\235 \021D\305hb\036\0126)<\254\204\370 X\010\022"
  88      44C56862 
  88      1E0A3629 
  88      3CAC84F8 
  88      20580812 
  89 003c 0D4884D8 		.ascii	"\015H\204\330\345Q\310!\242\263g)\2700\354\316\314\367"
  89      E551C821 
  89      A2B36729 
  89      B830ECCE 
  89      CCF7
  90 004e FD767625 		.ascii	"\375vv%\375]6G\021D\375\274C\022\304\346\035\321\202"
  90      FD5D3647 
  90      1144FDBC 
  90      4312C4E6 
  90      1DD182
  91 0061 25007D20 		.ascii	"%\000} PR \211w\321\026\330t\263\333\241\350\241R\252"
  91      50522089 
  91      77D116D8 
  91      74B3DBA1 
  91      E8A152AA 
  92 0075 D5298597 		.ascii	"\325)\205\227\303\236 \352\212_\014\216\020e\311\336"
  92      C39E20EA 
  92      8A5F0C8E 
  92      1065C9DE 
  93 0085 632A1394 		.ascii	"c*\023\224\275 >?_\337\235\310\310\276R\213\356m^M\300"
  93      BD203E3F 
  93      5FDF9DC8 
  93      C8BE528B 
  93      EE6D5E4D 
  94 009a 63660692 		.ascii	"cf\006\222\035\030\2661d\023\027\010\307\210hq\333\371"
  94      1D18B631 
  94      64131708 
  94      C7886871 
  94      DBF9
  95 00ac 7A0C990E 		.ascii	"z\014\231\016\263\373~\2318\201\311cQ\241\337U\337\337"
  95      B3FB7E99 
  95      3881C963 
  95      51A1DF55 
  95      DFDF
  96 00be E7375B99 		.ascii	"\3477[\231(\202\022Z\037`'K\032\034z\3067Nx\227O\270"
  96      2882125A 
  96      1F60274B 
  96      1A1C7AC6 
ARM GAS  C:\Users\ajink\AppData\Local\Temp\ccXMS8Px.s 			page 7


  96      374E7897 
  97 00d4 6AB56E06 		.ascii	"j\265n\006\265\221\201\255\215\257BOSxB\252mG\031\372"
  97      B59181AD 
  97      8DAF424F 
  97      537842AA 
  97      6D4719FA 
  98 00e8 8E7AE3BE 		.ascii	"\216z\343\276j\371%\322\251ZJ\257\231i\354\360`\006"
  98      6AF925D2 
  98      A95A4AAF 
  98      9969ECF0 
  98      6006
  99 00fa B2B09183 		.ascii	"\262\260\221\203\3557.\233\345u+\226U\016w\0028E\032"
  99      ED372E9B 
  99      E5752B96 
  99      550E7702 
  99      38451A
 100 010d 1DFF95C8 		.ascii	"\035\377\225\310#\306\355J%\027\326\024SY\204\002{j"
 100      23C6ED4A 
 100      2517D614 
 100      53598402 
 100      7B6A
 101 011f 70DC0B53 		.ascii	"p\334\013S\337\253\335\273\017\251\274H|\252Uey\"\330"
 101      DFABDDBB 
 101      0FA9BC48 
 101      7CAA5565 
 101      7922D8
 102 0132 E537128A 		.ascii	"\3457\022\212H\320\207\220\236\260\350\011K\265\225"
 102      48D08790 
 102      9EB0E809 
 102      4BB595
 103 0141 D701ADFE 		.ascii	"\327\001\255\376\020\001.\262\345\240Z\257J\215\204"
 103      10012EB2 
 103      E5A05AAF 
 103      4A8D84
 104 0150 4128F944 		.ascii	"A(\371D\343?\334\231\217\013h\334\013\026\334\362\244"
 104      E33FDC99 
 104      8F0B68DC 
 104      0B16DCF2 
 104      A4
 105 0161 2F26FD25 		.ascii	"/&\375%\320_\301\323\206fg\342Sc\363\243\343#3d\304"
 105      D05FC1D3 
 105      866667E2 
 105      5363F3A3 
 105      E3233364 
 106 0176 A7E7A67F 		.ascii	"\247\347\246\177\000|\033\231J"
 106      007C1B99 
 106      4A
 107              		.text
 108              		.section	.gnu.lto_lcd_2x16_write_data.a3d9bd,"",%progbits
 109 0000 789C8D90 		.ascii	"x\234\215\220\273K\003A\020\306\347\333\275\234\207"
 109      BB4B0341 
 109      10C6E7DB 
 109      BD9C87
 110 000f 0111AB70 		.ascii	"\001\021\253p\235E\020\301\010ZX[\371o\210$\245\245"
 110      9D4510C1 
 110      085A585B 
 110      F96F8824 
ARM GAS  C:\Users\ajink\AppData\Local\Temp\ccXMS8Px.s 			page 8


 110      A5A5
 111 0021 854D70A3 		.ascii	"\205Mp\243\247\250\205\217N\220\010\242\242&1\361YY"
 111      A7A8858F 
 111      4E9008A2 
 111      A22631F1 
 111      5959
 112 0033 78A41203 		.ascii	"x\244\022\003\321\240\022\021\037\215\202Z%\246\320"
 112      D1A01211 
 112      1F8D825A 
 112      25A6D0
 113 0042 4344672F 		.ascii	"CDg/v\202\270\260\354\356\314|\277\331o$\375^6\357w"
 113      7682B8B0 
 113      ECEECC7C 
 113      BFD96F24 
 113      FD5E36EF 
 114 0057 10B5F009 		.ascii	"\020\265\360\011I\020sE\242\204%\000}!\320\210\300\010"
 114      49107345 
 114      A2842500 
 114      7D21D088 
 114      C008
 115 0069 9E455560 		.ascii	"\236EU`\316M/\004\333\326\224R\225\321\203\320x\310"
 115      CE4D2F04 
 115      DBD69452 
 115      95D183D0 
 115      78C8
 116 007b 13443551 		.ascii	"\023D5Q\307`\035m\\\262\\\236\331h\220M \276\337\036"
 116      C7601D6D 
 116      5CB25C9E 
 116      D968904D 
 116      20BEDF1E 
 117 008f 175332BC 		.ascii	"\027S2\274\242\324\250{\222U\275\360\230\271\001\311"
 117      A2D4A87B 
 117      9255BDF0 
 117      98B901C9 
 118 009f 0A74D868 		.ascii	"\012t\330h\267\211\003\204M\204uq\325\371,\007M\207"
 118      B7890384 
 118      4D847571 
 118      D5F92C07 
 118      4D87
 119 00b1 D9CD7526 		.ascii	"\331\315u&R0\371[\224kq\325\327W\355b~\262\023\226\204"
 119      5230F95B 
 119      946B71D5 
 119      D757ED62 
 119      7EB21396 
 120 00c6 AE0FB092 		.ascii	"\256\017\260\222K\036x\353?>\362\203Oy\215|e\373\262"
 120      4B1E78EB 
 120      3F3EF283 
 120      4F798D7C 
 120      65FBB2
 121 00d9 550B1958 		.ascii	"U\013\031X\231\375\3145>\011OH\265\340(C\367\270\177"
 121      99FDCC35 
 121      3E094F48 
 121      B5E02843 
 121      F7B87F
 122 00ec 382D597E 		.ascii	"8-Y~\210\364S\215%\247\314$\026\371c\006\322\260\221"
 122      88F4538D 
 122      25A7CC24 
ARM GAS  C:\Users\ajink\AppData\Local\Temp\ccXMS8Px.s 			page 9


 122      16F96306 
 122      D2B091
 123 00ff 81ED278E 		.ascii	"\201\355'\216\236\016\247\255HZ9\234\011`\013I\274\372"
 123      9E0EA7AD 
 123      485A399C 
 123      09600B49 
 123      BCFA
 124 0111 2E914584 		.ascii	".\221E\204\323\205B&\244)\246\262\0109\326\334\300q"
 124      D3854226 
 124      A429A6B2 
 124      0839D6DC 
 124      C071
 125 0123 AF4CDD57 		.ascii	"\257L\335W\253\227\316g\262\"\376\241&\225\345\211\206"
 125      AB97CE67 
 125      B222FEA1 
 125      2695E589 
 125      86
 126 0134 1A7B246C 		.ascii	"\032{$l#NoBz\302\242k\214\335L\274\330\272\372M\004"
 126      234E6F42 
 126      7AC2A26B 
 126      8CDD4CBC 
 126      D8BAFA4D 
 127 0149 38C892D5 		.ascii	"8\310\222\325\322}Ij$\014\302\216O4\376\302\355\372"
 127      D27D496A 
 127      240CC28E 
 127      4F34FEC2 
 127      EDFA
 128 015b B8401D97 		.ascii	"\270@\035\227\257\234\225\361c\372\237\226\366|Kz\272"
 128      AF9C95F1 
 128      63FA9F96 
 128      F67C4B7A 
 128      BA
 129 016c D847C4F7 		.ascii	"\330G\304\367p\207\204[\355\363\233\222\036-\364H\331"
 129      7087845B 
 129      EDF39B92 
 129      1E2DF448 
 129      D9
 130 017d 7570301A 		.ascii	"up0\032\353\357\036\356\352\351\214\222\021\033\030"
 130      EBEF1EEE 
 130      EAE98C92 
 130      111B18
 131 018c 1AF806BF 		.ascii	"\032\370\006\277+\260\012"
 131      2BB00A
 132              		.text
 133              		.section	.gnu.lto_lcd_2x16_set_position.a3d9bd,"",%progbits
 134 0000 789C6550 		.ascii	"x\234eP\315KTQ\024?\277{\337|\320\224\210\253a\026%"
 134      CD4B5451 
 134      143FBF7B 
 134      DF7CD094 
 134      88AB6116 
 135 0015 C8204124 		.ascii	"\310 A$)\264n\327\237\321bZ$X#Y\024\204xG'k\221\246"
 135      29B46ED7 
 135      9FD1625A 
 135      24582359 
 135      14847847 
 136 002d B8111263 		.ascii	"\270\021\022c\010\3132\307\322\300b\212\036\004n\012"
 136      08CB32C7 
ARM GAS  C:\Users\ajink\AppData\Local\Temp\ccXMS8Px.s 			page 10


 136      D2C0628A 
 136      1E046E0A 
 137 003d 375951F9 		.ascii	"7YQ\371\025\370,i\223\030\014\203\304\353w\357C\020"
 137      15F82C69 
 137      93180C83 
 137      C4EB77EF 
 137      4310
 138 004f BC70B8F7 		.ascii	"\274p\270\367\036~_\347h9x\332X\215\212\305\0331\201"
 138      1E7E5FE7 
 138      683978DA 
 138      588D8AC5 
 138      1B3181
 139 0062 1A5A1429 		.ascii	"\032Z\024)$\225\322K-b\016y\257\217\2129\254\341Em\017"
 139      2495D24B 
 139      2D620E79 
 139      AF8F8A39 
 139      ACE1456D 
 140 0077 B00F81F4 		.ascii	"\260\017\201\364(\355\241\007[j[a\310\237\032M5O\030"
 140      28EDA107 
 140      5B6A5B61 
 140      C89F1A4D 
 140      354F18
 141 008a 63FECCCE 		.ascii	"c\376\314\316\247o\246k\324\333Q\221>\036\241\231\220"
 141      A76FA66B 
 141      D4DB5191 
 141      3E1EA199 
 141      90
 142 009b C2F88FBB 		.ascii	"\302\370\217\2731]\007\341{\343\347Dc\366\2011\275\376"
 142      315D07E1 
 142      7BE3E744 
 142      63F68131 
 142      BDFE
 143 00ad 87B23983 		.ascii	"\207\2629\203\232\002&\241I\300\211\014\216g\204\015"
 143      9A0226A1 
 143      49C0890C 
 143      8E67840D 
 144 00bd C1636409 		.ascii	"\301cd\011--\274XL\350\006G{\373\276\322\025\321\266"
 144      2D2DBC58 
 144      4CE80647 
 144      7BFBBED2 
 144      15D1B6
 145 00d0 F6684F0E 		.ascii	"\366hO\016\320\246\220\265\330\340e\351\206N;\332\367"
 145      D0A690B5 
 145      D8E065E9 
 145      864E3BDA 
 145      F7
 146 00e1 DFF78378 		.ascii	"\337\367\203xS\211\274\3657\357\026Rf\324\024\327\303"
 146      5389BCF5 
 146      37EF1652 
 146      66D414D7 
 146      C3
 147 00f2 F098A53F 		.ascii	"\360\230\245?\335O\217\016\011\333\305\177_R\361\"\247"
 147      DD4F8F0E 
 147      09DBC57F 
 147      5F52F122 
 147      A7
 148 0103 A9C7349A 		.ascii	"\251\3074\232\242IPF\034\274lg\246\3017a8\267:<\331"
ARM GAS  C:\Users\ajink\AppData\Local\Temp\ccXMS8Px.s 			page 11


 148      A2495046 
 148      1CBC6C67 
 148      A6C13761 
 148      38B73A3C 
 149 0118 86043DD9 		.ascii	"\206\004=\331\242\030\003kX\177\217IH\331`\331]\005"
 149      A218036B 
 149      587F8F49 
 149      48D960D9 
 149      5D05
 150 012a FCF0D69F 		.ascii	"\374\360\326\237\321\353\357\366\037qBd\320hg\255\324"
 150      D1EBEFF6 
 150      1F714264 
 150      D06867AD 
 150      D4
 151 013b FA4B3188 		.ascii	"\372K1\210\241\310\0142\362\011\305\257}\341@\314b\252"
 151      A1C80C32 
 151      F209C5AF 
 151      7DE140CC 
 151      62AA
 152 014d CA6EB6F0 		.ascii	"\312n\266\360\260r'a1\024\3033D)\003\245e\251\305\011"
 152      B0722761 
 152      3114C333 
 152      442903A5 
 152      65A9C509 
 153 0161 8EDCAADB 		.ascii	"\216\334\252\333'8=WY\201S\364\251\370\334\301\003\345"
 153      27383D57 
 153      598153F4 
 153      A9F8DCC1 
 153      03E5
 154 0173 EDD9D7BB 		.ascii	"\355\331\327\273\250U\256\351\033\372\376\366o\216y"
 154      A855AEE9 
 154      1BFAFEF6 
 154      6F8E79
 155 0182 9191C756 		.ascii	"\221\221\307V\225\232\313p\015\273\203\361\217\203e"
 155      959ACB70 
 155      0DBB83F1 
 155      8F8365
 156 0191 D5BD6B6E 		.ascii	"\325\275kn\233dMqIv\364Yt\013\3015\012\256\242\340\337"
 156      9B644D71 
 156      4976F459 
 156      740BC135 
 156      0AAEA2E0 
 157 01a6 3BEBC022 		.ascii	";\353\300\"\233\200M\257\226\347/XO=\366\252\223\303"
 157      9B804DAF 
 157      96E72F58 
 157      4F3DF6AA 
 157      93C3
 158 01b8 C3BA3275 		.ascii	"\303\2722u\252#w\376\\\353\365S\247O\346D_\316_\213"
 158      AA2377FE 
 158      5CEBF553 
 158      A74FE644 
 158      5FCE5F8B 
 159 01cc E5F21D57 		.ascii	"\345\362\035W/&;\363]\355W\332\363\227\376\003W\012"
 159      2F263BF3 
 159      5DED57DA 
 159      F397FE03 
 159      570A
ARM GAS  C:\Users\ajink\AppData\Local\Temp\ccXMS8Px.s 			page 12


 160 01de BFD3     		.ascii	"\277\323"
 161              		.text
 162              		.section	.gnu.lto_lcd_2x16_print_char.a3d9bd,"",%progbits
 163 0000 789C758F 		.ascii	"x\234u\217\261KBQ\024\306\317w\356{*\031\025N\362v\221"
 163      B14B4251 
 163      14C6CF77 
 163      EE7B2A19 
 163      154EF276 
 164 0015 20821A1A 		.ascii	" \202\032\032\202\244\255?#D\307\306\206\026\361Z/h"
 164      82A4AD3F 
 164      2344C7C6 
 164      8616F15A 
 164      2F68
 165 0027 496C6B0A 		.ascii	"Ilk\012\"\"\313\264\241)\\\336\246\006I\020bC6%\024"
 165      2222CBB4 
 165      A1295CDE 
 165      A6064910 
 165      62433625 
 166 003c 35240DF1 		.ascii	"5$\015\361\212\250s\2374E\027.\347p\356\367}\347w\025"
 166      8AA8739F 
 166      3445172E 
 166      E770EEF7 
 166      7DE77715 
 167 0050 FD3D0B72 		.ascii	"\375=\013r3 \212IE\210\300\2456Q!\302\254\032\343\244"
 167      33208A49 
 167      4588C0A5 
 167      365121C2 
 167      AC1AE3A4 
 168 0064 47AC568A 		.ascii	"G\254V\212\364\250\202=\034[\277\215\015\230\206@yV"
 168      F4A8823D 
 168      1C5BBF8D 
 168      0D988640 
 168      7956
 169 0076 968D3C9E 		.ascii	"\226\215<\236x\300(y\225\335h\362Pk\375\272^\217o\306"
 169      78C02879 
 169      95DD68F2 
 169      506BFDBA 
 169      5E8F6FC6 
 170 008a 7D267AE3 		.ascii	"}&z\343\341&\034!)\222\375n\261\034Vc \351{\315\366"
 170      E1261C21 
 170      2992FD6E 
 170      B11C5663 
 170      20E97BCD 
 171 009f 894A1C68 		.ascii	"\211J\034h\275\356]\326\364\"|\006\312P\342\300\224"
 171      BDEE5DD6 
 171      F4227C06 
 171      CA50E2C0 
 171      94
 172 00b0 83498764 		.ascii	"\203I\207d@8F\302\210\007\356W7\032r%{b\230\211\023"
 172      403846C2 
 172      8807EE57 
 172      371A7225 
 172      7B629889 
 173 00c5 84849CCE 		.ascii	"\204\204\234\316b\236\376\376~{\331i\316#$\011FO\017"
 173      629EFEFE 
 173      7E7BD969 
 173      CE232409 
ARM GAS  C:\Users\ajink\AppData\Local\Temp\ccXMS8Px.s 			page 13


 173      464F0F
 174 00d8 A230847D 		.ascii	"\2420\204}fSU\007\356\355\306s\3216\246w6\254\333\037"
 174      66535507 
 174      EEEDC673 
 174      D136A677 
 174      36ACDB1F 
 175 00ec 83ABB147 		.ascii	"\203\253\261G\366\231G\010\0258\001d\237\0255\306\325"
 175      F6994708 
 175      15380164 
 175      9F1535C6 
 175      D5
 176 00fd 1D5CEFA2 		.ascii	"\035\\\357\242\001#6\253\367n\2125\316}\352-\035\361"
 176      012336AB 
 176      F76E8A35 
 176      CE7DEA2D 
 176      1DF1
 177 010f 59F0642B 		.ascii	"Y\360d+N\2213O\325\363z\017&\005\236\240V\341\370l\005"
 177      4E91334F 
 177      D5F37A0F 
 177      26059EA0 
 177      56E1F86C 
 178 0124 3916B552 		.ascii	"9\026\265RA\316u\370\277\030ADMb\204\347\327e\007\260"
 178      41CE75F8 
 178      BF184144 
 178      4D6284E7 
 178      D76507B0 
 179 0138 F728789D 		.ascii	"\367(x\235\245\300F\346+0SQGW2\331\345\331\265\231\271"
 179      A5C046E6 
 179      2B305351 
 179      475732D9 
 179      E5D9B599 
 180 014d E90C59D9 		.ascii	"\351\014Y\331\364j\372\007HT\2031"
 180      F46AFA07 
 180      48548331 
 181              		.text
 182              		.section	.gnu.lto_lcd_print.a3d9bd,"",%progbits
 183 0000 789C7551 		.ascii	"x\234uQMk\023Q\024\275\347\276\371\242c\245t\025\262"
 183      4D6B1351 
 183      14BDE7BE 
 183      F9A263A5 
 183      7415B2
 184 0013 72138A20 		.ascii	"r\023\212 \202\"n\\\330\215\3703D\032\024A\\\250\013"
 184      82226E5C 
 184      D88DF833 
 184      441A1441 
 184      5CA80B
 185 0026 37A52FE9 		.ascii	"7\245/\351(E\213DW\001\211)\210FMM\265E\360\003\351"
 185      28458B44 
 185      57018929 
 185      88464D4D 
 185      B545F003 
 186 003b E8C2BAB1 		.ascii	"\350\302\272\261\242\305\210E\354&-\026\025\014\025"
 186      A2C58845 
 186      EC262D16 
 186      150C15
 187 004a C74124DE 		.ascii	"\307A$\3367\217\342B\034x\274{/\347\234{\346<E\377~"
 187      378FE242 
ARM GAS  C:\Users\ajink\AppData\Local\Temp\ccXMS8Px.s 			page 14


 187      1C78BC7B 
 187      2FE79C7B 
 187      E63C45FF 
 188 005f 07E4EC63 		.ascii	"\007\344\354c\242\234\334\360\010\\Y$*\005\014\307\026"
 188      A29CDCF0 
 188      085C5924 
 188      2A050CC7 
 188      16
 189 0070 CA164F03 		.ascii	"\312\026O\003\207\325\344\002\221\356s#\237\364\026"
 189      87D5E402 
 189      91EE7323 
 189      9FF416
 190 007f 17307302 		.ascii	"\0270s\002\215\261r\\\214\261c\005\327\271\313\250\304"
 190      8DB1725C 
 190      8CB16305 
 190      D7B9CBA8 
 190      C4
 191 0090 CD6A3874 		.ascii	"\315j8t]k\375\355\315\223\334\331\\*\0336\330\002\320"
 191      5D6BFDED 
 191      CD93DCD9 
 191      5C2A1B36 
 191      D802D0
 192 00a3 C0904092 		.ascii	"\300\220@\222\265\346|\277\332\012\222\272\367\371\313"
 192      B5E67CBF 
 192      DA0A92BA 
 192      F7F9CB
 193 00b2 925BB8A6 		.ascii	"\222[\270\246u9~\320\322\303H\031\270\011%\014\354\310"
 193      75397ED0 
 193      D2C34819 
 193      B809250C 
 193      ECC8
 194 00c4 637B9E64 		.ascii	"c{\236d@\270\205\202`\033\317\326/\204j0\343=l}\177"
 194      40B88582 
 194      601BCFD6 
 194      2F846A30 
 194      E33D6C7D 
 195 00d9 197EE294 		.ascii	"\031~\342\224y\233i\037]~Q\365L\253\034\323v\032\265"
 195      799B691F 
 195      5D7E51F5 
 195      4CAB1CD3 
 195      761AB5
 196 00ec AE675517 		.ascii	"\256gU\027g\365\260\223\262\203\333V\265\211<\246at"
 196      67F5B093 
 196      B283DB56 
 196      B5893CA6 
 196      6174
 197 00fe 1DC21D14 		.ascii	"\035\302\035\024\014\274\033\375~\027z\221x\036\260"
 197      0CBC1BFD 
 197      7E177A91 
 197      781EB0
 198 010d 5ED18207 		.ascii	"^\321\202\007\271g\006c\335\353\315%\227&\366\243\017"
 198      B9670663 
 198      DDEBCD25 
 198      9726F6A3 
 198      0F
 199 011e 19DE8171 		.ascii	"\031\336\201q\343\301\324\276\250\270\201\225\241\216"
 199      E3C1D4BE 
ARM GAS  C:\Users\ajink\AppData\Local\Temp\ccXMS8Px.s 			page 15


 199      A8B88195 
 199      A18E
 200 012c 10259F55 		.ascii	"\020%\237Uf\271\324\007D\361\312\002\214\220\331pu\351"
 200      66B9D407 
 200      44F1CA02 
 200      8C90D970 
 200      75E9
 201 013e 628B477F 		.ascii	"b\213G\177\351\011\035\244\354m\310?\021f0J\011\213"
 201      E9091DA4 
 201      EC6DC83F 
 201      1166304A 
 201      098B
 202 0150 375F36AD 		.ascii	"7_6\255\262\"\011Y-c\274z\256]\257d\314\204\203D\362"
 202      B2220959 
 202      2D63BC7A 
 202      AE5DAF64 
 202      CC848344 
 203 0165 9014DAE0 		.ascii	"\220\024\332\340\314\223l\222!\211\272\016\377\247-"
 203      CC936C92 
 203      2189BA0E 
 203      FFA72D
 204 0174 3E7037D3 		.ascii	">p7\323\3667\265\035\222\027Sm\224\007\310J\200\226"
 204      F637B51D 
 204      9217536D 
 204      9407C84A 
 204      8096
 205 0186 51FE71FE 		.ascii	"Q\376q\376y}\217\335\343\213\316J\347\325\353\300d("
 205      797D8FDD 
 205      E38BCE4A 
 205      E7D5EBC0 
 205      6428
 206 0198 CF29EDFD 		.ascii	"\317)\355\375\237\365\257\3755\\1Ob\\\334\223\320\010"
 206      9FF5AFFD 
 206      355C314F 
 206      625CDC93 
 206      D008
 207 01aa B3A881DE 		.ascii	"\263\250\201\336\"z?~\344/\263t\343\361\244o\230\256"
 207      227A3F7E 
 207      E42FB374 
 207      E3F1A46F 
 207      98AE
 208 01bc 20E60C8E 		.ascii	" \346\014\216h\015\302\362\0145P\323\363S,.\\\023\314"
 208      680DC2F2 
 208      0C3550D3 
 208      F3532C2E 
 208      5C13CC
 209 01cf 4794E2F4 		.ascii	"G\224\342\364`\346\235Lh\220\2418\016\217\217\024\017"
 209      60E69D4C 
 209      6890A138 
 209      0E8F8F14 
 209      0F
 210 01e0 ED3EB36B 		.ascii	"\355>\263k\357\316\021R\207\213E\357\324\351\223\307"
 210      EFCE1152 
 210      878B45EF 
 210      D4E993C7 
 211 01f0 4E1CFD03 		.ascii	"N\034\375\0039#\306\341"
 211      3923C6E1 
ARM GAS  C:\Users\ajink\AppData\Local\Temp\ccXMS8Px.s 			page 16


 212              		.text
 213              		.section	.gnu.lto_lcd_2x16_init.a3d9bd,"",%progbits
 214 0000 789C7D93 		.ascii	"x\234}\223_K\024Q\030\306\337\347\235m\234vV\212\352"
 214      5F4B1451 
 214      18C6DFE7 
 214      9D6D9C76 
 214      568AEA
 215 0013 42F60BD8 		.ascii	"B\366\013\330\215B]\364!\372\002]va\227}\200n\304#N"
 215      8D425DF4 
 215      21FA025D 
 215      7661977D 
 215      806EC423 
 216 0028 515EE452 		.ascii	"Q^\344R\004K\261v!\226\266\351\226\377\332\264u'\377"
 216      044BB176 
 216      2196B6E9 
 216      96FFDAB4 
 216      7527FF
 217 003b 44146852 		.ascii	"D\024hR\024\330\232F\006v\267\356 8\204\3329g\202]\306"
 217      14D89A46 
 217      0676B7EE 
 217      203884DA 
 217      3967825D 
 218 0050 E50C0CEF 		.ascii	"\345\014\014\357\360\276\317\363\374\346=p,:\376\244"
 218      F0BECFF3 
 218      FCE63D70 
 218      2C3AFEA4 
 219 0060 E57B2541 		.ascii	"\345{%A\324*+,\002gV\210z\035\006\324\007\201z\030="
 219      D42A2B2C 
 219      02675688 
 219      7A1D06D4 
 219      07817A18 
 220 0075 F8C3BB8C 		.ascii	"\370\303\273\214\214\237\317\272\355\303B\210j\255\334"
 220      8C9FCFBA 
 220      EDC34288 
 220      6AADDC
 221 0084 76B32D64 		.ascii	"v\263-d\242\200\243\030<E;I\315\256w\360\315\265=\251"
 221      A280A318 
 221      3C453B49 
 221      CDAE77F0 
 221      CDB53DA9 
 222 0098 391DCD30 		.ascii	"9\035\3150\002\033\262\026\316\370\342\350hr\351\336"
 222      021BB216 
 222      CEF8E2E8 
 222      6872E9DE 
 223 00a8 FB4E3E4B 		.ascii	"\373N>K\264-g\012\360\233YU\253\202[\376\375~(\265\212"
 223      B42D670A 
 223      F09B5955 
 223      AB825BFE 
 223      FD7E28B5 
 224 00bd 19FC7C77 		.ascii	"\031\374|w\234\273\377\212\333\302\011\031\001\313\004"
 224      9CBBFF8A 
 224      DBC20919 
 224      01CB04
 225 00cc 8CA25B8D 		.ascii	"\214\242[\215\252\003\007\205\344\016\207\314\"\353"
 225      AA030785 
 225      E40E87CC 
 225      22EB
ARM GAS  C:\Users\ajink\AppData\Local\Temp\ccXMS8Px.s 			page 17


 226 00da 8904E119 		.ascii	"\211\004\341\031\322\262=\364kk\310UmK\354\3135\362"
 226      D2B23DF4 
 226      6B6BC855 
 226      6D4BECCB 
 226      35F2
 227 00ec BA191C06 		.ascii	"\272\031\034\006%V\315\204Mx\216t\310'h\035\013\325"
 227      2556CD84 
 227      4D788E74 
 227      C827681D 
 227      0BD5
 228 00fe CC322B92 		.ascii	"\3142+\222Tln\257\2569:\215T\270\350\313\335\261sx\204"
 228      546C6EAF 
 228      AE393A8D 
 228      54B8E8CB 
 228      DDB17378 
 229 0113 906D158C 		.ascii	"\220m\025\2141\244\365\240\2743\327\357t\344\205''-"
 229      31A4F5A0 
 229      BC33D7EF 
 229      74E48527 
 229      272D
 230 0125 18470E35 		.ascii	"\030G\0165\2759\012\350h\244\267h\372\013\351\252\300"
 230      BD390AE8 
 230      68A4B768 
 230      FA0BE9AA 
 230      C0
 231 0136 F3B3C9A6 		.ascii	"\363\263\311\246\0139\201\302\341e\264\320\203\217\305"
 231      0B3981C2 
 231      E165B4D0 
 231      838FC5
 232 0145 0DBDD0C9 		.ascii	"\015\275\320\311s\204\011\365\223Im\316}\340\246n7`"
 232      738409F5 
 232      93496DCE 
 232      7DE0A66E 
 232      3760
 233 0157 4BBA2723 		.ascii	"K\272'#w\341\361\336!\224;%\271S\312\335\252\335\203"
 233      77E1F1DE 
 233      21943B25 
 233      B953CADD 
 233      AADD83
 234 016a 46F4B434 		.ascii	"F\364\26447\262&\232\253\377\243f\224\272!{\312\230"
 234      37B2269A 
 234      ABFFA366 
 234      94BA217B 
 234      CA98
 235 017c FD2A965D 		.ascii	"\375*\226]4f\027c\331\263\306\354\327\261\354yc\366"
 235      34661763 
 235      D9B3C6EC 
 235      D7B1EC79 
 235      63F6
 236 018e 6C7444AB 		.ascii	"ltD\253[\213\003)}DL\230\253\243>\031Qob\250/FT)B\225"
 236      5B8B0329 
 236      7D444C98 
 236      ABA33E19 
 236      516F62A8 
 237 01a8 36BFFFB4 		.ascii	"6\277\377\2644\352<a\276\216\372jD\225c\250u#\312\217"
 237      34EA3C61 
 237      BE8EFA6A 
ARM GAS  C:\Users\ajink\AppData\Local\Temp\ccXMS8Px.s 			page 18


 237      449563A8 
 237      7523CA8F 
 238 01bc 506B0F9F 		.ascii	"Pk\017\237\364\235\322(\020\336\326Q\025#j!\206\252"
 238      F49DD228 
 238      10DED651 
 238      15236A21 
 238      86AA
 239 01ce 1A518B11 		.ascii	"\032Q\213\021jdc\345\235\276$\251\024a\251\216\252\031"
 239      6A6463E5 
 239      9DBE24A9 
 239      1461A98E 
 239      AA19
 240 01e0 51CB0DA8 		.ascii	"Q\313\015\250\037\350\365\367.k5\251\313\017u\351\245"
 240      1FE8F5F7 
 240      2E6B35A9 
 240      CB0F75E9 
 240      A5
 241 01f1 C8BDDE75 		.ascii	"\310\275\336u\355\352\305\033\027.uv\321?\021.\205\033"
 241      EDEAC51B 
 241      172E7576 
 241      D13F112E 
 241      851B
 242              		.text
 243              		.section	.gnu.lto_.symbol_nodes.a3d9bd,"",%progbits
 244 0000 789C558E 		.ascii	"x\234U\216=\216\3020\020\205\337\263\343\0208\003\322"
 244      3D8EC230 
 244      1085DFB3 
 244      E3103803 
 244      D2
 245 0011 1E602F48 		.ascii	"\036`/H7\310\005HT\234\000\001\3121\266J\275\374\377"
 245      37C80548 
 245      549C0001 
 245      CA31B64A 
 245      BDFCFF
 246 0024 D4248AA8 		.ascii	"\324$\212\250\2208\001\253\265\311\024\330\315\247\357"
 246      903801AB 
 246      B5C914D8 
 246      CDA7EF
 247 0033 BDB1662C 		.ascii	"\275\261f,\200\021\321=\263\245\000\363- \202\305\262"
 247      8011D13D 
 247      B3A500F3 
 247      2D2082C5 
 247      B2
 248 0044 80D95198 		.ascii	"\200\331Q\230\004{\212I\202\003\305&\301\221\222%\301"
 248      047B8A49 
 248      8203C526 
 248      C1919225 
 248      C1
 249 0055 89E292E0 		.ascii	"\211\342\222\340L\311?\003\267!VF\340~\311H^(\275n\000"
 249      4CC93F03 
 249      B7215646 
 249      E07EC948 
 249      5E28BD6E 
 250 006a E371015E 		.ascii	"\343q\001^)\305\207[\364QN\036_6\334]\335\376\030\351"
 250      29C5875B 
 250      F4514E1E 
 250      5F36DC5D 
ARM GAS  C:\Users\ajink\AppData\Local\Temp\ccXMS8Px.s 			page 19


 250      DDFE18E9 
 251 007e EB40A36E 		.ascii	"\353@\243n\324C\321DfD\3653\264\231A\263\274\323:b\035"
 251      D443D144 
 251      6644F533 
 251      B49941B3 
 251      BCD33A62 
 252 0093 C79C817F 		.ascii	"\307\234\201\177=\277m>@\031=\357\243}\223\335\367\340"
 252      3DBF6D3E 
 252      40193DEF 
 252      A37D93DD 
 252      F7E0
 253 00a5 65DD79A5 		.ascii	"e\335y\245\336\252\373\270>\3273b\257\336\252\373\251"
 253      DEAAFBB8 
 253      3ED73362 
 253      AFDEAAFB 
 253      A9
 254 00b6 F653EDD5 		.ascii	"\366S\355\325[u?\323>\020\377\360So\007"
 254      5B753FD3 
 254      3E10FFF0 
 254      536F07
 255              		.text
 256              		.section	.gnu.lto_.refs.a3d9bd,"",%progbits
 257 0000 789C6366 		.ascii	"x\234cf```d\200\002\000\000=\000\005"
 257      60606064 
 257      80020000 
 257      3D0005
 258              		.text
 259              		.section	.gnu.lto_.decls.a3d9bd,"",%progbits
 260 0000 789CAD58 		.ascii	"x\234\255XiPTW\026~\367\335\006\272\233\2461\032M\312"
 260      69505457 
 260      167EF7DD 
 260      06BA9BA6 
 260      311A4DCA 
 261 0014 4A553049 		.ascii	"JU0IYY\305%\0323\177F\004\334\202\342\000\251I*Lu\021"
 261      5959C525 
 261      1A337F46 
 261      04DC82E2 
 261      00A9492A 
 262 002b BA8D5458 		.ascii	"\272\215TX\034hg\314\314\374x\002n\240\250(\212 \332"
 262      1C6867CC 
 262      CCFC7802 
 262      6EA0A828 
 262      8A20DA
 263 003e 022A9B28 		.ascii	"\002*\233(\340\002\202\010\210\010\"\270\200\012\"\002"
 263      E0028208 
 263      880822B8 
 263      800A2202 
 264 004e 2E8020CA 		.ascii	".\200 \312\242\202(0\347\336\373z\005L\246j^q\350>\337"
 264      A2822830 
 264      E7DEFB7A 
 264      054CA66A 
 264      5E71E83E 
 265 0063 39F73BE7 		.ascii	"9\367;\347\236\273\276\306\034\307\305\362\0347\002"
 265      9EBBBEC6 
 265      1CC7C5F2 
 265      1C3702
 266 0072 CFDF2673 		.ascii	"\317\337&s\334C\011\307I\001[\011b\015\342\000\222\011"
ARM GAS  C:\Users\ajink\AppData\Local\Temp\ccXMS8Px.s 			page 20


 266      DC4309C7 
 266      49015B09 
 266      620DE200 
 266      9209
 267 0084 5203720B 		.ascii	"R\003r\013\244\036d\012\307\036\031H#H\023H\013H+H;"
 267      A41E640A 
 267      C71E1948 
 267      23481348 
 267      0B482B48 
 268 0099 C853901E 		.ascii	"\310S\220\036\020\036q\234-\010\320s\036\360\371\033"
 268      101E719C 
 268      2D08D073 
 268      1EF0F91B 
 269 00a9 E2CC1ED2 		.ascii	"\342\314\036\322V.\306\"1\226\201L\023c\335\0009\007"
 269      562EC622 
 269      3196814C 
 269      1363DD00 
 269      3907
 270 00bb F22FC472 		.ascii	"\362/\304r\340D\236*\220\012\216}o\024cX>Mbnz\336)\026"
 270      E0449E2A 
 270      900A8E7D 
 270      6F146358 
 270      3E4D626E 
 271 00d3 9C24C6BF 		.ascii	"\234$\306\277\241]\003\243\245\234\274\330\256q4\035"
 271      A15D03A3 
 271      A59CBCD8 
 271      AE71341D 
 272 00e3 EDDB1FE5 		.ascii	"\355\333\037\345\343\305\374\364\234-\343p\222ZYYp\352"
 272      E3C5FCF4 
 272      9C2DE370 
 272      925A5959 
 272      70EA
 273 00f5 3938B16D 		.ascii	"98\261m\253\230\223\345\323\376;m\261\350\243\037\027"
 273      AB9893E5 
 273      D3FE3B6D 
 273      B1E8A31F 
 273      17
 274 0106 CB878C8F 		.ascii	"\313\207\214\217\324\244\275\022D\001\362x\034\256\247"
 274      D4A4BD12 
 274      4401F278 
 274      1CAEA7
 275 0115 6FE1EA11 		.ascii	"o\341\352\021\333\023\256\377 \363y\"Cc\217#\341'qM"
 275      DB13AEFF 
 275      20F37922 
 275      43638F23 
 275      E127714D 
 276 0129 EB2F11B9 		.ascii	"\353/\021\271\350|Ac\367\273\207G{\257\327\235\221`"
 276      E87C4163 
 276      F7BB8747 
 276      7BAFD79D 
 276      9160
 277 013b 7080EF49 		.ascii	"p\200\357I\261-\265\362/\323\004A\330,\024]CF\247\210"
 277      B12DB5F2 
 277      2FD30441 
 277      D82C145D 
 277      4346A788 
 278 014f 86D42B36 		.ascii	"\206\324+6\370\035\352\264\376H\376V\233v\036M\221S"
ARM GAS  C:\Users\ajink\AppData\Local\Temp\ccXMS8Px.s 			page 21


 278      F81DEAB4 
 278      FE48FE56 
 278      9B761E4D 
 278      9153
 279 0161 5354655C 		.ascii	"STe\\1\246\352\0101\363\321\017\236\037FH>}\263 \204"
 279      31A6EA08 
 279      31F3D10F 
 279      9E1F4648 
 279      3E7DB320 
 280 0176 0ADDD102 		.ascii	"\012\335\321\002~\237C_NE\237M\345\32014\035\334P\012"
 280      7E9F435F 
 280      4E459F4D 
 280      E5D03134 
 280      1DDC500A 
 281 018a FA924369 		.ascii	"\372\222Cih*JGS\271d\010\326\235?\330\214\004A\2022"
 281      682A4A47 
 281      53B96408 
 281      D69D3FD8 
 281      8C044182 
 282 019f 901CA522 		.ascii	"\220\034\245\"L=\240#$\002K\200o\276}\370/c\223\036"
 282      4C3DA023 
 282      24024B80 
 282      6FBE7DF8 
 282      2F63931E 
 283 01b3 1F8F3462 		.ascii	"\037\2174bC\345dB\232\011\244G\215\244\020\203\261\022"
 283      43E56442 
 283      9A09A447 
 283      8DA41083 
 283      B112
 284 01c5 03E49F3F 		.ascii	"\003\344\237?p\372\250\022\362W\312\233i\367\262\013"
 284      70FAA812 
 284      F257CA9B 
 284      69F7B20B 
 285 01d5 DA5FD883 		.ascii	"\332_\330\203\256\220\177@\324\206[]\0036\370\036\242"
 285      AE907F40 
 285      D4865B5D 
 285      0336F81E 
 285      A2
 286 01e6 B6BCCCE7 		.ascii	"\266\274\314\347U\266\324\327\201\250g\243\313c\255"
 286      55B6D4D7 
 286      81A867A3 
 286      CB63AD
 287 01f5 A9ABC4B4 		.ascii	"\251\253\304\2640\323Xa\232\342_%\313\250Jv\002{\002"
 287      30D35861 
 287      9AE25F25 
 287      CBA84A76 
 287      027B02
 288 0208 9D2F1C28 		.ascii	"\235/\034(\223\343NF\266uss\205\034?\247\012_\336*$"
 288      93E34E46 
 288      B6757373 
 288      851C3FA7 
 288      0A5FDE2A 
 289 021d 29D17439 		.ascii	")\321t9+Gt\331\007$\363\263\220y\2561\363ib\342\264"
 289      2B4774D9 
 289      0724F3B3 
 289      9079AE31 
 289      F36962E2 
ARM GAS  C:\Users\ajink\AppData\Local\Temp\ccXMS8Px.s 			page 22


 290 0232 083BC204 		.ascii	"\010;\302\004Y\271\222C9\320\345\223\320e\224\007u\230"
 290      59B99243 
 290      39D0E593 
 290      D0659407 
 290      7598
 291 0244 26D6E114 		.ascii	"&\326\341\024\200\247\001\004\342\213o\012\303\255\364"
 291      80A70104 
 291      E28B6F0A 
 291      C3ADF4
 292 0253 951BD5A8 		.ascii	"\225\033\325\250`\214Fb\361\242\247\220\024\362!\205"
 292      608C4662 
 292      F1A2A790 
 292      14F22185 
 293 0263 33C614CE 		.ascii	"3\306\024\316\"\303\220\240\256\222\344ur\240\015\373"
 293      22C390A0 
 293      AE92E475 
 293      72A00DFB 
 294 0273 63B4D0A2 		.ascii	"c\264\320\242\344N\177\250\025\036a\335\217\272Y\237"
 294      E44E7FA8 
 294      151E61DD 
 294      8FBA599F 
 295 0283 6D8BC3D8 		.ascii	"m\213\303\330\304;_\261\276J\21671%9fO\206\025-\253"
 295      C43B5FB1 
 295      BE4A8E37 
 295      31253966 
 295      4F86152D 
 296 0298 948E40F4 		.ascii	"\224\216@\364\241\243J\034\311l\273\352\022\207\345"
 296      A1A34A1C 
 296      C96CBBEA 
 296      1287E5
 297 02a7 783B532A 		.ascii	"x;S*\357\017\364)\250\343\004\242\346\024n\336%\307"
 297      EF0FF429 
 297      A8E304A2 
 297      E6146EDE 
 297      25C7
 298 02b9 BB992DAB 		.ascii	"\273\231-\253\2640\314\026\3072e_\377\22526\246\357"
 298      B430CC16 
 298      C732655F 
 298      FF953236 
 298      A6EF
 299 02cb 832ACBDA 		.ascii	"\203*\313\332\261\277@\206>b\317\244\351:!<\254\373"
 299      B1BF4086 
 299      3E62CFA4 
 299      E93A213C 
 299      ACFB
 300 02dd DCE37EFB 		.ascii	"\334\343~\373\324l\241(\034\243s\320\347\"\350\363U"
 300      D46CA128 
 300      1CA373D0 
 300      E722E8F3 
 300      55
 301 02ee 34C9D8A5 		.ascii	"4\311\330\245b\370\307\241\317\341\037G\374u\217\317"
 301      62F8C7A1 
 301      CFE11F47 
 301      FC758FCF 
 302 02fe ABF5BE17 		.ascii	"\253\365\276\027,}K-|;\215\276e\226\276\227,|\333\215"
 302      2C7D4B2D 
 302      7C3B8DBE 
ARM GAS  C:\Users\ajink\AppData\Local\Temp\ccXMS8Px.s 			page 23


 302      6596BE97 
 302      2C7CDB8D 
 303 0312 BE2563E7 		.ascii	"\276%c\347\220\203\014\316\367\214\316\347-\235?\265"
 303      90830CCE 
 303      F78CCEE7 
 303      2D9D3FB5 
 304 0322 F0ED30FA 		.ascii	"\360\3550\372^\034;a\023\347F\243s\341\230\3044\341"
 304      5E1C3B61 
 304      13E746A3 
 304      73E198C4 
 304      34E1
 305 0334 9D305384 		.ascii	"\2350S\204\035\202\260@\313\241\023`\316\2424\304\031"
 305      1D82B040 
 305      CBA11360 
 305      CEA234C4 
 305      19
 306 0345 461E5D83 		.ascii	"F\036]\203IP\215>BW@\312A*A*@\252@.\243\217\3504\"s"
 306      49508D3E 
 306      425740CA 
 306      412A412A 
 306      40AA402E 
 307 035f ADB9E1BC 		.ascii	"\255\271\341\274\232L5h\307\211\363\314\260\361\360"
 307      9A4C3568 
 307      C789F3CC 
 307      B0F1F0
 308 036e 7107A31E 		.ascii	"q\007\243\036!4}\022u|r^! t\003\370\263\215S\2224\243"
 308      21347D12 
 308      757C725E 
 308      21207403 
 308      F8B38D53 
 309 0385 CF58D9A0 		.ascii	"\317X\331\240\353\220\304\377\222\020L\226\023\273\266"
 309      EB90C4FF 
 309      92104C96 
 309      13BBB6
 310 0394 1CB45244 		.ascii	"\034\264RD\030\327\013\215\250\357>\207j\220B\037\033"
 310      18D70B8D 
 310      A8EF3E87 
 310      6A90421F 
 310      1B
 311 03a5 BE4283E8 		.ascii	"\276B\203\350\033Wrlq\005\235j|fn\3233\251~!g\246\367"
 311      1B57726C 
 311      71059D6A 
 311      7C666ED3 
 311      33A97E21 
 312 03bc AF0C1516 		.ascii	"\257\014\025\026\240[P\307Zc\312\371\350\255+\371\346"
 312      A05B50C7 
 312      5A63CAF9 
 312      E8AD2BF9 
 312      E6
 313 03cd 18AB8750 		.ascii	"\030\253\207P\220\334JJ&\343(L#m<\364&\325N\214\244"
 313      90DC4A4A 
 313      26E3284C 
 313      236D3CF4 
 313      26D54E8C 
 314 03e2 EBC008D5 		.ascii	"\353\300\010\325C\224\333\1778J\335XQ\352i\224\003\275"
 314      4394DB7F 
 314      384ADD58 
ARM GAS  C:\Users\ajink\AppData\Local\Temp\ccXMS8Px.s 			page 24


 314      51EA6994 
 314      03BD
 315 03f4 71515209 		.ascii	"qQR\011\317\266H\364\023\335\334\356\035j\177%\177/"
 315      CFB648F4 
 315      13DDDCEE 
 315      1D6A7F25 
 315      7F2F
 316 0406 86D6384C 		.ascii	"\206\3268L\230 A+\247\230\324\244\001\275\007\377\357"
 316      9820412B 
 316      A798D4A4 
 316      01BD07FF 
 316      EF
 317 0417 20092B61 		.ascii	" \011+aeR\177\217\014\357\245y\242\370\372\236\030\211"
 317      65527F8F 
 317      0CEFA579 
 317      A2F8FA9E 
 317      1889
 318 0429 C301A1F9 		.ascii	"\303\001\241\371Dw\365\266\275x\237\240\013\025\206"
 318      4477F5B6 
 318      BD789FA0 
 318      0B1586
 319 0438 47E0B020 		.ascii	"G\340\260 \255\320]C\302\034\371\316v\346F\344\000\015"
 319      ADD05D43 
 319      C21CF9CE 
 319      76E646E4 
 319      000D
 320 044a 9FC55C29 		.ascii	"\237\305\\)\260\301\331\214%\273\242z\032%\321mO\262"
 320      B0C1D98C 
 320      25BBA27A 
 320      1A25D16D 
 320      4FB2
 321 045c 2E178A46 		.ascii	".\027\212FF\376L\333\3373i\177O\337\276\211\266oxq<"
 321      46FE4CDB 
 321      DF33697F 
 321      4FDFBE89 
 321      B66F7871 
 322 0471 D70657B0 		.ascii	"\327\006W\260\366\215;u\335\230\021\244\230\0214\233"
 322      F68D3B75 
 322      DD9811A4 
 322      9811349B 
 323 0481 1034EB09 		.ascii	"\0204\353\011Z(\301Xu\030\034>\222$7`\367\021\005O\266"
 323      5A28C158 
 323      75181C3E 
 323      92243760 
 323      F711054F 
 324 0496 DF4BE7C7 		.ascii	"\337K\347\307-\316CZ\234\007\372\342\364\347?\330\317"
 324      2DCE435A 
 324      9C07FAE2 
 324      F4E73FD8 
 324      CF
 325 04a7 E34696D6 		.ascii	"\343F\226\326\225\007'\366\363\220\226\356\204.\337"
 325      950727F6 
 325      F39096EE 
 325      842EDF
 326 04b6 90163440 		.ascii	"\220\0264@\217L\322z\244O\253\225\246\225\331\373\244"
 326      8F4CD27A 
 326      A44FAB95 
ARM GAS  C:\Users\ajink\AppData\Local\Temp\ccXMS8Px.s 			page 25


 326      A695D9FB 
 326      A4
 327 04c7 4D82FB44 		.ascii	"M\202\373D\202]wS\024\214\240\316\254_m&\004mz\202v"
 327      825D7753 
 327      148CA0CE 
 327      AC5F6D26 
 327      046D7A82 
 328 04dc 5698BB5B 		.ascii	"V\230\273[w#\263\031N\372bL\3701R\210k\341\354\313\362"
 328      7723B319 
 328      4EFA624C 
 328      F8315288 
 328      6BE1ECCB 
 329 04f1 142BDA5B 		.ascii	"\024+\332[\300\304\012t],[k(@\007+@^F~\274\315\270\005"
 329      C0C40A74 
 329      5D2C5B6B 
 329      2840072B 
 329      405E467E 
 330 0509 78420BD0 		.ascii	"xB\013\320\251/\300\226\241[\317\254\361&\011\315?\242"
 330      A92FC096 
 330      A15BCFAC 
 330      F12609CD 
 330      3FA2
 331 051b F7CE0631 		.ascii	"\367\316\0061\377.C\376\320\000u\231\344\337\245\317"
 331      FF2E43FE 
 331      D0007599 
 331      E4DFA5CF 
 332 052b FF29CD3F 		.ascii	"\377)\315?\377\365\375Z\311\270\321\236\321h?\211\301"
 332      FFF5FD5A 
 332      C9B8D19E 
 332      D1683F89 
 332      C1
 333 053c 32BB2261 		.ascii	"2\273\"aZ\354d\301\356\2254\356Q\262`#\206`\340\217"
 333      5AEC64C1 
 333      EE9534EE 
 333      51B26023 
 333      8660E08F 
 334 0550 BA4D8275 		.ascii	"\272M\202u\353\203\365\320`\372CF\311\016\231\270\333"
 334      EB83F5D0 
 334      60FA4346 
 334      C90E99B8 
 334      DB
 335 0561 8F9E637A 		.ascii	"\217\236cz\224\360D\255>\240;i\217\0172\372\230\313"
 335      94F044AD 
 335      3EA03B69 
 335      8F0F32FA 
 335      98CB
 336 0573 F1DBAD70 		.ascii	"\361\333\255p*Sv\264D\327Hp\266\304\354\316\344\300"
 336      2A5376B4 
 336      44D74870 
 336      B6C4ECCE 
 336      E4C0
 337 0585 AE067B3B 		.ascii	"\256\006{;\007NJ\251:2\202\311ZNl\274\326\"3\034\377"
 337      074E4AA9 
 337      3A3282C9 
 337      5A4E6CBC 
 337      D622331C 
 338 059a A71FD1DB 		.ascii	"\247\037\321\333\320 \324\367\245q=;\230.g8u\255R`9"
ARM GAS  C:\Users\ajink\AppData\Local\Temp\ccXMS8Px.s 			page 26


 338      D020D4F7 
 338      A5713D3B 
 338      982E6738 
 338      75AD5260 
 339 05af F742B7FB 		.ascii	"\367B\267\373\310\312}\005\313\331A\\\316\375\000\016"
 339      C8CA7D05 
 339      CBD9415C 
 339      CEFD000E 
 340 05bf B0E33FE7 		.ascii	"\260\343?\347\376\323H\271\2368\342b\024=\324\337\000"
 340      FED348B9 
 340      9E38E262 
 340      143DD4DF 
 340      00
 341 05d0 F10B23F1 		.ascii	"\361\013#\361 z+\363\353\261\231\213\263j\343\260\236"
 341      207A2BF3 
 341      EBB1998B 
 341      B36AE3B0 
 341      9E
 342 05e1 7928EBA4 		.ascii	"y(\353\244'\331\350\206\201\371\271\221\371\315\333"
 342      27D9E886 
 342      81F9B991 
 342      F9CDDB
 343 05f0 9987C664 		.ascii	"\231\207\306dF\027\342Z6\330\321\0316lXvIU\371i\343"
 343      4617E25A 
 343      36D8D119 
 343      366C5876 
 343      4955F969 
 344 0605 6F3F024F 		.ascii	"o?\002O\206|D?\301\236u\347v\360\270\235\225~\270\372"
 344      867C443F 
 344      C19E75E7 
 344      76F0B89D 
 344      957EB8FA 
 345 0619 628E9C2C 		.ascii	"b\216\234,|\241\2733'wrl\266P\022.\274\201\375\007\221"
 345      7CA1BB33 
 345      2777726C 
 345      B650122E 
 345      BC81FD07 
 346 062e 66683D6F 		.ascii	"fh=o\034y\370\316F>\224'#\377\352\362\306Mv8\301\212"
 346      1C79F8CE 
 346      463E9427 
 346      23FFEAF2 
 346      C64D7638 
 347 0644 EEB6493D 		.ascii	"\356\266I=%\337\242\351\012\266\255W\016/\010\203\336"
 347      25DFA2E9 
 347      0AB6AD57 
 347      0E2F0883 
 347      DE
 348 0655 6EE01528 		.ascii	"n\340\025(\314\320\236\234\006\254\267\343\235\035("
 348      CCD09E9C 
 348      06ACB7E3 
 348      9D1D28
 349 0664 9C9F6E72 		.ascii	"\234\237nr|@\210\332\332\301\013\230v\265\336\320\325"
 349      7C4088DA 
 349      DAC10B98 
 349      76B5DED0 
 349      D5
 350 0675 EDDB9F9E 		.ascii	"\355\333\237\236\263\241\030966\362\024\254\332\332"
ARM GAS  C:\Users\ajink\AppData\Local\Temp\ccXMS8Px.s 			page 27


 350      B3A11839 
 350      3636F214 
 350      ACDADA
 351 0684 5BCD4012 		.ascii	"[\315@\022t\023\003\363\012Z\206\244\343\026e\013-\312"
 351      741303F3 
 351      0A5A86A4 
 351      E316650B 
 351      2DCA
 352 0696 665E2CCA 		.ascii	"f^,\312\325\342\202\030{\234B{\203\372\252\273\343\254"
 352      D5E28218 
 352      7B9C427B 
 352      83FAAABB 
 352      E3AC
 353 06a8 68519A23 		.ascii	"hQ\232##\313\024:\266\024h\033\024aR\221\010}E\"iE\242"
 353      23CB143A 
 353      B614681B 
 353      14615291 
 353      087D4522 
 354 06bf 4AEF3F95 		.ascii	"J\357?\225\341B\306\321\324\337TB\346\3642\371L\242"
 354      E142C6D1 
 354      D4DF5442 
 354      E6F432F9 
 354      4CA2
 355 06d1 1ECF4EF9 		.ascii	"\036\317N\371\010WY\231\335\223\227\261{r\302\340\375"
 355      08575999 
 355      DD9397B1 
 355      7B72C2E0 
 355      FD
 356 06e2 1A3BDCCC 		.ascii	"\032;\334\314l\233.\025U\330\340>\246\234\212\012\317"
 356      6C9B2E15 
 356      55D8E03E 
 356      A69C8A0A 
 356      CF
 357 06f3 92E10DD6 		.ascii	"\222\341\015\326TI\271_\035mG[}J\324\310\313\353\353"
 357      5449B95F 
 357      1D6D475B 
 357      7D4AD4C8 
 357      CBEBEB
 358 0706 AC712CB3 		.ascii	"\254q,\263\275~\230\330\247\300iL9\364\340r%\243\377"
 358      BD7E98D8 
 358      A7C0694C 
 358      39F4E072 
 358      25A3FF
 359 0719 84A8D76A 		.ascii	"\204\250\327jn\034\227\341s\314v$\375E\246\004\3272"
 359      6E1C97E1 
 359      73CC7624 
 359      FD45A604 
 359      D732
 360 072b 45BF5897 		.ascii	"E\277X\227\261\305\272\363V\244`\213;\230\255\177C\367"
 360      B1C5BAF3 
 360      56A4608B 
 360      3B98AD7F 
 360      43F7
 361 073d 1639B529 		.ascii	"\0269\265)\210\252;r\255\326\006\017[\233\275\003,c"
 361      88AA3B72 
 361      ADD6060F 
 361      5B9BBD03 
ARM GAS  C:\Users\ajink\AppData\Local\Temp\ccXMS8Px.s 			page 28


 361      2C63
 362 074f EF00E5B5 		.ascii	"\357\000\345\265\261ev8\306\306\354.\271\214\336%\321"
 362      B1657638 
 362      C6C6EC2E 
 362      B98CDE25 
 362      D1
 363 0760 F0B317E9 		.ascii	"\360\263\027\351r\234\316lOj\342\317*\250\315\212\250"
 363      729CCE6C 
 363      4F6AE2CF 
 363      2AA8CD8A 
 363      A8
 364 0771 CF0BAE5F 		.ascii	"\317\013\256_R\340\022f\3336\330S\245\24469\245\251"
 364      52E01266 
 364      DB36D853 
 364      A5A43639 
 364      A5A9
 365 0783 28D98FF0 		.ascii	"(\331\217\360Mf\253+\337;\227\232dD\313\315\213+\220"
 365      4D66AB2B 
 365      DF3B979A 
 365      6444CBCD 
 365      8B2B90
 366 0796 E14E668A 		.ascii	"\341Nf\212\251\314mdi\276K\325\202\255\247%x\275\324"
 366      A9CC6D64 
 366      69BE4BD5 
 366      82ADA725 
 366      78BDD4
 367 07a9 ECFEBB8C 		.ascii	"\354\376\273\214mMob\367\244\361x\017\263Eo\310\315"
 367      6D4D6F62 
 367      F7A4F178 
 367      0FB3456F 
 367      C8CD
 368 07bb 65E1AC89 		.ascii	"e\341\254\211:T_wG\206\323\231M\377\336\262\214\275"
 368      3A545F77 
 368      4786D399 
 368      4DFFDEB2 
 368      8CBD
 369 07cd B7241C   		.ascii	"\267$\034"
 370 07d0 ABB989F0 		.ascii	"\253\271\211\360yf\313N:|ZFm\013\210z\353\360\203\006"
 370      7966CB4E 
 370      3A7C5A46 
 370      6D0B887A 
 370      EBF08306 
 371 07e4 3B5CC36C 		.ascii	";\\\303l1\005\373\243\231M\240z\306\356\336b\033\334"
 371      3105FBA3 
 371      994DA07A 
 371      C6EEDE62 
 371      1BDC
 372 07f6 C68C25CF 		.ascii	"\306\214%\317\022\372\255\360 SN>y\223a\207\267\311"
 372      12FAADF0 
 372      20534E3E 
 372      79936187 
 372      B7C9
 373 0808 A872A6FB 		.ascii	"\250r\246\373\366Qk|\200)\341\241\345\002\231\310\350"
 373      F6516B7C 
 373      8029E1A1 
 373      E50299C8 
 373      E8
ARM GAS  C:\Users\ajink\AppData\Local\Temp\ccXMS8Px.s 			page 29


 374 0819 144CB38F 		.ascii	"\024L\263\217\247\322\251y\344\356\266F{\202\235\004"
 374      A7D2A979 
 374      E4EEB646 
 374      7B829D04 
 375 0829 EC13B88A 		.ascii	"\354\023\270\212\260\351}\270?\341.Y\034(\007\340\343"
 375      B0E97DB8 
 375      3FE12E59 
 375      1C2807E0 
 375      E3
 376 083a FC547486 		.ascii	"\374Tt\206\341\373\256\224V\221#\030e\003\236\005x."
 376      E1FBAE94 
 376      56912318 
 376      65039E05 
 376      782E
 377 084c C3EB9272 		.ascii	"\303\353\222ro\223\303\012\235\020\361<\206o\214{\032"
 377      6F93C30A 
 377      9D10F13C 
 377      866F8C7B 
 377      1A
 378 085d CF133C53 		.ascii	"\317\023<S\3449\313\360\365\245\325\333h*\031\200\037"
 378      E439CBF0 
 378      F5A5D5DB 
 378      682A1980 
 378      1F
 379 086e 033C9FE1 		.ascii	"\003<\237\341\247\212\013\363%\004\207j\242t\300\013"
 379      A78A0BF3 
 379      2504876A 
 379      A274C00B 
 380 087e 189E989D 		.ascii	"\030\236\230\235t\304\226\340)\200\247\002~\216\341"
 380      74C496E0 
 380      2980A702 
 380      7E8EE1
 381 088d 374E3CFC 		.ascii	"7N<\374\225\300G\000>\012p!\203C\257v\324\323\364\223"
 381      95C04700 
 381      3E0A7021 
 381      8343AF76 
 381      D4D3F493 
 382 08a1 013F0CF8 		.ascii	"\001?\014\370y\206'\337\311o$\333\033J\004<\011\360"
 382      798627DF 
 382      C96F24DB 
 382      1B4A043C 
 382      09F0
 383 08b3 2286A7F7 		.ascii	"\"\206\247\367\015\247\320tt\200\037\002\274\230\341"
 383      0DA7D074 
 383      74801F02 
 383      BC98E1
 384 08c2 7B5E67A6 		.ascii	"{^g\246\320\364\017\000~\020\360\022\206\277x\224VL"
 384      D0F40F00 
 384      7E10F012 
 384      86BF7894 
 384      564C
 385 08d4 6E27086E 		.ascii	"n'\010n\023(\001\360\013\014\337\237}\201\272\307\001"
 385      132801F0 
 385      0B0CDF9F 
 385      7D81BAC7 
 385      01
 386 08e5 1C0F70A9 		.ascii	"\034\017p\251\270Y\364\266\305+\010\036\013\370>\300"
ARM GAS  C:\Users\ajink\AppData\Local\Temp\ccXMS8Px.s 			page 30


 386      B859F4B6 
 386      C52B081E 
 386      0BF83EC0 
 387 08f5 2F32BC20 		.ascii	"/2\274 \361H\031\305\367\262\342\2271\270d\347\331\012"
 387      F14819C5 
 387      F7B2E297 
 387      31B864E7 
 387      D90A
 388 0907 6B02C700 		.ascii	"k\002\307\000\274\007\334/1|[kT.\035\253\335\200o\007"
 388      BC07DC2F 
 388      317C5B6B 
 388      542E1DAB 
 388      DD806F07 
 389 091b BC9CE1C7 		.ascii	"\274\234\341\3076\035\237K\340h\200w\001\\!\262g\246"
 389      361D9F4B 
 389      E0688077 
 389      015C21B2 
 389      67A6
 390 092d D650F69D 		.ascii	"\326P\366\235\242\373e\206\307_\335U\253$\370\016\300"
 390      A2FB6586 
 390      C75FDD55 
 390      AB24F80E 
 390      C0
 391 093e B7015EC9 		.ascii	"\267\001^\311\360\255CEu\264\306Q\242\377\025\206wG"
 391      F0AD4345 
 391      75B4C651 
 391      A2FF1586 
 391      7747
 392 0950 0FA5D2CE 		.ascii	"\017\245\322\316n\025\375\253(\316\3275\265\275\340"
 392      6E15FDAB 
 392      28CED735 
 392      B5BDE0
 393 095f 9174FA46 		.ascii	"\221t\372F\372\303@\350z\034\253\324\3772\000\257\006"
 393      FAC340E8 
 393      7A1CABD4 
 393      FF3200AF 
 393      06
 394 0970 BC945DFC 		.ascii	"\274\224]\374a\333\255\346%\346?\017Tw-\246o\035\274"
 394      61DBADE6 
 394      25E63F0F 
 394      54772DA6 
 394      6F1DBC
 395 0983 74D45B07 		.ascii	"t\324[\007*O<t\335\006g\260\031{\260\270#\003}|H\320"
 395      2A4F3C74 
 395      DD0667B0 
 395      197BB0B8 
 395      23037D7C 
 396 0999 2536D7B7 		.ascii	"%6\327\267Z\305\302{\310\310\310\207\224\373:\333)\015"
 396      5AC5C27B 
 396      C8C8C887 
 396      94FB3ADB 
 396      290D
 397 09ab F1AEB3DD 		.ascii	"\361\256\263\335\022\335\340?&\373xMy\236\225\\\374"
 397      12DDE03F 
 397      26FB784D 
 397      799E955C 
 397      FC
ARM GAS  C:\Users\ajink\AppData\Local\Temp\ccXMS8Px.s 			page 31


 398 09bc C562F3EF 		.ascii	"\305b\363\357\374ba\262\272\224\342\352\252k\016\275"
 398      FC6261B2 
 398      BA94E2EA 
 398      AA6B0EBD 
 399 09cc 6C4B6F1A 		.ascii	"lKo\032\364\267\203\306\272\320\203\326\204N\320\037"
 399      F4B783C6 
 399      BAD083D6 
 399      844ED01F 
 400 09dc 2D0AD33B 		.ascii	"-\012\323;\333-\036\216Zx7C7y\312\266\377B\336\260\355"
 400      DB2D1E8E 
 400      5A783743 
 400      3779CAB6 
 400      FF42DEB0 
 401 09f1 C41DE23B 		.ascii	"\304\035\342;\221\003\242\267\265Z2\035\250\373m~\242"
 401      9103A2B7 
 401      B55A321D 
 401      A8FB6D7E 
 401      A2
 402 0a02 BE11F17E 		.ascii	"\276\021\361~\231z\251\305\336\324\273\206\177\213w"
 402      997AA9C5 
 402      DED4BB86 
 402      7F8B77
 403 0a11 CDD9DE1B 		.ascii	"\315\331\336\0336\370\034+O\342\235\274\275\212\017"
 403      36F81C2B 
 403      4FE29DBC 
 403      BD8A0F
 404 0a20 AB640982 		.ascii	"\253d\011\202\2243=\026\246\260c!>3\277\320\236\252"
 404      94333D16 
 404      A6B06321 
 404      3E33BFD0 
 404      9EAA
 405 0a32 B34C7764 		.ascii	"\263Lwd%\333\221\217\236yx\013Q\353l\242Fe&\367\331"
 405      25DB918F 
 405      9E79780B 
 405      51EB6CA2 
 405      466526F7 
 406 0a47 532BA633 		.ascii	"S+\2463\274!\247AA\255sL\267-%\333\266FN\337nam\277"
 406      BC21A741 
 406      41AD734C 
 406      B72D25DB 
 406      B6464EDF 
 407 0a5f 36DD7B95 		.ascii	"6\335{\225l\357\215\032\352\012\227R\353\\\323\355P"
 407      6CEF8D1A 
 407      EA0A9752 
 407      EB5CD3ED 
 407      50
 408 0a70 C9B6C3FC 		.ascii	"\311\266\303\374\216\241\233rj\235G\317\202\244\346"
 408      8EA19B72 
 408      6A9D47CF 
 408      82A4E6
 409 0a7f 4E44AD36 		.ascii	"ND\2556D\025\006\367l\221Q\3537t\237(:V\303z4\337d\263"
 409      441506F7 
 409      6C9151EB 
 409      37749F28 
 409      3A56C37A 
 410 0a97 56B2CDBA 		.ascii	"V\262\315\2725\243\243\222e\361\255\351.\257d\273|r"
 410      35A3A392 
ARM GAS  C:\Users\ajink\AppData\Local\Temp\ccXMS8Px.s 			page 32


 410      65F1ADE9 
 410      2EAF64BB 
 410      7C72
 411 0aa9 5F720663 		.ascii	"_r\006cr\"j\333\216\224\343,G[\242\016\354\311\312e"
 411      72226ADB 
 411      8E94E32C 
 411      475BA20E 
 411      ECC9CA65 
 412 0abd FD5B687A 		.ascii	"\375[hz\")\331\2114\\ZPfK\255\316\264\177\331\2722)"
 412      2229D989 
 412      345C5A50 
 412      664BADCE 
 412      B47FD9BA 
 413 0ad3 B5DA1135 		.ascii	"\265\332\0215-7\3425\353\237\013Q\263\0165\364\263\272"
 413      2D37E235 
 413      EB9F0B51 
 413      B30E35F4 
 413      B3BA
 414 0ae5 2AE9B24B 		.ascii	"*\351\262K\310*\266\242VW\323\251\244dS\351NgB\035\263"
 414      C82AB6A2 
 414      5657D3A9 
 414      A46453E9 
 414      4E67421D 
 415 0afa 2E226AA9 		.ascii	".\"j\251\256\267T:\357\244\260YW\004\256\374Dx\271G"
 415      AEB7543A 
 415      EFA4B059 
 415      5704AEFC 
 415      4478B947 
 416 0b0e 0D30F65F 		.ascii	"\0150\366_LEw\341\243\021\344\036H\023H3H\013\310}\220"
 416      4C4577E1 
 416      A311E41E 
 416      48134833 
 416      480BC87D 
 417 0b23 07200F41 		.ascii	"\007 \017A\036\201\264\202\264\201\264\203\300,\177"
 417      1E81B482 
 417      B481B483 
 417      C02C7F
 418 0b32 0C1F1D20 		.ascii	"\014\037\035 \235 O@\272@\236\202<\003\351\006\351\001"
 418      9D204F40 
 418      BA409E82 
 418      3C03E906 
 418      E901
 419 0b44 E905E903 		.ascii	"\351\005\351\003y\016\362\002\344%H?\233\273\033^5\354"
 419      790EF202 
 419      E425483F 
 419      9BBB1B5E 
 419      35EC
 420 0b56 B2861577 		.ascii	"\262\206\025wB\327\034_()\012\027\350\373\"M\255^\\"
 420      42D71C5F 
 420      28290A17 
 420      E8FB224D 
 420      AD5E5C
 421 0b69 72C6B949 		.ascii	"r\306\271I\220;\374\207\034\032\340\347\3015\230.\275"
 421      903BFC87 
 421      1C1AE0E7 
 421      C135982E 
 421      BD
ARM GAS  C:\Users\ajink\AppData\Local\Temp\ccXMS8Px.s 			page 33


 422 0b7a B4072991 		.ascii	"\264\007)\221vf/8\344\252g\\,\203<\275\251\221O2\276"
 422      76662F38 
 422      E4AA675C 
 422      2C833CBD 
 422      A9914F32 
 423 0b8f A723D214 		.ascii	"\247#\322\024f\336\344\375\311\350\375Z\364~M\275G2"
 423      66DEE4FD 
 423      C9E8FD5A 
 423      F47E4DBD 
 423      4732
 424 0ba1 D37E3173 		.ascii	"\323~1s\336bF\375Ft&\2376k\375\002\265\363UZ\353\305"
 424      DE6246FD 
 424      4674269F 
 424      366BFD02 
 424      B5F3555A 
 425 0bb7 2BBE7770 		.ascii	"+\276wp\346d*\225\010\254\362\375\223\267\357j\277\237"
 425      E6642A95 
 425      08ACF2FD 
 425      93B7EF6A 
 425      BF9F
 426 0bc9 FD42B46B 		.ascii	"\375B\264k\325~A\336\332\240 \377\020\357_\002\327:"
 426      D57E41DE 
 426      DAA020FF 
 426      10EF5F02 
 426      D73A
 427 0bdb D06F0E3E 		.ascii	"\320o\016>\301\001\016\232\200\2375j\265F\355\375\365"
 427      C1010E9A 
 427      809F356A 
 427      B546EDFD 
 427      F5
 428 0bec 8C6F1D66 		.ascii	"\214o\035f\317\2345\367\357s\274\001\377*0(P\363\225"
 428      CF9C35F7 
 428      EF73BC01 
 428      FF2A3028 
 428      50F395
 429 0bff C6E7673F 		.ascii	"\306\347g?o\277@_\377\265j\215w\200\017p\005j\274Uj"
 429      6FBF405F 
 429      FFB56A8D 
 429      77800F70 
 429      056ABC55 
 430 0c14 CD2A9FB5 		.ascii	"\315*\237\265\376Z\225\366\2675\232\220\031\253\271"
 430      FE5A95F6 
 430      B7359A90 
 430      19ABB9
 431 0c23 9FFEAF61 		.ascii	"\237\376\257aB~\013\361V\205h\325\320\005\340V,^\271"
 431      427E0BF1 
 431      568568D5 
 431      D005E056 
 431      2C5EB9
 432 0c36 D45DE505 		.ascii	"\324]\345\005\221\\4\253\244\244_sf\253\264r\326E\362"
 432      915C34AB 
 432      A4A45F73 
 432      66ABB472 
 432      D645F2
 433 0c49 153B7BB8 		.ascii	"\025;{\270\201,\301K]<\260\273\213\207d\241\247\207"
 433      812CC14B 
 433      5D3CB0BB 
ARM GAS  C:\Users\ajink\AppData\Local\Temp\ccXMS8Px.s 			page 34


 433      8B8764A1 
 433      A787
 434 0c5b 075EE8E1 		.ascii	"\007^\350\341!qs\376\316\343\213\0313\034\341\217f\027"
 434      217173FE 
 434      CEE38B19 
 434      331CE18F 
 434      6617
 435 0c6d 1432C731 		.ascii	"\0242\3071(\304Q\263N\353\350\274\334s\251\247\243\247"
 435      28C451B3 
 435      4EEBE8BC 
 435      DC73A9A7 
 435      A3A7
 436 0c7f 97638836 		.ascii	"\227c\2106`\316\354U\263f\256#\241\374\202\326\004\005"
 436      60CEEC55 
 436      B366AE23 
 436      A1FC82D6 
 436      0405
 437 0c91 6B037C42 		.ascii	"k\003|B~Ui\277\031\335p\265\217\277#q\010\201\206\313"
 437      7E5569BF 
 437      19DD70B5 
 437      8FBF2371 
 437      088186CB 
 438 0ca5 E7CC7674 		.ascii	"\347\314vtssq$\331\375c\226\343\032\037\177\225\277"
 438      73737124 
 438      D9FD6396 
 438      E31A1F7F 
 438      95BF
 439 0cb7 BF1A48A4 		.ascii	"\277\032H\244~A\001Aj\215J\253\364\367U\253f\257\233"
 439      7E410141 
 439      6A8D4AAB 
 439      F4F755AB 
 439      66AF9B
 440 0cca 354FF5CF 		.ascii	"5O\365\317`?\255\306V\257\316\360\345\246\230\233T\276"
 440      603FADC6 
 440      56AFCEF0 
 440      E5A6989B 
 440      54BE
 441 0cdc 4101013E 		.ascii	"A\001\001>\201\352I\026\260\332G\3533\331\200\205h\264"
 441      81EA4916 
 441      B0DA47EB 
 441      33D98085 
 441      68B4
 442 0cee AA354121 		.ascii	"\2525A!~Z\277\240@\243\347\232`(\203\312w\265O\260\214"
 442      7E5ABFA0 
 442      40A3E79A 
 442      602883CA 
 442      77B54FB0 
 443 0d03 6054B533 		.ascii	"`T\2653X\375\002\375\2642\250\247\326/\0002\242\325"
 443      58FD02FD 
 443      B432A8A7 
 443      D62F0032 
 443      A2D5
 444 0d15 03545F3D 		.ascii	"\003T_=\362\365\363\321\335\014\326:\212C\0010i,\216"
 444      F2F5F3D1 
 444      DD0CD63A 
 444      8A430130 
 444      692C8E
ARM GAS  C:\Users\ajink\AppData\Local\Temp\ccXMS8Px.s 			page 35


 445 0d28 B2DC77B5 		.ascii	"\262\334w\265\327j\265\247\277F\263\346\263\337i\245"
 445      D76AB5A7 
 445      BF46B3E6 
 445      B3DF69A5 
 446 0d38 5D1DACF1 		.ascii	"]\035\254\361Q\323F\254\246~j\225v\262J\254\022\351"
 446      51D346AC 
 446      A67E6A95 
 446      76B24AAC 
 446      12E9
 447 0d4a CA2FC141 		.ascii	"\312/\301Ak\327\220B)\335\234]T\263\177\200\\<\\=]\275"
 447      6BD79042 
 447      29DD9C5D 
 447      54B37F80 
 447      5C3C5C3D 
 448 0d60 261AD4AF 		.ascii	"&\032\324\257U\013\227z\251\026~\357i\204\346\353\241"
 448      550B977A 
 448      A9167EEF 
 448      6984E6EB 
 448      A1
 449 0d71 770C90DB 		.ascii	"w\014\220\333\322\025\256*\367\025\256\023\315\020O"
 449      D215AE2A 
 449      F715AE13 
 449      CD104F
 450 0d80 95D75FDD 		.ascii	"\225\327_\335\215N\213\334Wx\251\346\3760\177\242%2"
 450      8D4E8BDC 
 450      5778A9E6 
 450      FE307FA2 
 450      2532
 451 0d92 6BE61403 		.ascii	"k\346\024\003\344\262\324s\245\233\323\217*g7W'\217"
 451      E4B2D473 
 451      A59BD38F 
 451      2A673757 
 451      278F
 452 0da4 C9A3E025 		.ascii	"\311\243\340%\356\313]'\215B\335W\214&\360X\272x\211"
 452      EECB5D27 
 452      8D42DD57 
 452      8C26F058 
 452      BA7889
 453 0db7 D7680237 		.ascii	"\327h\0027\327E^\243\235=\227,]d\322i\347\357=<\335"
 453      D7455EA3 
 453      9D3D972C 
 453      5D64D269 
 453      E7EF3D3C 
 454 0dcc 3D8076B2 		.ascii	"=\200v\262%\264\020\372\365\335(\224\306z\327\022%\241"
 454      25B410FA 
 454      F5DD2894 
 454      C67AD712 
 454      25A1
 455 0dde 8C200DC1 		.ascii	"\214 \015\301<'Y\200\304\321\2109/\366pZ\256rrq\361"
 455      3C275980 
 455      C4D18839 
 455      2FF6705A 
 455      AE727271 
 456 0df3 30E9A88B 		.ascii	"0\351\250\213\0363&\011\003\360\243j\221\233\323b#\264"
 456      1E332609 
 456      03F0A36A 
 456      919BD362 
ARM GAS  C:\Users\ajink\AppData\Local\Temp\ccXMS8Px.s 			page 36


 456      23B4
 457 0e05 C2F5072F 		.ascii	"\302\365\007/Z\371\011F6\367\345\313\235V\270\330\031"
 457      5AF90946 
 457      36F7E5CB 
 457      9D56B8D8 
 457      19
 458 0e16 A99CBC9C 		.ascii	"\251\234\274\234&\030\246\2468\347\355\015\200Z\343"
 458      2618A6A6 
 458      38E7ED0D 
 458      805AE3
 459 0e25 0BD3E1BD 		.ascii	"\013\323\341\275\031\301Ad\336\317\260\300\377\013\344"
 459      19C14164 
 459      DECFB0C0 
 459      FF0BE4
 460 0e34 43448B   		.ascii	"CD\213"
 461              		.text
 462              		.section	.gnu.lto_.symtab.a3d9bd,"",%progbits
 463 0000 6C63645F 		.ascii	"lcd_2x16_write\000\000\000\000\000\000\000\000\000\000"
 463      32783136 
 463      5F777269 
 463      74650000 
 463      00000000 
 464 0018 0000DD00 		.ascii	"\000\000\335\000\000\000lcd_2x16_write_command\000\000"
 464      00006C63 
 464      645F3278 
 464      31365F77 
 464      72697465 
 465 0036 00000000 		.ascii	"\000\000\000\000\000\000\000\000\000\000\337\000\000"
 465      00000000 
 465      0000DF00 
 465      00
 466 0043 006C6364 		.ascii	"\000lcd_2x16_write_data\000\000\000\000\000\000\000"
 466      5F327831 
 466      365F7772 
 466      6974655F 
 466      64617461 
 467 005e 00000000 		.ascii	"\000\000\000\000\000\341\000\000\000lcd_2x16_set_po"
 467      00E10000 
 467      006C6364 
 467      5F327831 
 467      365F7365 
 468 0076 73697469 		.ascii	"sition\000\000\000\000\000\000\000\000\000\000\000\000"
 468      6F6E0000 
 468      00000000 
 468      00000000 
 468      0000
 469 0088 E6000000 		.ascii	"\346\000\000\000lcd_2x16_print_char\000\000\000\000"
 469      6C63645F 
 469      32783136 
 469      5F707269 
 469      6E745F63 
 470 00a3 00000000 		.ascii	"\000\000\000\000\000\000\000\000\350\000\000\000lcd"
 470      00000000 
 470      E8000000 
 470      6C6364
 471 00b2 5F707269 		.ascii	"_print\000\000\000\000\000\000\000\000\000\000\000\000"
 471      6E740000 
ARM GAS  C:\Users\ajink\AppData\Local\Temp\ccXMS8Px.s 			page 37


 471      00000000 
 471      00000000 
 471      0000
 472 00c4 EE000000 		.ascii	"\356\000\000\000lcd_2x16_init\000\000\000\000\000\000"
 472      6C63645F 
 472      32783136 
 472      5F696E69 
 472      74000000 
 473 00db 00000000 		.ascii	"\000\000\000\000\000\000\361\000\000\000lcd_2x16_co"
 473      0000F100 
 473      00006C63 
 473      645F3278 
 473      31365F63 
 474 00f0 6D6D616E 		.ascii	"mmand\000\000\000\000\000\000\000\000\000\000\000\000"
 474      64000000 
 474      00000000 
 474      00000000 
 474      00
 475 0101 52010000 		.ascii	"R\001\000\000lcd_2x16_decode\000\000\000\000\000\000"
 475      6C63645F 
 475      32783136 
 475      5F646563 
 475      6F646500 
 476 011a 00000000 		.ascii	"\000\000\000\000\000\000y\001\000\000chThdSleep\000"
 476      00007901 
 476      00006368 
 476      54686453 
 476      6C656570 
 477 012f 00020000 		.ascii	"\000\002\000\000\000\000\000\000\000\000\000\002\001"
 477      00000000 
 477      00000002 
 477      01
 478 013c 00005F70 		.ascii	"\000\000_pal_lld_setgroupmode\000\000\002\000\000\000"
 478      616C5F6C 
 478      6C645F73 
 478      65746772 
 478      6F75706D 
 479 0159 00000000 		.ascii	"\000\000\000\000\000\000\013\001\000\000"
 479      00000B01 
 479      0000
 480              		.text
 481              		.section	.gnu.lto_.opts,"",%progbits
 482 0000 272D666E 		.ascii	"'-fno-trapv' '-mcpu=cortex-m3' '-mno-thumb-interwor"
 482      6F2D7472 
 482      61707627 
 482      20272D6D 
 482      6370753D 
 483 0033 6B272027 		.ascii	"k' '-mthumb' '-ggdb' '-O2' '-fomit-frame-pointer' '"
 483      2D6D7468 
 483      756D6227 
 483      20272D67 
 483      67646227 
 484 0066 2D66616C 		.ascii	"-falign-functions=16' '-ffunction-sections' '-fdata"
 484      69676E2D 
 484      66756E63 
 484      74696F6E 
 484      733D3136 
ARM GAS  C:\Users\ajink\AppData\Local\Temp\ccXMS8Px.s 			page 38


 485 0099 2D736563 		.ascii	"-sections' '-fno-common' '-flto'\000"
 485      74696F6E 
 485      73272027 
 485      2D666E6F 
 485      2D636F6D 
 486              		.text
 487              		.comm	__gnu_lto_v1,1,1
 488              		.comm	__gnu_lto_slim,1,1
 489              		.ident	"GCC: (GNU Tools for ARM Embedded Processors) 4.9.3 20150529 (release) [ARM/embedded-4_9-br
ARM GAS  C:\Users\ajink\AppData\Local\Temp\ccXMS8Px.s 			page 39


DEFINED SYMBOLS
                            *ABS*:00000000 lcd_2x16.c
                            *COM*:00000001 __gnu_lto_v1
                            *COM*:00000001 __gnu_lto_slim

NO UNDEFINED SYMBOLS
