ARM GAS  C:\Users\ajink\AppData\Local\Temp\ccXK8jGV.s 			page 1


   1              		.syntax unified
   2              		.cpu cortex-m3
   3              		.fpu softvfp
   4              		.eabi_attribute 20, 1
   5              		.eabi_attribute 21, 1
   6              		.eabi_attribute 23, 3
   7              		.eabi_attribute 24, 1
   8              		.eabi_attribute 25, 1
   9              		.eabi_attribute 26, 1
  10              		.eabi_attribute 30, 2
  11              		.eabi_attribute 34, 1
  12              		.eabi_attribute 18, 4
  13              		.thumb
  14              		.file	"nvic.c"
  15              		.text
  16              	.Ltext0:
  17              		.section	.gnu.lto_.profile.a3d685,"",%progbits
  18 0000 789C6366 		.ascii	"x\234cf```a\200\000F\006)1\000\000\276\0009"
  18      60606061 
  18      80004606 
  18      29310000 
  18      BE0039
  19              		.text
  20              		.section	.gnu.lto_.jmpfuncs.a3d685,"",%progbits
  21 0000 789C6366 		.ascii	"x\234cf\300\016\244\2404\013\003\023##s}=#\020\3243"
  21      C00EA4A0 
  21      340B0313 
  21      2323737D 
  21      3D2310D4 
  22 0015 41D8CC20 		.ascii	"A\330\314 6\003\000(\334\0036"
  22      36030028 
  22      DC0336
  23              		.text
  24              		.section	.gnu.lto_.inline.a3d685,"",%progbits
  25 0000 789C6D8C 		.ascii	"x\234m\214\313\015\2000\014C\235\017i\340\302\010\335"
  25      CB0D8030 
  25      0C439D0F 
  25      69E0C208 
  25      DD
  26 0011 801199A5 		.ascii	"\200\021\231\245#1\012#`\240\2528`)J\"\373\331\360\257"
  26      23310A23 
  26      60A0AA38 
  26      60294A22 
  26      FBD9F0AF 
  27 0025 BD6F0796 		.ascii	"\275o\007\226YT\2047\307\343\334\020\255*\364X\035\374"
  27      59548437 
  27      C7E3DC10 
  27      AD2AF458 
  27      1DFC
  28 0037 9246D2CA 		.ascii	"\222F\322\312\302\014\023\346\255\276\011\232\3764("
  28      C20C13E6 
  28      ADBE099A 
  28      FE3428
  29 0046 2617B92B 		.ascii	"&\027\271+\214\324\007\247\014%:8\274\001\342\002F;"
  29      8CD407A7 
  29      0C253A38 
  29      BC01E202 
ARM GAS  C:\Users\ajink\AppData\Local\Temp\ccXK8jGV.s 			page 2


  29      463B
  30 0058 0CFC     		.ascii	"\014\374"
  31              		.text
  32              		.section	.gnu.lto_.pureconst.a3d685,"",%progbits
  33 0000 789C6366 		.ascii	"x\234cf``\340d\200\000\026\006)F)&)f)\000\002\305\000"
  33      6060E064 
  33      80001606 
  33      29462926 
  33      29662900 
  34 0017 7F       		.ascii	"\177"
  35              		.text
  36              		.section	.gnu.lto_nvicEnableVector.a3d685,"",%progbits
  37 0000 789C9552 		.ascii	"x\234\225RMO\023Q\024}\347\275i;eH5.k\214.$\254\350"
  37      4D4F1351 
  37      147DE7BD 
  37      693B6548 
  37      352E6B8C 
  38 0018 C4685CB8 		.ascii	"\304h\\\270\222\270&1\376\003\355\206&B\011\030\343"
  38      92B82631 
  38      FE03ED86 
  38      26420918 
  38      E3
  39 0029 8ED7D2C0 		.ascii	"\216\327\322\300B\023H7\022\011\033\301\370Q)\212V\005"
  39      42134837 
  39      12091BC1 
  39      F851298A 
  39      5605
  40 003b D14C4834 		.ascii	"\321LH4,Tl\254\2214\244,\304o\026\202$\355,\010\336"
  40      2C546CAC 
  40      9134A42C 
  40      C46F1682 
  40      24ED2C08 
  41 0050 3B533506 		.ascii	";S5\006\026:\231y\357\335\217s\317\271\367\215\022\333"
  41      163A9979 
  41      EFDD8F73 
  41      CFB9F78D 
  41      12DB
  42 0062 9F287DAD 		.ascii	"\237(}\255J\210c\264C\011\310\241WB\244L\011\360A@\364"
  42      4A8863B4 
  42      4309C8A1 
  42      5742A44C 
  42      09F04140 
  43 0077 4AF4E28B 		.ascii	"J\364\342\213\\\223\030rr\303V\3635\255\365\367\354"
  43      5C931872 
  43      72C356F3 
  43      35ADF5F7 
  43      EC
  44 0088 42EAA403 		.ascii	"B\352\244\003W\012\361C\372up\035\315\224SZ|\337o\250"
  44      570AF143 
  44      FA75701D 
  44      CD94535A 
  44      7CDF6FA8 
  45 009c 2310749E 		.ascii	"#\020t\236\316o\274\264>KW\342\000\2333\331\371\341"
  45      CE6FBCB4 
  45      3E4B57E2 
  45      009B33D9 
  45      F9E1
ARM GAS  C:\Users\ajink\AppData\Local\Temp\ccXK8jGV.s 			page 3


  46 00ae 209BD260 		.ascii	" \233\322`\263\360$\377|W\323\230\326ig~J\0377\\\251"
  46      B3F024FF 
  46      7C57D398 
  46      D669677E 
  46      4A1F375C 
  47 00c3 70038AEA 		.ascii	"p\003\212\352\341&\242\270\205\250 \227@\016M\224\375"
  47      E126A2B8 
  47      85A82097 
  47      400E4D94 
  47      FD
  48 00d4 FACA46C9 		.ascii	"\372\312F\311PG\275\272\305\374\213R\035\271\364\013"
  48      5047BDBA 
  48      C5FC8B52 
  48      1DB9F40B 
  49 00e4 797B07E4 		.ascii	"y{\007\344\004\2328}-\263\371\316\012fH\366n_-\362\010"
  49      049A387D 
  49      2DB3F9CE 
  49      0A6648F6 
  49      6E5F2DF2 
  50 00f9 82F6C93D 		.ascii	"\202\366\311=\216\336\332\032+\254\332\021\200\263%"
  50      8EDEDA1A 
  50      2BACDA11 
  50      80B325
  51 0108 E10CC54B 		.ascii	"\341\014\305K\000\314\033\242c\300\244%\030\346\245"
  51      00CC1BA2 
  51      63C0A425 
  51      18E6A5
  52 0117 81178B7D 		.ascii	"\201\027\213}B\254P!\036\320\007)yWe\244\027\007*\237"
  52      42AC5021 
  52      1ED00729 
  52      795765A4 
  52      17072A9F 
  53 012b 025CBB2A 		.ascii	"\002\\\273*eUB\224\321\267\024\364mE.R2^\\.*\236@\310"
  53      65554294 
  53      D1B714F4 
  53      6D452E52 
  53      325E5C2E 
  54 0143 10982499 		.ascii	"\020\230$\231e\314e\301)\024\\\377\246G\015\016\232"
  54      65CC65C1 
  54      29145CFF 
  54      A6470D0E 
  54      9A
  55 0154 7AAE4F47 		.ascii	"z\256OGX\371\362\312B\321\364\\\202\315\253ok_#\243"
  55      58F9F2CA 
  55      42D1F45C 
  55      82CDAB6F 
  55      6B5F23A3 
  56 0168 184969ED 		.ascii	"\030Ii\355\204\\\031\306\035\352\366.\225\341\240;~"
  56      845C19C6 
  56      1DEAF62E 
  56      95E1A03B 
  56      7E
  57 0179 C96AC9E9 		.ascii	"\311j\311\351\014]J\003\2460\212u\357b(r\361r\261f\332"
  57      0C5D4A03 
  57      A6308A75 
  57      EF622872 
  57      F172B166 
ARM GAS  C:\Users\ajink\AppData\Local\Temp\ccXK8jGV.s 			page 4


  58 018e 133A9372 		.ascii	"\023:\223r\366\0225\356\241\245\312-\320 \356\303&q"
  58      F61235EE 
  58      A1A5CA2D 
  58      D020EEC3 
  58      2671
  59 01a0 ACB4D2FF 		.ascii	"\254\264\322\377q\240.>DQ\202\255\276\031\231id\362"
  59      71A02E3E 
  59      445182AD 
  59      BE199969 
  59      64F2
  60 01b2 6040A0E0 		.ascii	"`@\240\340\211MW\006J\312O2\271\004\341j\365\016\303"
  60      894D5706 
  60      4ACA4F32 
  60      B904E16A 
  60      F50EC3
  61 01c5 E422D0EC 		.ascii	"\344\"\320\354\340\340\263\220\007\332/\360\300\003"
  61      E0E0B390 
  61      07DA2FF0 
  61      C003
  62 01d3 FD1E4203 		.ascii	"\375\036B\003\016F)\321\257\263!}\247E\376\277\306\360"
  62      0E4629D1 
  62      AFB3217D 
  62      A745FEBF 
  62      C6F0
  63 01e5 AF4D5A78 		.ascii	"\257MZx\3505\211mM\356se#\036q\223!\257\311in\322\362"
  63      E835896D 
  63      4DEE7365 
  63      231E7193 
  63      21AFC969 
  64 01fc 48D69EC6 		.ascii	"H\326\236\306\376\233f\306\243\221;\323<\376C3\353\323"
  64      FE9B66C6 
  64      A3913BD3 
  64      3CFE4333 
  64      EBD3
  65 020e 54907236 		.ascii	"T\220r6\275I\262w\205\364\321\357A\350C\261\230Mo\274"
  65      BD49B277 
  65      85F4D1EF 
  65      41E843B1 
  65      984D6FBC 
  66 0222 3D712691 		.ascii	"=q&\221\3549l'{\354\366\323g\355\256d\367\271\036;\236"
  66      EC396C27 
  66      7BECF6D3 
  66      67EDAE64 
  66      F7B91E3B 
  67 0237 ECE84876 		.ascii	"\354\350Hv\332\255\247\332N\264]\260;\317'\342\261\270"
  67      DAADA7DA 
  67      4EB45DB0 
  67      3BCF27E2 
  67      B1B8
  68 0249 40A7D1D5 		.ascii	"@\247\321\325\235H\376\004G\347-\334"
  68      9D48FE04 
  68      47E72DDC 
  69              		.text
  70              		.section	.gnu.lto_nvicDisableVector.a3d685,"",%progbits
  71 0000 789C8D51 		.ascii	"x\234\215QMk\023Q\024}\347\316d\022;R\305U\211\210."
  71      4D6B1351 
  71      147DE7CE 
ARM GAS  C:\Users\ajink\AppData\Local\Temp\ccXK8jGV.s 			page 5


  71      64123B52 
  71      C5558988 
  72 0015 2C5D350F 		.ascii	",]5\017Q\367\212\340\256 \376\003\315\246\001\223\021"
  72      51F78AE0 
  72      AE20FE03 
  72      CDA60193 
  72      11
  73 0026 23E2AE2F 		.ascii	"#\342\256/M\254\013\205\226n\014\324l\254\337\261\351"
  73      4DAC0B85 
  73      966E0CD4 
  73      6CACDFB1 
  73      E9
  74 0037 47AC6251 		.ascii	"G\254bQ\030\012\212\202\037T+J\221\210\030\301\257E"
  74      180A8A82 
  74      1F542B4A 
  74      918818C1 
  74      AF45
  75 0049 5B0BCD2C 		.ascii	"[\013\315,\264\336;\323\205\320\215\303\314}\357\236"
  75      B4DE3BD3 
  75      85D08DC3 
  75      CC7DEF9E 
  76 0059 77EE39F7 		.ascii	"w\3569\367\316\263\324\306'\311_\226\224\332\317+,\005"
  76      CEB3D4C6 
  76      27C95F96 
  76      94DACF2B 
  76      2C05
  77 006b 1A7AA954 		.ascii	"\032z\251T!A\200l\024T\037\241\017\337h\2110\344W\313"
  77      2141806C 
  77      14541FA1 
  77      0FDF6889 
  77      30E457CB 
  78 007f 6ED73563 		.ascii	"n\3275c\314\342\353\311\216s\035\001\227\375\242H\006"
  78      CCE2EBC9 
  78      8E731D01 
  78      97FDA248 
  78      06
  79 0090 37D0C594 		.ascii	"7\320\305\224\371\367\237\007lk\037\024\357\037\324"
  79      F9F79F07 
  79      6C6B1F14 
  79      EF1FD4
  80 009f 565EB85F 		.ascii	"V^\270_) \354\222tf\370i\331\221\224lI\247\037\325\236"
  80      2920EC92 
  80      7466F869 
  80      D991946C 
  80      49A71FD5 
  81 00b4 6CE91C35 		.ascii	"l\351\0345\246\337\1776e\016\330\001Y\270\011\213\365"
  81      A6DF7F36 
  81      650ED801 
  81      59B8098B 
  81      F5
  82 00c5 700B49DC 		.ascii	"p\013I\334FR1\244PE\247\320\227J\277\337\271N\211\275"
  82      465231A4 
  82      5045A7D0 
  82      974ABFDF 
  82      B94E89BD 
  83 00d9 B7469EB8 		.ascii	"\267F\236\270\003\007\274\216o\363\315\332\332\350\365"
  83      0307BC8E 
ARM GAS  C:\Users\ajink\AppData\Local\Temp\ccXK8jGV.s 			page 6


  83      6FF3CDDA 
  83      DAE8F5
  84 00e8 CB75BB0D 		.ascii	"\313u\273\015\020:q\241mq\210\331\022b\022\034\301\224"
  84      103A71A1 
  84      6D7188D9 
  84      1262121C 
  84      C194
  85 00fa 6A72A58C 		.ascii	"jr\245\214\365\205HVk\001\305\306\300\237\362\021\021"
  85      F5854856 
  85      6B01C5C6 
  85      C09FF211 
  85      11
  86 010b 5B255A65 		.ascii	"[%Ze\037\302\3177#3\233\245Q.\305\030\367\261\200\376"
  86      1FC2CF37 
  86      23339BA5 
  86      512EC518 
  86      F7B180FE 
  87 011f C6F9792B 		.ascii	"\306\371y+\"YLb\244\330r\242\334f\210\213\036\016\016"
  87      22594C62 
  87      A4D872A2 
  87      DC66888B 
  87      1E0E0E
  88 0132 3E8E8745 		.ascii	">\216\207E;\025jaQ\361\303:%\206\335I&F:+\024\201\202"
  88      3B156A61 
  88      51F1C33A 
  88      2586DD49 
  88      26463A2B 
  89 0149 33323B0C 		.ascii	"32;\014\311Ya\371\207\251\330\242\340\230\331\242i\227"
  89      C95961F9 
  89      87A9D8A2 
  89      E098D9A2 
  89      6997
  90 015b A13F365F 		.ascii	"\241?6_\315%BHIz\345m\353{{\005#\005c\374x@q\214\363"
  90      CD254248 
  90      497AE56D 
  90      EB7B7B05 
  90      230563FC 
  91 0174 8F9A602F 		.ascii	"\217\232`/9\014\256^t\273\253\246\204\200\022\230D\005"
  91      390CAE5E 
  91      74BBABA6 
  91      84801298 
  91      4405
  92 0186 CBE1CDF0 		.ascii	"\313\341\315\360\311\205Ks\255\204\0363\245\202\277"
  92      C9854B73 
  92      AD841E33 
  92      A582BF
  93 0195 23A04D98 		.ascii	"#\240M\230B7\317\032^Z\035\232;\2216\026'\236\177\212"
  93      4237CF1A 
  93      5E5A1D9A 
  93      3B913616 
  93      279E7F8A 
  94 01a9 AD77F2BF 		.ascii	"\255w\362\277>m\270\033\372`\203\317\366\200\\L\213"
  94      3E6DB81B 
  94      FA6083CF 
  94      F6805C4C 
  94      8B
  95 01ba 0F429F7B 		.ascii	"\017B\237{\320\377\216\3432t\237\365\032(\370\365\303"
ARM GAS  C:\Users\ajink\AppData\Local\Temp\ccXK8jGV.s 			page 7


  95      D0FF8EE3 
  95      32749FF5 
  95      1A28F8F5 
  95      C3
  96 01cb E22AAC26 		.ascii	"\342*\254&\223\371R\270\263=\251\224\3467\335\2339\236"
  96      93F952B8 
  96      B33DA994 
  96      E637DD9B 
  96      399E
  97 01dd F1F27BB5 		.ascii	"\361\362{\265\227\327\275\307N\350\223\336\251\323y"
  97      97D7BDC7 
  97      4EE893DE 
  97      A9D379
  98 01ec 9DF6B259 		.ascii	"\235\366\262Y/\247\017\036\3559\324sV\347\316d\322\251"
  98      2FA70F1E 
  98      ED39D473 
  98      56E7CE64 
  98      D2A9
  99 01fe B442EE2F 		.ascii	"\264B\356/\337'\347\004"
  99      DF27E704 
 100              		.text
 101              		.section	.gnu.lto_nvicSetSystemHandlerPriority.a3d685,"",%progbits
 102 0000 789C6D51 		.ascii	"x\234mQ=hSQ\024>\337\271//\321\250\025\247\022\027\227"
 102      3D685351 
 102      143EDFB9 
 102      2F2FD1A8 
 102      15A71217 
 103 0015 D0A97988 		.ascii	"\320\251y\210\216\016\225\202[\027G\267\032\205\004"
 103      8E0E9582 
 103      5B1747B7 
 103      1A8504
 104 0024 DABC9288 		.ascii	"\332\274\222\210\270\365\246}\342RJ\311TZ\212C\024\253"
 104      B8F5A67D 
 104      E2524AC9 
 104      545A8A43 
 104      14AB
 105 0036 69535B75 		.ascii	"iS[u\320\351\351 \245h5P\250\204\326P\210\240\010b\177"
 105      D0E9E920 
 105      A5683550 
 105      A884D650 
 105      88A00862 
 106 004b 203C688D 		.ascii	" <h\215\347\276\320I/\367\357\374|\337\371\316\275\212"
 106      E7BED049 
 106      2FF7EFFC 
 106      7CDFF9CE 
 106      BD8A
 107 005d FE1D0959 		.ascii	"\376\035\011Y; \352\223\023\212\300S\353D\305\030\003"
 107      3B20EA93 
 107      138AC053 
 107      EB44C518 
 107      03
 108 006e E642A051 		.ascii	"\346B\240Q\306(~\360.c\312\257L\307{\036k\255\177\227"
 108      C6287EF0 
 108      2E63CAAF 
 108      4CC77B1E 
 108      6BAD7F97 
 109 0082 5E75DFEF 		.ascii	"^u\337\357\016\230h\237;4x\202\036Iy8\277\271\320\245"
ARM GAS  C:\Users\ajink\AppData\Local\Temp\ccXK8jGV.s 			page 8


 109      0E98689F 
 109      3B347882 
 109      1E497938 
 109      BFB9D0A5 
 110 0096 2E83E4FE 		.ascii	".\203\344\376\272z\3601\376\235\003\306\005c\276)\255"
 110      BA7AF031 
 110      FE9D03C6 
 110      0563BE29 
 110      AD
 111 00a7 4EDBC664 		.ascii	"N\333\306d\313\230\313\207\336!\222e\255\307\374\255"
 111      CB98CB87 
 111      DE219265 
 111      ADC7FCAD 
 112 00b7 15DD6705 		.ascii	"\025\335g\005\2540\017%|x\212\004\236!A\342\"T\220\224"
 112      AC300F25 
 112      7C788A04 
 112      9E2141E2 
 112      22549094 
 113 00cb ECCF3307 		.ascii	"\354\3173\007\033\226\272\022\362\326\252\0376\272:"
 113      1B96BA12 
 113      F2D6AA1F 
 113      36BA3A
 114 00da C83FC7C8 		.ascii	"\310?\307\310\205\377 \027\2214\351\273\336\321f\334"
 114      85FF2017 
 114      9134E9BB 
 114      DED166DC 
 115 00ea F644F5D9 		.ascii	"\366D\365\331\243c\301\250\302\226\236i\351\234\257"
 115      A363C1A8 
 115      C2969E69 
 115      E99CAF
 116 00f9 DBEDF2FB 		.ascii	"\333\355\362\373\267\3336\242\200\201\260\200-e\266"
 116      B7DB36A2 
 116      8081B080 
 116      2D65B6
 117 0108 084C71A2 		.ascii	"\010Lq\242\246 \314[|c6\247\252c\354\313\203_37\014"
 117      A620CC5B 
 117      7C6336A7 
 117      AA63ECCB 
 117      835F3337 
 118 011d 498BB9C5 		.ascii	"I\213\271\305\240:\306\267\354\216\255\304%U\037\325"
 118      A03AC6B7 
 118      EC8EADC4 
 118      25551FD5 
 119 012d 1A3565BA 		.ascii	"\0325e\272\215X\204%\221T\307\273\022L\212\004\177\356"
 119      8D588425 
 119      9154C7BB 
 119      124C8A04 
 119      7FEE
 120 013f 4D364E9A 		.ascii	"M6N\232\240\255\353\343\372\214Q\331h~\252\305B\027"
 120      A0ADEBE3 
 120      FA8C51D9 
 120      687EAAC5 
 120      4217
 121 0151 85AFB3D6 		.ascii	"\205\257\263\326^;5\207\331\242\326\276\035p\024\317"
 121      5E3B3587 
 121      D9A2D6BE 
 121      1D7014CF 
ARM GAS  C:\Users\ajink\AppData\Local\Temp\ccXK8jGV.s 			page 9


 122 0161 A5B365A1 		.ascii	"\245\263e\2411\301\311\375\325\235\023\275\025\355!"
 122      31C1C9FD 
 122      D59D13BD 
 122      15ED21
 123 0170 E0185630 		.ascii	"\340\030V0\207\275\360\027$T]/O\234v\026\265W\364\317"
 123      87BDF017 
 123      24545D2F 
 123      4F9C7616 
 123      B557F4CF 
 124 0184 4B6DBC40 		.ascii	"Km\274@o\213#\341\007\275\204#\352\350+\212\376\366"
 124      6F8B23E1 
 124      07BD8423 
 124      EAE82B8A 
 124      FEF6
 125 0196 3523C478 		.ascii	"5#\304x\233\"^z\022\370\305T\312\221\231\316dof\335"
 125      9B225E7A 
 125      12F8C554 
 125      CA9199CE 
 125      646F66DD 
 126 01aa C225C72D 		.ascii	"\302%\307-8\231\301!g\304\315\337)8iwx\330\3159W\257"
 126      3899C121 
 126      67C4CDDF 
 126      29386977 
 126      78D8CD39 
 127 01c0 0FF40FDC 		.ascii	"\017\364\017\334srw\263\351T\232\242\231\301\334\255"
 127      737277B3 
 127      E9549AA2 
 127      99C1DCAD 
 128 01d0 A1DB796B 		.ascii	"\241\333yk$\237u\377\002\313\267\2756"
 128      249F75FF 
 128      02CBB7BD 
 128      36
 129              		.text
 130              		.section	.gnu.lto_nvicClearPending.a3d685,"",%progbits
 131 0000 789C6551 		.ascii	"x\234eQ\317k\023A\030\375\3367\233MJ\244\212\247\022"
 131      CF6B1341 
 131      18FDDE37 
 131      9B4D4AA4 
 131      8AA712
 132 0013 103D587A 		.ascii	"\020=Xzj\026Q\357\212\007O\005\351\177Psi\300f\305\210"
 132      6A1651EF 
 132      8A074F05 
 132      E97F5073 
 132      69C066C5 
 133 0028 78EBA489 		.ascii	"x\353\244\211\365`\241\265\027\013!\027\265\330\032"
 133      F560A1B5 
 133      170B2117 
 133      B5D81A
 134 0037 9B6A45A4 		.ascii	"\233jE\244Ea)(\275\250T+J\221xh\004\177\035l\2554{\320"
 134      45612928 
 134      BDA8542B 
 134      4A917868 
 134      047F1D6C 
 135 004f FA7DBBDE 		.ascii	"\372}\273\336\\fg\346\275y\357\3731c\350\377/#\377/"
 135      5C6667E6 
 135      BD79EFFB 
 135      3163E8FF 
ARM GAS  C:\Users\ajink\AppData\Local\Temp\ccXK8jGV.s 			page 10


 135      2F23FF2F 
 136 0063 101D9715 		.ascii	"\020\035\227\025\206\300\023/\211J)\006tC\240a\3060"
 136      86C0132F 
 136      894A2906 
 136      7443A061 
 136      C630
 137 0075 BEF02663 		.ascii	"\276\360&c\"\250O\245{\246\255\265?^?\356\272\322\025"
 137      22A84FA5 
 137      7BA6ADB5 
 137      3F5E3FEE 
 137      BAD215
 138 0088 32D14F8E 		.ascii	"2\321O\216\303\340\016zD\262\366~c\3241\307@\262_ll"
 138      C3E00E7A 
 138      44B2F67E 
 138      63D431C7 
 138      40B25F6C 
 139 009d BF487FE6 		.ascii	"\277H\177\346\220qH\341\322\344\312\224\253\220\035"
 139      907148E1 
 139      D2E4CA94 
 139      AB901D
 140 00ac 858F9E36 		.ascii	"\205\217\2366\236\357\355\276e\355H\260\262`O8!\033"
 140      9EEFEDBE 
 140      65ED48B0 
 140      B2604F38 
 140      211B
 141 00be CCC0483C 		.ascii	"\314\300H<\314\"\203\273\310\220P\204:\272U\276Y\371"
 141      CC2283BB 
 141      C8905084 
 141      3ABA55BE 
 141      59F9
 142 00d0 FD2EED56 		.ascii	"\375.\355V$\367\2768'\356\301\225\262i~\177`ww7\246"
 142      24F7BE38 
 142      27EEC195 
 142      B2697E7F 
 142      60777737 
 143 00e5 C7169D0E 		.ascii	"\307\026\235\016@\345,F\307\310\224ptJ\350\344*G\324"
 143      40E52C46 
 143      C7C89470 
 143      744AE8E4 
 143      2A47D4
 144 00f8 12A7B6F5 		.ascii	"\022\247\266\365\211YW\263\216rs\364O\365\214\006\333"
 144      895957B3 
 144      8E7273F4 
 144      4FF58C06 
 144      DB
 145 0109 61DE913C 		.ascii	"a\336\221<\214\357o\252K{\264P\261bN\352X\307H\363\352"
 145      8CEF6FAA 
 145      4B7BB450 
 145      B1624EEA 
 145      58C748F3 
 146 011e 9A894546 		.ascii	"\232\211EFD\302\224\333n\214\035\241\304\364d|\374Y"
 146      44C294DB 
 146      6E8C1DA1 
 146      C4F4647C 
 146      FC59
 147 0130 32321D24 		.ascii	"22\035$4\"S\371\303?I\002\2073\"\214\343lsL*/\314\362"
 147      342253F9 
ARM GAS  C:\Users\ajink\AppData\Local\Temp\ccXK8jGV.s 			page 11


 147      C33F4902 
 147      8733228C 
 147      E36C734C 
 148 0148 24144B84 		.ascii	"$\024K\204\255o\266\346h\004\327.\227m\2476\375\261"
 148      AD6FB6E6 
 148      6804D72E 
 148      976DA736 
 148      FDB1
 149 015a F56A3515 		.ascii	"\365j5\025Q\244\360\346\333\366\327\316\032\252%k\203"
 149      51A4F0E6 
 149      DBF6D7CE 
 149      1AAA256B 
 149      83
 150 016b 64C849CC 		.ascii	"d\310I\314\313E\335\227\\z\030\336\036K\367\326m\005"
 150      CB45DD97 
 150      5C7A18DE 
 150      1E4BF7D6 
 150      6D05
 151 017d 21A7F000 		.ascii	"!\247\360\0005lE/#'\327n\254\266S\336\234\255\224\202"
 151      356C452F 
 151      2327D76E 
 151      ACB653DE 
 151      9CAD9482 
 152 0191 03217760 		.ascii	"\003!w`\001\275\322k\364h\017\341I%\324D)\270~Z\353"
 152      01BDD26B 
 152      F4680FE1 
 152      4925D444 
 152      29B87E5A 
 153 01a6 50B6250D 		.ascii	"P\266%\015\312\345\210\342H6\353\311\310\015\346\317"
 153      CAE588E2 
 153      4836EBC9 
 153      C80DE6CF 
 154 01b6 E6FDE251 		.ascii	"\346\375\342Q\317/z\203\003\347\274\363\376\205\213"
 154      CF2F7A83 
 154      03E7BCF3 
 154      FE858B
 155 01c5 452FE70F 		.ascii	"E/\347\017\015\371\005\357d\177\337\251\276\313^\341"
 155      0DF905EF 
 155      647FDFA9 
 155      BECB5EE1 
 156 01d5 523E97CD 		.ascii	"R>\227\315\021\012\177\001>W\275+"
 156      110A7F01 
 156      3E57BD2B 
 157              		.text
 158              		.section	.gnu.lto_.symbol_nodes.a3d685,"",%progbits
 159 0000 789C6366 		.ascii	"x\234cf``pc\200\002\2463\214\365\014\014\023\31610\324"
 159      60607063 
 159      8002A633 
 159      8CF50C0C 
 159      13CE3130 
 160 0015 D733CC5B 		.ascii	"\3273\314[\300\301\300t\226\261\236\021E\340\034c=\023"
 160      C0C1C074 
 160      96B19E11 
 160      45E01C63 
 160      3D13
 161 0027 8AC079C6 		.ascii	"\212\300y\306zfd\001\006\000\327D\024\026"
 161      7A666401 
ARM GAS  C:\Users\ajink\AppData\Local\Temp\ccXK8jGV.s 			page 12


 161      0600D744 
 161      1416
 162              		.text
 163              		.section	.gnu.lto_.refs.a3d685,"",%progbits
 164 0000 789C6366 		.ascii	"x\234cf```d\200\002\000\000=\000\005"
 164      60606064 
 164      80020000 
 164      3D0005
 165              		.text
 166              		.section	.gnu.lto_.decls.a3d685,"",%progbits
 167 0000 789CBD58 		.ascii	"x\234\275XkPTG\026\236\276=\0140\014\340\352\256\246"
 167      6B505447 
 167      169EBE3D 
 167      0C300CE0 
 167      EAAEA6
 168 0013 AC6C2D31 		.ascii	"\254l-1UT\334$\342#\251d\367OB\320\254\244\312\204\014"
 168      5554DC24 
 168      E223A964 
 168      F74F42D0 
 168      ACA4CA84 
 169 0028 897F4215 		.ascii	"\211\177B\025A\230Dv\025\\\030\267\342\277\213\203:"
 169      41984476 
 169      155C18B7 
 169      E2BF8B83 
 169      3A
 170 0039 282A4154 		.ascii	"(*AT\224\207\243\200<Fp\004Dy?TD\001\005EPQ\030\237"
 170      9487A380 
 170      3C467004 
 170      44793F54 
 170      44010545 
 171 0051 20A080A2 		.ascii	" \240\200\242@d\231=\335}\357<\256\203\233\255J\355"
 171      4064993D 
 171      DD7DEF3C 
 171      AE839BAD 
 171      4AED
 172 0063 2DCE9D39 		.ascii	"-\316\2359\267\277\376\372;\347\366\3430X&\223\245 "
 172      B7BFFEFA 
 172      3BE7F6E3 
 172      30582693 
 172      A520
 173 0075 99CC02D7 		.ascii	"\231\314\002\327\256y2Y2'\223\271\300\263 \231\355\222"
 173      AE793259 
 173      322793B9 
 173      C0B32099 
 173      ED92
 174 0087 83958155 		.ascii	"\203\225\201U\200U\201\325\310^\275H\273\247\320\317"
 174      805581D5 
 174      C85EBD48 
 174      BBA7D0CF 
 175 0097 0B4C0566 		.ascii	"\013L\005f\002\233\013\366\026\330\027`\347\301f\301"
 175      029B0BF6 
 175      16D81760 
 175      E7C166C1 
 176 00a7 585E60CF 		.ascii	"X^`\317\340{;X3\030\006\363\200g\034\230\014\321?\312"
 176      E07B3B58 
 176      331806F3 
 176      80671C98 
ARM GAS  C:\Users\ajink\AppData\Local\Temp\ccXK8jGV.s 			page 13


 176      0CD13FCA 
 177 00bb 27BD2A04 		.ascii	"'\275*\004^\351\030\"\277\310-\362>\023\306\344\010"
 177      5EE91822 
 177      BFC82DF2 
 177      3E13C6E4 
 177      08
 178 00cc 16B13190 		.ascii	"\026\2611\220\300#\275H\\\3563\350'\034a\320\361{\260"
 178      C023BD48 
 178      5CEE33E8 
 178      271C61D0 
 178      F17BB0
 179 00df 0502C757 		.ascii	"\005\002\307W\302g\025\223,\333\200\034\371H\216\224"
 179      C2671593 
 179      2CDB801C 
 179      F9488E94 
 180 00ef FF8356D2 		.ascii	"\377\203V\322\235\0238\235\345w\224C\345Ec\255\036\375"
 180      9D13389D 
 180      E5779443 
 180      E54563AD 
 180      1EFD
 181 0101 1CF252FA 		.ascii	"\034\362R\372\020\267\"\271)U\001\256J)'nm\315D\243"
 181      10B722B9 
 181      295501AE 
 181      4A29276E 
 181      6DCD44A3 
 182 0115 1203057C 		.ascii	"\022\003\005|\317J\275\323\241|\257\200\347y=_w\035"
 182      CF4ABDD3 
 182      A17CAF80 
 182      E7793D5F 
 182      771D
 183 0127 D92812F5 		.ascii	"\331(\022\365\346\013J<\233\202\342\216V&\272B\377\267"
 183      E60B4A3C 
 183      9B82E28E 
 183      5626BA42 
 183      FFB7
 184 0139 94B4A937 		.ascii	"\224\264\2517m2\333\235\272d*x\303#\256\351!\237\345"
 184      6D32DB9D 
 184      BA642A78 
 184      C323AEE9 
 184      219FE5
 185 014c 857C95D9 		.ascii	"\205|\225\331@4R\235\334\370&\317\313\321q\244DF\204"
 185      4034529D 
 185      DCF826CF 
 185      CBD171A4 
 185      444684
 186 015f 51017A8F 		.ascii	"Q\001z\217\310&\275\311\245\347\371\315|\222\216wo\362"
 186      C826BDC9 
 186      A5E7F9CD 
 186      7C928E77 
 186      6FF2
 187 0171 92A15C34 		.ascii	"\222\241\\4\037\345\241\3712T\204|\001A\261\350\030"
 187      1FE5A1F9 
 187      3254847C 
 187      0141B1E8 
 187      18
 188 0182 3C2C8487 		.ascii	"<,\204\207@|n\252&\336\005)}\235w:\341\244\023\225\220"
 188      407C6EAA 
ARM GAS  C:\Users\ajink\AppData\Local\Temp\ccXK8jGV.s 			page 14


 188      26DE0529 
 188      7D9D773A 
 188      E1A41395 
 189 0197 B825792E 		.ascii	"\270%y.\221`\002\011\3716\011\240\310\032\240\276\320"
 189      91600209 
 189      F93609A0 
 189      C81AA0BE 
 189      D0
 190 01a8 54E52E87 		.ascii	"T\345.\207\027NA\337\321\314\034l;\226\246\262>+F\364"
 190      174E41DF 
 190      D1CC1C6C 
 190      3B96A6B2 
 190      3E2B46F4 
 191 01bc 61E1EEE7 		.ascii	"a\341\356\347gU\363\366\002-\0210K\216\202\346Z\025"
 191      6755F3F6 
 191      022D1130 
 191      4B8E82E6 
 191      5A15
 192 01ce C8502982 		.ascii	"\310P)\202\245\200J\220\234\261\026w\0303\225\330\214"
 192      A5804A90 
 192      9CB11677 
 192      183395D8 
 192      8C
 193 01df 68DE4C1D 		.ascii	"h\336L\0357\012\260O&o0\215<\312\315\304\007x\303f~"
 193      370AB04F 
 193      266F308D 
 193      3CCACDC4 
 193      0778C366 
 194 01f4 DA6241B4 		.ascii	"\332bA\264\027:i\325%#\337\251.T\206|f\320\326]2\375"
 194      173A69D5 
 194      2523DFA9 
 194      2E54867C 
 194      66D0D65D 
 195 020a C47B4619 		.ascii	"\304{F\031\247\251\214S\242\214\226\304m\347T8\213\275"
 195      A7A98C53 
 195      A28C96C4 
 195      6DE75438 
 195      8BBD
 196 021c E3EAE6FA 		.ascii	"\343\352\346\372\027.T\206ag\226\242\211\257\263X>!"
 196      172E5486 
 196      616796A2 
 196      89AFB358 
 196      3E21
 197 022e 1D50B99D 		.ascii	"\035P\271\235\202rQA\005U\220r\272\\\347\211O2\002\323"
 197      82725141 
 197      05559072 
 197      BA5CE789 
 197      4F3202D3 
 198 0242 E3549D2B 		.ascii	"\343T\235+#\310\267\022\220\020*\355\010*E\202*Jp#\221"
 198      23C8B712 
 198      90102AED 
 198      082A4582 
 198      2A4A7023 
 199 0257 9F90E32B 		.ascii	"\237\220\343+\214`\262n|P \250vPPmGP-\022\324P\002q"
 199      8C60B26E 
 199      7C5020A8 
 199      7650506D 
ARM GAS  C:\Users\ajink\AppData\Local\Temp\ccXK8jGV.s 			page 15


 199      47502D12 
 200 026f D2CD6593 		.ascii	"\322\315e\223nW\363\301zL]\013\245\334\337~\375\224"
 200      6E57F3C1 
 200      7A4C5D0B 
 200      A5DCDF7E 
 200      FD94
 201 0281 1CDF63FC 		.ascii	"\034\337c\374\333\273\363[\\\361 u\270\344{c9H\2342"
 201      DBBBF35B 
 201      5CF12075 
 201      B8E47B63 
 201      39489C32 
 202 0295 23C93C7E 		.ascii	"#\311<~C\206\336\233\217\026\302|9\013\363e\2560_j!"
 202      4386DE9B 
 202      8F16C27C 
 202      390BF365 
 202      AE305F6A 
 203 02aa 7775E27C 		.ascii	"wu\342|\251\376\305\214\310|9\003\351n\260\315\227\271"
 203      A9FEC58C 
 203      C87C3903 
 203      E96EB0CD 
 203      97B9
 204 02bc D6E9C299 		.ascii	"\326\351\302\231\273r\276vN\3328\023i\342\226\346?\020"
 204      BB72BE76 
 204      4EDA3813 
 204      69E296E6 
 204      3F10
 205 02ce D273405A 		.ascii	"\322s@Zo#=c7\011;\023\343\366c%\220\352~\005):\217\224"
 205      6F233D63 
 205      37093B13 
 205      E3F66325 
 205      90EA7E05 
 206 02e6 D0A76F07 		.ascii	"\320\247o\007?&\247\213\333`\246\321_\276h\321{\321"
 206      3F26A78B 
 206      DB60A6D1 
 206      5FBE68D1 
 206      7BD1
 207 02f8 E51DFF26 		.ascii	"\345\035\377&\361\267]\354\272\241\300\317Yj\0367d\377"
 207      F1B75DEC 
 207      BAA1C0CF 
 207      596A1E37 
 207      64FF
 208 030a C406F855 		.ascii	"\304\006\370U\253\007zT\266\344\037\347(?\317\331o&"
 208      AB077A54 
 208      B6E41FE7 
 208      283FCFD9 
 208      6F26
 209 031c 2AB6998C 		.ascii	"*\266\231\214g\231\007\021u]\211k\236N\342\275\311\000"
 209      67990711 
 209      755D896B 
 209      9E4EE2BD 
 209      C900
 210 032e BC300034 		.ascii	"\2740\0004\330\315\313\313$X\364\316|t\211\221\227\024"
 210      D8CDCBCB 
 210      2458F4CE 
 210      7C748991 
 210      9714
 211 0340 8F5FF69A 		.ascii	"\217_\366\232\235D\341<\357\243\245\023\274\005\340"
ARM GAS  C:\Users\ajink\AppData\Local\Temp\ccXK8jGV.s 			page 16


 211      9D44E13C 
 211      EFA3A513 
 211      BC05E0
 212 034f AD14DE86 		.ascii	"\255\024\336\206f\213\235\350&406\345b\217n~\035\272"
 212      668B9DE8 
 212      26343036 
 212      E5628F6E 
 212      7E1DBA
 213 0362 A7A0E2AC 		.ascii	"\247\240\342\254\007\266\260\270\033\037\325\354R\261"
 213      07B6B0B8 
 213      1B1FD5EC 
 213      52B1
 214 0370 2814740E 		.ascii	"(\024t\016\327\032\023\334\251\354\357\211{\253\355"
 214      D71A13DC 
 214      A9ECEF89 
 214      7BABED
 215 037f 9A91E56C 		.ascii	"\232\221\345l\036q\247\357\351\237\271\314\034E\247"
 215      1E71A7EF 
 215      E99FB9CC 
 215      1C45A7
 216 038e 18C53516 		.ascii	"\030\3055\026E\215i\350\200B\032\305U\200wPx\027\325"
 216      458D69E8 
 216      80421AC5 
 216      55807750 
 216      7817D5
 217 03a1 D529EACA 		.ascii	"\325)\352\312\276\276;\035\343xLumK\267\034\361\304"
 217      BEBE3B1D 
 217      E3784C75 
 217      6D4BB71C 
 217      F1C4
 218 03b3 BB98B3B7 		.ascii	"\273\230\263\267*=\231\211\342\251\337\232\231q\012"
 218      2A3D9989 
 218      E2A9DF9A 
 218      99710A
 219 03c2 E33DACF1 		.ascii	"\343=\254\361l{\267\221\355\332\006\352\353\317M\264"
 219      6C7BB791 
 219      EDDA06EA 
 219      EBCF4DB4 
 220 03d2 C9713A6B 		.ascii	"\311q:k\024_\222JxI\017\013\033\263\274\360a\326\330"
 220      145F924A 
 220      78490F0B 
 220      1BB3BCF0 
 220      61D6D8
 221 03e5 D8DA7E9F 		.ascii	"\330\332~\237\275\"\003m|\361\250\376\250+6\262\306"
 221      BD22036D 
 221      7CF1A8FE 
 221      A82B36B2 
 221      C6
 222 03f6 C93D097B 		.ascii	"\311=\011{\031-\217\211o)K\275\340\211M\254\261\345"
 222      192D8F89 
 222      6F294BBD 
 222      E0894DAC 
 222      B1E5
 223 0408 4076B68A 		.ascii	"@v\266\212\365\244\215\335-I/U\270\2025\356\036i\337"
 223      F5A48DDD 
 223      2D492F55 
 223      B88235EE 
ARM GAS  C:\Users\ajink\AppData\Local\Temp\ccXK8jGV.s 			page 17


 223      1E69DF
 224 041b 29A8A53B 		.ascii	")\250\245;\322\343\234\251\0016\021y/\252i\242,\227"
 224      D2E39CA9 
 224      01361179 
 224      2FAA69A2 
 224      2C97
 225 042d E594CD4B 		.ascii	"\345\224\315K\376\227}B\312?\242\233k\335\2766\367\231"
 225      FE977D42 
 225      CA3FA29B 
 225      6BDDBE36 
 225      F799
 226 043f 733C20E6 		.ascii	"s< \346\370\021\313q\307\245\314\224WfJ\037\300\373"
 226      F811CB71 
 226      C7A5CC94 
 226      57664A1F 
 226      C0FB
 227 0451 297C90E6 		.ascii	")|\220\346x@\314\361\313\351\374aO\\\313\204\346\324"
 227      7840CCF1 
 227      CBE9FC61 
 227      4F5CCB84 
 227      E6D4
 228 0463 8DEF60C9 		.ascii	"\215\357`\3111P\241y\265\311\271\202Po\232\346\003\346"
 228      3150A179 
 228      B5C9B982 
 228      506F9AE6 
 228      03E6
 229 0475 52267484 		.ascii	"R&t\204\342\343\273\364\227]\251?L\375\334'WMn3+\035"
 229      E2E3BBF4 
 229      975DA93F 
 229      4CFDDC27 
 229      574D6E33 
 230 048b 15958E30 		.ascii	"\025\225\2160\245\023=\247\252\275mJ\021]\360O\000>"
 230      A5133DA7 
 230      AABD6D4A 
 230      115DF04F 
 230      003E
 231 049d 4CE14FA9 		.ascii	"L\341O\251\322QQ\351t\315d\263\312\036}\376u\350C\035"
 231      D25151E9 
 231      74CD64B3 
 231      CA1E7DFE 
 231      75E8431D 
 232 04b1 A3692A7C 		.ascii	"\243i*|\001;\314i\2250\247G\014\247\357\270\263\270"
 232      013BCC69 
 232      9530A747 
 232      0CA7EFB8 
 232      B3B8
 233 04c3 0E538025 		.ascii	"\016S\200%gh\217\033\005$\375\236\370G6W\364yR_\347"
 233      67688F1B 
 233      0524FD9E 
 233      F8473657 
 233      F479525F 
 234 04d8 427CE3CB 		.ascii	"B|\343\313\253\203\257\231\346\223b`\023,\260\2357K"
 234      AB83AF99 
 234      E6936260 
 234      132CB09D 
 234      374B
 235 04ea E4D237F0 		.ascii	"\344\3227\360\002\320\343\024\375\013U:)*\355<w\363"
ARM GAS  C:\Users\ajink\AppData\Local\Temp\ccXK8jGV.s 			page 18


 235      02D0E314 
 235      FD0B553A 
 235      292AED3C 
 235      77F3
 236 04fc 96276E61 		.ascii	"\226'naJ\363J\257\231\331\014\034\241\273\304\310\304"
 236      4AF34AAF 
 236      99D90C1C 
 236      A1BBC4C8 
 236      C4
 237 050d D41577DC 		.ascii	"\324\025w\334\311\032u\307z&\225,\014\262_yO\346\355"
 237      C91A75C7 
 237      7A26952C 
 237      0CB25F79 
 237      4FE6ED
 238 0520 F8135A20 		.ascii	"\370\023Z ^s\310\315\327@6\320\312\343\225_$\363|\366"
 238      5E73C8CD 
 238      D74036D0 
 238      CAE3955F 
 238      24F37CF6 
 239 0534 1B642CF4 		.ascii	"\033d,\364\022\266P=7\307\252\000MQ\031\177\206\233"
 239      12B6503D 
 239      37C7AA00 
 239      4D51197F 
 239      869B
 240 0546 CCC0C7C7 		.ascii	"\314\300\307\307\031n.lZ\214\332\001yE@\212;\005\204"
 240      196E2E6C 
 240      5A8CDA01 
 240      7945408A 
 240      3B0584
 241 0559 6407D419 		.ascii	"d\007\324\031\236\344+\000I\366\222\177\013H\353\236"
 241      9EE42B00 
 241      49F6927F 
 241      0B48EB9E 
 242 0569 382DE1EC 		.ascii	"8-\341\354\0279\357H9\357\332#y\336\320M\220\260\362"
 242      1739EF48 
 242      39EFDA23 
 242      79DED04D 
 242      90B0F2
 243 057c D1750129 		.ascii	"\321u\001)\356\007\302feC\366\212\310^)\322,A>\022\221"
 243      EE07C266 
 243      6543F68A 
 243      C85E29D2 
 243      2C413E12 
 244 0591 F7A4C8FB 		.ascii	"\367\244\310\373\022\344m\021\331-E\336\222D4 F\364"
 244      12E46D11 
 244      D92D45DE 
 244      92443420 
 244      46F4
 245 05a3 401AD143 		.ascii	"@\032\321C\033\362g\341\245\177\252\225\241&h\277@\233"
 245      1BF267E1 
 245      A57FAA95 
 245      A12668BF 
 245      409B
 246 05b5 081A4E0B 		.ascii	"\010\032N\013\264\223\363E<\267\000\351\300\022\301"
 246      B493F345 
 246      3CB700E9 
 246      C012C1
ARM GAS  C:\Users\ajink\AppData\Local\Temp\ccXK8jGV.s 			page 19


 247 05c4 B6826D07 		.ascii	"\266\202m\007\213\007\333\014\266\005l\033X\002\330"
 247      8B07DB0C 
 247      B6056C1B 
 247      5802D8
 248 05d3 0E300B5A 		.ascii	"\0160\013Z\200\342\270\005\364\320\243j\007\211\006"
 248      80E2B805 
 248      F4D0A36A 
 248      078906
 249 05e2 58C16848 		.ascii	"X\301hH\320 \256k\364X\242\266GT{[\252\266G\202\034"
 249      D020AE6B 
 249      F458A2B6 
 249      47547B5B 
 249      AAB64782 
 250 05f7 5A98BA18 		.ascii	"Z\230\272\030=\003\344\230\200\024\327\024z.A\336\022"
 250      3D03E498 
 250      8014D714 
 250      7A2E41DE 
 250      12
 251 0608 396F4839 		.ascii	"9oH9o\332\220\344\0047_\317W\360\210@db\225b\255\007"
 251      6FDA90E4 
 251      04375FCF 
 251      57F08840 
 251      64629562 
 252 061e 869E4FBD 		.ascii	"\206\236O\275\364Bs|\235e\012\355\206\004\375\026\311"
 252      F442737C 
 252      9D650AED 
 252      8604FD16 
 252      C9
 253 062f A2228613 		.ascii	"\242\"\206\023\220\033\332\005l\027m5\004\221$\326\020"
 253      901BDA05 
 253      6C176D35 
 253      049124D6 
 253      10
 254 0640 477FCE33 		.ascii	"G\177\3163(T\333m\0052\005\333Vu\022\247\242e\025|\002"
 254      2854DB6D 
 254      053205DB 
 254      567512A7 
 254      A265157C 
 255 0655 BAAA2761 		.ascii	"\272\252'a\200\355\031f7\322\373\242eO\234\013]\214"
 255      80ED1966 
 255      37D2FBA2 
 255      654F9C0B 
 255      5D8C
 256 0667 89747116 		.ascii	"\211tq\026\367\355\334\352\215w\310Y]\245\273P\240\024"
 256      F7EDDCEA 
 256      8D77C859 
 256      5DA5BB50 
 256      A014
 257 0679 AB07FDAF 		.ascii	"\253\007\375\257\252\036\252/\0275x\343\024\326\277"
 257      AA1EAA2F 
 257      173578E3 
 257      14D6BF
 258 0688 79ACCEE4 		.ascii	"y\254\316\344\216\0172\347\371p\303m7|\2109\331{\367"
 258      8E0F32E7 
 258      F970C36D 
 258      377C8839 
 258      D97BF7
ARM GAS  C:\Users\ajink\AppData\Local\Temp\ccXK8jGV.s 			page 20


 259 069b 1D63C352 		.ascii	"\035c\303R\025\245-\272\032\005\316fm\245\011'[\025"
 259      15A52DBA 
 259      1A05CE66 
 259      6DA50927 
 259      5B15
 260 06ad B840A0B8 		.ascii	"\270@\240\270;\361\214\355y\263\250\242})\215\010\027"
 260      3BF18CED 
 260      79B3A8A2 
 260      7D298D08 
 260      17
 261 06be B136F14C 		.ascii	"\2616\361L\367bg\372\370\226\221\004\266\257\250\210"
 261      F76267FA 
 261      F8969104 
 261      B6AFA888 
 262 06ce DB979477 		.ascii	"\333\227\224w\234\365\364\240\377\004\215f\356\363\234"
 262      9CF5F4A0 
 262      FF048D66 
 262      EEF39C
 263 06dd 79EF3370 		.ascii	"y\3573p\302\336w\210\243qd\264u\245yJ7\365\014n>\312"
 263      C2DE7788 
 263      A37164B4 
 263      75A5794A 
 263      37F50C6E 
 264 06f3 E408FC30 		.ascii	"\344\010\37407[\354D\013\202\227=W<\244\233\372\214"
 264      375BEC44 
 264      0B82973D 
 264      573CA49B 
 264      FA8C
 265 0705 E8DAB1A7 		.ascii	"\350\332\261\247\026\017\\\314\20280\336\322\350Me\276"
 265      160F5CCC 
 265      823830DE 
 265      D2E84D65 
 265      BE
 266 0716 41DCB6C6 		.ascii	"A\334\266\3063\335\036\270\214\265\351y]\241\022W1'"
 266      33DD1EB8 
 266      8CB5E979 
 266      5DA11257 
 266      3127
 267 0728 EFEEA564 		.ascii	"\357\356\245d\266\231\277C\267\324\373\203i\236\270"
 267      B699BF43 
 267      B7D4FB83 
 267      699EB8
 268 0737 9EB50D1C 		.ascii	"\236\265\015\034\311\273\256\302\215\314\351\035\357"
 268      C9BBAEC2 
 268      8DCCE91D 
 268      EF
 269 0744 6D60C7D9 		.ascii	"m`\307\331b\342\326o\316(\363\300\315\254\255o(yX\216"
 269      62E2D66F 
 269      CE28F3C0 
 269      CDACAD6F 
 269      2879588E 
 270 0758 DB991357 		.ascii	"\333\231\023WWx\225\001?\246g\315\323#[\335p'k+\316"
 270      57789501 
 270      3FA667CD 
 270      D3235BDD 
 270      70276B2B 
 271 076d CA2963B9 		.ascii	"\312)c\271\375\224\346}\307\011\213\353\314\3313\211"
ARM GAS  C:\Users\ajink\AppData\Local\Temp\ccXK8jGV.s 			page 21


 271      FD94E67D 
 271      C7098BEB 
 271      CCD93389 
 272 077d D95B4893 		.ascii	"\331[H\223\027\227\221c\306B:\014\342\311q\034\322\221"
 272      17979163 
 272      C6423A0C 
 272      E2C9711C 
 272      D291
 273 078f 4AD37182 		.ascii	"J\323q\202\246\303$\246\343\302\236\214>\205=:\205{"
 273      A6C324A6 
 273      E3C29E8C 
 273      3E853D3A 
 273      857B
 274 07a1 0DBABCA1 		.ascii	"\015\272\274\241k\332\003w;\252T1\225S:\276\304\035"
 274      6BDA0377 
 274      3BAA5431 
 274      95533ABE 
 274      C41D
 275 07b3 F7B2B6F2 		.ascii	"\367\262\266\362\023I\223\354\224_I\334\006=\177X\205"
 275      134993EC 
 275      945F49DC 
 275      063D7F58 
 275      85
 276 07c4 EFC91D0A 		.ascii	"\357\311\035\012//\241\360\332U\224\375"
 276      2F2FA1F0 
 276      DA5594FD 
 277 07d0 8CBD045A 		.ascii	"\214\275\004Z\366\344\035\276\325\202g\216\266B\214"
 277      F6E41DBE 
 277      D582678E 
 277      B6428C
 278 07df B65C982B 		.ascii	"\266\\\230+\203m\005\336\322\203\3624\004\220F\003\250"
 278      836D05DE 
 278      D283F234 
 278      04904603 
 278      A8
 279 07f0 A4015488 		.ascii	"\244\001T\210\001l\237<Q\213\355\321$\334\031\321\303"
 279      016C9F3C 
 279      518BEDD1 
 279      24DC19D1 
 279      C3
 280 0801 C5795000 		.ascii	"\305yP\000\364\011o\257f\210g\205M\220}\205\350%T\210"
 280      F4096FAF 
 280      66886785 
 280      4D907D85 
 280      E8255488 
 281 0815 7B9B4FDF 		.ascii	"{\233O\337f\013\200\236\376\005\367O\364\277\246\214"
 281      660B809E 
 281      FE05F74F 
 281      F4BFA68C 
 282 0825 A917A3C8 		.ascii	"\251\027\243\310c+\267\342Hi\2044\210Z\220UGe5PY\365"
 282      632BB7E2 
 282      48698434 
 282      885A9055 
 282      47653550 
 283 083b A2AC172F 		.ascii	"\242\254\027/\215}\257\0041#z\250\363\314\016\025\036"
 283      8D7DAF04 
 283      31237AA8 
ARM GAS  C:\Users\ajink\AppData\Local\Temp\ccXK8jGV.s 			page 22


 283      F3CC0E15 
 283      1E
 284 084c 62411CDA 		.ascii	"bA\034\332U<\311\012\320\015\304\335\272?\276U\216G"
 284      553CC90A 
 284      D00DC4DD 
 284      BA3FBE55 
 284      8E47
 285 085e 85A55F5B 		.ascii	"\205\245_[\362\224\255Y=\361\347\025\365>,u\263\325"
 285      F294AD59 
 285      3DF1E715 
 285      F53E2C75 
 285      B3D5
 286 0870 060BECAB 		.ascii	"\006\013\354\253\004_r\226\233\017\031/\252x\3414O\347"
 286      045F7296 
 286      9B0F192F 
 286      AA78E134 
 286      4FE7
 287 0882 30EAB63F 		.ascii	"0\352\266?\315YFs\221\365\344\3174\212'\377A\347X[\221"
 287      CD594673 
 287      91F5E4CF 
 287      348A27FF 
 287      41E7585B 
 288 0897 50638536 		.ascii	"Pc\2056J\241\347%\320t+t\277\024\232j\017M\2113\234"
 288      4AA1E725 
 288      D0742B74 
 288      BF149A6A 
 288      0F4D8933 
 289 08ac 7E1790C5 		.ascii	"~\027\220\305\334lT\" \305y\216J%\244\307\255\244ER"
 289      DC6C5422 
 289      20C5798E 
 289      4A25A4C7 
 289      ADA44552 
 290 08c0 D24287B0 		.ascii	"\322B\207\260Rt\206\012\212%\257\340\224\024[\346\230"
 290      5274860A 
 290      8A25AFE0 
 290      94145BE6 
 290      98
 291 08d1 823843DE 		.ascii	"\2028C\336\273pN\036\001\005Y\002T\334\246P\266\203"
 291      BB704E1E 
 291      01055902 
 291      54DCA650 
 291      B683
 292 08e3 569DE1A0 		.ascii	"V\235\341\240\225u\257\224\365\035Gd\271\025y\322\371"
 292      9575AF94 
 292      F51D4764 
 292      B91579D2 
 292      F9
 293 08f4 F8B6B08A 		.ascii	"\370\266\260\212\254a\035s\036\226\015\232f\205\356"
 293      AC611D73 
 293      1E960D9A 
 293      6685EE
 294 0903 733ABEDD 		.ascii	"s:\276\335{-\260B\217J\241\271\366\254P{T\2237\000\363"
 294      7B2DB042 
 294      8F4AA1B9 
 294      F6AC507B 
 294      54933700 
 295 0918 93D66904 		.ascii	"\223\326i\004)\316Zt\3161\255q\206*\002=\003\320\263"
ARM GAS  C:\Users\ajink\AppData\Local\Temp\ccXK8jGV.s 			page 23


 295      29CE5A74 
 295      CE31AD71 
 295      862A023D 
 295      03D0B3
 296 092b 9C04DA81 		.ascii	"\234\004\332\201\034\245fX\307?\340|\006\330i5Z\261"
 296      1CA56658 
 296      C73FE07C 
 296      06D86935 
 296      5AB1
 297 093d 79CEB5DA 		.ascii	"y\316\265\332a\013\255X\243\024[ \305\036\263b\363\235"
 297      610BAD58 
 297      A3145B20 
 297      C51EB362 
 297      F39D
 298 094f 635FA9EC 		.ascii	"c_\251\354~\206p\222iS\267P\254\364@\261\322\006E\310"
 298      7E867092 
 298      6953B750 
 298      ACF440B1 
 298      D20645C8 
 299 0963 55B066B0 		.ascii	"U\260f\260.\260\013`M`\227\301n\203u\200]\007\273\011"
 299      2EB00B60 
 299      4D6097C1 
 299      6E837580 
 299      5D07BB09 
 300 0977 7603EC0A 		.ascii	"v\003\354\012X+X\013X;\330%\260[`\235`\327\300.Z+?H"
 300      582B580B 
 300      583BD825 
 300      B05B609D 
 300      60D7C02E 
 301 098f 69254969 		.ascii	"i%Ii\025\244\264Z\320(n|\250F\362\366\363\255\341\344"
 301      15A4B45A 
 301      D0286E7C 
 301      A846F2F6 
 301      F3ADE1E4 
 302 09a3 48C36105 		.ascii	"H\303a\0055\013\235\226H\251FR\247u;\253\323\342od\030"
 302      350B9D96 
 302      48A94652 
 302      A7753BAB 
 302      D3E26F64 
 303 09b8 14C8770E 		.ascii	"\024\310w\016\305\325\376\303\015\231\201i\017g\255"
 303      C5D5FEC3 
 303      0D998169 
 303      0F67AD
 304 09c7 A4BAC54A 		.ascii	"\244\272\305J\312YbP/\344\343\377\221\033\330\372\022"
 304      CA596250 
 304      2FE4E3FF 
 304      911BD8FA 
 304      12
 305 09d8 52AE957A 		.ascii	"R\256\225z8\224qf\2072\356\216P\306\335\241e\\\2231"
 305      38947166 
 305      8732EE8E 
 305      50C6DDA1 
 305      655C9331 
 306 09ec E37B3C4E 		.ascii	"\343{<N7M\371\275tS\2317\362\235?\237\376\374\252\347"
 306      374DF9BD 
 306      74539937 
 306      F29D3F9F 
ARM GAS  C:\Users\ajink\AppData\Local\Temp\ccXK8jGV.s 			page 24


 306      FEFCAAE7 
 307 0a00 3F450F61 		.ascii	"?E\017a%\336\345\260-\021\262Tx>\361\011i\200\257n\364"
 307      25DEE5B0 
 307      2D11B254 
 307      783EF109 
 307      6980AF6E 
 308 0a15 D3C94F59 		.ascii	"\323\311OY\367 \304\207\364Xx\000\031\270\317N\267\273"
 308      F720C487 
 308      F4587800 
 308      19B8CF4E 
 308      B7BB
 309 0a27 7B4613E8 		.ascii	"{F\023\350?\215\004\255\377o\350\255][\2730=\223\372"
 309      3F8D04AD 
 309      FF6FE8AD 
 309      5D5BBB30 
 309      3D93FA
 310 0a3a E98E9E76 		.ascii	"\351\216\236v\250\353\011\253Z\376H\017\354\252\376"
 310      A8EB09AB 
 310      5AFE480F 
 310      ECAAFE
 311 0a49 E7ECA0A5 		.ascii	"\347\354\240\245?U\351n\304m~\315\257G\203\342\0215"
 311      3F55E96E 
 311      C46D7ECD 
 311      AF4783E2 
 311      1135
 312 0a5b C0C85BFB 		.ascii	"\300\310[\373kw*\354\313,\022h?\014\376\210N\236!z\352"
 312      6B772AEC 
 312      CB2C1268 
 312      3F0CFE88 
 312      4E9E217A 
 313 0a70 0C8AA7CE 		.ascii	"\014\212\247\316\261\202g\007\035\376/\357{\035\372"
 313      B1826707 
 313      1DFE2FEF 
 313      7B1DFA
 314 0a7f 41F2DE11 		.ascii	"A\362\336\021\214\247\33094\266\377\304\0039\336\342"
 314      8CA7D839 
 314      34B6FFC4 
 314      0339DEE2 
 315 0a8f 421DE38B 		.ascii	"B\035\343\213\242\233\370\355\303|\233\301\364\250\357"
 315      A29BF8ED 
 315      C37C9BC1 
 315      F4A8EF
 316 0a9e EF714966 		.ascii	"\357qIf\240#?`\242\3070\217\237\300T\252B>v\274\303"
 316      A0233F60 
 316      A2C7308F 
 316      9FC054AA 
 316      423E76BC 
 317 0ab3 24F1E828 		.ascii	"$\361\350(\342dh\204{[\346\26612J\273li\250V\361\267"
 317      E2646884 
 317      7B5BE6B6 
 317      31324ABB 
 317      6C69A856 
 318 0ac9 2FBFF509 		.ascii	"/\277\365\011\220)CC\305'?\204\3775$|m\344\232\310X"
 318      90294343 
 318      C5273F84 
 318      FF35247C 
 318      6DE49AC8 
ARM GAS  C:\Users\ajink\AppData\Local\Temp\ccXK8jGV.s 			page 25


 319 0ade EDC688C8 		.ascii	"\355\306\210\310\350\020mt\364\272\330\220\037\2436"
 319      E8106D74 
 319      F4BAD890 
 319      1FA336
 320 0aed FAD06F3E 		.ascii	"\372\320o>a1\353}4\353\327h\"\"4\021!\037,\372\213\317"
 320      6131EB7D 
 320      34EBD768 
 320      22223411 
 320      211F2CFA 
 321 0b03 D2C54B3E 		.ascii	"\322\305K>\374\347\262\020x\376~Tt\224\346}M\330\232"
 321      FCE7B210 
 321      78FE7E54 
 321      7494E67D 
 321      4DD89A
 322 0b16 C890C8A8 		.ascii	"\310\220\310\250\360u\033#4!\353\303\200+J\023\022\032"
 322      F0751B23 
 322      3421EBC3 
 322      802B4A13 
 322      121A
 323 0b28 A1F9216C 		.ascii	"\241\371!l\343:m\250v\323\006M\354\242\265\262\357~"
 323      E33A6DA8 
 323      76D3064D 
 323      ECA2B5B2 
 323      EF7E
 324 0b3a D3616237 		.ascii	"\323ab7\305\206\204\306j# \006\340\236\025\365\257\310"
 324      C58684C6 
 324      6A232006 
 324      E09E15F5 
 324      AFC8
 325 0b4c F0155161 		.ascii	"\360\025Qak\326iVk\302\265\3211K\026-\362\203?:^t\354"
 325      6BD66956 
 325      6BC2B5D1 
 325      314B162D 
 325      F2833F3A 
 326 0b63 32BFE858 		.ascii	"2\277\350X\277\265a\353\3746D\307hc\375\302\243\327"
 326      BFB561EB 
 326      FC3644C7 
 326      6863FDC2 
 326      A3D7
 327 0b75 AF8F8EF2 		.ascii	"\257\217\216\362\363W\257\012X\365\223\037\351\272("
 327      F357AF0A 
 327      58F5931F 
 327      E9BA28
 328 0b84 5CF63BF2 		.ascii	"\\\366;\362\271<2\326\306\361&y\022\254\321\006o\212"
 328      B93C32D6 
 328      C6F12679 
 328      12ACD106 
 328      6F8A
 329 0b96 D56AD6AF 		.ascii	"\325j\326\257\014\213\212X\247\211\011\212\211\214\216"
 329      0C8B8A58 
 329      A789098A 
 329      898C8E
 330 0ba5 89D46EA2 		.ascii	"\211\324n\242#\006\254\323\204\305\004i\242@\305\217"
 330      2306ACD3 
 330      84C50469 
 330      A240C58F 
 331 0bb5 AE249D1F 		.ascii	"\256$\235\037\207j\335Yb\311\267/W\007\006\204~\003"
ARM GAS  C:\Users\ajink\AppData\Local\Temp\ccXK8jGV.s 			page 26


 331      876ADD59 
 331      62C9B72F 
 331      57070684 
 331      7E03
 332 0bc7 E1CB0383 		.ascii	"\341\313\003\203W\250\335\325+\340\276z\305\362\305"
 332      57A8DDD5 
 332      2BE0BE7A 
 332      C5F2C5
 333 0bd6 F2C08015 		.ascii	"\362\300\200\025j75\363\226@c\220\255q)4\332\271\313"
 333      6A3735F3 
 333      96406390 
 333      AD712934 
 333      DAB9CB
 334 0be9 E481FE9F 		.ascii	"\344\201\376\237\331\334\017\270\300 \253\363\241<\370"
 334      D9DC0FB8 
 334      C020ABF3 
 334      A13CF8
 335 0bf8 9B40B5DF 		.ascii	"\233@\265\337\253\221j~\322\372\005\254\012\016\014"
 335      AB916A7E 
 335      D2FA05AC 
 335      0A0E0C
 336 0c07 F613B205 		.ascii	"\366\023\262\005\021\307hB\303\327/\203T\271\005\007"
 336      11C76842 
 336      C3D72F83 
 336      54B90507 
 337 0c17 7C4645B9 		.ascii	"|FE\271\004\004}\033\270\034\206\013V\313W\177\363\225"
 337      04047D1B 
 337      B81C860B 
 337      56CB577F 
 337      F395
 338 0c29 DAC53F50 		.ascii	"\332\305?P\035\240\306\301`\001\344se\220K\360J\322"
 338      1DA0C6C1 
 338      6001E473 
 338      65904BF0 
 338      4AD2
 339 0c3b 18F039DC 		.ascii	"\030\3609\334V\222\333r\270\271\254Z\365\271\277Z\376"
 339      5692DB72 
 339      B8B9AC5A 
 339      F5B9BF5A 
 339      FE
 340 0c4c 19B9F983 		.ascii	"\031\271\371\203\217\203>W\343\345`\376\313\325rhSC"
 340      8F833E57 
 340      E3E560FE 
 340      CBD57268 
 340      5343
 341 0c5e 3CFE6A20 		.ascii	"<\376j \367\017P\313\303\327\206\305\270\205\206\376"
 341      F70F50CB 
 341      C3D786C5 
 341      B88586FE 
 342 0c6e B0312A3C 		.ascii	"\2601*<4\324S\374\262\350\243\305K\226\376\007\233I"
 342      34D453FC 
 342      B2E8A3C5 
 342      4B96FE07 
 342      9B49
 343 0c80 A0BB     		.ascii	"\240\273"
 344              		.text
 345              		.section	.gnu.lto_.symtab.a3d685,"",%progbits
ARM GAS  C:\Users\ajink\AppData\Local\Temp\ccXK8jGV.s 			page 27


 346 0000 6E766963 		.ascii	"nvicEnableVector\000\000\000\000\000\000\000\000\000"
 346      456E6162 
 346      6C655665 
 346      63746F72 
 346      00000000 
 347 0019 000000B6 		.ascii	"\000\000\000\266\000\000\000nvicDisableVector\000\000"
 347      0000006E 
 347      76696344 
 347      69736162 
 347      6C655665 
 348 0033 00000000 		.ascii	"\000\000\000\000\000\000\000\000\000\000\272\000\000"
 348      00000000 
 348      0000BA00 
 348      00
 349 0040 006E7669 		.ascii	"\000nvicSetSystemHandlerPriority\000\000\000\000\000"
 349      63536574 
 349      53797374 
 349      656D4861 
 349      6E646C65 
 350 0062 00000000 		.ascii	"\000\000\000\000\000\000\000\274\000\000\000nvicCle"
 350      000000BC 
 350      0000006E 
 350      76696343 
 350      6C65
 351 0074 61725065 		.ascii	"arPending\000\000\000\000\000\000\000\000\000\000\000"
 351      6E64696E 
 351      67000000 
 351      00000000 
 351      00000000 
 352 0088 00BE0000 		.ascii	"\000\276\000\000\000"
 352      00
 353              		.text
 354              		.section	.gnu.lto_.opts,"",%progbits
 355 0000 272D666E 		.ascii	"'-fno-trapv' '-mcpu=cortex-m3' '-mno-thumb-interwor"
 355      6F2D7472 
 355      61707627 
 355      20272D6D 
 355      6370753D 
 356 0033 6B272027 		.ascii	"k' '-mthumb' '-ggdb' '-O2' '-fomit-frame-pointer' '"
 356      2D6D7468 
 356      756D6227 
 356      20272D67 
 356      67646227 
 357 0066 2D66616C 		.ascii	"-falign-functions=16' '-ffunction-sections' '-fdata"
 357      69676E2D 
 357      66756E63 
 357      74696F6E 
 357      733D3136 
 358 0099 2D736563 		.ascii	"-sections' '-fno-common' '-flto'\000"
 358      74696F6E 
 358      73272027 
 358      2D666E6F 
 358      2D636F6D 
 359              		.text
 360              		.comm	__gnu_lto_v1,1,1
 361              		.comm	__gnu_lto_slim,1,1
 362              		.ident	"GCC: (GNU Tools for ARM Embedded Processors) 4.9.3 20150529 (release) [ARM/embedded-4_9-br
ARM GAS  C:\Users\ajink\AppData\Local\Temp\ccXK8jGV.s 			page 28


ARM GAS  C:\Users\ajink\AppData\Local\Temp\ccXK8jGV.s 			page 29


DEFINED SYMBOLS
                            *ABS*:00000000 nvic.c
                            *COM*:00000001 __gnu_lto_v1
                            *COM*:00000001 __gnu_lto_slim

NO UNDEFINED SYMBOLS
