ARM GAS  C:\Users\ajink\AppData\Local\Temp\ccEIwxJG.s 			page 1


   1              		.syntax unified
   2              		.cpu cortex-m3
   3              		.fpu softvfp
   4              		.eabi_attribute 20, 1
   5              		.eabi_attribute 21, 1
   6              		.eabi_attribute 23, 3
   7              		.eabi_attribute 24, 1
   8              		.eabi_attribute 25, 1
   9              		.eabi_attribute 26, 1
  10              		.eabi_attribute 30, 2
  11              		.eabi_attribute 34, 1
  12              		.eabi_attribute 18, 4
  13              		.thumb
  14              		.file	"pal_lld.c"
  15              		.text
  16              	.Ltext0:
  17              		.section	.gnu.lto_.profile.a3e9d7,"",%progbits
  18 0000 789C6366 		.ascii	"x\234cf```a\200\000F\0067\027\000\001D\000\223"
  18      60606061 
  18      80004606 
  18      37170001 
  18      440093
  19              		.text
  20              		.section	.gnu.lto_.jmpfuncs.a3e9d7,"",%progbits
  21 0000 789C6366 		.ascii	"x\234cf\300\016\004\2404\023\003##c=#3\220d\257\257"
  21      C00E04A0 
  21      34130323 
  21      23633D23 
  21      339064AF 
  22 0015 AF670000 		.ascii	"\257g\000\000\014\320\002#"
  22      0CD00223 
  23              		.text
  24              		.section	.gnu.lto_.inline.a3e9d7,"",%progbits
  25 0000 789C6D91 		.ascii	"x\234m\221!n\303@\020Eg\306\216k\225\330(\240$+\325"
  25      216EC340 
  25      104567C6 
  25      8E6B95D8 
  25      28A0242B 
  26 0015 27C801A2 		.ascii	"'\310\001\242=Jas\2139A\244\204\244e\033)R\202r\200"
  26      3D4A6173 
  26      8B3941A4 
  26      84A4651B 
  26      29528272 
  27 002a 20C396E5 		.ascii	" \303\226\345\000\005\205\246UQYv\376\330\254\006\357"
  27      000585A6 
  27      55515976 
  27      FED8AC06 
  27      EF
  28 003b 7F6BA4B7 		.ascii	"\177k\244\267\243\335\202\376\377\016\354)D\33537\304"
  28      A3DD82FE 
  28      FF0EEC29 
  28      44DD3337 
  28      C4
  29 004c 5490211A 		.ascii	"T\220!\032\202\341\305\220\330\250`\357]\214\337\350"
  29      82E1C590 
  29      D8A860EF 
  29      5D8CDFE8 
ARM GAS  C:\Users\ajink\AppData\Local\Temp\ccEIwxJG.s 			page 2


  30 005c C93BD883 		.ascii	"\311;\330\203Z\240\203\251\010]z\027\252\322\"\317\206"
  30      5AA083A9 
  30      085D7A17 
  30      AAD222CF 
  30      86
  31 006d 87D269A8 		.ascii	"\207\322i\250QkC\213\332\032\002j0D\324hP\026\017P\374"
  31      516B438B 
  31      DA1A026A 
  31      3044D468 
  31      50160F50 
  32 0082 C7598E01 		.ascii	"\307Y\216\001\272S!U\267*\264\352^\205X\335\254\256"
  32      BA532155 
  32      B72AB4EA 
  32      5E8558DD 
  32      ACAE
  33 0094 9EDCA37C 		.ascii	"\236\334\243|\262\217\372\311\237\017 \273\234n\313"
  33      B28FFAC9 
  33      9F0F20BB 
  33      9C6ECB
  34 00a3 3C93D71F 		.ascii	"<\223\327\037\341\315\345\370\333\014\362'\371\326\370"
  34      E1CDE5F8 
  34      DB0CF227 
  34      F9D6F8
  35 00b2 C44F246B 		.ascii	"\304O$k\017\033^w\037o\025\206y\261\263\017\021\371"
  35      0F1B5E77 
  35      1F6F1586 
  35      79B1B30F 
  35      11F9
  36 00c4 CAEBE5ED 		.ascii	"\312\353\345\355\253\245\307~\225\207i\021\251\354\347"
  36      ABA5C77E 
  36      95876911 
  36      A9ECE7
  37 00d3 316FFCC9 		.ascii	"1o\374\311\255\255oA\274\027;7\023\017t\007\373SO\350"
  37      ADAD6F41 
  37      BC173B37 
  37      130F7407 
  37      FB534FE8 
  38              		.text
  39              		.section	.gnu.lto_.pureconst.a3e9d7,"",%progbits
  40 0000 789C6366 		.ascii	"x\234cf```e\200\000&\006)F)\000\000\371\000@"
  40      60606065 
  40      80002606 
  40      29462900 
  40      00F90040 
  41              		.text
  42              		.section	.gnu.lto__pal_lld_init.a3e9d7,"",%progbits
  43 0000 789CA596 		.ascii	"x\234\245\226]L\034U\024\307\357\2713;\014\273[\330"
  43      5D4C1C55 
  43      14C7EFB9 
  43      333B0CBB 
  43      5BD8
  44 0012 1042361B 		.ascii	"\020B6\033B\010\261\351\023lj\037L|0}0iL\352G\242\357"
  44      4208B1E9 
  44      136C6A1F 
  44      4C7C307D 
  44      30694CEA 
  45 0029 A662B424 		.ascii	"\246b\264$D\0321\276\231\316\302\226\330\306(\362`H"
ARM GAS  C:\Users\ajink\AppData\Local\Temp\ccEIwxJG.s 			page 3


  45      441A31BE 
  45      99CEC296 
  45      D8C628F2 
  45      6048
  46 003b 91946250 		.ascii	"\221\224bP\004\312\366C\260P+\353j[@i\335\026\245.\005"
  46      04CAF643 
  46      B0502BEB 
  46      6A5B4069 
  46      DD16A52E 
  47 0050 DAB22055 		.ascii	"\332\262 U[Y\240\322A\021\357\231;{g\335\222\211#\004"
  47      5B59A0D2 
  47      4111EF99 
  47      3B7B67DD 
  47      92892304 
  48 0064 CECCECC7 		.ascii	"\316\314\354\3079\277\337\231\177\226\225\310\303?\001"
  48      39BFDF99 
  48      7F9695C8 
  48      C33F01
  49 0073 F637E225 		.ascii	"\3667\342%d7;\202D\2006^&$\244R\000<!@\016R8\010wh\212"
  49      64373B82 
  49      4480365E 
  49      2624A452 
  49      003C2140 
  50 008e 4263B4BB 		.ascii	"Bc\264\273\331\263\243C\323\264\305\330\031\377!\277"
  50      D9B3A343 
  50      D3B4C5D8 
  50      19FF21BF 
  51 009e 4E0959A6 		.ascii	"N\011Y\246\274\015|\002;\330K\032z\246.\311\322\343"
  51      BC0D7C02 
  51      3BD84B1A 
  51      7AA62EC9 
  51      D2E3
  52 00b0 40D8F940 		.ascii	"@\330\371@\357\312\230g\201\352\024J\361r\260i\270Y"
  52      EFCA9867 
  52      81EA144A 
  52      F172B069 
  52      B859
  53 00c2 C14B2AE3 		.ascii	"\301K*\343\345\220\336\025\227\267\177\244iu\321\261"
  53      E590DE15 
  53      97B77FA4 
  53      6975D1B1 
  54 00d2 D3DA6E59 		.ascii	"\323\332nY\247\022t\202\304\372\301\247\020\200.\010"
  54      A7127482 
  54      C4FAC1A7 
  54      10802E08 
  55 00e2 10F61081 		.ascii	"\020\366\020\201n\330\216/O\205\327'<J\230\315\366\361"
  55      6ED88E2F 
  55      4F85D727 
  55      3C4A98CD 
  55      F6F1
  56 00f4 99D0030A 		.ascii	"\231\320\003\012\260c\244 \252ml\314\366~x^~\204\262"
  56      B063A420 
  56      AA6D6CCC 
  56      F67E785E 
  56      7E84B2
  57 0107 B7C81216 		.ascii	"\267\310\022\026\027\340\033\025<U\261\270\261x\261"
  57      17E01B15 
ARM GAS  C:\Users\ajink\AppData\Local\Temp\ccEIwxJG.s 			page 4


  57      3C55B1B8 
  57      B178B1
  58 0116 E461F161 		.ascii	"\344a\361a)\300R\210\245\010\213\037\013\016\225\213"
  58      29C05288 
  58      A5088B1F 
  58      0B0E958B 
  59 0126 B1946029 		.ascii	"\261\224`)\305R\206\205\220$\233\212+\231\243\024\217"
  59      C5528685 
  59      90249B8A 
  59      2B99A314 
  59      8F
  60 0137 520262FD 		.ascii	"R\002b\375\251\361\235\310\261Jq=\243\303\035\003\271"
  60      A9F19DC8 
  60      B14A713D 
  60      A3C31D03 
  60      B9
  61 0148 28E8D2DA 		.ascii	"(\350\322\332\336\326\014\311\231\344\225\270j<D\360"
  61      DED60CC9 
  61      99E495B8 
  61      6A3C44F0 
  62 0158 B2EEE3E3 		.ascii	"\262\356\343\343\203j+\264\200N\0258\301,{\231%>1\273"
  62      836A2BB4 
  62      804E1538 
  62      C12C7B99 
  62      253E31BB 
  63 016c 7674CE53 		.ascii	"vt\316S\336\255\205C\252Ns \002\255\260d,\026NB9I@\375"
  63      DEAD8543 
  63      AA4E7320 
  63      02ADB064 
  63      2C164E42 
  64 0184 8AC2E748 		.ascii	"\212\302\347H|\324\312\325\366g\260\255\374\026\201"
  64      7CD4CAD5 
  64      F667B0AD 
  64      FC1681
  65 0193 53AC0763 		.ascii	"S\254\007ci\002|\205\203!\247\255!g\240\234\265f]\352"
  65      69027C85 
  65      8321A7AD 
  65      2167A09C 
  65      B5665DEA 
  66 01a7 FA4F4DDC 		.ascii	"\372OM\334\312\341\243\224L~\311\350\320\367\340\330"
  66      CAE1A394 
  66      4C7EC9E8 
  66      D0F7E0D8 
  67 01b7 DD6DAC75 		.ascii	"\335m\254uH\323\242\025:UW\251\013>3\273\337\213\275"
  67      48D3A215 
  67      3A5557A9 
  67      0B3E33BB 
  67      DF8BBD
  68 01ca BB96CFBA 		.ascii	"\273\226\317\272\373t\232\013}Fo\274=\354\231\213\243"
  68      FB749A0B 
  68      7D466FBC 
  68      3DEC998B 
  68      A3
  69 01db 37C7DDEC 		.ascii	"7\307\335\354\231F-\372\204N\335\320\017\345K\324\270"
  69      99462DFA 
  69      844EDDD0 
  69      0FE54BD4 
ARM GAS  C:\Users\ajink\AppData\Local\Temp\ccEIwxJG.s 			page 5


  69      B8
  70 01ec 859F1B72 		.ascii	"\205\237\033r\261\246\343\371&{\374\376\365\3246\234"
  70      B1A6E3F9 
  70      267BFCFE 
  70      F5D4369C 
  71 01fc E7D11AC3 		.ascii	"\347\321\032\303Y+\364\030\315\"\223G\337\241&\002\013"
  71      592BF418 
  71      CD229347 
  71      DFA12602 
  71      0B
  72 020d A017CE32 		.ascii	"\240\027\3162\303\001\223\241!\321\263\256\242!\240"
  72      C30193A1 
  72      21D1B3AE 
  72      A221A0
  73 021c E0A00121 		.ascii	"\340\240\001!\341\240s(\250\030\202)!\250:1\372\302"
  73      E1A07328 
  73      A8188229 
  73      21A83A31 
  73      FAC2
  74 022e CEE83C1A 		.ascii	"\316\350<\032\3118\350\313l#\007\274C\306\010\027\266"
  74      C938E8CB 
  74      6C2307BC 
  74      43C60817 
  74      B6
  75 023f 8922AFCA 		.ascii	"\211\"\257\312o\310\2154\257\333\011\357Wv\2741\344"
  75      6FC88D34 
  75      AFDB09EF 
  75      5776BC31 
  75      E4
  76 0250 5570D0D7 		.ascii	"Up\320\327[\340\375\306\030\221\203m. \257\233\357W"
  76      5BE0FDC6 
  76      1891836D 
  76      2E20AF9B 
  76      EF57
  77 0262 F07A9DF0 		.ascii	"\360z\235\360^4\232\251\233\363^\022\211\031\316\346"
  77      5E349AA9 
  77      9BF35E12 
  77      8919CEE6 
  78 0272 5D7C6F3D 		.ascii	"]|o=\342\346\211i6\023\243\325\267\036V2\025F2\024\206"
  78      E2E68969 
  78      3613A3D5 
  78      B71E5632 
  78      15463214 
  79 0287 16CE1DB1 		.ascii	"\026\316\035\261\024F\255\210|\213\012^\276\362\251"
  79      1446AD88 
  79      7C8B0A5E 
  79      BEF2A9
  80 0296 B4429E13 		.ascii	"\264B\236\023\205\357\354\024\306DD.g+8\340\275bE\344"
  80      85EFEC14 
  80      C644442E 
  80      672B38E0 
  80      BD6245E4 
  81 02aa 7BE4CDE3 		.ascii	"{\344\315\343+\027\274>'\274q;\336\253\"\"\327\266\300"
  81      2B17BC3E 
  81      27BC713B 
  81      DEAB2222 
  81      D7B6C0
ARM GAS  C:\Users\ajink\AppData\Local\Temp\ccEIwxJG.s 			page 6


  82 02bd 3B6E45E4 		.ascii	";nE\344\007\344\365\361\375N\247y\013\234\360\376h4"
  82      07E4F5F1 
  82      FD4EA779 
  82      0B9CF0FE 
  82      6834
  83 02cf CBDD9C77 		.ascii	"\313\335\234wBD\344z6\357\221\303-m.\036\22163\"\355"
  83      4244E47A 
  83      36EF91C3 
  83      2D6D2E1E 
  83      91363322 
  84 02e4 E389967F 		.ascii	"\343\211\226\177)\374\224\241p\242\263\341\254,\024"
  84      29FC94A1 
  84      70A2B3E1 
  84      AC2C14
  85 02f3 12564426 		.ascii	"\022VD&Q\241\200\257\\(\024:Q\270a\2470%\"2\235\255"
  85      51A180AF 
  85      5C28143A 
  85      51B861A7 
  85      30252232 
  86 0309 E08077C6 		.ascii	"\340\200w\306\212\310M\344-\344+\237I\363\0269\341\275"
  86      8AC84DE4 
  86      2DE42B9F 
  86      49F31639 
  86      E1BD
  87 031b 65C77B5B 		.ascii	"e\307{[Ddv\013\274I+\"s\310[\304\367+x\375Nx\347\215"
  87      4464760B 
  87      BC492B22 
  87      73C85BC4 
  87      F72B78FD 
  88 0333 66EECD79 		.ascii	"f\356\315y\177\026\021Y\310\346}_Ou\230\237\"\235fD"
  88      7F161159 
  88      C8E67D5F 
  88      4F75989F 
  88      229D6644 
  89 0347 E27D91A8 		.ascii	"\342}\221\250\234\251p'CapD_\312\027\012\277X\021\371"
  89      9CA97027 
  89      43617044 
  89      5FCA170A 
  89      BF5811F9 
  90 035b 1515FC7C 		.ascii	"\025\025\374|\345\311\264B\300\211\302ov\012wED\356"
  90      E5C9B442 
  90      C089C26F 
  90      760A7745 
  90      44EE
  91 036d 3DF4AFF3 		.ascii	"=\364\257\363\277\363\376nEd\021y\003|\345\202\267\330"
  91      BFF3FE6E 
  91      45641179 
  91      037CE582 
  91      B7D8
  92 037f 096FCA8E 		.ascii	"\011o\312\216wIDdy\013\274+VD\356#o1\347\235K\363\226"
  92      77494464 
  92      790BBC2B 
  92      5644EE23 
  92      6F31E79D 
  93 0396 38E1FDC3 		.ascii	"8\341\375\303h\346\331\234wUD\344A6\357\007\261\366"
  93      68E6D99C 
  93      775544E4 
ARM GAS  C:\Users\ajink\AppData\Local\Temp\ccEIwxJG.s 			page 7


  93      4136EF07 
  93      B1F6
  94 03a8 631E1E91 		.ascii	"c\036\036\221\223fD&\023\251Tn\246\202\236\2410\337"
  94      93664426 
  94      13A9546E 
  94      A6829EA1 
  94      30DF
  95 03ba B57CDB2D 		.ascii	"\265|\333-\024\326\254\210\374\211\012%<\"\363i\205"
  95      14D6AC88 
  95      FC890A25 
  95      3C22F369 
  95      85
  96 03cb 52270A7F 		.ascii	"R'\012\177\331)\254\213\210\374\235\255\340\200w\303"
  96      D929AC8B 
  96      88FC9DAD 
  96      E08077C3 
  97 03db 8A884619 		.ascii	"\212\210F\031o)_\271\340-s\302\033\2426\274u4\035\221"
  97      6F295FB9 
  97      E02D73C2 
  97      1BA236BC 
  97      75341D91 
  98 03ef 7AFAFF79 		.ascii	"z\372\377y\303TD\344\020\362\226\221i\010E\257\355\301"
  98      C35444E4 
  98      10F29691 
  98      690845AF 
  98      EDC1
  99 0401 4EF81537 		.ascii	"N\370\0257\311\276\012\261/\355\354\326>VQ\021d\277"
  99      C9BE0AB1 
  99      2FEDECD6 
  99      3E565111 
  99      64BF
 100 0413 95FBAB5E 		.ascii	"\225\373\253^\252\252\251\335\025\254\251\015\356\337"
 100      AAAAA9DD 
 100      15ACA90D 
 100      EEDF
 101 0421 571D3C50 		.ascii	"W\035<P\363\372\033\265\301\347_xz\327\243\301\275{"
 101      F3FA1BB5 
 101      C1E75F78 
 101      7AD7A3C1 
 101      BD7B
 102 0433 9F0CEE79 		.ascii	"\237\014\356y\356\251g\337\334\031<\260\257\372\305"
 102      EEA967DF 
 102      DC193CB0 
 102      AFFAC5
 103 0442 EAEA972B 		.ascii	"\352\352\227+*\211RY\363\332+U\257\376\003\313\015\241"
 103      2A895259 
 103      F3DA2B55 
 103      AFFE03CB 
 103      0DA1
 104 0454 FF       		.ascii	"\377"
 105              		.text
 106              		.section	.gnu.lto__pal_lld_setgroupmode.a3e9d7,"",%progbits
 107 0000 789C9D56 		.ascii	"x\234\235VkLTG\024\2363\367\356\335{\367IE\004|\241"
 107      6B4C5447 
 107      149E33F7 
 107      EEDD7BF7 
 107      4945047C 
ARM GAS  C:\Users\ajink\AppData\Local\Temp\ccEIwxJG.s 			page 8


 108 0015 08DA26D5 		.ascii	"\010\332&\325m\265\251M\323\264\375a\322\232\332\330"
 108      6DB5A94D 
 108      D3B4FD61 
 108      D29ADAD8 
 109 0025 C426FDD1 		.ascii	"\304&\375\321\246\255\217\266\230B0\322\364\237\361"
 109      A6AD8FB6 
 109      984230D2 
 109      F49FF1
 110 0034 82882610 		.ascii	"\202\210&\020_\255\204\244\232Z\255Ov\241\240\362\264"
 110      5FAD84A4 
 110      9A5AAD4F 
 110      76A1A0F2 
 110      B4
 111 0045 76A13EA8 		.ascii	"v\241>\250\202\326\252 \240\210\015PI\325\210h\227\215"
 111      82D6AA20 
 111      A0880D50 
 111      49D58868 
 111      978D
 112 0057 457AE6CC 		.ascii	"Ez\346\314.\354\322bL7\334\263w\316|\337\231\363\315"
 112      2EECD262 
 112      4C37DCB3 
 112      77CE7CDF 
 112      99F3CD
 113 006a 39338BC2 		.ascii	"93\213\302\376\375\251\303'hc\354\003\374\206\030\006"
 113      FEFDA9C3 
 113      276863EC 
 113      03FC8618 
 113      06
 114 007b 7CCB39C6 		.ascii	"|\3139\306\262u\316\225\273q\314\264\251\273^b\246C"
 114      B275CE95 
 114      BB71CCB4 
 114      A9BB5E62 
 114      A643
 115 008d 014DBA55 		.ascii	"\001M\272Un!\267FnK\330\255\201K\276X\271\276q\026\316"
 115      6E21B746 
 115      6E4BD8AD 
 115      814BBE58 
 115      B9BE7116 
 116 00a2 1BC23A74 		.ascii	"\033\302:t\260I\267\021~\261q;\315;h\336\016N\351v\204"
 116      B049B711 
 116      7EB1713B 
 116      CD3B68DE 
 116      0E4EE976 
 117 00b7 5F9C3250 		.ascii	"_\2342P\235\356\342\326\352\223\014\221\356\026\035"
 117      9DEEE2D6 
 117      EA930C91 
 117      EE161D
 118 00c6 916E00E1 		.ascii	"\221n\000\341g\300\326rE\265hV\335\260\331\035N\227"
 118      67C0D672 
 118      45B56856 
 118      DDB0D91D 
 118      4E97
 119 00d8 1BD67217 		.ascii	"\033\326r\027\003]\374\341\247\227\367q\330\342/.\262"
 119      035DFCE1 
 119      A797F771 
 119      D8E22F2E 
 119      B2
ARM GAS  C:\Users\ajink\AppData\Local\Temp\ccEIwxJG.s 			page 9


 120 00e9 CFDA6B9A 		.ascii	"\317\332k\232\346\335\335\027\022\326'\0049c\375\\\252"
 120      E6DDDD17 
 120      12D62704 
 120      3963FD5C 
 120      AA
 121 00fa 85FD300B 		.ascii	"\205\3750\013!\327\002\225\005N\345e`\370^]r\277\311"
 121      21D70295 
 121      054EE565 
 121      60F85E5D 
 121      72BFC9
 122 010d 7E930739 		.ascii	"~\223\0079L\023\303\232m\015E\232\030rU\014\233K\333"
 122      4C13C39A 
 122      6D0D459A 
 122      1872550C 
 122      9B4BDB
 123 0120 5A79EA1E 		.ascii	"Zy\352\036\323\314\361\237/7_W\203\\\201\003\240`<8"
 123      D3CCF19F 
 123      2F375F57 
 123      835C8103 
 123      A0603C38 
 124 0134 0813E110 		.ascii	"\010\023\341\020Ld\350bP\014\251\210\336}\265;\240("
 124      4C64E862 
 124      500CA988 
 124      DE7DB53B 
 124      A028
 125 0146 AF51DC43 		.ascii	"\257Q\334C\365\325\317\020\2613\177o\263\303|3\310U"
 125      F5D5CF10 
 125      B1337F6F 
 125      B3C37C33 
 125      C855
 126 0158 F08E66AA 		.ascii	"\360\216f\252\014|\304\374#\330\273\337\251, \346\340"
 126      0C7CC4FC 
 126      23D8BBDF 
 126      A92C20E6 
 126      E0
 127 0169 A1AD3B6C 		.ascii	"\241\255;l\222Z\260\367\"Q-P2\232jaP\012\251\002\277"
 127      925AB0F7 
 127      22512D50 
 127      329A6A61 
 127      500AA902 
 128 017e 7F5FEF06 		.ascii	"\177_\357\006]YH\334\333\035mO\315\370NP\253\327\237"
 128      5D5948DC 
 128      DB1D6D4F 
 128      CDF84E50 
 128      ABD79F
 129 0191 76980D66 		.ascii	"v\230\015fn\347\320PR\220k\360Ct\000\371AF\305\035\357"
 129      6EE7D050 
 129      52906BF0 
 129      437400F9 
 129      4146C51D 
 130 01a6 5E455944 		.ascii	"^EYD\354\033\015]\205.\242\373\017\240\332\334]\346"
 130      EC1B0D5D 
 130      852EA2FB 
 130      0FA0DADC 
 130      5DE6
 131 01b8 A3A12110 		.ascii	"\243\241!\020\354\3621\330\375\201:\237EYL\354\026\263"
 131      ECF231D8 
ARM GAS  C:\Users\ajink\AppData\Local\Temp\ccEIwxJG.s 			page 10


 131      FD813A9F 
 131      45594CEC 
 131      16B3
 132 01ca A1D926D9 		.ascii	"\241\331&\331\336h\366\2211\330\017\326m\276\256)K\210"
 132      DE68F691 
 132      31D80FD6 
 132      6DBEAE29 
 132      4B88
 133 01dc ED3DE26B 		.ascii	"\355=\342kwHvu4\273b\014\266Y\262\317oQ\336#\366\203"
 133      77487675 
 133      34BB620C 
 133      B659B2CF 
 133      6F51DE23 
 134 01f2 4DEBB72A 		.ascii	"M\353\267*\222}<\232]5\006\373\376\206\322v\253\362"
 134      927D3C9A 
 134      5D3506FB 
 134      FE86D276 
 134      ABF2
 135 0204 3EB11F6E 		.ascii	">\261\037n\365u\272\345\266\325Dm\233\025j\306\240\367"
 135      F575BAE5 
 135      B6D5446D 
 135      9B156AC6 
 135      A0F7
 136 0216 E50EB6D8 		.ascii	"\345\016\266\330\265\\\354\262\230A\234/\203\031p\030"
 136      B55CECB2 
 136      98419C2F 
 136      83197018 
 137 0226 9FA3F854 		.ascii	"\237\243\370T\342S\215O-\314\220\215\007\307@\003\306"
 137      E2538D4F 
 137      2DCC908D 
 137      07C74003 
 137      C6
 138 0237 54018C98 		.ascii	"T\001\214\230,\035\3477\207\206\016\237*\317\367\224"
 138      2C1DE737 
 138      87860E9F 
 138      2ACFF794 
 139 0247 F0A7815A 		.ascii	"\360\247\201ZA\"\024\262*Y\013Y\215\254\225\254N\326"
 139      412214B2 
 139      2A590B59 
 139      8DAC95AC 
 139      4ED6
 140 0259 206B6322 		.ascii	" kc\"\222\003D/\270@\264!\036\025\2143\016;D\217eb\251"
 140      9203442F 
 140      B840B421 
 140      1E158C33 
 140      0E3B448F 
 141 0270 F1048C23 		.ascii	"\361\004\214#;\201l<\331\004\204\030\211\364:\221\354"
 141      3B816C3C 
 141      D9048418 
 141      89F43A91 
 141      EC
 142 0281 24E1984C 		.ascii	"$\341\230L\257S\310N\245\224\222h\211ibr\2720\311\302"
 142      AF53C84E 
 142      A5949268 
 142      89696272 
 142      BA30C9C2 
 143 0295 A408932A 		.ascii	"\244\010\223*\314La\030\353B\241xT\2739\307/\3452\344"
ARM GAS  C:\Users\ajink\AppData\Local\Temp\ccEIwxJG.s 			page 11


 143      CC4C6118 
 143      EB42A178 
 143      54BB39C7 
 143      2FE532E4 
 144 02a9 5E59D7BF 		.ascii	"^Y\327\277]\023\312\003\334\201\373\265\251\344\373"
 144      5D13CA03 
 144      DC81FBB5 
 144      A9E4FB
 145 02b8 7EB73857 		.ascii	"~\2678W\006\212\3731\264\223\335xt*\271\322\006\365"
 145      068AFB31 
 145      B493DD78 
 145      742AB9D2 
 145      06F5
 146 02ca 857D1D39 		.ascii	"\205}\0359\026\201F\350\365\256\363\027t\001Uh\247\217"
 146      168146E8 
 146      F5AEF317 
 146      74015568 
 146      A78F
 147 02dc 0E7C7BDB 		.ascii	"\016|{\333\271\023\276\3116M\177b\220\333\002\334\005"
 147      B913BEC9 
 147      364D7F62 
 147      90DB02DC 
 147      05
 148 02ed C745009C 		.ascii	"\307E\000\234\353j\314\257\320g\027\233\271Xj;\374\004"
 148      EB6ACCAF 
 148      D067179B 
 148      B9586A3B 
 148      FC04
 149 02ff 3BE11E9D 		.ascii	";\341\036\235t\360\303\354\000w\323\022*\333\245\311"
 149      74F0C3EC 
 149      0077D312 
 149      2ADBA5C9 
 150 030f 841E6E9F 		.ascii	"\204\036n\2374\222\320\360A7p\237\353\206\023\262\260"
 150      3492D0F0 
 150      4137709F 
 150      EB8613B2 
 150      B0
 151 0320 4E90095D 		.ascii	"N\220\011]\277\247\204\022z\362\014\352)\003\020\031"
 151      BFA78412 
 151      7AF20CEA 
 151      29031019 
 152 0330 FC3C9281 		.ascii	"\374<\222\201&\266\244\015rj\312\272d\314\000\037\207"
 152      26B6A40D 
 152      726ACABA 
 152      64CC001F 
 152      87
 153 0341 D4C2CD97 		.ascii	"\324\302\315\227\252\2245\017\315\"S\017r\307 \227\215"
 153      AA94350F 
 153      CD22530F 
 153      72C72097 
 153      8D
 154 0352 35ACDE41 		.ascii	"5\254\336A\303\203\233\277\256\002\261\366\026\201r"
 154      C3839BBF 
 154      AE02B1F6 
 154      168172
 155 0361 C2095803 		.ascii	"\302\011X\003'Ck_\351\335\330\244z|fL\020\023:\205\250"
 155      27436B5F 
ARM GAS  C:\Users\ajink\AppData\Local\Temp\ccEIwxJG.s 			page 12


 155      E9DDD8A4 
 155      7A7C664C 
 155      10133A85 
 156 0376 8020E1DA 		.ascii	"\200 \341\332\247\301\303p\275\216\015\257\310\325b"
 156      A7C1C370 
 156      BD8E0DAF 
 156      C8D562
 157 0385 7141D60C 		.ascii	"qA\326\014\234\032\021[\002=8\314\361\177u6\236\\X\353"
 157      9C1A115B 
 157      023D38CC 
 157      F17F7536 
 157      9E5C58EB 
 158 0399 C895350C 		.ascii	"\310\2255\014\321\200k \304\\B\000\321\326a\317|\362"
 158      D1806B20 
 158      C45C4200 
 158      D1D661CF 
 158      7CF2
 159 03ab 1C8EF038 		.ascii	"\034\216\3608\311S6\342\361o\317\227\276Z\012\234\275"
 159      C95336E2 
 159      F16FCF97 
 159      BE5A0A9C 
 159      BD
 160 03bc AFB6C02A 		.ascii	"\257\266\300*\002[1\360/\264\325\335\370\216\027<\356"
 160      025B31F0 
 160      2FB4D5DD 
 160      F88E173C 
 160      EE
 161 03cd CABAAB79 		.ascii	"\312\272\253y\035\336\347d\236\343\003\334\022Y\032"
 161      1DDEE764 
 161      9EE303DC 
 161      12591A
 162 03dc 3796E60C 		.ascii	"7\226\346\014\205\344\341E\021\304\210\364\373\263\222"
 162      85E4E145 
 162      11C488F4 
 162      FBB392
 163 03eb 1317C02B 		.ascii	"\023\027\300+9\022T&@q\022t\307;W\242&\004\270\021\205"
 163      39125426 
 163      40711274 
 163      C73B57A2 
 163      2604B811 
 164 0400 AA14A809 		.ascii	"\252\024\250\011\022u/\024*>\200\007>\022tT\200\342"
 164      12752F14 
 164      2A3E8007 
 164      3E127454 
 164      80E2
 165 0412 056820EF 		.ascii	"\005h \357\221\367U\211J\010\340\351\347\260\375\330"
 165      91F75589 
 165      4A08E0E9 
 165      E7B0FDD8 
 166 0422 8E6D06F5 		.ascii	"\216m\006\365\217\211G\367,\262\250\307\226\205@\221"
 166      8F8947F7 
 166      2CB2A8C7 
 166      96854091 
 167 0432 B2F17840 		.ascii	"\262\361x@\343p\207\351\354Z\262\320}?\357\224\357\005"
 167      E37087E9 
 167      EC5AB2D0 
 167      7D3FEF94 
ARM GAS  C:\Users\ajink\AppData\Local\Temp\ccEIwxJG.s 			page 13


 167      EF05
 168 0444 894E4455 		.ascii	"\211NDU\242\236\2359g\350\247\310p3h\032\255;\221\330"
 168      A29E9D39 
 168      67E8A7C8 
 168      7033681A 
 168      AD3B91D8 
 169 0458 C630BBD9 		.ascii	"\3060\273\331\367\242dO$y\261\321\322\344&\333h\223"
 169      F7A2644F 
 169      2479B1D1 
 169      D2E426DB 
 169      6893
 170 046a B122314C 		.ascii	"\261\"1L\272u&\007\024Q\225\312:|!e\223\244\262\301"
 170      BA752607 
 170      145195CA 
 170      3A7C2165 
 170      93A4B2C1 
 171 047e 8B9BEECA 		.ascii	"\213\233\356\3124L\023\357\243s\243\244M\012k\351\001"
 171      344C13EF 
 171      A373A3A4 
 171      4D0A6BE9 
 171      01
 172 048f 15B3D20B 		.ascii	"\025\263\322\013\332\3230}\343X\353\307=\240c*\372\325"
 172      DAD3307D 
 172      E358EBC7 
 172      3DA0632A 
 172      FAD5
 173 04a1 D615B8BE 		.ascii	"\326\025\270\276\341mO\307\014\354\303\371\366\204\325"
 173      E16D4FC7 
 173      0CECC3F9 
 173      F684D5
 174 04b0 4EC6F244 		.ascii	"N\306\362D\311\243\212M\246\204\035\303\360\277\302"
 174      C9A38A4D 
 174      A6841DC3 
 174      F0BFC2
 175 04bf F2A65061 		.ascii	"\362\246Pab\243\2132\205\320\316\010y\344\326B\362("
 175      62A38B32 
 175      85D0CE08 
 175      79E4D642 
 175      F228
 176 04d1 2297D57D 		.ascii	"\"\227\325}\024^w*\312\203\224\221e\361nC\247\000m\313"
 176      145E772A 
 176      CA839491 
 176      65F16E43 
 176      A7006DCB 
 177 04e5 6BF67E28 		.ascii	"k\366~(AI\001n\303=8\275\363f\271J-\213\305=\037\221"
 177      4149016E 
 177      C33D38BD 
 177      F366B94A 
 177      2D8BC53D 
 178 04fb 6BAD889C 		.ascii	"k\255\210\234$\304s\314\331\336(\304\3079\032\205x\321"
 178      24C473CC 
 178      D9DE28C4 
 178      C7391A85 
 178      78D1
 179 050d 41F65B42 		.ascii	"A\366[B\374\024\307-\022\357b\370_K(?\"\332XD-\014\026"
 179      FC14C72D 
 179      12EF62F8 
ARM GAS  C:\Users\ajink\AppData\Local\Temp\ccEIwxJG.s 			page 14


 179      5F4B283F 
 179      22DA5844 
 180 0524 91B935B2 		.ascii	"\221\2715\2620\226H\031Jh@\351\202(E\323\272\342\302"
 180      30964819 
 180      4A6840E9 
 180      822845D3 
 180      BAE2C2
 181 0537 D03D2272 		.ascii	"\320=\"r\015\354\351\374\023(W\374}\3705\\\033\274\014"
 181      0DECE9FC 
 181      132857FC 
 181      7DF8355C 
 181      1BBC0C
 182 054a DC1A9AA9 		.ascii	"\334\032\232\251\316\277\333\323z@\021gS\333\321\212"
 182      CEBFDBD3 
 182      7A401167 
 182      53DBD18A 
 183 055a DD8BB748 		.ascii	"\335\213\267H\017Xh\\\245`\027\210\241\225\206E\026"
 183      0F58685C 
 183      A5601788 
 183      A1958645 
 183      16
 184 056b DC423134 		.ascii	"\334B14h8\200C]\014m\342\324j\336V\324\232\344\034\260"
 184      68388043 
 184      5D0C6DE2 
 184      D46ADE56 
 184      D49AE41C 
 185 0580 A032B7BC 		.ascii	"\2402\267\274\322\352+\372\356\327[d*\323\"nJx\354-"
 185      D2EA2BFA 
 185      EED75B64 
 185      2AD3226E 
 185      4A78EC2D 
 186 0594 79816E49 		.ascii	"y\201nI\372e\374\015f\313&\274\024\0224\035\003\011"
 186      FA65FC0D 
 186      66CB26BC 
 186      1412341D 
 186      0309
 187 05a6 CDD40327 		.ascii	"\315\324\003'T\351L&\277\025\235\365\333n\270\376\343"
 187      54E94C26 
 187      BF159DF5 
 187      DB6EB8FE 
 187      E3
 188 05b7 56B63E76 		.ascii	"V\266>v\275\213#\353]\022\267r\262\010TQ\366 \234y\312"
 188      BD8B23EB 
 188      5D12B772 
 188      B2085451 
 188      F6209C79 
 189 05cc 13677E99 		.ascii	"\023g~\231\")\"R\363\350\314\261:)\242tQ\231\317$\277"
 189      22292252 
 189      F3E8CCB1 
 189      3A29A274 
 189      5199CF24 
 190 05e1 F17F336F 		.ascii	"\361\1773o\031Y\357\212\310|&\353\200l\177\313[\"\220"
 190      1959EF8A 
 190      C87C26EB 
 190      806C7FCB 
 190      5B2290
 191 05f4 28731736 		.ascii	"(s\0276D\213\216\312\346\317\231\343\301\277\345i+\227"
ARM GAS  C:\Users\ajink\AppData\Local\Temp\ccEIwxJG.s 			page 15


 191      448B8ECA 
 191      E6CF99E3 
 191      C1BFE569 
 191      2B97
 192 0606 ADCCCC9A 		.ascii	"\255\314\314\232\347\311\314\362\244-M\367\254\312\\"
 192      E7C9CCF2 
 192      A42D4DF7 
 192      ACCA5C
 193 0615 FD459667 		.ascii	"\375E\226g\311\273o\317\233\353Y\264h\201\347\215w\026"
 193      C9BB6FCF 
 193      9BEB59B4 
 193      6881E78D 
 193      7716
 194 0627 2EFEF279 		.ascii	".\376\362y\317\252\245\351\037\245\247\257\230\263\234"
 194      CFAAA5E9 
 194      1FA5A7AF 
 194      98B39C
 195 0636 A902A166 		.ascii	"\251\002\241f,\315\372\\\315\310\\\361\011\317H\343"
 195      2CCDFA5C 
 195      CDC85CF1 
 195      09CF48E3 
 196 0646 19E9CAF2 		.ascii	"\031\351\312\362\325i\370\340\367\247\237\301\312\177"
 196      D569F8E0 
 196      F7A79FC1 
 196      CA7F
 197 0654 001FBEC7 		.ascii	"\000\037\276\307}"
 197      7D
 198              		.text
 199              		.section	.gnu.lto_.symbol_nodes.a3e9d7,"",%progbits
 200 0000 789C6366 		.ascii	"x\234cf``\320a\200\002\2463\214\365\014\014\023\316"
 200      6060D061 
 200      8002A633 
 200      8CF50C0C 
 200      13CE
 201 0012 3130D4D7 		.ascii	"10\324\3273\314[\300\301\300t\226\261\236\021Y\200\365"
 201      33CC5BC0 
 201      C1C07496 
 201      B19E1159 
 201      80F5
 202 0024 1C23C302 		.ascii	"\034#\303\002\246zf\006\000\034!\014\012"
 202      A67A6606 
 202      001C210C 
 202      0A
 203              		.text
 204              		.section	.gnu.lto_.refs.a3e9d7,"",%progbits
 205 0000 789C6366 		.ascii	"x\234cf```c\200\000FF\006&V\006\000\000\267\000\023"
 205      60606063 
 205      80004646 
 205      06265606 
 205      0000B700 
 206              		.text
 207              		.section	.gnu.lto_.decls.a3e9d7,"",%progbits
 208 0000 789CAD58 		.ascii	"x\234\255XkPTG\026\276}{\030\206\3130\270\022I\312\262"
 208      6B505447 
 208      16BE7D7B 
 208      1886CB30 
 208      B81249CA 
ARM GAS  C:\Users\ajink\AppData\Local\Temp\ccEIwxJG.s 			page 16


 209 0015 7609D652 		.ascii	"v\011\326Rfc\0045\217uk\253V\001\243\356\032\303\216"
 209      66630435 
 209      8F756BAB 
 209      5601A3EE 
 209      1AC38E
 210 0028 EEAF5035 		.ascii	"\356\257P5Af\324\251\005\306\225a\313\374\273\312C0"
 210      4166D4A9 
 210      05C69561 
 210      CBFCBBCA 
 210      4330
 211 003a 2A88F16D 		.ascii	"*\210\361mt\020TTDE\020\024\004\004y\250<$\340\003\215"
 211      74105454 
 211      44451014 
 211      040479A8 
 211      3C24E003 
 212 004f 32E20351 		.ascii	"2\342\003QPT\334AT\330\323\335w\270\3030\0307\265S~"
 212      5054DC41 
 212      54D8D3DD 
 212      77B8C330 
 212      1837B553 
 213 0064 749FEEAF 		.ascii	"t\237\356\257\3179\375:}\256\230\343\270O\021\307\015"
 213      CF39FD3A 
 213      7DAE98E3 
 213      B84F11C7 
 213      0D
 214 0075 C26F860F 		.ascii	"\302o\206\017\307\355\3479\016C[\030\000\232\271\017"
 214      C7EDE739 
 214      0E435B18 
 214      009AB90F 
 215 0085 39F68366 		.ascii	"9\366\203f\256\225c\215\244\375#\304\015\373\221>/i"
 215      AE95638D 
 215      A4FD23C4 
 215      0DFB913E 
 215      2F69
 216 0097 9C06A006 		.ascii	"\234\006\240\006\\\226\306\317\006n(\340&\324[\000_"
 216      5C96C6CF 
 216      066E28E0 
 216      26D45B00 
 216      5F
 217 00a8 427D0EE0 		.ascii	"B}\016\340\031\324{$n0\310\215P\026\003:\001g\000\017"
 217      19D47B24 
 217      6E30C88D 
 217      5016033A 
 217      0167000F 
 218 00bc 01A5802E 		.ascii	"\001\245\200.\300E@\035\240\036\320 \371\326\312\271"
 218      C045401D 
 218      A01ED020 
 218      F9D6CAB9 
 219 00cc F841C718 		.ascii	"\370A\307\030'?z\0016@?\240\0000\027\340+\371F\354\023"
 219      273F7A01 
 219      36403FA0 
 219      003017E0 
 219      2BF946EC 
 220 00e1 BFE6C238 		.ascii	"\277\346\3028o\200\007\340\257 +\000\035\200G\222\037"
 220      6F8007E0 
 220      AF202B00 
 220      1D804792 
ARM GAS  C:\Users\ajink\AppData\Local\Temp\ccEIwxJG.s 			page 17


 220      1F
 221 00f2 5D92CDD1 		.ascii	"]\222\315\321\346\377\224G\247r{\353=\037\360H#\370"
 221      E6FF9447 
 221      A7727BEB 
 221      3D1FF048 
 221      23F8
 222 0104 11F1747A 		.ascii	"\021\361tz\3556%\210jAA\304\255Wl\3671\355\265b\"\367"
 222      ED362588 
 222      6A4141C4 
 222      AD576CF7 
 222      31EDB562 
 223 011a 897DB52A 		.ascii	"\211}\265*\332\375g\"fn\273\335\"L>$\212b\262X>FVz\254"
 223      DAFD6722 
 223      666EBBDD 
 223      224C3E24 
 223      8A62B258 
 224 0133 EC708A07 		.ascii	"\354p\212\007\035\366-\021m\211=)\002\035\245&b[i\361"
 224      1DF62D11 
 224      6D893D29 
 224      021DA526 
 224      625B69F1 
 225 0147 7D25069F 		.ascii	"}%\006\237\241^V\332W-\340\011\264\276.\331z^\300\277"
 225      A15E56DA 
 225      572DE009 
 225      B4BE2ED9 
 225      7A5EC0BF 
 226 015b A7F555FB 		.ascii	"\247\365U\373\213\327\271\303\220\017\005\252\260m\347"
 226      8BD7B9C3 
 226      900F05AA 
 226      B06DE7
 227 016a CB2C0F2A 		.ascii	"\313,\017*\222-\367\206&\276\366\276\230\251A\001B\026"
 227      922DF786 
 227      26BEF6BE 
 227      98A94101 
 227      4216
 228 017c 58EF7990 		.ascii	"X\357y\220^=A\024\025(\037\011\350\030\302\3500\232"
 228      5E3D4114 
 228      15281F09 
 228      E818C2E8 
 228      309A
 229 018e 4C664D46 		.ascii	"LfMF\223_\262(\256\026\323\342E\217Z\015\207\016\240"
 229      935FB228 
 229      AE16D3E2 
 229      458F5A0D 
 229      870EA0
 230 01a1 F1281B8D 		.ascii	"\361(\033\215\347\320\011\024\000\014\312E\307\2411"
 230      E7D00914 
 230      000CCA45 
 230      C7A131
 231 01b0 0F1A4171 		.ascii	"\017\032Aq\325\353\322\0047$\004\270\036t\322\305 \352"
 231      D5EBD204 
 231      372404B8 
 231      1E74D2C5 
 231      20EA
 232 01c2 C2D1C474 		.ascii	"\302\321\304t_\342B\001\270pTv\001<\032Z\226|KN\015"
 232      5FE24201 
 232      B8705476 
ARM GAS  C:\Users\ajink\AppData\Local\Temp\ccEIwxJG.s 			page 18


 232      013C1A5A 
 232      967C4B4E 
 233 01d7 C6CF119D 		.ascii	"\306\317\021\235\341\213\370\3246%\2661\341\271\355"
 233      E18BF8D4 
 233      3625B631 
 233      E1B9ED
 234 01e6 EC1137FC 		.ascii	"\354\0217\374\212\011Y\233\267\344\270\321\345R\201"
 234      8A09599B 
 234      B7E4B8D1 
 234      E55281
 235 01f5 E8F6A87D 		.ascii	"\350\366\250}\315]\001\371\373\370\373\007X\300\245"
 235      CD5D01F9 
 235      FBF8FB07 
 235      58C0A5
 236 0204 9EC19A5B 		.ascii	"\236\301\232[\357m\027-\025\210\232*\004S%\310Gvp\322"
 236      EF6D172D 
 236      15889A2A 
 236      045325C8 
 236      477670D2 
 237 0218 78B0FA07 		.ascii	"x\260\372\007\370\303m\004\267\3044Q\234i\346P\016t"
 237      F8C36D04 
 237      B7C43451 
 237      9C69E650 
 237      0E74
 238 022a 1F41A48B 		.ascii	"\037A\244\213\220\3017T\006\023)F\376\250\024p\006\371"
 238      90C13754 
 238      06132946 
 238      FEA81470 
 238      06F9
 239 023c 531F897E 		.ascii	"S\037\211~\313@\23683\001S\345\247\234\225\237FC\332"
 239      CB409E38 
 239      330153E5 
 239      A79C959F 
 239      4643DA
 240 024f 29F7B5CC 		.ascii	")\367\265\314-r\351\310\0012\200.\220\265o\232\212\020"
 240      2D72E9C8 
 240      0132802E 
 240      90B56F9A 
 240      8A10
 241 0261 38696586 		.ascii	"8ie\206N\013\237\264\247\3760\217\002|(kP\211\320YP"
 241      4E0B9FB4 
 241      A7FE308F 
 241      027C286B 
 241      5089D059 
 242 0276 932B2F21 		.ascii	"\223+/!\031D\177\256&\204\312a\036o\233\023,\350\345"
 242      19447FAE 
 242      2684CA61 
 242      1E6F9B13 
 242      2CE8E5
 243 0289 37F5BFC5 		.ascii	"7\365\277\305\205<]\\\353\233\264|7\\\312\204\037.l"
 243      853C5D5C 
 243      EB9BB47C 
 243      375CCA84 
 243      1F2E6C
 244 029c FC1657B1 		.ascii	"\374\026W\261\372v[]\2657]\365\017\210\230\223\223\266"
 244      FA765B5D 
 244      B5375DF5 
ARM GAS  C:\Users\ajink\AppData\Local\Temp\ccEIwxJG.s 			page 19


 244      0F889893 
 244      93B6
 245 02ae C51DD7B1 		.ascii	"\305\035\327\261>\373%Q\263K\322Y\326Y\342\211\233Y"
 245      3EFB2551 
 245      B34BD259 
 245      D659E289 
 245      9B59
 246 02c0 5F9BADAD 		.ascii	"_\233\255\255\302\235\366\005\201\350>\320\226\232\210"
 246      C29DF605 
 246      81E83ED0 
 246      969A88
 247 02cf 106C16FC 		.ascii	"\020l\026\374\002\034\035>\010\016\037\242\313wA\362"
 247      021C1D3E 
 247      080E1FA2 
 247      CB7741F2 
 248 02df F61278DB 		.ascii	"\366\022x\333\010\236^\004\324\001\352\001\015\362N"
 248      089E5E04 
 248      D401EA01 
 248      0DF24E
 249 02ee 88D65D99 		.ascii	"\210\326]\231\013\304\332 \272\034\225\260\034d\334"
 249      0BC4DA20 
 249      BA1C95B0 
 249      1C64DC
 250 02fd D0B4D94E 		.ascii	"\320\264\331N\260\345%d\313\356\211\022\365\2343\265"
 250      B0E52564 
 250      CBEE8912 
 250      F59C33B5 
 251 030d 6AD8A689 		.ascii	"j\330\246\211\226l;\263\332\231Y\343\254\364\260\235"
 251      966C3BB3 
 251      DA9959E3 
 251      ACF4B09D 
 252 031d 5AEB4C3D 		.ascii	"Z\353L=\357\244t\207\235Y\341\314\224\017$\335\340m"
 252      EFA47487 
 252      9D59E1CC 
 252      940F24DD 
 252      E06D
 253 032f 994A1111 		.ascii	"\231J\021\021\306\210\203\2002zs\012\335\361u\272\256"
 253      C6888380 
 253      327A730A 
 253      DDF175BA 
 253      AE
 254 0340 FCE0CF4D 		.ascii	"\374\340\317M-\030\371\270\\C\324\014K\367.\313H-\236"
 254      2D18F9B8 
 254      5C43D40C 
 254      4BF72ECB 
 254      482D9E
 255 0353 8954A19F 		.ascii	"\211T\241\237\200\334$\037\251\013\366#\005V\0232RJ"
 255      80DC241F 
 255      A90BF623 
 255      05561332 
 255      524A
 256 0365 3D7C2433 		.ascii	"=|$3\226\321\314p\243\332 Q3{ \031\251\327\312\001\003"
 256      96D1CC70 
 256      A3DA2051 
 256      337B2019 
 256      A9D7CA01 
 257 037a B538DC04 		.ascii	"\2658\334\004\016]Fj\211Y\363\242o\237\240\340Y\033"
ARM GAS  C:\Users\ajink\AppData\Local\Temp\ccEIwxJG.s 			page 20


 257      0E5D466A 
 257      8959F3A2 
 257      6F9FA0E0 
 257      591B
 258 038c FA8606D9 		.ascii	"\372\206\006\331\276N\333\031\267\3677S\007\342\305"
 258      BE4EDB19 
 258      B7F73753 
 258      07E2C5
 259 039b 310A14E6 		.ascii	"1\012\024\346\3530\366*z\037\376^A\012\246\240=\373"
 259      EB30F62A 
 259      7A1FFE5E 
 259      410AA6A0 
 259      3DFB
 260 03ad 6AB13BBE 		.ascii	"j\261;\276\313\316\336\235\273\275V\354\267[\264\034"
 260      CBCEDE9D 
 260      BBBD56EC 
 260      B75BB41C 
 261 03bd EB79F87D 		.ascii	"\353y\370}G\020D\205\325\342\300\340 \242\243\320\265"
 261      47104485 
 261      D5E2C0E0 
 261      20A2A3D0 
 261      B5
 262 03ce A1F972A4 		.ascii	"\241\371r\244\316\036\232V\344\007\003\213\373N\036"
 262      CE1E9A56 
 262      E407038B 
 262      FB4E1E
 263 03dd D0B0B84E 		.ascii	"\320\260\270N\025\345\225<x\301\016\377\004\"\336\270"
 263      15E5953C 
 263      78C10EFF 
 263      0422DEB8 
 264 03ed D2DDE78E 		.ascii	"\322\335\347\216\017a\332\327]\221\265R\200`\030\377"
 264      0F61DAD7 
 264      5D91B552 
 264      806018FF 
 265 03fd 6EC11046 		.ascii	"n\301\020FT\\\267\255v\303\205l\370\206\313\255y\236"
 265      545CB7AD 
 265      76C3856C 
 265      F886CBAD 
 265      799E
 266 040f B8980965 		.ascii	"\270\230\011e\347W\325\013\270\214\0117\3223\016hp%"
 266      E757D50B 
 266      B88C0937 
 266      D2330E68 
 266      7025
 267 0421 13365DDB 		.ascii	"\0236]\333; \340\032&\\l\357{\256\246\356\214!\342\211"
 267      3B20E01A 
 267      265C6CEF 
 267      7BAEA6EE 
 267      8C21E289 
 268 0435 D2E44D02 		.ascii	"\322\344M\002\256c}\307\317\225\306{\342KT\3608\236"
 268      AE637DC7 
 268      CF95C67B 
 268      E24B54F0 
 268      389E
 269 0447 B6ABC403 		.ascii	"\266\253\304\003\371\263\237\017\304\307\204\370\236"
 269      F9B39F0F 
 269      C4C784F8 
ARM GAS  C:\Users\ajink\AppData\Local\Temp\ccEIwxJG.s 			page 21


 269      9E
 270 0454 234F6CDE 		.ascii	"#Ol\336\007\363\304r\210K7!.Ya\025\272G\215a\011\361"
 270      07F3C472 
 270      884B3721 
 270      2E596115 
 270      BA478D61 
 271 046a 96CE32BD 		.ascii	"\226\3162\275\235\333\356\314\275\343\304}$s\3579s\253"
 271      9DDBEECC 
 271      BDE3C47D 
 271      2473EF39 
 271      73AB
 272 047c 9CB80F64 		.ascii	"\234\270\017d\356m\327>\330/\032\220o\311\3446g\362"
 272      EE6DD73E 
 272      D82F1A90 
 272      6FC9E436 
 272      67F2
 273 048e 2427EE43 		.ascii	"$'\356C\231{\327\265\303\016\344\2332\371\226K\305#"
 273      997BD7B5 
 273      C30EE49B 
 273      32F9964B 
 273      C523
 274 04a0 9E8AEBD0 		.ascii	"\236\212\353\320}\203\252\351\226n\330c\330\346.8\361"
 274      7D83AAE9 
 274      966ED863 
 274      D8E62E38 
 274      F1
 275 04b1 0F01F701 		.ascii	"\017\001\367\001\235\200\016\300#\300\003\307\233v\243"
 275      9D800EC0 
 275      23C003C7 
 275      9B76A3
 276 04c0 4C4F9EC0 		.ascii	"LO\236\300nWQ~\307\236\015\367\220=\312w\225\251!\010"
 276      6E57517E 
 276      C79E0DF7 
 276      903DCA77 
 276      95A92108 
 277 04d4 F480FE9F 		.ascii	"\364\200\376\237\345K\331\355*\316\333\275AO\300\211"
 277      E54BD9ED 
 277      2ACEDBBD 
 277      414FC089 
 278 04e4 FFC52138 		.ascii	"\377\305!8*//$\255\361\302\253\024\364\334\034\333\224"
 278      2A2F2F24 
 278      ADF1C2AB 
 278      14F4DC1C 
 278      DB94
 279 04f6 B2C76DD8 		.ascii	"\262\307m\330\035\355\031vG\237\301}d\216\200\263\231"
 279      1DED1976 
 279      479FC17D 
 279      648E80B3 
 279      99
 280 0507 4F2B66A0 		.ascii	"O+f\240\0005}\330\007k\006f\306\2133Q/\020\236\312\336"
 280      00357DD8 
 280      076B0666 
 280      C68B3351 
 280      2F109ECA 
 281 051c 3E63779A 		.ascii	">cw\232\343FS\211\236\203\227\216ZQ\372Ou'<\361:\352"
 281      E3465389 
 281      9E83978E 
ARM GAS  C:\Users\ajink\AppData\Local\Temp\ccEIwxJG.s 			page 22


 281      5A51FA4F 
 281      75273CF1 
 282 0532 0F9F5BD4 		.ascii	"\017\237[\324\366D%\345/\326\233\225\002\254\207\015"
 282      F64425E5 
 282      2FD69B95 
 282      02AC870D 
 283 0542 36E9856C 		.ascii	"6\351\205l\241\000\2755}\371\217\353\313w\254\242b\034"
 283      A100BD35 
 283      7DF98FEB 
 283      CB77ACA2 
 283      621C
 284 0554 DECE6C24 		.ascii	"\336\316l$e\274>\350%\331\260<\304\010\365\203\205\276"
 284      65BC3EE8 
 284      25D9B03C 
 284      C408F583 
 284      85BE
 285 0566 77B6F0D2 		.ascii	"w\266\360\322\265\205\226\226\376JLc\030Q\307bXj\352"
 285      B5859696 
 285      FE4A4C63 
 285      1851C762 
 285      586AEA
 286 0579 E333EEB4 		.ascii	"\3433\356\264\215L\342\025\242\215\365\353\2365\260"
 286      8D4CE215 
 286      A28DF5EB 
 286      9E35B0
 287 0588 46B276AF 		.ascii	"F\262v\257Y\343\251\222\333oT\243F\273\001\032\355\336"
 287      59E3A992 
 287      DB6F54A3 
 287      46BB011A 
 287      EDDE
 288 059a D8A35DE3 		.ascii	"\330\243]\343\331\222\315\336x/\333\3017\215\215\257"
 288      D992CDDE 
 288      782FDBC1 
 288      378D8DAF 
 289 05aa 3CA46877 		.ascii	"<\244hwq\357T\207h\007\243\320\240C\264\033\264G;\221"
 289      71EF5487 
 289      6807A3D0 
 289      A043B41B 
 289      B4473B91 
 290 05be F7734826 		.ascii	"\367sH&}Y2\271\341\342\216\263\230\212\203T\357\326"
 290      7D5932B9 
 290      E1E28EB3 
 290      988A8354 
 290      EFD6
 291 05d0 A66B850A 		.ascii	"\246k\205\012\\\304\214\254\275q\260\316\035\227\263"
 291      5CC48CAC 
 291      BD71B0CE 
 291      1D97B3
 292 05df F54BBFD3 		.ascii	"\365K\277\323\273\017\331S\301\236t\021\177\300\241"
 292      BB0FD953 
 292      C19E7411 
 292      7FC0A1
 293 05ee C9E3D147 		.ascii	"\311\343\321G\2606I|\000(`k\263\212\037\217V\363R\036"
 293      B036497C 
 293      0028606B 
 293      B38A1F8F 
 293      56F3521E 
ARM GAS  C:\Users\ajink\AppData\Local\Temp\ccEIwxJG.s 			page 23


 294 0602 F8A0DF8A 		.ascii	"\370\240\337\212\310%H\344\005\224\300\017-\265\357"
 294      C82548E4 
 294      0594C00F 
 294      2DB5EF
 295 0611 501AC85B 		.ascii	"P\032\310[\257\356\373\273k\245\311\243)=\232xq\034"
 295      AFEEFBBB 
 295      6BA5C9A3 
 295      293D9A78 
 295      711C
 296 0623 51BA0694 		.ascii	"Q\272\006\224\306\313J\301\306\3203\226\332\\{\312M"
 296      C6CB4AC1 
 296      C6D03396 
 296      DA5C7BCA 
 296      4D
 297 0634 909426FF 		.ascii	"\220\224&\377\202R\022\362\253v?a\251}\032\235xr\367"
 297      825212F2 
 297      AB763F61 
 297      A97D1A9D 
 297      7872F7
 298 0647 F65496E3 		.ascii	"\366T\226\343\214\245\217R\373\263zL\305\337P\355\355"
 298      8CA58F52 
 298      FBB37A4C 
 298      C5DF50ED 
 298      ED
 299 0658 9D773D89 		.ascii	"\235w=\211v\321~\324\325\202\303\266\255'\216@<A\353"
 299      76D17ED4 
 299      D582C3B6 
 299      AD278E40 
 299      3C41EB
 300 066b 98F2F56B 		.ascii	"\230\362\365kO?\366\036\233&\335c?D\035_\013\306\277"
 300      4F3FF61E 
 300      9B26DD63 
 300      3F441D5F 
 300      0BC6BF
 301 067e E7097D03 		.ascii	"\347\011}\003?\326>\210\260\2574\266\346{:\262S\336"
 301      3FD63E88 
 301      B0AF34B6 
 301      E67B3AB2 
 301      53DE
 302 0690 C64EA93C 		.ascii	"\306N\251<\337\352\205/\260\355\332\330X\260[\215\233"
 302      DFEA852F 
 302      B0EDDAD8 
 302      58B05B8D 
 302      9B
 303 06a1 9860FF78 		.ascii	"\230`\377x\361e\037/;\256\336\353e\373\314;\212\032"
 303      F1651F2F 
 303      3BAEDEEB 
 303      65FBCC3B 
 303      8A1A
 304 06b3 266EC8CD 		.ascii	"&n\310\315z\356ME\354\230t\373\322\244{H\225\206\251"
 304      7AEE4D45 
 304      EC9874FB 
 304      D2A47B48 
 304      9586A9
 305 06c6 EA6ADE79 		.ascii	"\352j\336yZME7z\221\023\213\212\330\363\251tT\345\313"
 305      5A4D4537 
 305      7A91138B 
ARM GAS  C:\Users\ajink\AppData\Local\Temp\ccEIwxJG.s 			page 24


 305      8AD8F3A9 
 305      7454E5CB 
 306 06da 54D932AD 		.ascii	"T\3312\255\217\020\355uw\024}\231x\255v\353g\264\323"
 306      8F10ED75 
 306      77147D99 
 306      78AD76EB 
 306      67B4D3
 307 06ed 832E54FF 		.ascii	"\203.T\377\323z\246I bGZ\366Qf\307\323\361\303I\303"
 307      D37AA649 
 307      2062475A 
 307      F65166C7 
 307      D3F1C349 
 308 0702 3E9CBAF2 		.ascii	">\234\272\362,\325**z\321\2270\343\206\215MHC\025[W"
 308      2CD52A2A 
 308      7AD19730 
 308      E3868D4D 
 308      4843155B 
 309 0717 5F605F72 		.ascii	"_`_r\336\216o\250\206\275\241v\315\276L\263}{5l{\355"
 309      DE8E6FA8 
 309      86BDA176 
 309      CDBE4CB3 
 309      7D7B356C 
 310 072d 637DD9D8 		.ascii	"c}\331\330-\367N\257\367\374<_L\266\\\202\255\347\307"
 310      2DF74EAF 
 310      F7FC3C5F 
 310      4CB65C82 
 310      ADE7C7
 311 0740 C22381D2 		.ascii	"\302#\201\322a?>\036\2176A\361\003\317\304\315\200-"
 311      613F3E1E 
 311      8F3641F1 
 311      03CFC4CD 
 311      802D
 312 0752 80AD52B9 		.ascii	"\200\255R\271\015@N\330v\300\016\300N\300.\300d\326"
 312      0D404ED8 
 312      76C00EC0 
 312      4EC02EC0 
 312      64D6
 313 0764 FDA344DB 		.ascii	"\375\243D\333-\225{\244\322\"\225\031R\271W*3\2452\013"
 313      2D957BA4 
 313      D2229519 
 313      52B9572A 
 313      33A5320B 
 314 0778 B00FB01F 		.ascii	"\260\017\260\037p\200\235\257g)\335\233\325\0233\304"
 314      70809DAF 
 314      6729DD9B 
 314      D51333C4 
 315 0788 4B969E87 		.ascii	"K\226\236\207\2073gm\022\305,\362e\364\227\337Qo\323"
 315      8733676D 
 315      12C52CF2 
 315      65F497DF 
 315      516FD3
 316 079b E086C0CD 		.ascii	"\340\206\300\315w8B\033y\010\010(\233\377\034\222;~"
 316      7738421B 
 316      79080828 
 316      9BFF1C92 
 316      3B7E
 317 07ad 2228E84F 		.ascii	"\"(\350OlN\342\351\374\313\351i\310noH\367\242\307}"
ARM GAS  C:\Users\ajink\AppData\Local\Temp\ccEIwxJG.s 			page 25


 317      6C4EE2E9 
 317      FCCBE969 
 317      C86E6F48 
 317      F7A2C77D 
 318 07c1 123D2B0D 		.ascii	"\022=+\015WS\334\360Mv\254V_\352\272"
 318      5753DCF0 
 318      4D76AC56 
 318      5FEABA
 319 07d0 E38D3B99 		.ascii	"\343\215;\231 \246v$`\334\305\204\224\364\370\016\025"
 319      20A67624 
 319      60DCC584 
 319      94F4F80E 
 319      15
 320 07e1 7ECA84E6 		.ascii	"~\312\204\346\354\264d\025~\301\204\227\015\035\005"
 320      ECB46415 
 320      7EC18497 
 320      0D1D05
 321 07f0 180F30A1 		.ascii	"\030\0170\241 \265c\217\002\257q\243B\325\325\244N%"
 321      20B5638F 
 321      02AF71A3 
 321      42D5D5A4 
 321      4E25
 322 0802 DEC084D6 		.ascii	"\336\300\204\326\003k6\251\360\026&l\334\367C\022\217"
 322      036B36A9 
 322      F016266C 
 322      DCF74312 
 322      8F
 323 0813 7733A1AC 		.ascii	"w3\241\254\272a\257\007\316\244\202:uc\257\305\376Q"
 323      BA61AF07 
 323      CEA4823A 
 323      7563AFC5 
 323      FE51
 324 0825 413F2CFC 		.ascii	"A?,\374\035\237\310C0\315\303t\232\205<{\037\317\302"
 324      1D9FC843 
 324      30CDC374 
 324      9A853C7B 
 324      1FCFC2
 325 0838 952FE2FD 		.ascii	"\225/\342\375\321)@\031\240\004p\006p\032P\001(\007"
 325      D1294019 
 325      A0047006 
 325      701A5001 
 325      2807
 326 084a 94028A79 		.ascii	"\224\002\212y\373\327\006\311\233RK\337s\310\233\216"
 326      FBD706C9 
 326      9B524BDF 
 326      73C89B8E 
 327 085a C022127D 		.ascii	"\300\"\022}.\262\005\232X\274l\032J,r]R\035\222\220"
 327      2EB2059A 
 327      58BC6C1A 
 327      4A2C725D 
 327      521D9290 
 328 086e 373237CF 		.ascii	"727\317\231;\"cIi\036\"\237t&\3278\223_\311\232\217"
 328      993B2263 
 328      49691E22 
 328      9F7426D7 
 328      38935FC9 
 329 0884 39934724 		.ascii	"9\223G$Y\257e\362q\327n\310\323K\226\275(p\355\205\314"
ARM GAS  C:\Users\ajink\AppData\Local\Temp\ccEIwxJG.s 			page 26


 329      59AF65F2 
 329      71D76EC8 
 329      D34B96BD 
 329      2870ED85 
 330 0899 ED97F51E 		.ascii	"\355\227\365\036u\355\204\314\035\224\271\371\316\334"
 330      75ED84CC 
 330      1D94B9F9 
 330      CEDC
 331 08a7 2A078769 		.ascii	"*\007\207iZ\360\270\211\346S@r\312\247\210*\353@S\026"
 331      5AF0B889 
 331      E6534072 
 331      CAA7882A 
 331      EB405316 
 332 08bb 62FF1140 		.ascii	"b\377\021@\264\235p\255\215Z\206G\247\275\241pPcO\277"
 332      B49D70AD 
 332      8D5A8647 
 332      A7BDA170 
 332      50634FBF 
 333 08cf 763593F4 		.ascii	"v5\223\364\353\034\260s\344\307\204X\031\221~\331\317"
 333      EB1CB073 
 333      E4C78458 
 333      19917ED9 
 333      CF
 334 08e0 16AA8423 		.ascii	"\026\252\204#\365k\217\027\371\017\216\214\373\375\252"
 334      F56B8F17 
 334      F90F8E8C 
 334      FBFDAA
 335 08ef 61D9D739 		.ascii	"a\331\3279\3361\373\252\342i6EJ`\347\346\345\036D\303"
 335      DE31FBAA 
 335      E2693645 
 335      4A60E7E6 
 335      E51E44C3 
 336 0903 3EC95C7D 		.ascii	">\311\\}\356s#\276\365Q5\357\003\303wZ.mU\013RN\223"
 336      EE7323BE 
 336      F55135EF 
 336      03C3775A 
 336      2E6D550B 
 337 091a FCCB9F2C 		.ascii	"\374\313\237,\250\206\027H^SY\336\247\034\346#\011&"
 337      A8861748 
 337      5E5359DE 
 337      A71CE623 
 337      0926
 338 092c B28FB592 		.ascii	"\262\217\265\222\217\244T\316Y\360\017\277\020nl\254"
 338      8FA454CE 
 338      59F00FBF 
 338      106E6CAC 
 339 093c 397AFA34 		.ascii	"9z\3724\335\322\345F\223.\326`\216[\2563\253\342\214"
 339      DDD2E546 
 339      932ED660 
 339      8E5BAE33 
 339      ABE28C
 340 094f 31666833 		.ascii	"1fh3\013:\235\275\272$\362O\341\221\313\214\213\215"
 340      0B3A9DBD 
 340      BA24F24F 
 340      E191CB8C 
 340      8B8D
 341 0961 B1E638BD 		.ascii	"\261\3468\275\321\024n6\231\242b\303\227\306\304\371"
ARM GAS  C:\Users\ajink\AppData\Local\Temp\ccEIwxJG.s 			page 27


 341      D1146E36 
 341      99A262C3 
 341      97C6C4F9 
 342 0971 D19A5FC4 		.ascii	"\321\232_\304\212h?C\364b\203^o\320\207\177:e\206\337"
 342      8A683F43 
 342      F462835E 
 342      6FD0877F 
 342      3A6586DF 
 343 0985 B4A0A99F 		.ascii	"\264\240\251\237\375kz8\264\177\022c\2121|b\210Xl\014"
 343      FD6B7A38 
 343      B47F1263 
 343      8A317C62 
 343      88586C0C 
 344 0999 37C64446 		.ascii	"7\306DF\305\351\015\341\321\021\240+\306\020\256\323"
 344      C5E90DE1 
 344      D111A02B 
 344      C610AED3 
 345 09a9 1B9644C4 		.ascii	"\033\226D\304E\231u\346\357\226\033b\247,\343\276\371"
 345      459975E6 
 345      EF961B62 
 345      A72CE3BE 
 345      F9
 346 09ba BF9A89FD 		.ascii	"\277\232\211\375.6\\\027k\326\303\034@76\351W\340\310"
 346      2E365C17 
 346      6BD6C31C 
 346      403736E9 
 346      57E0C8
 347 09cd 15518065 		.ascii	"\025Q\200e_L\231\022\010\377\250)S\354\364@Sl\340\262"
 347      5F4C9912 
 347      08FFA829 
 347      53ECF440 
 347      536CE0B2 
 348 09e1 88A8C0E5 		.ascii	"\210\250\300\345\246\025\346\330\300\205\213\276\232"
 348      A615E6D8 
 348      C0858BBE 
 348      9A
 349 09ee 3E2D70FE 		.ascii	">-p\376\374\320\3009a\363\276\376\367\324\300\345\021"
 349      FCD0C039 
 349      61F3BEFE 
 349      F7D4C0E5 
 349      11
 350 09ff 51BAA828 		.ascii	"Q\272\250(=\350P\206\315\012\2150G(\303\202Y\021\302"
 350      3DE85086 
 350      CD0A8D30 
 350      4728C382 
 350      5911C2
 351 0a12 8A5056CC 		.ascii	"\212PV\314&\205G\330\254\371!\246\230%\306\245^:i\240"
 351      268547D8 
 351      ACF921A6 
 351      9825C6A5 
 351      5E3A69A0 
 352 0a26 CE186334 		.ascii	"\316\030c4\377:\223\221\234\232\264\350\026\301\002"
 352      FF3A9391 
 352      9C9AB4E8 
 352      16C102
 353 0a35 851A96E0 		.ascii	"\205\032\226\340\020\355|\300\\</T\213\277\016\325*"
 353      10ED7CC0 
ARM GAS  C:\Users\ajink\AppData\Local\Temp\ccEIwxJG.s 			page 28


 353      5C3C2F54 
 353      8BBF0ED5 
 353      2A
 354 0a46 82176AB5 		.ascii	"\202\027j\2658X\253U\314\017\371\233\366\343\221&\014"
 354      3858AB55 
 354      CC0FF99B 
 354      F6E39126 
 354      0C
 355 0a57 2BCD8121 		.ascii	"+\315\201!_-\234\267\020L\004\322\255^25h%\314D0\232"
 355      5F2D9CB7 
 355      104C04D2 
 355      AD5E3235 
 355      6825CC44 
 356 0a6d 8869A35E 		.ascii	"\210i\243^gV\263jtD\354?a\363\215\246h\223\336\2403"
 356      6756B36A 
 356      7444EC3F 
 356      61F38DA6 
 356      6893DEA0 
 357 0a82 8F1BF21E 		.ascii	"\217\033\362\036\216\305\322\025\246\270\345\244\335"
 357      8EC5D215 
 357      A6B8E5A4 
 357      DD
 358 0a8f 9D1C883F 		.ascii	"\235\034\210?\352\314\036\354h@M\031\271d\2519b\261"
 358      EACC1EEC 
 358      68404D19 
 358      B964A939 
 358      62B1
 359 0aa1 272BA67C 		.ascii	"'+\246|\021\0244\303S\033\022b\367\230\017\321*B\276"
 359      111434C3 
 359      531B1262 
 359      F7980FD1 
 359      2A42BE
 360 0ab4 9CA3C521 		.ascii	"\234\243\305!\363\264\252Ya\301\323\264\013\027\321"
 360      F3B4AA59 
 360      61C1D3B4 
 360      0B17D1
 361 0ac3 CA545251 		.ascii	"\312TRQ\316\232\033<{\201\326\235tH\345T(\025\301\241"
 361      CE9A1B3C 
 361      7B81D69D 
 361      7448E554 
 361      2815C1A1 
 362 0ad7 213062A1 		.ascii	"!0b\241\366\277\262Bqc"
 362      F6BFB242 
 362      7163
 363              		.text
 364              		.section	.gnu.lto_.symtab.a3e9d7,"",%progbits
 365 0000 5F70616C 		.ascii	"_pal_lld_init\000\000\000\000\000\000\000\000\000\000"
 365      5F6C6C64 
 365      5F696E69 
 365      74000000 
 365      00000000 
 366 0017 0000D900 		.ascii	"\000\000\331\000\000\000_pal_lld_setgroupmode\000\000"
 366      00005F70 
 366      616C5F6C 
 366      6C645F73 
 366      65746772 
 367 0034 00000000 		.ascii	"\000\000\000\000\000\000\000\000\000\000\000\001\000"
ARM GAS  C:\Users\ajink\AppData\Local\Temp\ccEIwxJG.s 			page 29


 367      00000000 
 367      00000001 
 367      00
 368 0041 00       		.ascii	"\000"
 369              		.text
 370              		.section	.gnu.lto_.opts,"",%progbits
 371 0000 272D666E 		.ascii	"'-fno-trapv' '-mcpu=cortex-m3' '-mno-thumb-interwor"
 371      6F2D7472 
 371      61707627 
 371      20272D6D 
 371      6370753D 
 372 0033 6B272027 		.ascii	"k' '-mthumb' '-ggdb' '-O2' '-fomit-frame-pointer' '"
 372      2D6D7468 
 372      756D6227 
 372      20272D67 
 372      67646227 
 373 0066 2D66616C 		.ascii	"-falign-functions=16' '-ffunction-sections' '-fdata"
 373      69676E2D 
 373      66756E63 
 373      74696F6E 
 373      733D3136 
 374 0099 2D736563 		.ascii	"-sections' '-fno-common' '-flto'\000"
 374      74696F6E 
 374      73272027 
 374      2D666E6F 
 374      2D636F6D 
 375              		.text
 376              		.comm	__gnu_lto_v1,1,1
 377              		.comm	__gnu_lto_slim,1,1
 378              		.ident	"GCC: (GNU Tools for ARM Embedded Processors) 4.9.3 20150529 (release) [ARM/embedded-4_9-br
ARM GAS  C:\Users\ajink\AppData\Local\Temp\ccEIwxJG.s 			page 30


DEFINED SYMBOLS
                            *ABS*:00000000 pal_lld.c
                            *COM*:00000001 __gnu_lto_v1
                            *COM*:00000001 __gnu_lto_slim

NO UNDEFINED SYMBOLS
