ARM GAS  C:\Users\ajink\AppData\Local\Temp\ccFhOUTO.s 			page 1


   1              		.syntax unified
   2              		.cpu cortex-m3
   3              		.fpu softvfp
   4              		.eabi_attribute 20, 1
   5              		.eabi_attribute 21, 1
   6              		.eabi_attribute 23, 3
   7              		.eabi_attribute 24, 1
   8              		.eabi_attribute 25, 1
   9              		.eabi_attribute 26, 1
  10              		.eabi_attribute 30, 2
  11              		.eabi_attribute 34, 1
  12              		.eabi_attribute 18, 4
  13              		.thumb
  14              		.file	"rotary.c"
  15              		.text
  16              	.Ltext0:
  17              		.section	.gnu.lto_.profile.a3d813,"",%progbits
  18 0000 789C6366 		.ascii	"x\234cf```a\200\000F\006[~\000\000\375\000U"
  18      60606061 
  18      80004606 
  18      5B7E0000 
  18      FD0055
  19              		.text
  20              		.section	.gnu.lto_.jmpfuncs.a3d813,"",%progbits
  21 0000 789C6366 		.ascii	"x\234cf\300\016\016CiF\020f\372\310\3048\357r\337:\246"
  21      C00E0E43 
  21      69461066 
  21      FAC8C438 
  21      EF72DF3A 
  22 0015 DADF0D1D 		.ascii	"\332\337\015\035\015\034?\231\030\3762\201\304\2273"
  22      0D1C3F99 
  22      18FE3281 
  22      C49733
  23 0024 D63230E1 		.ascii	"\32620\341\222\\\001\222D\227c\374\313\0044\221q%P\216"
  23      925C0192 
  23      449763FC 
  23      CB043491 
  23      7125508E 
  24 0038 811924FB 		.ascii	"\201\031$\373\241\377\357z\256\027L?\231\230\032f\264"
  24      A1FFEF7A 
  24      AE174C3F 
  24      99981A66 
  24      B4
  25 0049 34B03030 		.ascii	"4\26000\256b\224\002k\233\272g\316$N\220\004s\003#\003"
  25      AE629402 
  25      6B9BBA67 
  25      CE244E90 
  25      04730323 
  26 005e E36AA8E8 		.ascii	"\343j\250\350\371\007\207\373y@\242,L\014\214k\200\202"
  26      F90787FB 
  26      7940A22C 
  26      4C0C8C6B 
  26      8082
  27 0070 CC4C701D 		.ascii	"\314Lp\035\233\026/\335\006\321\341\300\300\270\026"
  27      9B162FDD 
  27      06D1E1C0 
  27      C0B816
ARM GAS  C:\Users\ajink\AppData\Local\Temp\ccFhOUTO.s 			page 2


  28 007f 240856C1 		.ascii	"$\010V\301\000\000\341\335<\313"
  28      0000E1DD 
  28      3CCB
  29              		.text
  30              		.section	.gnu.lto_.inline.a3d813,"",%progbits
  31 0000 789C6366 		.ascii	"x\234cf\300\016\314\2404#\003\203\240-#\003\023\220"
  31      C00ECCA0 
  31      34230383 
  31      A02D2303 
  31      1390
  32 0012 C9B6401E 		.ascii	"\311\266@\036D10q\203\204\231y\030@\242\214\\@\021\026"
  32      44313071 
  32      83849979 
  32      1840A28C 
  32      5C401116 
  33 0026 5E060666 		.ascii	"^\006\006f$\232\001\000Ey\001\245"
  33      249A0100 
  33      457901A5 
  34              		.text
  35              		.section	.gnu.lto_.pureconst.a3d813,"",%progbits
  36 0000 789C6366 		.ascii	"x\234cf```f\200\000F\006\011\000\000x\000 "
  36      60606066 
  36      80004606 
  36      09000078 
  36      0020
  37              		.text
  38              		.section	.gnu.lto_initEncoder.a3d813,"",%progbits
  39 0000 789C7D92 		.ascii	"x\234}\222\271J\304P\024\206\317\1772\2163\306\015+"
  39      B94AC450 
  39      1486CF7F 
  39      328E33C6 
  39      0D2B
  40 0012 C90BD888 		.ascii	"\311\013\330\210\317`\345+X\213\017 \210\215E\360\016"
  40      CF60E52B 
  40      588B0F20 
  40      888D45F0 
  40      0E
  41 0023 46B17203 		.ascii	"F\261r\003ApiD\334\035\367\275\010\010b\245\210\210"
  41      41706944 
  41      DC1DF7BD 
  41      080862A5 
  41      8888
  42 0035 166EC508 		.ascii	"\026n\305\010\332\215\004\213(\203\236\223\021\327\321"
  42      DA8D048B 
  42      28839E93 
  42      11D7D1
  43 0044 40B837E7 		.ascii	"@\2707\347\374\347\373\363'\327\242\337\227#\367\022"
  43      FCE7FBF3 
  43      27D7A2DF 
  43      9723F712 
  44 0054 13D9B2C2 		.ascii	"\023\331\262\302\"p\377\021Q*\301\200n\010\324\301\350"
  44      2270FF11 
  44      512AC180 
  44      6E08D4C1 
  44      E8
  45 0065 C0033F32 		.ascii	"\300\003?2\372\375\271a\273f\322\030\223\035\\\257\356"
  45      FAFDB961 
ARM GAS  C:\Users\ajink\AppData\Local\Temp\ccFhOUTO.s 			page 3


  45      BB66D218 
  45      931D5CAF 
  45      EE
  46 0076 AA0E652C 		.ascii	"\252\016e,\340<\006S\250!\321<z\271s;\356\211\2462\337"
  46      E03C0653 
  46      A821D13C 
  46      7AB9733B 
  46      EE89A632 
  47 008b C334E290 		.ascii	"\3034\342\2205]\345\233\327\327\325\263\201\303:\024"
  47      355DE59B 
  47      D7D7D5B3 
  47      81C33A14 
  48 009b 1365A4A7 		.ascii	"\023e\244\247\006w\314\272Z\227\350\366\317\017\240"
  48      0677CCBA 
  48      5A97E8F6 
  48      CF0FA0
  49 00aa 6AC58C9F 		.ascii	"j\305\214\237\366.\262\373bzL\"d\004,\004\314\300\325"
  49      F62EB2FB 
  49      627A4C22 
  49      64042C04 
  49      CCC0D5
  50 00bd 56B62F97 		.ascii	"V\266/\227.\271\347\220\331\014{&F\230\205#\345\225"
  50      2EB9E790 
  50      D90C7B26 
  50      46988523 
  50      E595
  51 00cf 89C98DA4 		.ascii	"\211\311\215\244\226\255z\302\\T:\276\335\357+\325R"
  51      96AD7AC2 
  51      5C543ABE 
  51      DDEF2BD5 
  51      52
  52 00e0 8C09F370 		.ascii	"\214\011\363pB.\"\365\271\210\377g\263 6\357\314\241"
  52      422E22F5 
  52      B988FF67 
  52      B32036EF 
  52      CCA1
  53 00f2 BDD1C13C 		.ascii	"\275\321\301<\323\200\260\010\347\223\322\351_\027\246"
  53      D380B008 
  53      E793D2E9 
  53      5F17A6
  54 0101 C4034944 		.ascii	"\304\003IDH\013%\344bQv\371\331\302\312D\300\226(\227"
  54      480B25E4 
  54      625176F9 
  54      D9C2CA44 
  54      C0962897 
  55 0115 F2B1BEB5 		.ascii	"\362\261\276\265\2229\375tR\275\311\034\237$\364\015"
  55      9239FD74 
  55      52BDC91C 
  55      9F24F40D 
  56 0125 92D1E374 		.ascii	"\222\321\343t\312\033\305\030FRFU%X\206\213\0258Q\357"
  56      CA1BC518 
  56      46524655 
  56      2558868B 
  56      153851EF 
  57 0139 2AF3DC28 		.ascii	"*\363\334(\363:\215U\021E\236X\203\373\023n\3474\347"
  57      F33A8D55 
  57      11459E58 
ARM GAS  C:\Users\ajink\AppData\Local\Temp\ccFhOUTO.s 			page 4


  57      83FB136E 
  57      E734E7
  58 014c 57B85D00 		.ascii	"W\270]\000^\212u\201o|\207\367\030\277V\344\330\374"
  58      5E8A7581 
  58      6F7C87F7 
  58      18BF56E4 
  58      D8FC
  59 015e E06FC10D 		.ascii	"\340o\301\015\271Lbz~\360\307\357+\0178&9\267\377\313"
  59      B94C627A 
  59      7EF0C7EF 
  59      2B0F3826 
  59      39B7FFCB 
  60 0172 F933D8CE 		.ascii	"\3713\330\316\037\301v?\214\367\324\270\202\256\221"
  60      1FC1763F 
  60      8CF7D4B8 
  60      82AE91
  61 0181 F29F1AA2 		.ascii	"\362\237\032\242\022\351\251\202\236&\201&[[\332\232"
  61      12E9A982 
  61      9E268126 
  61      5B5BDA9A 
  62 0191 5ADBEB9A 		.ascii	"Z\333\353\232\351\015\005\217\372@"
  62      E90D058F 
  62      FA40
  63              		.text
  64              		.section	.gnu.lto_.symbol_nodes.a3d813,"",%progbits
  65 0000 789C4DC9 		.ascii	"x\234M\311;\016\202P\030D\3413\367\347\032Jv<\024VV"
  65      3B0E8250 
  65      1844E133 
  65      F7E71A4A 
  65      763C1456 
  66 0015 AEC050B0 		.ascii	"\256\300P\260\024K\036\352\012 q\035F\001\213;\315\227"
  66      144B1EEA 
  66      0A20711D 
  66      46018B3B 
  66      CD97
  67 0027 9309E0C2 		.ascii	"\223\011\340\302\177i\224\341:\201\315\255\253\311O"
  67      7F6994E1 
  67      3A81CDAD 
  67      ABC94F
  68 0036 D1983C48 		.ascii	"\321\230<H]r\350%\353\370i\333\032=\344T\366,G\331\223"
  68      5D72E825 
  68      EBF869DB 
  68      1A3DE454 
  68      F62C47D9 
  69 004b 5C151D9C 		.ascii	"\\\025\035\234\350\227\2176\357\273\231\367n\305y\335"
  69      E8978F36 
  69      EFBB99F7 
  69      6EC579DD 
  70 005b 0CFA9F7C 		.ascii	"\014\372\237|\0012X&\265"
  70      01325826 
  70      B5
  71              		.text
  72              		.section	.gnu.lto_.refs.a3d813,"",%progbits
  73 0000 789C6366 		.ascii	"x\234cf``\340a\200\000f\006&F\026&&\026&FV\006\000\001"
  73      6060E061 
  73      80006606 
  73      26461626 
ARM GAS  C:\Users\ajink\AppData\Local\Temp\ccFhOUTO.s 			page 5


  73      26162646 
  74 0018 F4002A   		.ascii	"\364\000*"
  75              		.text
  76              		.section	.gnu.lto_.decls.a3d813,"",%progbits
  77 0000 789CB559 		.ascii	"x\234\265Y{PTW\232\357sO74M\003\231Xy\2245\273!d\227"
  77      7B505457 
  77      9AEF734F 
  77      37344D03 
  77      99587994 
  78 0019 4A66139F 		.ascii	"Jf\023\237\263\231\315\324TM\0140\206\031\025\323`\222"
  78      B399CDD4 
  78      544D0C30 
  78      861915D3 
  78      6092
  79 002b AD58D583 		.ascii	"\255X\325\203\200\246gy\030h\235\344\237\311\345!\202"
  79      80A66779 
  79      18689DE4 
  79      9FC9E521 
  79      82
  80 003c 28200241 		.ascii	"( \002A\004i\336/\001\337#\212\200h@\005A\024QD\024"
  80      0469DE2F 
  80      01DF238A 
  80      80684005 
  80      41145144 
  81 0051 11E4A508 		.ascii	"\021\344\245\010\001\005|\261\3379\347\366\275\335M"
  81      01057CB1 
  81      DF39E7F6 
  81      BDDD4D
  82 0060 432555BB 		.ascii	"C%U\273]~\366\375\316\371\235\337\371^\347\321\027,"
  82      5D7EF6FD 
  82      CEF99DDF 
  82      F95EE7D1 
  82      172C
  83 0072 93C92E83 		.ascii	"\223\311.\203\314\300\247\374-\231l\253\\&\343@_\013"
  83      CCC0A7FC 
  83      2D996CAB 
  83      5C26E340 
  83      5F0B
  84 0084 A200F902 		.ascii	"\242\000\371\002\311da \261 o\203\276\023\276eB_\002"
  84      C9646120 
  84      B1206F83 
  84      BE13BE65 
  84      425F02
  85 0097 3CEF0649 		.ascii	"<\357\006I\005I\003\311Cll\001|\037\020p\306\017\301"
  85      054903C9 
  85      436C6C01 
  85      7C1F1070 
  85      C60FC1
  86 00aa BE22F096 		.ascii	"\276\"\360\226Y\360\345\200\224\203\354\002\251@l\316"
  86      59F0E580 
  86      9483EC02 
  86      A9406CCE 
  87 00ba 2F857937 		.ascii	"/\205y7\202$\203\004\201\350,\346\316\023\346M\025\354"
  87      82248304 
  87      81E82CE6 
  87      CE13E64D 
  87      15EC
ARM GAS  C:\Users\ajink\AppData\Local\Temp\ccFhOUTO.s 			page 6


  88 00cc 986BEE31 		.ascii	"\230k\3561\016\035\254)\215\265\033\340\220\243\352"
  88      0E1DAC29 
  88      8DB51BE0 
  88      90A3EA
  89 00db AF449DDC 		.ascii	"\257D\235\3346\032\253\002U\255R\023\265\240\250\362"
  89      361AAB02 
  89      55AD5213 
  89      B5A0A8F2 
  90 00eb B923E610 		.ascii	"\271#\346\020y\316M\273\333\246z\277\204\347\371\030"
  90      79CE4DBB 
  90      DBA67ABF 
  90      84E7F918 
  91 00fb BEB61B49 		.ascii	"\276\266\033I\024\305}\273R\021^@A;N\235\353\343\360"
  91      14C57DBB 
  91      52115E40 
  91      413B4E9D 
  91      EBE3F0
  92 010e BFD2E7A4 		.ascii	"\277\322\347\244\374\233'\355\360{\364\271v\377p\022"
  92      FC9B27ED 
  92      F07BF4B9 
  92      76FF7012 
  93 011e 8797D1E7 		.ascii	"\207\227\321\347\364\353}\023\030\346\370\263\212#j"
  93      F4EB7D13 
  93      18E6F8B3 
  93      8A236A
  94 012d 75C1DE6C 		.ascii	"u\301\336l\214\377@\273^\364\265\264\333\3119\031:\210"
  94      8CFF40BB 
  94      5EF4B5B4 
  94      DBC93919 
  94      3A88
  95 013f 30FAF785 		.ascii	"0\372\367\205\224\276l\272\351\222\202\264\225C[\005"
  95      94BE6CBA 
  95      E99282B4 
  95      95435B05 
  96 014f 5A880E21 		.ascii	"Z\210\016!9i\337V\235s\305\201\264\227A\373\277-D\207"
  96      3969DF56 
  96      9D73C581 
  96      B49741FB 
  96      BF2D4487 
  97 0163 59F3A3E7 		.ascii	"Y\363\243\347\265-J\322|\000\232\337Y\210\216\260\346"
  97      B52D4AD2 
  97      7C009ADF 
  97      59888EB0 
  97      E6
  98 0174 F082533B 		.ascii	"\360\202S;ma\322\327U\2244\2761\375\014\246\352\014"
  98      6D61D2D7 
  98      559434BE 
  98      31FD0CA6 
  98      EA0C
  99 0186 99983B7E 		.ascii	"\231\230;~\252\247\323\036)]\243y>\202\037\215\010\307"
  99      AAA7D31E 
  99      295DA379 
  99      3E821F8D 
  99      08C7
 100 0198 698E32F4 		.ascii	"i\2162\364\376B\364\036\330\200\376\211\224\250\004"
 100      FE42F41E 
 100      D880FE89 
ARM GAS  C:\Users\ajink\AppData\Local\Temp\ccFhOUTO.s 			page 7


 100      94A804
 101 01a7 BD8F4E20 		.ascii	"\275\217N Wt\024\311\32110\3428Z(\313\203X\214&\344"
 101      577414C9 
 101      D13130E2 
 101      385A28CB 
 101      83588C26 
 102 01bc A63BF1BC 		.ascii	"\246;\361\274\234\200d\004e\032].\353tC&\262N\213N\002"
 102      9C806404 
 102      651A5D2E 
 102      EB744326 
 102      B24E8B4E 
 103 01d1 DB7CCCDD 		.ascii	"\333|\314\335#6\010U\002\240\024\034a\304t\022c\330"
 103      23360855 
 103      02A0141C 
 103      61C47412 
 103      63D8
 104 01e3 A3F29EBC 		.ascii	"\243\362\236\274\220\343\3154n\215=S\343j\232\305WL"
 104      90E3CD34 
 104      6E8D3D53 
 104      E36A9AC5 
 104      574C
 105 01f5 23AC6611 		.ascii	"#\254f\021\236\330W0f\203\267Rd\312\305}\011\012\374"
 105      9ED85730 
 105      6683B752 
 105      64CAC57D 
 105      090AFC
 106 0208 3D7D4EBC 		.ascii	"=}N\274\233tU\216c\0202\015\2203\013\320\017\303SG\225"
 106      9B74558E 
 106      6310320D 
 106      90330BD0 
 106      0FC35347 
 107 021d 549D99C1 		.ascii	"T\235\231\301\304\225\234\256\313w\355\220\253\212:"
 107      C4959CAE 
 107      CB77ED90 
 107      AB8A3A
 108 022c 5DDAD7FE 		.ascii	"]\332\327\376k\342\3649\244B\265\222yd,\371\304\020"
 108      6BE2F439 
 108      A442B592 
 108      79642CF9 
 108      C410
 109 023e 77F9485E 		.ascii	"w\371H^Q\004\356V\201O\247\301't\026\234tVQ,:\003\215"
 109      5104EE56 
 109      814FA7C1 
 109      2774169C 
 109      7456512C 
 110 0255 75D008C4 		.ascii	"u\320\010\304GzF\342TF\342\247\015\361\257\023\342z"
 110      477A46E2 
 110      5446E2A7 
 110      0DF1AF13 
 110      E27A
 111 0267 20AE9188 		.ascii	" \256\221\210a\236\371\230\177\264\316\334~v<Cad.o\234"
 111      619EF998 
 111      7FB4CEDC 
 111      7E763C43 
 111      61642E6F 
 112 027c F92C82FF 		.ascii	"\371,\202\377\030\235\007\346j\211\271~~\346\006\253"
 112      189D07E6 
ARM GAS  C:\Users\ajink\AppData\Local\Temp\ccFhOUTO.s 			page 8


 112      6A89B97E 
 112      7EE606AB 
 113 028c CCE8D1EE 		.ascii	"\314\350\321\356{O\035\360n\314BZ\225\221\304\226\020"
 113      7B4F1DF0 
 113      6ECC425A 
 113      9591C496 
 113      10
 114 029d 6F960C35 		.ascii	"o\226\0145KFC\366\266<\214S\031\366Tdz&\207\015Li\254"
 114      4B4643F6 
 114      B63C8C53 
 114      19F65464 
 114      7A26870D 
 115 02b4 697CC9E1 		.ascii	"i|\311\341\243Lim\272>@\313\274\231\2263M\302\363\332"
 115      A34C696D 
 115      BA3E40CB 
 115      BC999633 
 115      4DC2F3DA 
 116 02c8 1B67E4A4 		.ascii	"\033g\344\244\355\022\253\345\026Z\313\\\353\255sE\362"
 116      ED12ABE5 
 116      165ACB5C 
 116      EBAD7345 
 116      F2
 117 02d9 B98AB555 		.ascii	"\271\212\265U(\251+`\371e\313\222jn\260\345\021\201"
 117      28A92B60 
 117      F965CB92 
 117      6A6EB0E5 
 117      1181
 118 02eb CC2ED591 		.ascii	"\314.\325\221\304\247\317\034\221\253\222\342:6)Q\033"
 118      C4A7CF1C 
 118      91AB92E2 
 118      3A362951 
 118      1B
 119 02fc 10354981 		.ascii	"\0205I\201j5\226\236\265Z\276\012\223\31551\370\321"
 119      6A35969E 
 119      B55ABE0A 
 119      93CD3531 
 119      F8D1
 120 030e 3F3D58E8 		.ascii	"?=X\350\200\353\231\243]3\323\341\012\334\310\224\330"
 120      80EB99A3 
 120      5D33D3E1 
 120      0ADCC894 
 120      D8
 121 031f E27BDFE0 		.ascii	"\342{\337\340N\366<Z\271\355\036\306\303L\271}m\242"
 121      4EF63C5A 
 121      B9ED1EC6 
 121      C34CB97D 
 121      6DA2
 122 0331 8CAEEE1B 		.ascii	"\214\256\356\033R8\212\206_\\\247!\272\316\302\321\301"
 122      52388A86 
 122      5F5CA721 
 122      BACEC2D1 
 122      C1
 123 0342 C271A5E9 		.ascii	"\302q\245\351\336C\365\\\341\350\024\254\272\005V\335"
 123      DE43F55C 
 123      E1E814AC 
 123      BA0556DD 
 124 0352 B40CC76D 		.ascii	"\264\014\307m\032\216Nk\341\310nI(\233#\306\3506p\315"
ARM GAS  C:\Users\ajink\AppData\Local\Temp\ccFhOUTO.s 			page 9


 124      1A8E4E6B 
 124      E1C86E49 
 124      289B23C6 
 124      E83670CD 
 125 0366 CB3B08E1 		.ascii	"\313;\010\341\353\002@\273\024\276N\223\225\333R\333"
 125      EB0240BB 
 125      14BE4E93 
 125      95DB52DB 
 126 0376 5983F153 		.ascii	"Y\203\361S\346\350Ts\325\006\274MN\237\233\367\335\217"
 126      E6E85473 
 126      D506BC4D 
 126      4E9F9BF7 
 126      DD8F
 127 0388 52E1DD4C 		.ascii	"R\341\335L\311\270\022Wl\217s\230\222\3638\374\260#"
 127      C9B81257 
 127      6C8F7398 
 127      92F338FC 
 127      B023
 128 039a 71BDC7A4 		.ascii	"q\275\307\244:\366\3047\323\020\335e\341\270\307\302"
 128      3AF6C437 
 128      D310DD65 
 128      E1B8C7C2 
 129 03aa D1953592 		.ascii	"\321\2255\222\241\234+\034}\202\331\367\301\354\336"
 129      A19C2B1C 
 129      7D82D9F7 
 129      C1ECDE
 130 03b9 591B0E0D 		.ascii	"Y\033\016\015G\237\265p\014\236\230>g7G8\006\200k^\336"
 130      479FB570 
 130      0C9E983E 
 130      67374738 
 130      06806B5E 
 131 03ce 6908473F 		.ascii	"i\010G?\000\272\245p\364\231\204\343p\347\365t\033|"
 131      00BAA570 
 131      F49984E3 
 131      70E7F574 
 131      1B7C
 132 03e0 9839DA52 		.ascii	"\2309\332Rz\374{\\\311\236G.\324\234P\342\006\246\034"
 132      7AFC7B5C 
 132      C99E472E 
 132      D49C50E2 
 132      06A61C
 133 03f3 B9D867A0 		.ascii	"\271\330g\240G\3030\365\226Zu\272\244gR5\227\253\017"
 133      47C330F5 
 133      965A75BA 
 133      A4675235 
 133      97AB0F
 134 0406 059346C0 		.ascii	"\005\223F\300\244\007\263v\355\310\341\315\341\260\033"
 134      A407B376 
 134      EDC8E1CD 
 134      E1B01B
 135 0415 3CB4E66C 		.ascii	"<\264\346ljKa\353\034\021D\243\3006\037sw\225\237\022"
 135      6A4B61EB 
 135      1C1144A3 
 135      C0361F73 
 135      77959F12 
 136 0429 3D02C090 		.ascii	"=\002\300\220\344\354C\023g\317<N]\202;\230K{'\233\352"
 136      E4EC4313 
ARM GAS  C:\Users\ajink\AppData\Local\Temp\ccFhOUTO.s 			page 10


 136      67CF3C4E 
 136      5D823B98 
 136      4B7B279B 
 137 043e 9DE8C6F1 		.ascii	"\235\350\306\361&Q\237\335}\030e\217{X_e\371\304%{\332"
 137      26519FDD 
 137      7D18658F 
 137      7B585F65 
 137      F9C4257B 
 138 0453 E74CD49D 		.ascii	"\347L\324\235\031\003mJ|\237\365\335\231\274SgK\373"
 138      19036D4A 
 138      7C9FF5DD 
 138      99BC5367 
 138      4BFB
 139 0465 9610F564 		.ascii	"\226\020\365d\322\3714\033\272\337\320\223\356T\376"
 139      D2F9341B 
 139      BADFD093 
 139      EE54FE
 140 0474 915B180F 		.ascii	"\221[\030\0171h\\F\316\015\025\236bJ^J\352\001\005\005"
 140      31685C46 
 140      CE0D159E 
 140      624A5E4A 
 140      EA010505 
 141 0488 2AE9F673 		.ascii	"*\351\366s+>N\201#\024lc\352\217\350\260\305\273\230"
 141      2B3E4E81 
 141      23146C63 
 141      EA8FE8B0 
 141      C5BB98
 142 049b 3235D4FF 		.ascii	"25\324\377\000\341\024\246\224w\235\375;\014\262Q\201"
 142      00E114A6 
 142      94779DFD 
 142      3B0CB251 
 142      81
 143 04ac 77FC14B9 		.ascii	"w\374\024\271\016\241\357\241\371\302\325\226\313\012"
 143      0EA1EFA1 
 143      F9C2D596 
 143      CB0A
 144 04ba DA4E9A6C 		.ascii	"\332N\232lI\334\246\317\235\250\260A*\327\030\202L\214"
 144      49DCA6CF 
 144      9DA8B041 
 144      2AD71882 
 144      4C8C
 145 04cc E4EDCE43 		.ascii	"\344\355\316C\334& 8\223d+\015\347\\\001\314\266\322"
 145      DC262038 
 145      93642B0D 
 145      E75C01CC 
 145      B6D2
 146 04de 97D03863 		.ascii	"\227\3208c\314Ei_\026=LxN\205^HQ\263Q\211\011\3518\226"
 146      CC45695F 
 146      163D4C78 
 146      4E855E48 
 146      51B35189 
 147 04f6 7DD2513C 		.ascii	"}\322Q<\"\372[^#\360H\200?\227\3400Z\334\310\255\314"
 147      22FA5B5E 
 147      23F04880 
 147      3F97E030 
 147      5ADCC8AD 
 148 050b 1E616576 		.ascii	"\036aev`.\014?\325\301\211G\304p\316\237\311\021\261"
ARM GAS  C:\Users\ajink\AppData\Local\Temp\ccFhOUTO.s 			page 11


 148      602E0C3F 
 148      D5C18947 
 148      C470CE9F 
 148      C911B1
 149 051e 0D989F49 		.ascii	"\015\230\237I\314\221\3633GYeF\005\265\315\347\310\352"
 149      CC91F333 
 149      47596546 
 149      05B5CDE7 
 149      C8EA
 150 0530 9451BAAF 		.ascii	"\224Q\272\257hj*\272\366\2149\342,\026\327\211\316\352"
 150      686A2ABA 
 150      F68C39E2 
 150      2C16D789 
 150      CEEA
 151 0542 7E252E65 		.ascii	"~%.eJ\364\201\256\0069>\306\224\372\301\352xv\232\363"
 151      4AF481AE 
 151      06393EC6 
 151      94FAC1EA 
 151      78769AF3 
 152 0556 36A67734 		.ascii	"6\246w45\273\243\325Un\317\224\343*\205\331\261\375"
 152      35BBA3D5 
 152      556ECF94 
 152      E32A85D9 
 152      B1FD
 153 0568 363BB6EF 		.ascii	"6;\266\357\354\233\316\263\243*\311\212\023i\252\251"
 153      EC9BCEB3 
 153      A32AC98A 
 153      1369AAA9 
 154 0578 9EAA57E1 		.ascii	"\236\252W\341\363\014\2763\246\373\202\012\267R\205"
 154      F30CBE33 
 154      A6FB820A 
 154      B75285
 155 0587 3B7F9FCF 		.ascii	";\177\237\317\025\303Z\232\337\363i$8\237\004\326&r"
 155      15C35A9A 
 155      DFF36924 
 155      389F04D6 
 155      2672
 156 0599 A2F36F9B 		.ascii	"\242\363o\233\036\217\263|\337\015\276\277-\370\276"
 156      1E8FB37C 
 156      DF0DBEBF 
 156      2DF8BE
 157 05a8 8B5B88E2 		.ascii	"\213[\210\3429\032\325\037\237WG)X!X\031\224le\020\313"
 157      391AD51F 
 157      9F574729 
 157      58215819 
 157      946C6510 
 158 05bd ECF6247A 		.ascii	"\354\366$z\370\357\001\023\022$\023\2228\261\022\320"
 158      F8EF0113 
 158      12241392 
 158      38B112D0 
 159 05cd C3BABC6F 		.ascii	"\303\272\274oU1\344\234\376Y\264\344\232\264w\3461\306"
 159      5531E49C 
 159      FE59B4E4 
 159      9AB477E6 
 159      31C6
 160 05df B798FBE9 		.ascii	"\267\230\373\351\323\025\260\247v\013\312\336\206N9"
 160      D315B0A7 
ARM GAS  C:\Users\ajink\AppData\Local\Temp\ccFhOUTO.s 			page 12


 160      760BCADE 
 160      864E39
 161 05ee EE1502D3 		.ascii	"\356\025\002\323\322\226`\207\007\231R\220<\031\353"
 161      D2966087 
 161      07995290 
 161      3C19EB
 162 05fd 84479832 		.ascii	"\204G\2302\375\254\255\203\303cL\271\330~7G\201\037"
 162      FDACAD83 
 162      C3634CB9 
 162      D87E3747 
 162      811F
 163 060f 2BCCD6AF 		.ascii	"+\314\326\257\232\255\337\311}\221\221N\370\031\353"
 163      9AADDFC9 
 163      7D91914E 
 163      F819EB
 164 061e 3314BE98 		.ascii	"3\024\276\230q\304\3416f\213Y\315\026s\306\231\241V"
 164      71C4E136 
 164      668B59CD 
 164      1673C699 
 164      A156
 165 0630 071CCDFA 		.ascii	"\007\034\315\372\306{\"^\"\274\203)E=\315I\016\024\370"
 165      C67B225E 
 165      22BC8329 
 165      453DCD49 
 165      0E14F8
 166 0643 2E51B392 		.ascii	".Q\263\222\247\335p<\353:9\0267\241\304I6f;\200\232"
 166      A7DD703C 
 166      EB3A3916 
 166      37A1C449 
 166      36663B80 
 167 0658 ED00F1E5 		.ascii	"\355\000\361\345y\343\314\020LY\262o5a\225I\265B\207"
 167      79E3CC10 
 167      4C59B26F 
 167      35619549 
 167      B54287
 168 066b 1827192A 		.ascii	"\030'\031*\"\361D\357.D\205,B\231\303\227K\234^M\244"
 168      22F144EF 
 168      2E44852C 
 168      4299C397 
 168      4B9C5E4D 
 169 0680 709E77D6 		.ascii	"p\236w\326\323\370_\004x#\205\027s\257\032\007\321\213"
 169      D3F85F04 
 169      78238517 
 169      73AF1A07 
 169      D18B
 170 0692 E1B5A251 		.ascii	"\341\265\242Q[St\312|\350\035\251\311\365\010\2472\253"
 170      5B5374CA 
 170      7CE81DA9 
 170      C9F508A7 
 170      32AB
 171 06a4 AF85DF6F 		.ascii	"\257\205\337o\347p:S\016\347\346\037gE\3751u\341z\353"
 171      E7703A53 
 171      0EE7E61F 
 171      6745FD31 
 171      75E17AEB 
 172 06b8 355B9C25 		.ascii	"5[\234%\304\353P\342\264#\355\373\224\250\027\216\355"
 172      C4EB50E2 
ARM GAS  C:\Users\ajink\AppData\Local\Temp\ccFhOUTO.s 			page 13


 172      B423EDFB 
 172      94A8178E 
 172      ED
 173 06c9 AA55E15C 		.ascii	"\252U\341\\\326\367\242\264w\212\303EL\351\257~\300"
 173      D6F7A2B4 
 173      778AC345 
 173      4CE9AF7E 
 173      C0
 174 06da 7314B896 		.ascii	"s\024\270\226^\032\036\356\272\003K\312|\002G6\301\216"
 174      5E1A1EEE 
 174      BA034BCA 
 174      7C024736 
 174      C18E
 175 06ec B84333B6 		.ascii	"\270C3\266s\007\345\2301(\357\321\230\204g\346wc\301"
 175      7307E598 
 175      3128EFD1 
 175      988467E6 
 175      7763C1
 176 06ff 4B833126 		.ascii	"K\2031&G\241\252\236R\364q\352\3451\243\227c7\242Z\354"
 176      47A1AA9E 
 176      52F471EA 
 176      E531A397 
 176      6337A25A 
 177 0714 4DD129F3 		.ascii	"M\321)\363\241/=)\312\264\301\207\230\2251U\311\005"
 177      A12F3D29 
 177      CAB4C187 
 177      98953155 
 177      C905
 178 0726 2C0C5F82 		.ascii	",\014_\202\372zg\313\366\012\007\344\302>\013\\L>\256"
 178      FA7A67CB 
 178      F60A07E4 
 178      C23E0B5C 
 178      4C3EAE
 179 0739 2E063E2A 		.ascii	".\006>*rt\244\322\360\273\312\303|m\024\246\223\034"
 179      7274A4D2 
 179      F0BBCAC3 
 179      7C6D14A6 
 179      931C
 180 074b 82657286 		.ascii	"\202er\206[ \255\202\303\034\231\3617\360\237\214\340"
 180      5B20AD82 
 180      C31C99F1 
 180      37F09F8C 
 180      E0
 181 075c 0D77CA6C 		.ascii	"\015w\312l\316/\241\320\203\226\320\012\012\235@\"\266"
 181      CE2FA1D0 
 181      8396D00A 
 181      0A9D4022 
 181      B6
 182 076d 45C46659 		.ascii	"E\304fYb\015\026\264\215\"4\335\022\312\352@\202\336"
 182      620D16B4 
 182      8D2234DD 
 182      12CAEA40 
 182      82DE
 183 077f 14A17996 		.ascii	"\024\241y\226\320\\K\013\232E\354~Kl\246%\366\222\210"
 183      D05C4B0B 
 183      9A45EC7E 
 183      4B6CA625 
ARM GAS  C:\Users\ajink\AppData\Local\Temp\ccFhOUTO.s 			page 14


 183      F69288
 184 0792 CDB08EA5 		.ascii	"\315\260\216\245&\354\026\012\365c\275\014\355\200\214"
 184      26EC160A 
 184      F563BD0C 
 184      ED808C
 185 07a1 C4D12E82 		.ascii	"\304\321.\202&'x3\354\031g9\027T\007r\001\344\034\310"
 185      26277833 
 185      EC196739 
 185      17540772 
 185      01E41CC8 
 186 07b5 69908B20 		.ascii	"i\220\213 \265 5 U \365 \227@\252A\032@\032A\232@~\004"
 186      B5203520 
 186      5520F520 
 186      9740AA41 
 186      1A401A41 
 187 07cd 390572   		.ascii	"9\005r"
 188 07d0 12A405E4 		.ascii	"\022\244\005\344<\347Bw*j\340y\321\300\037,\015|\327"
 188      3CE74277 
 188      2A6AE079 
 188      D1C01F2C 
 188      0D7CD7
 189 07e3 C2971A11 		.ascii	"\302\227\032\021\232j\025*E\363\242\210\334k\211d\305"
 189      9A6A152A 
 189      45F3A288 
 189      DC6B8964 
 189      C5
 190 07f4 66C27A5B 		.ascii	"f\302z[\304\226[\317\275D{C\204f[O\275\011m\247\210"
 190      C4965BCF 
 190      BD447B43 
 190      84665B4F 
 190      BD096DA7 
 191 0809 CDB7C416 		.ascii	"\315\267\304\026\230\321\206\033\206>\000\344?\271W"
 191      98D1861B 
 191      863E00E4 
 191      3FB957
 192 0818 D1090169 		.ascii	"\321\011\001i\\\024\250\322\302\200\013\"i\232u\277"
 192      5C14A8D2 
 192      C2800B22 
 192      699A75BF 
 193 0828 24689308 		.ascii	"$h\223\010\335g\275\366D[\303\015\267\210\001%`@\251"
 193      DD67BDF6 
 193      445BC30D 
 193      B7880125 
 193      6040A9
 194 083b 0035EE54 		.ascii	"\0005\356T\202\251&nu\211\264\007,i\313,\261\035\"6"
 194      82A9266E 
 194      7589B407 
 194      2C69CB2C 
 194      B11D2236 
 195 084f C77A4D53 		.ascii	"\307zMSk\351}\260\272\314\006.\325\000\261\270g\022"
 195      6BE97DB0 
 195      BACC062E 
 195      D500B1B8 
 195      6712
 196 0861 9EEEC1B2 		.ascii	"\236\356\301\262f5/0\035\261\276\224\331\254p\2506\214"
 196      66352F30 
 196      1DB1BE94 
ARM GAS  C:\Users\ajink\AppData\Local\Temp\ccFhOUTO.s 			page 15


 196      D9AC70A8 
 196      368C
 197 0873 56BEC468 		.ascii	"V\276\304h\201\253\265\212F\255P\310\377\337EM\335\031"
 197      81ABB58A 
 197      46AD50C8 
 197      FFDF454D 
 197      DD19
 198 0885 0E52A2CB 		.ascii	"\016R\242\3130\321N\351|&\276\031\317\347\323Y\365c"
 198      30D14EE9 
 198      7C26BE19 
 198      CFE7D359 
 198      F563
 199 0897 B6EA1DD2 		.ascii	"\266\352\035\322\271O\301\3226{\205S\013\310#\311\003"
 199      B94FC1D2 
 199      367B8553 
 199      0BC823C9 
 199      03
 200 08a8 3D8EF811 		.ascii	"=\216\370\021\335\005\337:\021\361\240\316\026\271\270"
 200      DD05DF3A 
 200      11F1A0CE 
 200      16B9B8
 201 08b7 CAD50B5C 		.ascii	"\312\325\013\\\324l\267sq]\000\037\027\2277\336\220"
 201      D46CB773 
 201      715D001F 
 201      179737DE 
 201      90
 202 08c8 ABD56A17 		.ascii	"\253\325j\027W\262\377\361\021pG\353\017\335\023\311"
 202      57B2FFF1 
 202      117047EB 
 202      0FDD13C9 
 203 08d8 E7BD896E 		.ascii	"\347\275\211nrj\024\013V\364\316\261\260\250\271/uJ"
 203      726A140B 
 203      56F4CEB1 
 203      B0A8B92F 
 203      754A
 204 08ea 741F0031 		.ascii	"t\037\0001\222\271}Fs\311\335\354:\220\300\335\314\324"
 204      92B97D46 
 204      73C9DDEC 
 204      3A90C0DD 
 204      CCD4
 205 08fc E01B6606 		.ascii	"\340\033f\006_g\006\233\006\275\020:\213\310dw \320"
 205      5F67069B 
 205      06BD103A 
 205      8BC86477 
 205      20D0
 206 090e BD42D0C7 		.ascii	"\275B\320\307\340y\000\202u\013\244\015\244K\334\011"
 206      E0790082 
 206      750BA40D 
 206      A44BDC09 
 207 091e F888EEE2 		.ascii	"\370\210\356\342\342\026{>m\011\375Mx\007.\226`\202"
 207      E2167B3E 
 207      6D09FD4D 
 207      78072E96 
 207      6082
 208 0930 F1F70435 		.ascii	"\361\367\0045\370}b\257\251\015\367\314l\270\311l T"
 208      F87D62AF 
 208      A90DF7CC 
ARM GAS  C:\Users\ajink\AppData\Local\Temp\ccFhOUTO.s 			page 16


 208      6CB8C96C 
 208      2054
 209 0942 86E6589B 		.ascii	"\206\346X\233\242%\364%\306\270@$\276\2530\333T\000"
 209      A225F425 
 209      C6B84024 
 209      BEAB30DB 
 209      5400
 210 0954 BA2FCE08 		.ascii	"\272/\316\010\275\200X\230\314\241U\"\264\273\242\261"
 210      BD805898 
 210      CCA15522 
 210      B4BBA2B1 
 211 0964 85D621A4 		.ascii	"\205\326!\244\007]\265\214\251\331\372\003p\246\340"
 211      075DB58C 
 211      A9D9FA03 
 211      70A6E0
 212 0973 0D794170 		.ascii	"\015yAp\315\2127b\355\217&\334\333\377/\344BGBZ,]\250"
 212      CD8A3762 
 212      ED8F26DC 
 212      DBFF2FE4 
 212      4247425A 
 213 098a 7B8D1960 		.ascii	"{\215\031`\031m\254\370\333x\004\277\363M\372\263i\314"
 213      196DACF8 
 213      DB7804BF 
 213      F34DFAB3 
 213      69CC
 214 099c 0AE14F92 		.ascii	"\012\341O\222O\267E\367\037[u\377\011\222&?\333\363"
 214      4FB745F7 
 214      1F5B75FF 
 214      0992263F 
 214      DBF3
 215 09ae 31B9CD3F 		.ascii	"1\271\315?\000\237\246L~\214\261`\212)5\220\224\212"
 215      009FA64C 
 215      7E8CB160 
 215      8A293590 
 215      948A
 216 09c0 BBC23548 		.ascii	"\273\3025Hc\037K)\374\316\207<v\200\364\203t\203t\202"
 216      631F4B29 
 216      FCCE873C 
 216      7680F483 
 216      74837482 
 217 09d4 DC05F909 		.ascii	"\334\005\371\011\344\221\220_\253\205Q,\304{\276\302"
 217      E491905F 
 217      AB85512C 
 217      C47BBEC2 
 218 09e4 301D285D 		.ascii	"0\035(]\237\204\271\321(\214\372\245\323[s\342g\023"
 218      9F84B9D1 
 218      288CFAA5 
 218      D35B73E2 
 218      6713
 219 09f6 B1549496 		.ascii	"\261T\224\226\012\251 ?\327\007\255\244B\252\031C\302"
 219      0AA9203F 
 219      D707ADA4 
 219      42AA1943 
 219      C2
 220 0a07 B0028A80 		.ascii	"\260\002\212\200\274\240<%\270;\253\010R\204\333\326"
 220      BCA03C25 
 220      B83BAB08 
ARM GAS  C:\Users\ajink\AppData\Local\Temp\ccFhOUTO.s 			page 17


 220      5284DBD6 
 221 0a17 2B72B4F6 		.ascii	"+r\264\366u\223\202\036\344\336\200\377\3339\371<\230"
 221      7593821E 
 221      E4DE80FF 
 221      DB39F93C 
 221      98
 222 0a28 218A19A6 		.ascii	"!\212\031\246\030\343J\215\346\314\227*\360He\332\003"
 222      18E34A8D 
 222      E6CC972A 
 222      F04865DA 
 222      03
 223 0a39 9E427285 		.ascii	"\236Br\205<\317\005\223\315\201\0312\303\214H+\256\373"
 223      3CCF0593 
 223      CD811932 
 223      C38C482B 
 223      AEFB
 224 0a4b F9857ABA 		.ascii	"\371\205z\2726\240\015m\347XH\254\236\271t\303\331["
 224      36A00D6D 
 224      E75848AC 
 224      9EB974C3 
 224      D95B
 225 0a5d 4CB6FBBE 		.ascii	"L\266\373\276Y\333=\355\214\213#\235\275V\316\002\230"
 225      59DB3DED 
 225      8C8B239D 
 225      BD56CE02 
 225      98
 226 0a6e E741315B 		.ascii	"\347A1[\203\244^\247\221\325yhPI$\310k\264\242#i\234"
 226      83A45EA7 
 226      91D57968 
 226      504924C8 
 226      6BB4A223 
 227 0a84 D94E7BDF 		.ascii	"\331N{\337l\323\030g.\220o\362\363~\352x\241#\275\014"
 227      6CD31867 
 227      2E906FF2 
 227      F37EEA78 
 227      A123BD0C 
 228 0a98 77B3CB71 		.ascii	"w\263\313q\325\300c\366\213\341\327D\355l\1778e\213"
 228      D5C063F6 
 228      8BE1D744 
 228      ED6C7F38 
 228      658B
 229 0aaa C7D995B4 		.ascii	"\307\331\225\264\356\346d\204\002\363\266T\211\277\326"
 229      EEE66484 
 229      02F3B654 
 229      89BFD6
 230 0ab9 71D81E47 		.ascii	"q\330\036G1\245\346B\370%\025\216aJgRv\241#\336\311"
 230      31A5E642 
 230      F825158E 
 230      614A6752 
 230      76A123DE 
 231 0ace 943D3772 		.ascii	"\224=7r^\252p\"S\216T\307\354Q\341\024\246\034:W\035"
 231      5EAA7022 
 231      538E54C7 
 231      EC51E114 
 231      A61C3A57 
 232 0ae3 698FF752 		.ascii	"i\217\367R\305\356PbF\225\235x\275u\2457\332\352\323"
 232      C5EE5062 
ARM GAS  C:\Users\ajink\AppData\Local\Temp\ccFhOUTO.s 			page 18


 232      46959D78 
 232      BD75A537 
 232      DAEAD3
 233 0af6 CFFFB13B 		.ascii	"\317\377\261;?\332x\014NC\210\267\341y\216\377\301\032"
 233      3FDA780C 
 233      4E4388B7 
 233      E1798EFF 
 233      C11A
 234 0b08 7FE3EDF7 		.ascii	"\177\343\355\367\231%\326\362\3569,a_Xb3-n \003\022"
 234      9925D6F2 
 234      EE392C61 
 234      5F586233 
 234      2D6E2003 
 235 0b1d F6A9751B 		.ascii	"\366\251u\033L\257V\022x\312\022ly\271\033\222\260\317"
 235      4CAF5612 
 235      78CA126C 
 235      79B91B92 
 235      B0CF
 236 0b2f AD1B6C7A 		.ascii	"\255\033lz\013\221\300\223V\211g\335j'\340\016\360\230"
 236      0B91C093 
 236      568967DD 
 236      6A27E00E 
 236      F098
 237 0b41 FA42C064 		.ascii	"\372B\300d\315GcW\024\205]P\004\310KX\343\341\360=\003"
 237      CD476357 
 237      14855D50 
 237      04C84B58 
 237      E3E1F03D 
 238 0b56 DF91F0CD 		.ascii	"\337\221\360\315c\223\303\274\263\306\237l\3170n\366"
 238      6393C3BC 
 238      B3C69F6C 
 238      CF306EF6 
 239 0b66 4BB0F4AC 		.ascii	"K\260\364\254\370>\204\\\027P\340\203\0325\024n\014"
 239      F83E845C 
 239      1750E083 
 239      1A35146E 
 239      0C
 240 0b77 F03F910E 		.ascii	"\360?\221\016R2l\326&d\264\006m\007#~\211A\344=\307"
 240      52326CD6 
 240      2664B406 
 240      6D07237E 
 240      8941E43D 
 241 0b8c 9ED82C85 		.ascii	"\236\330,\205YI\307`\323\222\216\305\306\225K\036\311"
 241      5949C760 
 241      D3928EC5 
 241      C6954B1E 
 241      C9
 242 0b9d 80BABAD7 		.ascii	"\200\272\272\327\360EZZ\\t\366\363b\007\361eFM\221S"
 242      F0455A5A 
 242      5C74F6F3 
 242      6207F165 
 242      464D9153 
 243 0bb1 09CF2BD1 		.ascii	"\011\317+\321N\254B;\260h\362\036n\336\327\031qx\366"
 243      4EAC423B 
 243      B068F21E 
 243      6EDED719 
 243      7178F6
ARM GAS  C:\Users\ajink\AppData\Local\Temp\ccFhOUTO.s 			page 19


 244 0bc4 2B044241 		.ascii	"+\004BA\026\320\263\2366\371\033smV\2730\331\254\276"
 244      16D0B39E 
 244      36F91B73 
 244      6D56BB30 
 244      D9ACBE
 245 0bd7 92333F8E 		.ascii	"\2223?\216^|\322\251\304qJV\377\0235\275\216\316\373"
 245      5E7CD2A9 
 245      C4714A56 
 245      FF1335BD 
 245      8ECEFB
 246 0bea 79C3C1D1 		.ascii	"y\303\301\321\212\326<\207T\270\273\360\33533o\321A"
 246      8AD63C87 
 246      54B8BBF0 
 246      DD33336F 
 246      D141
 247 0bfc 285EB44D 		.ascii	"(^\264MF\236\251m(\001;\303\300\216\276\223)\012\234"
 247      469EA96D 
 247      28013BC3 
 247      C08EBE93 
 247      290A9C
 248 0c0f CD581E0F 		.ascii	"\315X\036\017\334\357G\300\322M\376\340T\262bwd\242"
 248      DCEF47C0 
 248      D24DFEE0 
 248      54B26277 
 248      64A2
 249 0c21 91856C6E 		.ascii	"\221\205ln\211&,\211F\226\335\224\245\2727\242\316\226"
 249      89262C89 
 249      4696DD94 
 249      A5BA37A2 
 249      CE96
 250 0c33 BE86BAC9 		.ascii	"\276\206\272\311\256:\320v\2677\375\262\223\334\270"
 250      AE3AD076 
 250      B737FDB2 
 250      93DCB8
 251 0c42 A92661DA 		.ascii	"\251&a\332\230\035Q:\243\234\323\301d\352\340\036,x"
 251      981D513A 
 251      A39CD3C1 
 251      64EAE01E 
 251      2C78
 252 0c54 18FBA4E9 		.ascii	"\030\373\244\351\214\034\2272\333\370\373\267?\242\246"
 252      8C1C9732 
 252      DBF8FBB7 
 252      3FA2A6
 253 0c63 19B2F2A3 		.ascii	"\031\262\362\243\235\317\363\26533\177$\003P\212\211"
 253      9DCFF3B5 
 253      33337F24 
 253      03508A89 
 254 0c73 592946B3 		.ascii	"Y)F\263R\251Y\261\3557\0079|\224\021\\\213\275\222\304"
 254      52A959B1 
 254      ED370739 
 254      7C94115C 
 254      8BBD92C4 
 255 0c87 9C33644A 		.ascii	"\2343dJ\014$<?\2300\374`dH\243\014\323\027\243\267;"
 255      0C243C3F 
 255      9830FC60 
 255      6448A30C 
 255      D317A3B7 
ARM GAS  C:\Users\ajink\AppData\Local\Temp\ccFhOUTO.s 			page 20


 256 0c9c E02ACAC0 		.ascii	"\340*\312\300\345\216\325}\204\\\325B\356\007\234N\220"
 256      E58ED57D 
 256      845CD542 
 256      EE079C4E 
 256      90
 257 0cad DCEF8372 		.ascii	"\334\357\203r\331+\345\036J\206\345~\256\002C\351\220"
 257      D92BE51E 
 257      4A86E57E 
 257      AE0243E9 
 257      90
 258 0cbe 7EA9C660 		.ascii	"~\251\306`\216\244+MG\354q\003\233\243\374\304\235G"
 258      8EA42B4D 
 258      47EC7103 
 258      9BA3FCC4 
 258      9D47
 259 0cd0 4AA1C0BA 		.ascii	"J\241\300\272\273\316\252`A\354\207\352\312\370\331"
 259      BBCEAA60 
 259      41EC87EA 
 259      CAF8D9
 260 0cdf D59569A5 		.ascii	"\325\225i\245\272`\222\266\266\247g1\315\006)V\226\241"
 260      BA6092B6 
 260      B6A76731 
 260      CD062956 
 260      96A1
 261 0cf1 848491D3 		.ascii	"\204\204\221\323,kd\212,\226\241K;\177jf\215\3043\003"
 261      2C6B648A 
 261      2C96A14B 
 261      3B7F6A66 
 261      8DC43303 
 262 0d05 6BACACBA 		.ascii	"k\254\254\272\373b\356\264\345\320\264e\033\323\326"
 262      FB62EEB4 
 262      E5D0B465 
 262      1BD3D6
 263 0d14 72A62AC5 		.ascii	"r\246*\305\011\267\261\250\2177\217\246+h\324\341\\"
 263      09B7B1A8 
 263      8F378FA6 
 263      2B68D4E1 
 263      5C
 264 0d25 AA571B58 		.ascii	"\252W\033X\330\351\030\224k\022\367\\c\334\363h\334"
 264      D8E91894 
 264      6B12F75C 
 264      63DCF368 
 264      DC
 265 0d36 8B92A2AB 		.ascii	"\213\222\242\253\025x\210qd\277\310iS\274\223M\312\262"
 265      15788871 
 265      64BFC869 
 265      53BC934D 
 265      CAB2
 266 0d48 7C38C73B 		.ascii	"|8\307;\211\207\262\344Gg\376\370\026\275\362\3453\026"
 266      8987B2E4 
 266      4767FEF8 
 266      16BDF2E5 
 266      3316
 267 0d5a F15E2423 		.ascii	"\361^$#-\224\252\000\277C\034\272\031q\325\016\2172"
 267      2D94AA00 
 267      BF431CBA 
 267      1971D50E 
ARM GAS  C:\Users\ajink\AppData\Local\Temp\ccFhOUTO.s 			page 21


 267      8F32
 268 0d6c 2A435BF1 		.ascii	"*C[\361$y\021B\377\316\004z\376\243\261\303\344\325"
 268      24791142 
 268      FFCE047A 
 268      FEA3B1C3 
 268      E4D5
 269 0d7e 0EF9430B 		.ascii	"\016\371C\013\321\267W\214\031\340\"\305\376r@^\012"
 269      D1B7578C 
 269      19E022C5 
 269      FE72405E 
 269      0A
 270 0d8f A575D6DA 		.ascii	"\245u\326\332\177x\224\2171\274IO>r\311)\302\013\351"
 270      7F78948F 
 270      31BC494F 
 270      3E72C929 
 270      C20BE9
 271 0da2 45A718BE 		.ascii	"E\247\030\276\311e\247\004\263\027\\%7\246\034\300\312"
 271      C965A704 
 271      B3175C25 
 271      37A61CC0 
 271      CA
 272 0db3 5AC3C18A 		.ascii	"Z\303\301\212\326\001u8o\210\340yRbt`\241`\245t\011"
 272      D6017538 
 272      6F88E079 
 272      52627460 
 272      A160A574 
 273 0dc8 2B2456A2 		.ascii	"+$V\242R\374\241\014\035\240\206\316\224\227l2\333\227"
 273      52FCA10C 
 273      1DA086CE 
 273      94976C32 
 273      DB97
 274 0dda 488CA428 		.ascii	"H\214\244(\227\261\312\"\337\344%TZ\355\016\271\031"
 274      97B1CA22 
 274      DFE42554 
 274      5AED0EB9 
 274      19
 275 0deb 7A9719BA 		.ascii	"z\227\031\272\\@\227St\\\351\321S\346\307x\262\031\272"
 275      5C409753 
 275      745CE9D1 
 275      53E6C778 
 275      B219BA
 276 0dfe 4240936F 		.ascii	"B@\223o\273\317<<\335Cu[\003BmV\256Y\347\354&S}\023"
 276      BBCF3C3C 
 276      DD43755B 
 276      03426D56 
 276      AE59E7EC 
 277 0e16 A00BD3FB 		.ascii	"\240\013\323\373\352\003\264z\025\364i\327\255\361\\"
 277      EA03B47A 
 277      15F469D7 
 277      ADF15C
 278 0e25 E3E9A324 		.ascii	"\343\351\243$\217\336>^k\011^\253\361X\341\376\337\264"
 278      8FDE3E5E 
 278      6B095EAB 
 278      F158E1FE 
 278      DFB4
 279 0e37 77859B8F 		.ascii	"w\205\233\217\347\347\036\357.Z\264\030\376\371}\255"
 279      E7E71EEF 
ARM GAS  C:\Users\ajink\AppData\Local\Temp\ccFhOUTO.s 			page 22


 279      2E5AB418 
 279      FEF97DAD 
 280 0e47 DBA00B09 		.ascii	"\333\240\013\011[\2768$l\361\327\276\201\213u\301~\201"
 280      5BBE3824 
 280      6CF1D7BE 
 280      818B75C1 
 280      7E81
 281 0e59 5BFC03C8 		.ascii	"[\374\003\310\263\026X\027}-SPf%(~\301z\255^\271E\027"
 281      B3165817 
 281      7D2D5350 
 281      6625287E 
 281      C17AAD5E 
 282 0e70 AC5FFA21 		.ascii	"\254_\372!\314\244\325\032\0377\372\375~=%\012\323o"
 282      CCA4D51A 
 282      1F37FAFD 
 282      7E3D250A 
 282      D36F
 283 0e82 F1D785AC 		.ascii	"\361\327\205\254\327\207\204\004\206\255\337\024\274"
 283      D7878404 
 283      86ADDF14 
 283      BC
 284 0e8f C5993E39 		.ascii	"\305\231>9\373\206\0069\007\004m\010\360\367\017\360"
 284      FB860639 
 284      07046D08 
 284      F0F70FF0 
 285 0e9f 5FFFDB45 		.ascii	"_\377\333E\0379/[\262\364?\277Y\276\036\332?\010\016"
 285      1F392F5B 
 285      B2F43FBF 
 285      59BE1EDA 
 285      3F080E
 286 0eb2 090EF820 		.ascii	"\011\016\370 \300w\203n\2750\365\372 _\340\012\016X"
 286      C077836E 
 286      BD30F5FA 
 286      205FE00A 
 286      0E58
 287 0ec4 AFF50FD8 		.ascii	"\257\365\017\330\350\273%\020\346\374ns@\030X\362\325"
 287      E8BB2510 
 287      E6FC6E73 
 287      401858F2 
 287      D5
 288 0ed5 FFE93461 		.ascii	"\377\3514a\337\205\255\327\206\351\375\301\007\340\376"
 288      DF85ADD7 
 288      86E9FDC1 
 288      07E0FE
 289 0ee4 BDF5706C 		.ascii	"\275\365pl\016\011\325\207-\366\366Y\275|\331\342U\253"
 289      0E09D587 
 289      2DF6F659 
 289      BD7CD9E2 
 289      55AB
 290 0ef6 DC17FB78 		.ascii	"\334\027\373x\256\336\272\324\030\034m`\240?\014\225"
 290      AEDEBAD4 
 290      181C6D60 
 290      A03F0C95 
 291 0f06 07FA86E9 		.ascii	"\007\372\206\351\355@\017\012\361\207\014, 1^\355\345"
 291      ED400F0A 
 291      F1870C2C 
 291      20315EED 
ARM GAS  C:\Users\ajink\AppData\Local\Temp\ccFhOUTO.s 			page 23


 291      E5
 292 0f17 EEA1FD6C 		.ascii	"\356\241\375l\335\012w\315\012\237u\032\217_\211m\356"
 292      DD0A77CD 
 292      0A9F751A 
 292      8F5F896D 
 292      EE
 293 0f28 9E1AB755 		.ascii	"\236\032\267U^n\177\221\023\260\023\014\012\015\010"
 293      5E6E7F91 
 293      13B0130C 
 293      0A0D08
 294 0f37 0B09DCA2 		.ascii	"\013\011\334\242\327\205\004k\365N4c\236kV\256\362\320"
 294      D785046B 
 294      F54E3463 
 294      9E6B56AE 
 294      F2D0
 295 0f49 7AB8AFF4 		.ascii	"z\270\257\364p$\372'^>\237R\315[%a\355a\244\277.T\027"
 295      7024FA27 
 295      5E3E9F52 
 295      CD5B2561 
 295      ED61A4BF 
 296 0f60 BC55AB7F 		.ascii	"\274U\253\177\205\240\200\327s\315\347\332?\255X\345"
 296      85A080D7 
 296      73CDE7DA 
 296      3FAD58E5 
 297 0f70 EDE164D2 		.ascii	"\355\341d\322\340\243Y\347a\303\220\0160&\004\212fc"
 297      E0A359E7 
 297      61C3900E 
 297      3026048A 
 297      6663
 298 0f82 60C8DFB5 		.ascii	"`\310\337\265zj\222\327\347\036\232?\255\362\372B\373"
 298      7A6A92D7 
 298      E71E9A3F 
 298      ADF2FA42 
 298      FB
 299 0f93 8566C55A 		.ascii	"\205f\305Z\245\261\023\007\351\202q\220\357"
 299      A5B11307 
 299      E9827190 
 299      EF
 300 0fa0 B764809F 		.ascii	"\267d\200\237o`\340\006_\277\377\321\352\355\202C\364"
 300      6F60E006 
 300      5FBFFFD1 
 300      EAED8243 
 300      F4
 301 0fb1 BA8DDF69 		.ascii	"\272\215\337i\3756\220r\363\017\010\324\373j\365\266"
 301      FD369072 
 301      F30F08D4 
 301      FB6AF5B6 
 302 0fc1 10BDE5CB 		.ascii	"\020\275\345\313\240S\253\025\236\354\305)\3746\220"
 302      A053AB15 
 302      9EECC529 
 302      FC3690
 303 0fd0 C2730B09 		.ascii	"\302s\013\011\336\250\333d\343G\277\354\303\364A\004"
 303      DEA8DB64 
 303      E347BFEC 
 303      C3F44104 
 304 0fe0 A40B120A 		.ascii	"\244\013\022\012\211(B!\221G\354\246Y\012\262L\356\275"
 304      89284221 
ARM GAS  C:\Users\ajink\AppData\Local\Temp\ccFhOUTO.s 			page 24


 304      9147ECA6 
 304      590AB24C 
 304      EEBD
 305 0ff2 DA4D2377 		.ascii	"\332M#w\367\364\320p\336\032\354\261R\243"
 305      F7F4D070 
 305      DE1AECB1 
 305      52A3
 306 1000 70735BAD 		.ascii	"ps[\255YJ\377_&ws\363\320`\2675>x\255\267\033^\241\321"
 306      594AFF5F 
 306      267773F3 
 306      D060B735 
 306      3E78ADB7 
 307 1018 608D1BE8 		.ascii	"`\215\033\3500\340\023w\037\015v'#W\257\320p^l\324r"
 307      30E01377 
 307      1F0D7627 
 307      2357AFD0 
 307      705E6CD4 
 308 102d C07FA9F9 		.ascii	"\300\177\251\371\257_\222_\321J\310.\206/\365\312\265"
 308      AF5F925F 
 308      D14AC82E 
 308      862FF5CA 
 308      B5
 309 103e 9E5E5A1F 		.ascii	"\236^Z\037(C\367\200\215`\337*\220O\261\247\273\006"
 309      2843F780 
 309      8D60DF2A 
 309      904FB1A7 
 309      BB06
 310 1050 7BB9C3AC 		.ascii	"{\271\303\254\336`\302'\032\215|\225\333_4\3771{\236"
 310      DE60C227 
 310      1A8D7C95 
 310      DB5F34FF 
 310      317B9E
 311 1063 806FF58B 		.ascii	"\200o\365\213\335V{{z\303<\214z\343\322%\337\002\265"
 311      DD567B7B 
 311      7AC33C8C 
 311      7AE3D225 
 311      DF02B5
 312 1076 5217C24A 		.ascii	"R\027\302J\346w?\3178b\005X\267\031\252\217U\236\275"
 312      E6773FCF 
 312      38620558 
 312      B719AA8F 
 312      559EBD
 313 1089 2E58A7F7 		.ascii	".X\247\367\010\366\003\222P\273\320\020\275o\350w\213"
 313      08F60392 
 313      50BBD010 
 313      BD6FE877 
 313      8B
 314 109a FC64A414 		.ascii	"\374d\244\024=\202}7\004\322E\353\015\255z[x\360\004"
 314      3D827D37 
 314      04D245EB 
 314      0DAD7A5B 
 314      78F004
 315 10ad AC4A1742 		.ascii	"\254J\027BHu\376Z\275\232=\006\371\206An_\323\012\244"
 315      4875FE5A 
 315      BD9A3D06 
 315      F986416E 
 315      5FD30AA4 
ARM GAS  C:\Users\ajink\AppData\Local\Temp\ccFhOUTO.s 			page 25


 316 10c1 DAB000FD 		.ascii	"\332\260\000\375\246\320\220-\233\211a\012\262\317\374"
 316      A6D0902D 
 316      9B89610A 
 316      B2CFFC
 317 10d0 D68654C1 		.ascii	"\326\206T\301\306M\377\013\237\005\222\211"
 317      C64DFF0B 
 317      9F059289 
 318              		.text
 319              		.section	.gnu.lto_.symtab.a3d813,"",%progbits
 320 0000 696E6974 		.ascii	"initEncoder\000\000\000\000\000\000\000\000\000\000"
 320      456E636F 
 320      64657200 
 320      00000000 
 320      00000000 
 321 0015 00008F01 		.ascii	"\000\000\217\001\000\000QEID4\000\000\002\000\000\000"
 321      00005145 
 321      49443400 
 321      00020000 
 321      00
 322 0026 00000000 		.ascii	"\000\000\000\000\000\000\246\001\000\000qeiEnable\000"
 322      0000A601 
 322      00007165 
 322      69456E61 
 322      626C6500 
 323 003a 00020000 		.ascii	"\000\002\000\000\000\000\000\000\000\000\000\221\001"
 323      00000000 
 323      00000091 
 323      01
 324 0047 00007165 		.ascii	"\000\000qeiStart\000\000\002\000\000\000\000\000\000"
 324      69537461 
 324      72740000 
 324      02000000 
 324      000000
 325 005a 00000096 		.ascii	"\000\000\000\226\001\000\000qeiInit\000\000\002\000"
 325      01000071 
 325      6569496E 
 325      69740000 
 325      0200
 326 006c 00000000 		.ascii	"\000\000\000\000\000\000\000\000\230\001\000\000_pa"
 326      00000000 
 326      98010000 
 326      5F7061
 327 007b 6C5F6C6C 		.ascii	"l_lld_setgroupmode\000\000\002\000\000\000\000\000\000"
 327      645F7365 
 327      7467726F 
 327      75706D6F 
 327      64650000 
 328 0096 000000A4 		.ascii	"\000\000\000\244\001\000\000"
 328      010000
 329              		.text
 330              		.section	.gnu.lto_.opts,"",%progbits
 331 0000 272D666E 		.ascii	"'-fno-trapv' '-mcpu=cortex-m3' '-mno-thumb-interwor"
 331      6F2D7472 
 331      61707627 
 331      20272D6D 
 331      6370753D 
 332 0033 6B272027 		.ascii	"k' '-mthumb' '-ggdb' '-O2' '-fomit-frame-pointer' '"
ARM GAS  C:\Users\ajink\AppData\Local\Temp\ccFhOUTO.s 			page 26


 332      2D6D7468 
 332      756D6227 
 332      20272D67 
 332      67646227 
 333 0066 2D66616C 		.ascii	"-falign-functions=16' '-ffunction-sections' '-fdata"
 333      69676E2D 
 333      66756E63 
 333      74696F6E 
 333      733D3136 
 334 0099 2D736563 		.ascii	"-sections' '-fno-common' '-flto'\000"
 334      74696F6E 
 334      73272027 
 334      2D666E6F 
 334      2D636F6D 
 335              		.text
 336              		.comm	__gnu_lto_v1,1,1
 337              		.comm	__gnu_lto_slim,1,1
 338              		.ident	"GCC: (GNU Tools for ARM Embedded Processors) 4.9.3 20150529 (release) [ARM/embedded-4_9-br
ARM GAS  C:\Users\ajink\AppData\Local\Temp\ccFhOUTO.s 			page 27


DEFINED SYMBOLS
                            *ABS*:00000000 rotary.c
                            *COM*:00000001 __gnu_lto_v1
                            *COM*:00000001 __gnu_lto_slim

NO UNDEFINED SYMBOLS
