ARM GAS  C:\Users\ajink\AppData\Local\Temp\ccEvefQy.s 			page 1


   1              		.syntax unified
   2              		.cpu cortex-m3
   3              		.fpu softvfp
   4              		.eabi_attribute 20, 1
   5              		.eabi_attribute 21, 1
   6              		.eabi_attribute 23, 3
   7              		.eabi_attribute 24, 1
   8              		.eabi_attribute 25, 1
   9              		.eabi_attribute 26, 1
  10              		.eabi_attribute 30, 2
  11              		.eabi_attribute 34, 1
  12              		.eabi_attribute 18, 4
  13              		.thumb
  14              		.file	"spi_sw.c"
  15              		.text
  16              	.Ltext0:
  17              		.section	.gnu.lto_.profile.a3dd89,"",%progbits
  18 0000 789C6366 		.ascii	"x\234cf```e\200\000F\206u\214\366\000\002\325\000\370"
  18      60606065 
  18      80004686 
  18      758CF600 
  18      02D500F8 
  19              		.text
  20              		.section	.gnu.lto_.jmpfuncs.a3dd89,"",%progbits
  21 0000 789C6D8E 		.ascii	"x\234m\216]+DQ\024\206\327\307\031\337\342\332\225\237"
  21      5D2B4451 
  21      1486D7C7 
  21      19DFE2DA 
  21      959F
  22 0012 E28F4D67 		.ascii	"\342\217Mg_P\256\034)\232\204\222|\016\347pF\242\270"
  22      5F50AE1C 
  22      299A8492 
  22      7C0EE770 
  22      46A2B8
  23 0025 7241699A 		.ascii	"rAi\232Dq\243\244\324\\\232\316(c:\262\366:\273\235"
  23      4471A3A4 
  23      D45C9ACE 
  23      28633AB2 
  23      F63ABB9D 
  24 0039 C1AEDDAE 		.ascii	"\301\256\335\256\347}\237\2656\303\377\247\216\305\313"
  24      E77D9FB5 
  24      36C3FFA7 
  24      8EC5CB
  25 0048 72895A84 		.ascii	"r\211Z\204kws1\225\273f\326\014t\010r\022\216\333X\006"
  25      6B777331 
  25      95BB66D6 
  25      0C740872 
  25      128EDB58 
  26 005d 9B2D45F7 		.ascii	"\233-E\367\247,Y\305f\230\223\270\270#\031\333\360-"
  26      A72C59C5 
  26      669893B8 
  26      B82319DB 
  26      F02D
  27 006f CA93A126 		.ascii	"\312\223\241&u\210Le\332\004\200\2738\241\326\362\303"
  27      75884C65 
  27      DA0480BB 
  27      38A1D6F2 
ARM GAS  C:\Users\ajink\AppData\Local\Temp\ccEvefQy.s 			page 2


  27      C3
  28 0080 6B9B6DC0 		.ascii	"k\233m\300\004\270\347`\343\3712\032\2610\020X\025\310"
  28      04B8E760 
  28      E3F9321A 
  28      B1301058 
  28      15C8
  29 0092 E485ABD5 		.ascii	"\344\205\253\325f\032\250\200\200\373\016f_\331\005"
  29      661AA880 
  29      80FB0E66 
  29      5FD905
  30 00a1 A9D00778 		.ascii	"\251\320\007x\240\202\320\333\367\307\326h\261t^\227"
  30      A082D0DB 
  30      F7C7D668 
  30      B1745E97 
  31 00b1 C6AE7EF3 		.ascii	"\306\256~\363\362\221\351|\036\007L,t\222o\234\305\355"
  31      F291E97C 
  31      1E074C2C 
  31      74926F9C 
  31      C5ED
  32 00c3 FAB03626 		.ascii	"\372\2606&\001\017\035\334z\232\371\034\324-\242\035"
  32      010F1DDC 
  32      7A9AF91C 
  32      D42DA21D 
  33 00d3 F50A8BE7 		.ascii	"\365\012\213\347+\013\232\261\221\177\245:\363W%\335"
  33      2B0B9AB1 
  33      917FA53A 
  33      F35725DD 
  34 00e3 D83C292A 		.ascii	"\330<)*S\2005\337@\233%\215\365\356\230\315J\327\242"
  34      538035DF 
  34      409B258D 
  34      F5EE98CD 
  34      4AD7A2
  35 00f6 1F0B0EC0 		.ascii	"\037\013\016\300\273n\\\365\307\270\342O\275(\371\213"
  35      BB6E5CF5 
  35      C7B8E24F 
  35      BD28F98B 
  36 0106 6A1E9518 		.ascii	"j\036\225\030\021\373\3030\204o6>}q"
  36      11FBC330 
  36      846F363E 
  36      7D71
  37              		.text
  38              		.section	.gnu.lto_.inline.a3dd89,"",%progbits
  39 0000 789C6366 		.ascii	"x\234cf\300\0166Cif\006\006\345W\014\214\014Ll\037\364"
  39      C00E3643 
  39      69660606 
  39      E5570C8C 
  39      0C4C6C1F 
  40 0015 18D816C8 		.ascii	"\030\330\026\3103\201\005y\030\030\200\014\026^\260"
  40      33810579 
  40      1818800C 
  40      165EB0
  41 0024 3CD13413 		.ascii	"<\3214\0237\003\320$\026\006\021s\240yL\027\370\341"
  41      3703D024 
  41      16061173 
  41      A0794C17 
  41      F8E1
  42 0036 E611D2C8 		.ascii	"\346\021\322\310\312\300\307\301\310\014\324\313\300"
ARM GAS  C:\Users\ajink\AppData\Local\Temp\ccEvefQy.s 			page 3


  42      CAC0C7C1 
  42      C80CD4CB 
  42      C0
  43 0043 08C44C8C 		.ascii	"\010\304L\214 \021\006\210n\256#N<\014l]B\"\014l\347"
  43      20110688 
  43      6EAE234E 
  43      3C0C6C5D 
  43      42220C6C 
  44 0058 F825C04E 		.ascii	"\370%\300N\006\000\3179\012T"
  44      0600CF39 
  44      0A54
  45              		.text
  46              		.section	.gnu.lto_.pureconst.a3dd89,"",%progbits
  47 0000 789C6366 		.ascii	"x\234cf```g\200\000f\006)\026\011V\006\000\001\256\000"
  47      60606067 
  47      80006606 
  47      29160956 
  47      060001AE 
  48 0015 49       		.ascii	"I"
  49              		.text
  50              		.section	.gnu.lto_spi_sw_init.a3dd89,"",%progbits
  51 0000 789C7D94 		.ascii	"x\234}\224\317O\023Q\020\307\347\373\266\224B)\277\022"
  51      CF4F1351 
  51      10C7E7FB 
  51      B6944229 
  51      BF12
  52 0012 13D38BDE 		.ascii	"\023\323\213\3368!7\317\376\011\336<z01\361\2401r\360"
  52      382137CF 
  52      FE09DE3C 
  52      7A3031F1 
  52      A03172F0 
  53 0026 D4B09585 		.ascii	"\324\260\225\205\2501\2641j\032\240\032C@\020\244Z\005"
  53      A831B431 
  53      6A1AA01A 
  53      434010A4 
  53      5A05
  54 0038 0A145941 		.ascii	"\012\024YA\005ED\224\004\203\240\306\224\004o\305\305"
  54      05454494 
  54      0483A0C6 
  54      94046FC5 
  54      C5
  55 0049 68212BCE 		.ascii	"h!+\316{[l\211M\2334\257;?>\337\231\351\274\325\350"
  55      7B5B6C89 
  55      4D9B34AF 
  55      3B3F3EDF 
  55      99E9BCD5 
  56 005e FF8F9FBF 		.ascii	"\377\217\237\277m.\242*>\241\021D\370-Q\320#\000\371"
  56      6D2EA22A 
  56      3EA11144 
  56      F82D51D0 
  56      2300F9
  57 0071 83404D02 		.ascii	"\203@M\002M\370.6\005\302f\177\304[\327\255\353zzj&"
  57      4DF82E36 
  57      05C2667F 
  57      C45BD7AD 
  57      EB7A7A6A 
  58 0086 78DC4446 		.ascii	"x\334DF\020Y\302\341\340\036\352\210\2036\015{\331\353"
ARM GAS  C:\Users\ajink\AppData\Local\Temp\ccEvefQy.s 			page 4


  58      1059C2E1 
  58      E01EEA88 
  58      83360D7B 
  58      D9EB
  59 0098 3638A8DA 		.ascii	"68\250\332\361\241\027n\360\031\2535\365\335\335\256"
  59      F1A1176E 
  59      F019AB35 
  59      F5DDDDAE 
  60 00a8 CE64838F 		.ascii	"\316d\203\217(\305\036\311_\027B\236\332*\014s\350\200"
  60      28C51EC9 
  60      5F17429E 
  60      DA2A0C73 
  60      E880
  61 00ba 0C958CDB 		.ascii	"\014\225\214\333\037\332\006E`G\277\254{2\002\226\340"
  61      1FDA0645 
  61      6047BFAC 
  61      7B320296 
  61      E0
  62 00cb 74F42120 		.ascii	"t\364! ]\261\205\273;U\033\"#\304,\010\367\341\317\010"
  62      5DB185BB 
  62      3B551B22 
  62      23C42C08 
  62      F7E1CF08 
  63 00df 8D56D16A 		.ascii	"\215V\321j&P0\333e\261\002\241\337\311^\374\371q\323"
  63      265030DB 
  63      65B102A1 
  63      DFC95EFC 
  63      F971D3
  64 00f2 27B34BF4 		.ascii	"'\263K\364\260\241\273\010\003\360\2639\336\325=\\&"
  64      B0A1BB08 
  64      03F0B339 
  64      DED53D5C 
  64      26
  65 0103 CDEE6384 		.ascii	"\315\356c\204\007\312\324\263\326\262\255L\245\325\204"
  65      07CAD4B3 
  65      D6B2AD4C 
  65      A5D584
  66 0112 4129E351 		.ascii	"A)\343Q2cEeb,\223e\336Lv^w\230:\027\372\020\376|J\262"
  66      32634565 
  66      622C9365 
  66      DE4C765E 
  66      77983A17 
  67 012c 28E5518E 		.ascii	"(\345Q\2162:\2705\357U\224\303\204\370~\310\344\331"
  67      323AB835 
  67      EF5594C3 
  67      84F87EC8 
  67      E4D9
  68 013e 6290C739 		.ascii	"b\220\3079\310\334\267\337V\205\202p/O\224\311\372c"
  68      C8DCB7DF 
  68      56858270 
  68      2F4F94C9 
  68      FA63
  69 0150 4D08D59E 		.ascii	"M\010\325\236\2330\224c\276/Z\330\2603\305t\310\216"
  69      9B309463 
  69      BE2F5AD8 
  69      B033C574 
  69      C88E
ARM GAS  C:\Users\ajink\AppData\Local\Temp\ccEvefQy.s 			page 5


  70 0162 953B538C 		.ascii	"\225;S\214\250)\216(\346Lt#\356R2\334p\202k\315\343"
  70      A8298E28 
  70      E64C7423 
  70      EE5232DC 
  70      70826BCD 
  71 0177 2E15E58E 		.ascii	".\025\345\216\312Z\035H\373\362\372\226\246 \2020\246"
  71      CA5A1D48 
  71      FBF2FA96 
  71      A6208230 
  71      A6
  72 0188 4C0B5FA7 		.ascii	"L\013_\247C\252\374R6\215;\314\025L\245\303G%\223\003"
  72      43AAFC52 
  72      368D3BCC 
  72      154CA5C3 
  72      47259303 
  73 019c BEA41616 		.ascii	"\276\244\026\026=\252\036R+\362\251\375\232\210\242"
  73      3DAA1E52 
  73      2BF2A9FD 
  73      9A88A2
  74 01ab 83D7B34C 		.ascii	"\203\327\263LN\000I\370\225\243ue\300\366\324\367\353"
  74      4E0049F8 
  74      95A37565 
  74      C0F6D4F7 
  74      EB
  75 01bc 067BCA31 		.ascii	"\006{\3121\201(~\250\345\305S\324\313\271(\352\273="
  75      81287EA8 
  75      E5C553D4 
  75      CBB928EA 
  75      BB3D
  76 01ce AADE1CBD 		.ascii	"\252\336\034\275\342\336\303\214\344a&7\306\257\346"
  76      E2DEC38C 
  76      E4612637 
  76      C6AFE6
  77 01dd 3093398C 		.ascii	"0\2239\214\311\030\356\233\033n1W\0137\354\265x]\011"
  77      C918EE9B 
  77      1B6E3157 
  77      0B37ECB5 
  77      785D09
  78 01f0 CF9C41EE 		.ascii	"\317\234A\356sU\330\222\222\337N\205z\354\015\032\235"
  78      7355D892 
  78      92DF4E85 
  78      7AEC0D1A 
  78      9D
  79 0201 ACD111D4 		.ascii	"\254\321\021\324e\224\017S\010`:[\312Zj\373\004\347"
  79      65940F53 
  79      08603A5B 
  79      CA5A6AFB 
  79      04E7
  80 0213 CB6C3CE7 		.ascii	"\313l<\347 \245\211\027\010\260\357Vh)\241\2613\"\335"
  80      20A58917 
  80      08B0EF56 
  80      6829A1B1 
  80      3322DD
  81 0226 95B6BC44 		.ascii	"\225\266\274D\371\360J\365\330\027\272\221P\360\260"
  81      F9F04AF5 
  81      D817BA91 
  81      50F0B0
ARM GAS  C:\Users\ajink\AppData\Local\Temp\ccEvefQy.s 			page 6


  82 0235 8CAAC24B 		.ascii	"\214\252\302K\206\317d\341wR\275\021/\003\016r0f\377"
  82      86CF64E1 
  82      7752BD11 
  82      2F030E72 
  82      3066FF
  83 0248 D15F2190 		.ascii	"\321_!\220\021\325<\253K\351t\362PvX\373:\251\261\345"
  83      11D53CAB 
  83      4BE974F2 
  83      507658FB 
  83      3AA9B1E5 
  84 025c BF9A2F56 		.ascii	"\277\232/VS\240\223Z\274f\2619)\2067l\226\327\263\275"
  84      53A0935A 
  84      BC66B139 
  84      2986376C 
  84      96D7B3BD 
  85 0270 A7595DEE 		.ascii	"\247Y]\356Z\336\240y\366|F\320\374U\242tI\2764 _\026"
  85      5ADEA079 
  85      F67C46D0 
  85      FC55A274 
  85      49BE3420 
  86 0286 CCF69DBB 		.ascii	"\314\366\235\273p\272\241\361\374\231\223\215\027\217"
  86      70BAA1F1 
  86      FC99938D 
  86      178F
  87 0294 9CA2BF82 		.ascii	"\234\242\277\202:\237X"
  87      3A9F58
  88              		.text
  89              		.section	.gnu.lto_spi_sw_stop.a3dd89,"",%progbits
  90 0000 789C7D92 		.ascii	"x\234}\222MK\002Q\024\206\317{\306F\305$\011\332\270"
  90      4D4B0251 
  90      1486CF7B 
  90      C646C524 
  90      09DAB8
  91 0013 6AE7AEFE 		.ascii	"j\347\256\376B\253\326\375\203\026A\320&\"\027\255\304"
  91      42ABD6FD 
  91      831641D0 
  91      262217AD 
  91      C4
  92 0024 3B21D1AA 		.ascii	";!\321\252D\210\202\254\215H\226\345W%\004.\006\242"
  92      448882AC 
  92      8D4896E5 
  92      5725042E 
  92      06A2
  93 0036 5594588B 		.ascii	"U\224X\213\"\242/\014j\247X\220\204\331\275c\240\025"
  93      22A22F0C 
  93      6AA75890 
  93      84D9BD63 
  93      A015
  94 0048 78613877 		.ascii	"xa8w\336\363\236\347\314\334s5\372\277\274\362\031`"
  94      DEF39EE7 
  94      CCDC7335 
  94      FABFBCF2 
  94      1960
  95 005a A23E19A1 		.ascii	"\242>\031\241\0218|Nd8\030P\033\002\005\031A\274r\225"
  95      11387C4E 
  95      64381850 
  95      1B020519 
ARM GAS  C:\Users\ajink\AppData\Local\Temp\ccEvefQy.s 			page 7


  95      41BC7295 
  96 006e 1136936B 		.ascii	"\0216\223k._\\\010Q\271(\032c&\352\262\256\306-\016"
  96      2E5F5C08 
  96      51B9281A 
  96      6326EAB2 
  96      AEC62D0E 
  97 0082 B6E02369 		.ascii	"\266\340#i\252\206\032W.=$M\236V\016\011\350\2201\335"
  97      AA861A57 
  97      2E3D244D 
  97      9E560E09 
  97      E89031DD 
  98 0096 6F8A6633 		.ascii	"o\212f3\026-dmv\242\262L\251\006\317\314*j\267X0\033"
  98      162D646D 
  98      76A2B24C 
  98      A906CFCC 
  98      2A6AB758 
  99 00ac 4EE55590 		.ascii	"N\345U\220\315\313\245\024\007>\305\242p\324\0315\226"
  99      CDCBA514 
  99      073EC5A2 
  99      70D41935 
  99      96
 100 00bd F5D84640 		.ascii	"\365\330F@\245J\357\327U\367\013\327\231E8$l\204\035"
 100      A54AEFD7 
 100      55F70BD7 
 100      99453824 
 100      6C841D
 101 00d0 78A59C8B 		.ascii	"x\245\234\213\305\363N%k#\204\244%\025\037\216\227{"
 101      C5F34E25 
 101      6B2384A4 
 101      25151F8E 
 101      977B
 102 00e2 956463C2 		.ascii	"\225dc\302.\274u\356!\325\346\013\335\332\354\3116?"
 102      2EBC75EE 
 102      21D5E60B 
 102      DDDAECC9 
 102      363F
 103 00f4 CCD3A78F 		.ascii	"\314\323\247\217\232\005\320<\204\024\274\235\220\260"
 103      9A05D03C 
 103      8414BC9D 
 103      90B0
 104 0102 DE0D926E 		.ascii	"\336\015\222nC\216Rog.\0132H\310\374\206D\272B\262m"
 104      438E526F 
 104      672E0B32 
 104      48C8FC86 
 104      44BA42B2 
 105 0117 C84A211A 		.ascii	"\310J!\032i\375\235\000!\327\246\334`\276\2229y\324"
 105      69FD9D00 
 105      21D7A6DC 
 105      60BE9239 
 105      79D4
 106 0129 14E72F46 		.ascii	"\024\347/Fo\250\343\227\352}\271Xr\250j\335zM\030\241"
 106      6FA8E397 
 106      EA7DB958 
 106      72A86ADD 
 106      7A4D18A1 
 107 013d 2836B06E 		.ascii	"(6\260n\010\345\262c\037\001\034@\336\003\034J\271\323"
 107      08E5B263 
ARM GAS  C:\Users\ajink\AppData\Local\Temp\ccEvefQy.s 			page 8


 107      1F011C40 
 107      DE031C4A 
 107      B9D3
 108 014f 2FE784BC 		.ascii	"/\347\204\274\314\334\3010WG\255o%5:\250\221I\270{z"
 108      CCDCC130 
 108      5747AD6F 
 108      25353AA8 
 108      9149B87B 
 109 0164 7672D83F 		.ascii	"vr\330?35\356\237\033\232\240o_\012\277\350"
 109      3335EE9F 
 109      1B9AA06F 
 109      5F0ABFE8 
 110              		.text
 111              		.section	.gnu.lto_utils_middle_of_3_int.a3dd89,"",%progbits
 112 0000 789C6D92 		.ascii	"x\234m\222\317KTQ\024\307\3179\367\275\373\336\350s"
 112      CF4B5451 
 112      14C7CF39 
 112      F7BDFBDE 
 112      E873
 113 0012 1C242244 		.ascii	"\034$\"D\232@\206\331%\264s\023-[\366\037Di\201P\021"
 113      9A4086D9 
 113      25B47313 
 113      2D5BF61F 
 113      44698150 
 114 0027 19B4F44D 		.ascii	"\031\264\364MN\341\"\305j\323\"\245\232\304\234\314"
 114      4EE122C5 
 114      6AD322A5 
 114      9AC49CCC 
 115 0037 7126A126 		.ascii	"q&\241&\"g\021\345Fia/\220,)\025m!\376\250D\242\246"
 115      226711E5 
 115      4669612F 
 115      902C2915 
 115      6D21FEA8 
 116 004e 73EF9D27 		.ascii	"s\357\235'\015\371`\356y\347\234\357\347\374\270o\004"
 116      0DF960EE 
 116      79E79CEF 
 116      E7FCB86F 
 116      04
 117 005f FCFF5CE6 		.ascii	"\374\377\\\346\337\"\0014\261\305\032@\352\237\001H"
 117      DF220134 
 117      B1C51A40 
 117      EA9F0148 
 118 006f B944A227 		.ascii	"\271D\242'\011~\215\255NO\220\365\362\240\362f[\330"
 118      097E8DAD 
 118      4E4F90F5 
 118      F2A0F266 
 118      5BD8
 119 0081 B3306244 		.ascii	"\2630bD6I-r\265H\222\243E\256\0269\241\310\015_\"\210"
 119      36492D72 
 119      B54892A3 
 119      45AE1639 
 119      A1C80D5F 
 120 0097 EA0510BA 		.ascii	"\352\005\020\272HX\266t8\322\205\253\264AX\034\373>"
 120      4858B674 
 120      38D285AB 
 120      B441581C 
 120      FB3E
ARM GAS  C:\Users\ajink\AppData\Local\Temp\ccEvefQy.s 			page 9


 121 00a9 5DBB423B 		.ascii	"]\273B;\004\207\200\335\027\267\246\356H\345\242\245"
 121      048780DD 
 121      17B7A6EE 
 121      48E5A2A5 
 122 00b9 DC5F43EB 		.ascii	"\334_C\353\25329\344\373\376\372\227g\263\336\265\343"
 122      AB3239E4 
 122      FBFEFA97 
 122      67B3DEB5 
 122      E3
 123 00ca 3B44B045 		.ascii	";D\260E\200\303\330\210\217\260Q\325\034\301$+\277\336"
 123      80C3D888 
 123      8FB051D5 
 123      1CC1242B 
 123      BFDE
 124 00dc B8992711 		.ascii	"\270\231'\021CEe\006~\374\254Kd\230*M\026\374c\026C"
 124      43456506 
 124      7EFCAC4B 
 124      64982A4D 
 124      16FC6316 
 125 00f1 9845F12F 		.ascii	"\230E\361/\247\352\340cL\260zp\345\343s\024\015\232"
 125      A7EAE063 
 125      4CB07A70 
 125      E5E37314 
 125      0D9A
 126 0103 7CF8EA76 		.ascii	"|\370\352v\257g\310\231\220\034\335\203|\242\311T\377"
 126      AF67C899 
 126      901CDD83 
 126      7CA2C954 
 126      FF
 127 0114 44B65EEC 		.ascii	"D\266^\354\323\344\332H0\0365\344|H\216\355A\3460\241"
 127      D3E4DA48 
 127      301E35E4 
 127      7C488EED 
 127      41E630A1 
 128 0128 E41399F9 		.ascii	"\344\023\231\371\265\250\330\257\321o\205\271?\321\346"
 128      B5A8D8AF 
 128      D16F85B9 
 128      3FD1E6
 129 0137 FB8C2E4C 		.ascii	"\373\214.Lf\336x\376\224\237^(\227\343\252\302xu\005"
 129      66DE78FE 
 129      949F5E28 
 129      97E3AAC2 
 129      787505
 130 014a F330B291 		.ascii	"\3630\262\221\376\375\241V\246\031\211a\036\233\325"
 130      FEFDA156 
 130      A6198961 
 130      1E9BD5
 131 0159 95F04D14 		.ascii	"\225\360M\024P\"\033\025\3115\224\374r\371\351\347T"
 131      50221B15 
 131      C93594FC 
 131      72F9E9E7 
 131      54
 132 016a 6F728022 		.ascii	"or\200\"\010*F\2506\026\250\246\267PMb\353\270\324\247"
 132      082A46A8 
 132      3616A8A6 
 132      B7504D62 
 132      EBB8D4A7 
ARM GAS  C:\Users\ajink\AppData\Local\Temp\ccEvefQy.s 			page 10


 133 017e A34FF38F 		.ascii	"\243O\363\217P\037k\211\247e+\336cz\272{\270\357\200"
 133      501F6B89 
 133      A7652BDE 
 133      637ABA7B 
 133      B8EF80
 134 0191 AABE4DB4 		.ascii	"\252\276M\264MB\017\261\304\266'i\262Y\334MZ\225\244"
 134      4D420FB1 
 134      C4B62769 
 134      B259DC4D 
 134      5A95A4
 135 01a4 0583F562 		.ascii	"\005\203\365b\016\273\203\353\301\335\023&k3\252\004"
 135      0EBB83EB 
 135      C1DD1326 
 135      6B33AA04 
 136 01b4 01929E94 		.ascii	"\001\222\236\224\273qP\253m\330<jJ\345\372\342F\315"
 136      BB7150AB 
 136      6DD83C6A 
 136      4AE5FAE2 
 136      46CD
 137 01c6 52AAD492 		.ascii	"R\252\324\222P\214\233\3542\356&\303F\016<\360L\243"
 137      508C9BEC 
 137      32EE26C3 
 137      460E3CF0 
 137      4CA3
 138 01d8 E5B05138 		.ascii	"\345\260Q8IU#\251\325.\274;b\324\233MF\354Tv\252\022"
 138      495523A9 
 138      D52EBC3B 
 138      62D49B4D 
 138      46EC5476 
 139 01ee 3B5A1CD1 		.ascii	";Z\034\321\373\007x5\006&\214\360\011S\245\374[2(\337"
 139      FB077835 
 139      06268CF0 
 139      0953A5FC 
 139      5B3228DF 
 140 0202 350FC43B 		.ascii	"5\017\304;X\243\305{l\245\363\272\225Yw\261\225/\021"
 140      58A3C57B 
 140      6CA5F3BA 
 140      955977B1 
 140      952F11
 141 0215 15CC1BD4 		.ascii	"\025\314\033\324]\270t\266\245\363b\307\311\316+\207"
 141      5DB874B6 
 141      A5F362C7 
 141      C9CE2B87 
 142 0225 DB004FE1 		.ascii	"\333\000O\341il\223\347;\332\333\317\235\371\013\371"
 142      696C93E7 
 142      3BDADBCF 
 142      9DF90BF9 
 143 0235 330325   		.ascii	"3\003%"
 144              		.text
 145              		.section	.gnu.lto_.symbol_nodes.a3dd89,"",%progbits
 146 0000 789C4D8B 		.ascii	"x\234M\213;\016\302@\014\005\337\263\275$%7\340\250"
 146      3B0EC240 
 146      0C05DFB3 
 146      BD242537 
 146      E0A8
 147 0012 4E81A839 		.ascii	"N\201\2509\001\012R\216\262%\204oI\021\244\224\234\001"
 147      010A528E 
ARM GAS  C:\Users\ajink\AppData\Local\Temp\ccEvefQy.s 			page 11


 147      B225846F 
 147      4911A494 
 147      9C01
 148 0024 11B12ED6 		.ascii	"\021\261.\326\315h\236<\012\340\2058\031\351\300~\004"
 148      CD689E3C 
 148      0AE08538 
 148      19E9C07E 
 148      04
 149 0035 DC71E85B 		.ascii	"\334q\350[\244'\261v\2443y\224\205'J/\256r\241\263\376"
 149      A427B176 
 149      A4337994 
 149      85274A2F 
 149      AE72A1B3 
 150 004a 932B5DEA 		.ascii	"\223+]\352\201\017\272\226\001]\267\370\235n\265\337"
 150      810FBA96 
 150      015DB7F8 
 150      9D6EB5DF 
 151 005a E8A97245 		.ascii	"\350\251rE\213a\372R\321 \007\347\340\366]8\004sp\376"
 151      8B61FA52 
 151      D12007E7 
 151      E0F65D38 
 151      047370FE 
 152 006e 7385BCFB 		.ascii	"s\205\274\373l\324\232\322[\364\026\275\225\036?\026"
 152      6CD49AD2 
 152      5BF416BD 
 152      951E3F16 
 153 007e 3B412A   		.ascii	";A*"
 154              		.text
 155              		.section	.gnu.lto_.refs.a3dd89,"",%progbits
 156 0000 789C6366 		.ascii	"x\234cf``\020d\200\000f\006&F.&&.FfnF\026FfV\006\000"
 156      60601064 
 156      80006606 
 156      26462E26 
 156      262E4666 
 157 001c 042F0050 		.ascii	"\004/\000P"
 158              		.text
 159              		.section	.gnu.lto_.decls.a3dd89,"",%progbits
 160 0000 789CB53B 		.ascii	"x\234\265;iTT\311\271]]\267\351\205\006\346\205\331"
 160      695454C9 
 160      B95D5DB7 
 160      E98506E6 
 160      85D9
 161 0012 8E679231 		.ascii	"\216g\2221f\206d\222\231\301%\263%9o\0264\023'3\243"
 161      66866492 
 161      99C125B3 
 161      25396F16 
 161      34132733 
 162 0027 0F4DDE7B 		.ascii	"\017M\336{'\236\323a\240U\336cK\323\216\316\257\\Y\224"
 162      279ED361 
 162      A055DE63 
 162      4BD38ECE 
 162      AF5C5994 
 163 003b 5D445144 		.ascii	"]DQD\220FP\001\331\004Tv\001\025\005\005\024E\304\265"
 163      90465001 
 163      D9045476 
 163      01150505 
 163      1445C4B5 
ARM GAS  C:\Users\ajink\AppData\Local\Temp\ccEvefQy.s 			page 12


 164 004f 1550C40D 		.ascii	"\025P\304\015WP\021\336WU\267\373\336n.jr^\372\370q"
 164      575011DE 
 164      5755B7FB 
 164      DE6E2E6A 
 164      725EFAF8 
 165 0064 EBABFAEA 		.ascii	"\353\253\372\352\253o\253\257\226{\305\012\205b)R(\306"
 165      AB6FABAF 
 165      967BC50A 
 165      85622952 
 165      28C6
 166 0076 E1F7D907 		.ascii	"\341\367\331\007\012\305\003\265B\301A\335|\000\027"
 166      0AC503B5 
 166      42C141DD 
 166      7C0017
 167 0085 009552A1 		.ascii	"\000\225R\241\370\011\300U(\377\024`\032\224\247*\330"
 167      F809C055 
 167      28FF1460 
 167      1A94A72A 
 167      D8
 168 0096 8FB4BF0D 		.ascii	"\217\264\277\015\370\317\001\336\003\230\011\360[\200"
 168      F8CF01DE 
 168      039809F0 
 168      5B80
 169 00a4 2F0030B4 		.ascii	"/\0000\264\315\206\347\327\000\013\224\012\207\037\351"
 169      CD86E7D7 
 169      000B940A 
 169      871FE9
 170 00b3 E3298CB1 		.ascii	"\343)\214\261P\340\367\031<\377\3444\316'\000\375P>"
 170      50E0F719 
 170      3CFFE434 
 170      CE2700FD 
 170      503E
 171 00c5 06F06725 		.ascii	"\006\360g%\223\345uA\036\017\200\351\000\377\0110\017"
 171      93E57541 
 171      1E0F80E9 
 171      00FF0930 
 171      0F
 172 00d6 0054509C 		.ascii	"\000TP\234S0\331\337\026d\370\255 \323\263d!\262k\004"
 172      5330D9DF 
 172      1664F8AD 
 172      20D3B364 
 172      21B26B04 
 173 00ea 59E4C6B7 		.ascii	"Y\344\306\267\361'?\245@\377[a<g^\357\011c\271\003\350"
 173      F1273FA5 
 173      40FF5B61 
 173      3C675EEF 
 173      0963B903 
 174 00ff 01BE12EA 		.ascii	"\001\276\022\352\221\320\346\374\273\243D\217\326\305"
 174      91D0E6FC 
 174      BBA3448F 
 174      D6C5
 175 010d A6BA0C28 		.ascii	"\246\272\014(\221\273\216\307\004\2778|\261I\015\270"
 175      91BB8EC7 
 175      04BF387C 
 175      B1490DB8 
 176 011d 5E379DA0 		.ascii	"^7\235\2407\242\263\367k\260\022\221rN\332\245\223\272"
 176      37A2B3F7 
ARM GAS  C:\Users\ajink\AppData\Local\Temp\ccEvefQy.s 			page 13


 176      6BB01291 
 176      724EDAA5 
 176      93BA
 177 012f 770B789E 		.ascii	"w\013x\236\217\341\033\254H\344\26135'\325\035{R\242"
 177      8FE11BAC 
 177      48E4B133 
 177      3527D51D 
 177      7B52A2
 178 0142 9B67B7F5 		.ascii	"\233g\267\365\351\361Oh\371\356\336C\345j\374\016-\357"
 178      E9F14F68 
 178      F9EEDE43 
 178      E56AFC0E 
 178      2DEF
 179 0154 383476DE 		.ascii	"84v\336\015\317\244\345\364\356\376\373\030\306\370"
 179      0DCFA4E5 
 179      F4EEFEFB 
 179      18C6F8
 180 0163 4AA724E8 		.ascii	"J\247$\350\301\304\212C:\374;\332T5Z\325\211\360\227"
 180      C1C48A43 
 180      3AFC3BDA 
 180      54355AD5 
 180      89F097
 181 0176 B45C9D72 		.ascii	"\264\\\235r8\315\205\222q\004MI9\336\254\343\224\012"
 181      38CD8592 
 181      71044D49 
 181      39DEACE3 
 181      940A
 182 0188 B40B6154 		.ascii	"\264\013aT\206\246\320\241OE]>\313\221\312R\250|{\012"
 182      86A6D0A1 
 182      4F455D3E 
 182      CB91CA52 
 182      A87C7B0A 
 183 019c 2A4794F6 		.ascii	"*G\224\366\314\346\314\363*R]\014\325%h\012\252`\365"
 183      CCE6CCF3 
 183      2A525D0C 
 183      D525680A 
 183      AA60F5
 184 01af A57BC7DB 		.ascii	"\245{\307\333\365\244\276\010\352\337\232\202v\263\352"
 184      F5A4BE08 
 184      EADF9A82 
 184      76B3EA
 185 01be EC9B437F 		.ascii	"\354\233C\177 \265\205P\373\263)h\017\253]\271\275&"
 185      20B58550 
 185      FBB32968 
 185      0FAB5DB9 
 185      BD26
 186 01d0 8198E255 		.ascii	"\201\230\342U\035\035*\351Hz#\246\3508\021O\271&.\246"
 186      1D1D2AE9 
 186      487A23A6 
 186      E838114F 
 186      B9262EA6 
 187 01e4 CC0369BC 		.ascii	"\314\003i\274V\361|\004?\024\261\022\247\271+\320\273"
 187      56F17C04 
 187      3F14B112 
 187      A7B92BD0 
 187      BB
 188 01f5 53D03B20 		.ascii	"S\320; \031\252F\032T\200\336E5\310\013\355E\034\252"
ARM GAS  C:\Users\ajink\AppData\Local\Temp\ccEvefQy.s 			page 14


 188      19AA461A 
 188      5480DE45 
 188      35C80BED 
 188      451CAA
 189 0208 0419AA40 		.ascii	"\004\031\252@\346\\\260\336P\341\376\336\260\225\374"
 189      E65CB0DE 
 189      50E1FEDE 
 189      B095FC
 190 0217 67844841 		.ascii	"g\204HA\250\244\016Q\036\353o\3310\011[T\007\334\236"
 190      A8A40E51 
 190      1EEB6FD9 
 190      30095B54 
 190      07DC9E
 191 022a C5D99AE1 		.ascii	"\305\331\232\341\257A\265@\260\023\024a\214\351 6GE"
 191      AF41B540 
 191      B0131461 
 191      8CE92036 
 191      4745
 192 023c E53E7CCA 		.ascii	"\345>|\312\341\037\250uK\367\355\214\325R\307\377\225"
 192      E11FA875 
 192      4BF7ED8C 
 192      D552C7FF 
 192      95
 193 024d A0C3D143 		.ascii	"\240\303\321C\261:\352w=\365C\361\3756W\332:U\352\012"
 193      B13AEA77 
 193      3DF543F1 
 193      FD3657DA 
 193      3A55EA0A 
 194 0261 3D73457F 		.ascii	"=sE\177q\\\204\022\377\235\362yp\242m\243\026'\"\212"
 194      715C8412 
 194      FF9DF279 
 194      70A26DA3 
 194      1627228A 
 195 0275 D48CECD9 		.ascii	"\324\214\354\331\341N\273Y)^V;\360\300\203\366{\203"
 195      E14EBB59 
 195      295E563B 
 195      F0C083F6 
 195      7B83
 196 0287 A0674FDD 		.ascii	"\240gO\335\034Q\343\365\214\326f\336\2372\363^\334\374"
 196      1C51E3F5 
 196      8CD666DE 
 196      9F32F35E 
 196      DCFC
 197 0299 28574B51 		.ascii	"(WKQ\222\011<H\325\276\372\221f\035\316f\344\0111\326"
 197      92093C48 
 197      D5BEFA91 
 197      661DCE66 
 197      E40931D6 
 198 02ad 161D2EA0 		.ascii	"\026\035.\240\210\362\360\025>\307\035y\351\2509on\273"
 198      88F2F015 
 198      3EC71D79 
 198      E9A8396F 
 198      6EBB
 199 02bf FC874830 		.ascii	"\374\207H0g\033\322\241#\242\342\204/\371\305\020C&"
 199      671BD2A1 
 199      23A2E284 
 199      2FF9C510 
ARM GAS  C:\Users\ajink\AppData\Local\Temp\ccEvefQy.s 			page 15


 199      4326
 200 02d1 47F2DAC3 		.ascii	"G\362\332\303`\310F\260V\023X\013\035\005\363\375TG"
 200      60C846B0 
 200      5613580B 
 200      1D05F3FD 
 200      5447
 201 02e3 69D161A8 		.ascii	"i\321a\250l\201J`|p\264>J\205t^\362\235:d:Q\021jcS^"
 201      6C814A60 
 201      7C70B43E 
 201      4A85745E 
 201      F29D3A64 
 202 02fe E5790EB5 		.ascii	"\345y\016\265\203\010\255\242\010 \221\335\3667\233"
 202      8308ADA2 
 202      082091DD 
 202      F6379B
 203 030d 7257E880 		.ascii	"rW\350\200m\344\213\261\205\036Mg\206#Tx\204M\276\244"
 203      6DE48BB1 
 203      851E4D67 
 203      86235478 
 203      844DBEA4 
 204 0321 AE9E3257 		.ascii	"\256\2362W<\312\220}-+\333t\230\307\024\311M\335P\250"
 204      3CCA907D 
 204      2D2BDB74 
 204      98C714C9 
 204      4DDD50A8 
 205 0335 A236D650 		.ascii	"\2426\326P\033\247d\357p\307Q\254m\335\351\255c:\034"
 205      1BA764EF 
 205      70C751AC 
 205      6DDDE9AD 
 205      633A1C
 206 0348 C3902397 		.ascii	"\303\220#\227G\356\351)\341K\004-\257\217Y\247\303\211"
 206      47EEE929 
 206      E14B042D 
 206      AF8F59A7 
 206      C389
 207 035a AC6DD781 		.ascii	"\254m\327\201\372HW\274\226!\233\206\21763\257\275\016"
 207      FA4857BC 
 207      96219B86 
 207      8F3633AF 
 207      BD0E
 208 036c A8765772 		.ascii	"\250vWrF\255\026Mc?O/\013\037\0259T|s\330#\277\214o"
 208      46AD164D 
 208      633F4F2F 
 208      0B1F1539 
 208      547C73D8 
 209 0384 80718E81 		.ascii	"\200q\216\201\316'@\347\313\310ST\351$\231\237\350\227"
 209      CE2740E7 
 209      CBC85354 
 209      E924999F 
 209      E897
 210 0396 F04741E8 		.ascii	"\360GA\350-\327\366\005\330hO9\323v;\321^\027i{\234"
 210      2DD7F605 
 210      D8684F39 
 210      D3763BD1 
 210      5E17697B 
 211 03ab 69CF38D1 		.ascii	"i\3178\321\016\210\264]\36224\";\361\005\221\270\323"
 211      0E88B45D 
ARM GAS  C:\Users\ajink\AppData\Local\Temp\ccEvefQy.s 			page 16


 211      F2323422 
 211      3BF10591 
 211      B8D3
 212 03bd 99F8174E 		.ascii	"\231\370\027N\264\203\"\355iy\201%\304\347E\342\343"
 212      B48322ED 
 212      69798125 
 212      C4E745E2 
 212      E3
 213 03ce B28CA9C0 		.ascii	"\262\214\251\300k!R\370d\236\377\314\254@\007\241\271"
 213      6B2152F8 
 213      649EFFCC 
 213      AC4007A1 
 213      B9
 214 03df 99B221C4 		.ascii	"\231\262!\304d>\367B\020\\B\323\320E\200\263\000\027"
 214      643EF742 
 214      105C42D3 
 214      D04580B3 
 214      0017
 215 03f1 00CE0158 		.ascii	"\000\316\001X\001\316\243i4\214\350\034?\273/\200\204"
 215      01CEA369 
 215      348CE81C 
 215      3FBB2F80 
 215      84
 216 0402 1AF49B98 		.ascii	"\032\364\233\230<\322\263\222\372\021\362\362\244\204"
 216      3CD2B392 
 216      FA11F2F2 
 216      A484
 217 0410 37F6E979 		.ascii	"7\366\351y\204\372\201\377!1$I7\372\223\223\006\365"
 217      84FA81FF 
 217      21312449 
 217      37FA9393 
 217      06F5
 218 0422 8110FF88 		.ascii	"\201\020\377\210@d\001i]\265\332\0157\261\310)]\027"
 218      40640169 
 218      5DB5DA0D 
 218      37B1C829 
 218      5D17
 219 0434 9BA5D2C7 		.ascii	"\233\245\322\307\211\223\207\016o\263\205\002]EzA\020"
 219      8993870E 
 219      6FB38502 
 219      5D457A41 
 219      10
 220 0445 1036E74E 		.ascii	"\0206\347N\323'\310KO'Pf\307\330gd\016_\003\202+\242"
 220      D327C84B 
 220      4F275066 
 220      C7D86764 
 220      0E5F0382 
 221 045b B440CFA4 		.ascii	"\264@\317\244\235\214%\032\000)\245\\QK\304\303x\025"
 221      9D8C251A 
 221      0029A55C 
 221      514BC4C3 
 221      7815
 222 046d 8EE61C42 		.ascii	"\216\346\034B\336\235\205\274m\341\321\263\205'\265"
 222      DE9D85BC 
 222      6DE1D1B3 
 222      8527B5
 223 047c 75F31A15 		.ascii	"u\363\032\025N`\244\311\227RNp8\225s\310MSYn\332x}\244"
ARM GAS  C:\Users\ajink\AppData\Local\Temp\ccEvefQy.s 			page 17


 223      4E60A4C9 
 223      97524E70 
 223      389573C8 
 223      4D53596E 
 224 0494 4243D1F1 		.ascii	"BC\321\361q\262J*\267\236?vIk\317?\375\247\336 \036"
 224      71B24A2A 
 224      B79E3F76 
 224      496BCF3F 
 224      FDA7DE20 
 225 04a9 B90BEEBF 		.ascii	"\271\013\356\277%\312>U\232\177`\332\253\362`\316_\007"
 225      25CA3E55 
 225      9A7F60DA 
 225      ABF260CE 
 225      5F07
 226 04bb B96F10B9 		.ascii	"\271o\020\271\357\200\334S\2059\177\033*\207X\376)\277"
 226      EF80DC53 
 226      85397F1B 
 226      2A8758FE 
 226      29BF
 227 04cd 7C2B5E67 		.ascii	"|+^gc\\\333\222D\263\312}`|Sd|\027=\223\363=Y\316\250"
 227      635CDB92 
 227      44B3CA7D 
 227      607C5364 
 227      7C173D93 
 228 04e6 7CF87212 		.ascii	"|\370r\022\306\026\246_\363\203\246\004%\336\316\220"
 228      C616A65F 
 228      F383A604 
 228      25DECE90 
 229 04f6 3BC747A2 		.ascii	";\307G\242\264\270\200!\253\012\317\037\342p\005C\266"
 229      B4B88021 
 229      AB0ACF1F 
 229      E2700543 
 229      B6
 230 0507 350CC72B 		.ascii	"5\014\307+\251\371,4\357\027T\306=\321P\373\315&h~Y"
 230      A9F92C34 
 230      EF1754C6 
 230      3DD150FB 
 230      CD26687E 
 231 051c D12D25AE 		.ascii	"\321-%\256a\264\275YG\256x\340\003\014I\275ZtW\213\333"
 231      61B4BD59 
 231      47AE78E0 
 231      030C49BD 
 231      5A74578B 
 232 0531 19D29374 		.ascii	"\031\322\223t/Y\203\273\030rj\315\365\223z|\216\"\312"
 232      2F5983BB 
 232      18726ACD 
 232      F5937A7C 
 232      8E22CA
 233 0544 DC6B113B 		.ascii	"\334k\021;U6m\217\226\017\351\353x^\203V*uh\\T\267\035"
 233      55366D8F 
 233      960FE9EB 
 233      785E8356 
 233      2A75685C 
 234 055b 3D3391F3 		.ascii	"=3\221\363J\331\344\231u\340A\266+\316R\321AO\364\015"
 234      4AD9E499 
 234      75E041B6 
 234      2BCE52D1 
ARM GAS  C:\Users\ajink\AppData\Local\Temp\ccEvefQy.s 			page 18


 234      414FF40D 
 235 056f DDD0E0ED 		.ascii	"\335\320\340\355\014in;\336\207\230R4\012\262{[\217"
 235      0C696E3B 
 235      DE879852 
 235      340AB27B 
 235      5B8F
 236 0581 B852A5DE 		.ascii	"\270R\245\336\242q\260\243\241\331\025\0273\332\316"
 236      A271B0A3 
 236      A1D91517 
 236      33DACE
 237 0590 BB55BC1A 		.ascii	"\273U\274\032WSD\231x\374\342\030g\013\330\370\275\025"
 237      57534499 
 237      78FCE218 
 237      670BD8F8 
 237      BD15
 238 05a2 EE5944DA 		.ascii	"\356YD\332X\245\036\255V\332\245\235'\023\260\363_\025"
 238      58A51EAD 
 238      56DAA59D 
 238      2713B0F3 
 238      5F15
 239 05b4 C58D0171 		.ascii	"\305\215\001q\347I\302\365!\337\034\347\201o\263\341"
 239      E749C2F5 
 239      21DF1CE7 
 239      816FB3E1 
 240 05c4 E2EE4535 		.ascii	"\342\356E5\352\361]\206\334\256k\311\364\300\017\030"
 240      EAF15D86 
 240      DCAE6BC9 
 240      F4C00F18 
 241 05d4 327067E0 		.ascii	"2pg\340\224;\036a\310\272\301\206\313\356\370\011C\266"
 241      943B1E61 
 241      C8BAC186 
 241      CBEEF809 
 241      43B6
 242 05e6 EEEB8DD4 		.ascii	"\356\353\215\324\3431\206\234M^\225\247\305+](R\230"
 242      E331869C 
 242      4D5E95A7 
 242      C52B5D28 
 242      5298
 243 05f8 BD698F16 		.ascii	"\275i\217\026G3\344VK\341e%\216e\210mu\327\323\325\335"
 243      4733E456 
 243      4BE16525 
 243      8E65886D 
 243      75D7D3D5 
 244 060d F57E7E4D 		.ascii	"\365~~M\266\336\236\340\247yM\263\200\360C\031U\326"
 244      B6DE9EE0 
 244      A7794DB3 
 244      80F04319 
 244      55D6
 245 061f B784144F 		.ascii	"\267\204\024Ot\214\007\0357+'\313\230|\204%#\337\345"
 245      748C071D 
 245      372B27CB 
 245      987C8425 
 245      23DFE5
 246 0632 F0744ABA 		.ascii	"\360tJ\272\306\231\3241a\002m\246\2356\331\231\326!"
 246      C699D431 
 246      61026DA6 
 246      9D36D999 
ARM GAS  C:\Users\ajink\AppData\Local\Temp\ccEvefQy.s 			page 19


 246      D621
 247 0644 C30369BA 		.ascii	"\303\003i\272\2354\321\231\364\2443\333Mv\332\004yZ"
 247      9D34D199 
 247      F4A433DB 
 247      4D76DA04 
 247      795A
 248 0656 916D969D 		.ascii	"\221m\226\2354\305\231t\235\322\221t\215\2354N\326\006"
 248      34C59974 
 248      9DD29174 
 248      8D9D344E 
 248      D606
 249 0668 13927B94 		.ascii	"\023\222{\224r\012\212\006&h\225@O\322i&8>]9\015\255"
 249      720A8A06 
 249      26689540 
 249      4FD26926 
 249      383E5D39 
 250 067e 074803D8 		.ascii	"\007H\003\330\010\260\005 \025`\003@\006\300&%K\253"
 250      08B00520 
 250      15600340 
 250      06C02625 
 250      4BAB
 251 0690 74D82DF6 		.ascii	"t\330-\366a\327\312\333\210)\316R\375j\027H\365@\343"
 251      61D7CADB 
 251      8829CE52 
 251      FD6A1748 
 251      F540E3
 252 06a3 B4241046 		.ascii	"\264$\020F\326\315\371\255z^`\225$\357\032\252\002\004"
 252      D6CDF9AD 
 252      7A5E6095 
 252      24EF1AAA 
 252      0204
 253 06b5 C6D5E898 		.ascii	"\306\325\350\230\\\307\374-%V\240,\245^H\373\327VG\177"
 253      5CC7FC2D 
 253      2556A02C 
 253      A55E48FB 
 253      D756477F 
 254 06c9 856B6938 		.ascii	"\205ki8\341\306\370\265\313\021\304\015\263A$\265\201"
 254      E1C6F8B5 
 254      CB11C40D 
 254      B34124B5 
 254      81
 255 06da 7D804818 		.ascii	"}\200H\0301[\260A\016\330`\253DG\230E\003/\227\260\030"
 255      315BB041 
 255      0ED860AB 
 255      44479845 
 255      032F97B0 
 256 06ef 03D6C822 		.ascii	"\003\326\310\"\320\312\330\227\252\271)\232\250\231"
 256      D0CAD897 
 256      AAB9299A 
 256      A899
 257 06fd 3D414D90 		.ascii	"=AM\220g4\265w\225\0067\260\370\276\270\347\340=-nf"
 257      6734B577 
 257      950637B0 
 257      F8BEB8E7 
 257      E03D2D6E 
 258 0712 487AE9C8 		.ascii	"Hz\351\310\260\016\2673\344\360\316\314\277\342S\264"
 258      B00EB733 
ARM GAS  C:\Users\ajink\AppData\Local\Temp\ccEvefQy.s 			page 20


 258      E4F0CECC 
 258      BFE253B4 
 259 0722 CCF56694 		.ascii	"\314\365f\224\356\361@^S\246\320\374\023\003\253\317"
 259      EEF1405E 
 259      53A6D0FC 
 259      1303ABCF 
 260 0732 4EC83C3B 		.ascii	"N\310<;\224XrBJ\203\372\221OI\003\0245\364I\323\320"
 260      94587242 
 260      4A83FA91 
 260      4F490314 
 260      35F449D3 
 261 0747 500A8F5F 		.ascii	"P\012\217_\267\357\313\363@/\322\004b\201\353\363\225"
 261      B7EFCBF3 
 261      402FD204 
 261      6281EBF3 
 261      95
 262 0758 34035D5E 		.ascii	"4\003]^w'V\245\023\250c\236G\235\026\227\026\243w\260"
 262      772756A5 
 262      13A8639E 
 262      479D1697 
 262      16A377B0 
 263 076c 7C210823 		.ascii	"|!\010#Z\276\310n\371\256\336\265\215\010\237e\372\214"
 263      5ABEC86E 
 263      F9AEDEB5 
 263      8D089F65 
 263      FA8C
 264 077e 3E8DDAE8 		.ascii	">\215\332\350\201/3d\343\361\323{9|\235!qg\363\217\252"
 264      812F3364 
 264      E3F1D37B 
 264      397C9D21 
 264      7167F38F 
 265 0793 F13D8A28 		.ascii	"\361=\212(Sz\357oC\266m\255\243\354\345 \315\253B\376"
 265      537AEF6F 
 265      43B66DAD 
 265      A3ECE520 
 265      CDAB42FE 
 266 07a7 7438A5DC 		.ascii	"t8\245\334\334\266\206.ke \307.1\301\275j\337\322*\255"
 266      DCB6862E 
 266      6B6520C7 
 266      2E31C1BD 
 266      6ADFD22A 
 267 07bc DDDBFE43 		.ascii	"\335\333\376C\236\351\356\311\230\326\306\036y\2050"
 267      9EE9EEC9 
 267      98D6C61E 
 267      798530
 268 07cb AD00A6A5 		.ascii	"\255\000\246\245\""
 268      22
 269 07d0 D332A584 		.ascii	"\3232\245\204k\366\360\022y\256{'\343z\264\274\217-"
 269      6BF6F012 
 269      79AE7B27 
 269      E37AB4BC 
 269      8F2D
 270 07e2 1D7B806D 		.ascii	"\035{\200m\211\310\266Bd\213\316\024v\037\300\370)3"
 270      89C8B642 
 270      648BCE14 
 270      761FC0F8 
 270      2933
ARM GAS  C:\Users\ajink\AppData\Local\Temp\ccEvefQy.s 			page 21


 271 07f4 4E5B575A 		.ascii	"N[WZ\264\033\216VS\343t=]\345)?`\315$\003Z\3220B\325"
 271      B41B8E56 
 271      53E3743D 
 271      5DE5293F 
 271      60CD2403 
 272 080d 305695FC 		.ascii	"0V\225\374X\275w\317\344\351q\"e\217\362.\267\247\270"
 272      58BD77CF 
 272      E4E97122 
 272      658FF22E 
 272      B7A7B8
 273 0820 D1F5E617 		.ascii	"\321\365\346\027\004\315X}\3771\3543\330\320\025\211"
 273      04CD587D 
 273      FF31EC33 
 273      D8D01589 
 274 0830 17A3B1FC 		.ascii	"\027\243\261\374\330\015\223\215\235\016c\357\203\261"
 274      D80D938D 
 274      9D0E63EF 
 274      83B1
 275 083e EBE5C7BE 		.ascii	"\353\345\307\2764X\277\235\303\231ll\333i\336\235\235"
 275      3458BF9D 
 275      C3996C6C 
 275      DB69DE9D 
 275      9D
 276 084f E62B9A2F 		.ascii	"\346+\232/\266\271\341\\\326Vs5\242G\215\013\03022x"
 276      B6B9E15C 
 276      D6567335 
 276      A2478D0B 
 276      18323278 
 277 0863 F506C265 		.ascii	"\365\006\302e\014)>\277\1779tr\321\221\371<B\216c\350"
 277      0C293EBF 
 277      7F397472 
 277      D191F93C 
 277      428E63E8 
 278 0877 EF646775 		.ascii	"\357dgu\242\343\230\212\326\223*5\221\377\321\201\312"
 278      A2E3988A 
 278      D6932A35 
 278      91FFD181 
 278      CA
 279 0888 1217263F 		.ascii	"\022\027&??qin\001\025\\\004\025\232!\324\017)m\241"
 279      3F71696E 
 279      01155C04 
 279      159A21D4 
 279      0F296DA1 
 280 089c D59F4543 		.ascii	"\325\237EC\3530\250qPT\303E\014\202\236\335\331\325"
 280      EB30A871 
 280      5054C345 
 280      0C829EDD 
 280      D9D5
 281 08ae F6035EED 		.ascii	"\366\003^\355\265\016\0324G\200\374\200H~X)n\014dFo"
 281      B50E1A34 
 281      4780FC80 
 281      487E5829 
 281      6E0C6446 
 282 08c3 95199D6C 		.ascii	"\225\031\235l\335:{\343\220\270\347\270\317\002\247"
 282      DD3A7BE3 
 282      90B8E7B8 
 282      CF02A7
ARM GAS  C:\Users\ajink\AppData\Local\Temp\ccEvefQy.s 			page 22


 283 08d2 0D58EF17 		.ascii	"\015X\357\027Y\037y6\353\243\262\254Qrw\317\230\006"
 283      591F7936 
 283      EBA3B2AC 
 283      517277CF 
 283      9806
 284 08e4 D732239E 		.ascii	"\3272#\236\314?f\361\300\373\031r\272\347@\246\032\037"
 284      CC3F66F1 
 284      C0FB1972 
 284      BAE740A6 
 284      1A1F
 285 08f6 65C8FEF2 		.ascii	"e\310\376\362\2329\370\004+\037i\031\274\240\306=\014"
 285      9A39F804 
 285      2B1F6919 
 285      BCA0C63D 
 285      0C
 286 0907 29CBD9B6 		.ascii	")\313\331\266\207\035\311?\243K\366\352\215]J|\205\265"
 286      871DC93F 
 286      A34BF6EA 
 286      8D5D4A7C 
 286      85B5
 287 0919 A5B79CF5 		.ascii	"\245\267\234\365\300\017Y\371P|N\247\013^\255\241\310"
 287      C00F59F9 
 287      507C4EA7 
 287      0B5EADA1 
 287      C8
 288 092a DE9BDB36 		.ascii	"\336\233\3336\250\360\032\212(\3132\017n\262\355K-\371"
 288      A8F01A8A 
 288      28CB320F 
 288      6EB2ED4B 
 288      2DF9
 289 093c 10283DA0 		.ascii	"\020(=\240W\367\013\353uZ^\257\350+\225\0330Ne\343\215"
 289      57F70BEB 
 289      755A5EAF 
 289      E82B951B 
 289      304E65E3 
 290 0951 B4F715A8 		.ascii	"\264\367\025\250\361f\206\244\326f\2440\211y\212\017"
 290      F16686A4 
 290      D666A430 
 290      89798A0F 
 291 0961 5D487EEC 		.ascii	"]H~\354\206\267\262\306\210\301M\026\204w2\244\177U"
 291      86B7B2C6 
 291      88C14D16 
 291      847732A4 
 291      7F55
 292 0973 592687CB 		.ascii	"Y&\207\313\031\262ag\346c\027\\\303\220uI\027v\353\361"
 292      19B26167 
 292      E663175C 
 292      C3907549 
 292      1776EBF1 
 293 0987 7E86140F 		.ascii	"~\206\024\017\336Y\257\302\255\014\331u\355\314{\370"
 293      DE59AFC2 
 293      AD0CD975 
 293      EDCC7BF8 
 294 0997 38D36CD3 		.ascii	"8\323l\323\375\376V4\351\301\274_f\023Hm\220\0056\350"
 294      FDFE5634 
 294      E9C1BC5F 
 294      6613486D 
ARM GAS  C:\Users\ajink\AppData\Local\Temp\ccEvefQy.s 			page 23


 294      900536E8 
 295 09ab 031BF42A 		.ascii	"\003\033\364*'\356'a\204\314s\333\263\364\370<\033n"
 295      27EE2761 
 295      84CC73DB 
 295      B3F4F83C 
 295      1B6E
 296 09bd CBCAEE75 		.ascii	"\313\312\356u*\334\307\220\261\234\204\032\204\007\030"
 296      2ADCC790 
 296      B19C841A 
 296      840718
 297 09cc 72A9E4EA 		.ascii	"r\251\344\3525%\036fHZ{\342\011=^\255\245Hb\223\265"
 297      35251E66 
 297      485A7BE2 
 297      093D5EAD 
 297      A5486293 
 298 09e1 5385D76A 		.ascii	"S\205\327j\035f\272\236\315\364\374\236S\207\3248\203"
 298      1D66BA9E 
 298      CDF4FC9E 
 298      5387D438 
 298      83
 299 09f2 B5655AEF 		.ascii	"\265eZ\357_\322\342\255\014\271p \342\024\207\213\030"
 299      5FD2E2AD 
 299      0CB97020 
 299      E214878B 
 299      18
 300 0a03 B2B2A1E8 		.ascii	"\262\262\241\350\004\273q\373\230\036\276\017\246\336"
 300      04BB71FB 
 300      981EBE0F 
 300      A6DE
 301 0a11 77C57B59 		.ascii	"w\305{Y[dd}\263\0127i\035\302C\317\302\243j}\336A=n"
 301      5B64647D 
 301      B30A3769 
 301      1DC243CF 
 301      C2A36A7D 
 302 0a29 A56DBFBB 		.ascii	"\245m\277\273p)'\312\266\205\363\322\303)\235<=\351"
 302      702927CA 
 302      B685F3D2 
 302      C3299D3C 
 302      3DE9
 303 0a3b 76CED353 		.ascii	"v\316\323S\257'%/v|\207\242\376e\266\323\323\223\277"
 303      AF27252F 
 303      767C87A2 
 303      FE65B6D3 
 303      D393BF
 304 0a4e 7A2FFA23 		.ascii	"z/\372#{>~\250\256\333\372V\025[\217\311\214\350\000"
 304      7B3E7EA8 
 304      AEDBFA56 
 304      155B8FC9 
 304      8CE800
 305 0a61 AB65E297 		.ascii	"\253e\342\227\345\326c\272EI\332I\266(\304\276p\016"
 305      E5D663BA 
 305      4549DA49 
 305      B628C4BE 
 305      700E
 306 0a73 409BB064 		.ascii	"@\233\260d\345\316s\332\233\015%\364\014-X\027\311\347"
 306      E5CE73DA 
 306      9B0D25F4 
ARM GAS  C:\Users\ajink\AppData\Local\Temp\ccEvefQy.s 			page 24


 306      0C2D5817 
 306      C9E7
 307 0a85 BE8E12B0 		.ascii	"\276\216\022\260\036]\004\372x<\371\376\254\264\256"
 307      1E5D04FA 
 307      783CF9FE 
 307      ACB4AE
 308 0a94 BBF2ED4D 		.ascii	"\273\362\355M\274\245\011\241Q\330\030\034\177\246 "
 308      BCA509A1 
 308      51D8181C 
 308      7FA620
 309 0aa3 BC3536BF 		.ascii	"\27456\277\235nq\210\320\355\317\021\272\345\252*m:"
 309      9D6E7188 
 309      D0EDCF11 
 309      BAE5AA2A 
 309      6D3A
 310 0ab5 CDDEB582 		.ascii	"\315\336\265\202\320B\306e\273\252:\245m\2731t\246\307"
 310      D042C665 
 310      BBAA3AA5 
 310      6DBB3174 
 310      A6C7
 311 0ac7 E2D642B2 		.ascii	"\342\326B\262C\022\020\235\024#(\006{N\334\344'\202"
 311      4312109D 
 311      14232806 
 311      7B4EDCE4 
 311      2782
 312 0ad9 56E2723D 		.ascii	"V\342r=\312\226k\252y]w\255W53j.\020]\236\\>\351&\362"
 312      CA966BAA 
 312      795D77AD 
 312      5735336A 
 312      2E105D9E 
 313 0af2 11343F26 		.ascii	"\0214?&\315\343\020\333DJ\262\201*\301^\210\307\323"
 313      CDE310DB 
 313      444AB281 
 313      2AC15E88 
 313      C7D3
 314 0b04 5032C006 		.ascii	"P2\300\006\2005\000\353\001\262\001\326\001d\001<\206"
 314      803500EB 
 314      01B201D6 
 314      0164013C 
 314      86
 315 0b15 8DE43678 		.ascii	"\215\3446x\256\006\210\006\260\000\354\000xH6\233\360"
 315      AE068806 
 315      B000EC00 
 315      7848369B 
 315      F0
 316 0b26 CC0348C7 		.ascii	"\314\003H\307\342\205B\351\231\236QL\322\353\030\354"
 316      E28542E9 
 316      999E514C 
 316      D2EB18EC 
 317 0b36 BC9E88E7 		.ascii	"\274\236\210\347\256M6-\005\177\024\276\301\374A\334"
 317      AE4D362D 
 317      057F14BE 
 317      C1FC41DC 
 318 0b46 F71439B9 		.ascii	"\367\0249\271\333\311\306\327\266\221\300\260Q\346<"
 318      DBC9C6D7 
 318      B691C0B0 
 318      51E63C
ARM GAS  C:\Users\ajink\AppData\Local\Temp\ccEvefQy.s 			page 25


 319 0b55 8372C481 		.ascii	"\203r\304\2012F\236\222z#\241\247\364\217\344\212`#"
 319      32469E92 
 319      7A23A1A7 
 319      F48FE48A 
 319      6023
 320 0b67 D0584567 		.ascii	"\320XEg\304c\207\013\015\247\335g\012\030,G0^\001\224"
 320      C463870B 
 320      0DA7DD67 
 320      0A182C47 
 320      305E0194 
 321 0b7b 5762FBEE 		.ascii	"Wb\373\356\223'1\366s\246S\024\220\014:\2070;\007\330"
 321      932731F6 
 321      73A65314 
 321      900C3A87 
 321      303B07D8 
 322 0b8f 43982F2D 		.ascii	"C\230/-:[\201WRz\022\020\247\200>\016\236' Q\236\234"
 322      3A5B8157 
 322      527A1210 
 322      A7803E0E 
 322      9E272051 
 323 0ba5 1893C03D 		.ascii	"\030\223\300=W\340N\274}U\236\273\304\355\026*\271\235"
 323      57E04EBC 
 323      7D559EBB 
 323      C4ED162A 
 323      B99D
 324 0bb7 1BA47E6A 		.ascii	"\033\244~j\016\"y!H\036\001n[\213%{\347\204\236\021"
 324      0E227921 
 324      481E016E 
 324      5B8B257B 
 324      E7849E11 
 325 0bcb 61426580 		.ascii	"aBe\200\365.\311O(&\2754\256\366\001A\003!\350\024\344"
 325      F52EC94F 
 325      2826BD34 
 325      AEF60141 
 325      0321E814 
 326 0be0 270314C1 		.ascii	"'\003\024\301\000\253`\200Ra\000i\207s \0219%\240\363"
 326      00AB6080 
 326      52610069 
 326      87732011 
 326      3925A0F3 
 327 0bf4 C210A4C3 		.ascii	"\302\020\244\303N\350\260\035:\014CP\305\012\235\244"
 327      4EE8B01D 
 327      3A0C4350 
 327      C50A9DA4 
 328 0c04 B361CCE1 		.ascii	"\263a\314\341\330@\334\313\3345\031\015J\003\206\"\231"
 328      D840DCCB 
 328      DC35190D 
 328      4A038622 
 328      99
 329 0c15 747CBB45 		.ascii	"t|\273E\236\300Dx\206Eh\366zC\310^\344\024\221\353l"
 329      9EC04478 
 329      864568F6 
 329      7A43C85E 
 329      E41491EB 
 330 0c2a 72E7F3A2 		.ascii	"r\347\363\2425\361\020K\033d\3401\331\220\226\034.\037"
 330      35F1104B 
 330      1B64E031 
ARM GAS  C:\Users\ajink\AppData\Local\Temp\ccEvefQy.s 			page 26


 330      D990961C 
 330      2E1F
 331 0c3c D923754C 		.ascii	"\331#uL6R\305\343\030$\216>\375a\2228H\\\015\210\261"
 331      3652C5E3 
 331      18248E3E 
 331      FD619238 
 331      485C0D88 
 332 0c51 9A239D52 		.ascii	"\232#\235R n\336\217\205\274\000\273{T\354,\356\204"
 332      206EDE8F 
 332      85BC00BB 
 332      7B54EC2C 
 332      EE84
 333 0c63 93F00E9B 		.ascii	"\223\360\016\233\000\333\234I\273\235H3ib&\331\346\266"
 333      00DB9C49 
 333      BB9D4833 
 333      696226D9 
 333      E6B6
 334 0c75 33E990E3 		.ascii	"3\351\220\343\351\326\272f\007\263\001\271u\211\220"
 334      E9D6BA66 
 334      07B301B9 
 334      758990
 335 0c84 B7D884DC 		.ascii	"\267\330\204\334d\017\211Hp\303\263BB\260F\251\276\220"
 335      640F8948 
 335      70C3B342 
 335      42B046A9 
 335      BE90
 336 0c96 5883A4C8 		.ascii	"X\203\244\310\373\2425@\023\305\204h\263\247\275Q\301"
 336      FBA23540 
 336      13C58468 
 336      B3A7BD51 
 336      C1
 337 0ca7 1FFF8AB4 		.ascii	"\037\377\212\264'\230\337\372\236`\376yzt\327Y\365{"
 337      2798DFFA 
 337      9E60FE79 
 337      7A74D759 
 337      F57B
 338 0cb9 4EB700F5 		.ascii	"N\267\000\365\3648\236\017*\234\235<\201K\303{#\226"
 338      F4389E0F 
 338      2A9C9D3C 
 338      814BC37B 
 338      2396
 339 0ccb 4E810CA6 		.ascii	"N\201\014\246l\212L\222RPnD\317b\320\363\021\310\373"
 339      6C8A4C92 
 339      52506E44 
 339      CF62D0F3 
 339      11C8FB
 340 0cde 00602BC8 		.ascii	"\000`+\310;\002\317\315\360|J\356\012$\262[/\012\353"
 340      3B02CFCD 
 340      F07C4AEE 
 340      0A24B25B 
 340      2F0AEB
 341 0cf1 1D597AAF 		.ascii	"\035Yz\257<g\275\253\243\353\0359\031U\312\255wb~\263"
 341      3C67BDAB 
 341      A3EB1D39 
 341      1955CAAD 
 341      77627EB3 
 342 0d05 8CBE032C 		.ascii	"\214\276\003,Ij\273.\020\332\247\336\015\247\240\331"
ARM GAS  C:\Users\ajink\AppData\Local\Temp\ccEvefQy.s 			page 27


 342      496ABB2E 
 342      10DAA7DE 
 342      0DA7A0D9 
 343 0d15 2C9938DB 		.ascii	",\2318\333\345\203Q2s\330]\013\030\371\330\363\226>"
 343      E5835132 
 343      73D85D0B 
 343      18F9D8F3 
 343      963E
 344 0d27 A7EC0D9B 		.ascii	"\247\354\015\233.\331\354-5s\274\203\231s\261}\335\265"
 344      2ED9EC2D 
 344      3573BC83 
 344      9973B17D 
 344      DDB5
 345 0d39 B6EF6877 		.ascii	"\266\357hw\345AurXj\224S\275IiO\326\011=\003\222\324"
 345      E5417572 
 345      586A9453 
 345      BD49694F 
 345      D6093D03 
 346 0d4f 7E41C874 		.ascii	"~A\310t\223\247v\313\273,\265\223\015\307M\371\275\217"
 346      93A776CB 
 346      BB2CB593 
 346      0DC74DF9 
 346      BD8F
 347 0d61 E8817C3A 		.ascii	"\350\201|:\033\311\004\273#?\033\231\255\244Z\3059h"
 347      1BC904BB 
 347      233F1B99 
 347      ADA45AC5 
 347      3968
 348 0d73 95CFB4A2 		.ascii	"\225\317\264\242w \003\364\016\204d\022\307;\220\\\246"
 348      772003F4 
 348      0E846412 
 348      C73B905C 
 348      A6
 349 0d84 461F5DCA 		.ascii	"F\037]\312\343\345\233a'\362\032i\216\221m\036*:[\352"
 349      E3E59B61 
 349      27F21A69 
 349      8E916D1E 
 349      2A3A5BEA 
 350 0d98 13012B6C 		.ascii	"\023\001+l\234|s]\367\300\233d\001\006\017\3124[\343"
 350      9C7C735D 
 350      F7C09B64 
 350      01060FCA 
 350      345BE3
 351 0dab E81DD4A6 		.ascii	"\350\035\324\246\011}-\214u\355\037\331bEN$g\204\245"
 351      097D2D8C 
 351      75ED1FD9 
 351      62454E24 
 351      6784A5
 352 0dbe 472ECF90 		.ascii	"G.\317\220\355qf\373-\214\237\350\350\256\267\276\242"
 352      ED7166FB 
 352      2D8C9FE8 
 352      E8AEB7BE 
 352      A2
 353 0dcf A9558B23 		.ascii	"\251U\213#\\\331\301\341i\361~=\216aH\331\203\234<\035"
 353      5CD9C1E1 
 353      69F17E3D 
 353      8E6148D9 
ARM GAS  C:\Users\ajink\AppData\Local\Temp\ccEvefQy.s 			page 28


 353      839C3C1D 
 354 0de3 7BA5F6A2 		.ascii	"{\245\366\242\227\340Q\233\306\037`\274\236\365\317"
 354      97E0519B 
 354      C61F60BC 
 354      9EF5CF
 355 0df2 3DBD2603 		.ascii	"=\275&\003\3434\206\244?*\311w\305[\031\322\316\247"
 355      E33486A4 
 355      3F2AC977 
 355      C55B19D2 
 355      CEA7
 356 0e04 25BBE3ED 		.ascii	"%\273\343\355\014\331\276~8\326\003\2272\344JQs\216"
 356      0CD9BE7E 
 356      38D60397 
 356      32E44A51 
 356      738E
 357 0e16 3B2E67C8 		.ascii	";.g\310\326\253\343#z\\\307\220\361=i-n\270\201!-\373"
 357      D6ABE323 
 357      7A5CC790 
 357      F13D692D 
 357      6EB88121 
 358 0e2c 32AEC031 		.ascii	"2\256\3001\206!O\306\362o\273\341c\014\211/?\237\254"
 358      86214FC6 
 358      F26FBBE1 
 358      630C892F 
 358      3F9FAC
 359 0e3f C1671872 		.ascii	"\301g\030r\352\340\231sn\370\022C\206\022wf\270\342"
 359      EAE09973 
 359      6EF81243 
 359      86127766 
 359      B8E2
 360 0e51 EB0C799C 		.ascii	"\353\014y\234P\336\254\304w\031rz\355h\233\012\2172"
 360      50DEACC4 
 360      7719727A 
 360      ED689B0A 
 360      8F32
 361 0e63 A468FF93 		.ascii	"\244h\377\223(W\014\233}\202\334\037\334\330\255\306"
 361      28570C9B 
 361      7D82DC1F 
 361      DCD8ADC6 
 362 0e73 490C3977 		.ascii	"I\0149w\243\250W\217\327S\344\345\366=Y\277B\266\033"
 362      A3A8578F 
 362      D753E4E5 
 362      F63D59BF 
 362      42B61B
 363 0e86 5DFB0FCE 		.ascii	"]\373\017\316\0004\367\025\337\334\361Jf)\337\020\201"
 363      0034F715 
 363      DFDCF14A 
 363      6629DF10 
 363      81
 364 0e97 E9CB854A 		.ascii	"\351\313\205J\014\373}2\357m\346\373\205\303\364\200"
 364      0CFB7D32 
 364      EF6DE6FB 
 364      85C3F480 
 365 0ea7 08EEFAAB 		.ascii	"\010\356\372\253\215\266\332\231\226\371\356\272\375"
 365      8DB6DA99 
 365      96F9EEBA 
 365      FD
ARM GAS  C:\Users\ajink\AppData\Local\Temp\ccEvefQy.s 			page 29


 366 0eb4 6D98B5BA 		.ascii	"m\230\265\272+\027\245\361\226F\204*0\234\252\235\351"
 366      2B17A5F1 
 366      9646842A 
 366      309CAA9D 
 366      E9
 367 0ec5 9DD24E84 		.ascii	"\235\322N\204\265\250\313\314\310\011\373zg\362ng\366"
 367      B5A8CBCC 
 367      C809FB7A 
 367      67F26E67 
 367      F6
 368 0ed6 C50EECF7 		.ascii	"\305\016\354\367\311\323K^\316\3451\331\011q\225\274"
 368      C9D34B5E 
 368      CEE531D9 
 368      097195BC 
 369 0ee6 EC8EEB9B 		.ascii	"\354\216\353\233I\274\300UPj\222}NC\3669\001\231\370"
 369      49BCC055 
 369      506A927D 
 369      4E43F639 
 369      0199F8
 370 0ef9 24C07180 		.ascii	"$\300q\200C\000G\001\016\003\364\000\034\003h\007h\005"
 370      43004701 
 370      0E03F400 
 370      1C036807 
 370      6805
 371 0f0b 3802D009 		.ascii	"8\002\320\011p\012\240\033\240\005\240\013\340\014@"
 371      700AA01B 
 371      A005A00B 
 371      E00C40
 372 0f1a 873D8B83 		.ascii	"\207=\213\203d\205\242du\362j\210\031\267Nj\244fgj\266"
 372      6485A264 
 372      75F26A88 
 372      19B74E6A 
 372      A466676A 
 373 0f2f 99BC6EB7 		.ascii	"\231\274n\267\251e\247\350\260Zy\245m\336\005\213nq"
 373      A965A7E8 
 373      B05A79A5 
 373      6DDE058B 
 373      6E71
 374 0f41 B0E85ED9 		.ascii	"\260\350^\331`\220\370\253D*J\203\274\340\022\356\031"
 374      6090F8AB 
 374      442A4A83 
 374      BCE012EE 
 374      19
 375 0f52 0EDC77CB 		.ascii	"\016\334w\313r\027\365\314\2242\337#K,Q\263FT\363\200"
 375      7217F5CC 
 375      9432DF23 
 375      4B2C51B3 
 375      4654F380 
 376 0f66 7C9C4904 		.ascii	"|\234I\004\251t\020\244Q\236^\224\244J*I\223<\365u\361"
 376      A97410A4 
 376      519E5E94 
 376      A44A2A49 
 376      933CF575 
 377 0f7b 0A3EBD8B 		.ascii	"\012>\275\213\276\226m\223\311\1770v\201\303\3305\362"
 377      BE966D93 
 377      C97F3076 
 377      81C3D835 
ARM GAS  C:\Users\ajink\AppData\Local\Temp\ccEvefQy.s 			page 30


 377      F2
 378 0f8c 2E91046D 		.ascii	".\221\004m\255\030\032\007\345\235-$K\345\335\201\203"
 378      AD181A07 
 378      E59D2D24 
 378      4BE5DD81 
 378      83
 379 0f9d 6DD8F6   		.ascii	"m\330\366"
 380 0fa0 CAB7BE8B 		.ascii	"\312\267\276\213\274\362=\007\324\345X\374\012\001;"
 380      BCF23D07 
 380      D4E558FC 
 380      0A013B
 381 0faf BFF29584 		.ascii	"\277\362\225\2048:\013\221\375\257\212rr\273s\342\311"
 381      383A0B91 
 381      FDAF8A72 
 381      72BB73E2 
 381      C9
 382 0fc0 6EC77BED 		.ascii	"n\307{\355s\016K\333yl\273\327\336c\311\250\347\360"
 382      730E4BDB 
 382      796CBBD7 
 382      DE63C9A8 
 382      E7F0
 383 0fd2 1696CB36 		.ascii	"\026\226\3136\024\366?\325\343\255\014\211\333\260\276"
 383      14F63FD5 
 383      E3AD0C89 
 383      DBB0BE
 384 0fe1 19E13D0C 		.ascii	"\031\341=\014\351\254x\032\251\301\325\014\311\212I"
 384      E9AC781A 
 384      A9C1D50C 
 384      C98A49
 385 0ff0 39ABC10D 		.ascii	"9\253\301\015\014)\1778\324\244\303\007)\342\022\373"
 385      0C297F38 
 385      D4A4C307 
 385      29E212FB 
 386 1000 30EB1042 		.ascii	"0\353\020B4\371\321/\026\254mU\271\210\255\331\3445"
 386      34F9D12F 
 386      16AC6D55 
 386      B988ADD9 
 386      E435
 387 1012 7D2F98E7 		.ascii	"}/\230\347\312\344g\003\360\300\321*\373;\375\313\362"
 387      CAE46703 
 387      F0C0D12A 
 387      FB3BFDCB 
 387      F2
 388 1023 C4936E8B 		.ascii	"\304\223n\213\025\224\232\030\364\032\030t\000\014r"
 388      15949A18 
 388      F41A1874 
 388      000C72
 389 1032 15A01FA0 		.ascii	"\025\240\037\240O:\375\217\210#\\r\036\301\371s\204"
 389      4F3AFD8F 
 389      88235C72 
 389      1EC1F973 
 389      84
 390 1043 5691D62A 		.ascii	"V\221\326*K+\276$9\\E\003\361\312\204@\204`YUR\222\344"
 390      4B2BBE24 
 390      395C4503 
 390      F1CA8440 
 390      84605955 
ARM GAS  C:\Users\ajink\AppData\Local\Temp\ccEvefQy.s 			page 31


 391 105a 823CBD64 		.ascii	"\202<\275d7\363\327A\330\347\011NGh\257\"Q6\010\244"
 391      37F3D741 
 391      D8E7094E 
 391      4768AF22 
 391      513608A4 
 392 106e 17C528BB 		.ascii	"\027\305(\273b\2132\362r(\371Z\233\233\203\323\007\035"
 392      628B32F2 
 392      7228F95A 
 392      9B9B83D3 
 392      071D
 393 1080 9C7EC3EE 		.ascii	"\234~\303\356\364{7v\033q+\363\337i\353\336-Z\207^D"
 393      F47B3776 
 393      1B712BF3 
 393      DF69EBDE 
 393      2D5A875E 
 394 1095 5DB1D72D 		.ascii	"]\261\327-{\257\201\210\221X\204;Y\267\264\334\3542"
 394      7BAF8188 
 394      9158843B 
 394      59B7B4DC 
 394      EC32
 395 10a7 37DCCD90 		.ascii	"7\334\315\220\330\244\201=\032|\201!\326\261\314'j<"
 395      D8A4813D 
 395      1A7C8121 
 395      D6B1CC27 
 395      6A3C
 396 10b9 4011F579 		.ascii	"@\021\365y\313\326\307Z\304\326B/\271\0031l\032\004"
 396      CBD6C75A 
 396      C4D6422F 
 396      B903316C 
 396      1A04
 397 10cb E51F81F2 		.ascii	"\345\037\201\362\303\344\350@\266\340\000\017\000\356"
 397      C3E4E840 
 397      B6E0000F 
 397      00EE
 398 10d9 4B8F0E17 		.ascii	"K\217\016\027\357\325\276QU\3147\254\304\364E\306]\260"
 398      EFD5BE51 
 398      55CC37AC 
 398      C4F445C6 
 398      5DB0
 399 10eb C23D7173 		.ascii	"\302=qs\351\270 \222k2\272\003'\224w\344(\337\265\247"
 399      E9B82092 
 399      6B32BA03 
 399      279477E4 
 399      28DFB5A7 
 400 10ff 9C78615B 		.ascii	"\234xa[}\213\034\334\004\322I\317\243q\3648\010\246"
 400      7D8B1CDC 
 400      04D249CF 
 400      A371F438 
 400      08A6
 401 1111 44376549 		.ascii	"D7eI\305L\226 l\204\211\004Cr\022\210\301\023\273\203"
 401      C54C9620 
 401      6C848904 
 401      43721288 
 401      C113BB83 
 402 1125 6CE2EEC9 		.ascii	"l\342\356\311\304\016:W\361\240S\211\363\334\350u\254"
 402      C40E3A57 
 402      F1A05389 
ARM GAS  C:\Users\ajink\AppData\Local\Temp\ccEvefQy.s 			page 32


 402      F3DCE875 
 402      AC
 403 1136 2566FD11 		.ascii	"%f\375\021\255-\353\244-\321\240Q\340\371X\214\206{"
 403      AD2DEBA4 
 403      2DD1A051 
 403      E0F9588C 
 403      867B
 404 1148 13728EF4 		.ascii	"\023r\216\364\352\341\011\030\370E\214M\246\373@L\266"
 404      EAE10918 
 404      F8458C4D 
 404      A6FB404C 
 404      B6
 405 1159 9BA7C0C5 		.ascii	"\233\247\300\3052\031\027\305\263X<\254\2168\3129\304"
 405      321917C5 
 405      B3583CAC 
 405      8E38CA39 
 405      C4
 406 116a D5538768 		.ascii	"\325S\207h\034\263\307\025_\336\032\243\3055n,\353\334"
 406      1CB3C715 
 406      5FDE1AA3 
 406      C5356E2C 
 406      EBDC
 407 117c DF3EACC5 		.ascii	"\337>\254\305\215\014izp\243\311\005\037bH}V\3016\214"
 407      8D0C697A 
 407      70A3C905 
 407      1F62487D 
 407      56C1368C 
 408 1190 8F53E4C7 		.ascii	"\217S\344\307\373\036\336nwC\344\036\225\203l\343\351"
 408      FB1EDE6E 
 408      7743E41E 
 408      95836CE3 
 408      E9
 409 11a1 49AE5DC9 		.ascii	"I\256]\311U\353k\344\326\325\013Jz\266\345\252\031\256"
 409      55EB6BE4 
 409      D6D50B4A 
 409      7AB6E5AA 
 409      19AE
 410 11b3 FCF73A76 		.ascii	"\374\367:v\334$_\211Ep\030%p\022\237\335p\274m\212\260"
 410      DC245F89 
 410      45701825 
 410      70129FDD 
 410      70BC6D8A 
 411 11c8 C67574D0 		.ascii	"\306ut\320`\330\302\351\321\010r\242\226\004\203T\261"
 411      60D8C2E9 
 411      D10872A2 
 411      96048354 
 411      B1
 412 11d9 344EAA58 		.ascii	"4N\252X4'\036\033n\006kP\034\264\016\213\027|\361\234"
 412      34271E1B 
 412      6E066B50 
 412      1CB40E8B 
 412      177CF19C 
 413 11ed E02325A3 		.ascii	"\340#%\243E\177\341\330\310\255%ld\"\347Jy9\305\303"
 413      457FE1D8 
 413      C8AD256C 
 413      6422E74A 
 413      7939C5C3 
ARM GAS  C:\Users\ajink\AppData\Local\Temp\ccEvefQy.s 			page 33


 414 1201 CD8D4497 		.ascii	"\315\215D\227\274\351t\215|\010\254\201\247\374\316"
 414      BCE9748D 
 414      7C08AC81 
 414      A7FCCE
 415 1210 50360E56 		.ascii	"P6\016Vq^\264\007\211\203\315P^\307MC\231\000\353\001"
 415      715EB407 
 415      8983CD50 
 415      5EC74D43 
 415      9900EB01 
 416 1224 62B98957 		.ascii	"b\271\211WQ\342T\375Gz\355\200^\344H\206\362\005+\222"
 416      51E254FD 
 416      477AED80 
 416      5EE44886 
 416      F2052B92 
 417 1238 8EE9D031 		.ascii	"\216\351\3201\005:D\001l\002\310\000\310\002H\004H\006"
 417      053A4401 
 417      6C02C800 
 417      C8024804 
 417      4806
 418 124a 880188E4 		.ascii	"\210\001\210\344$G\356j\301\035\020-h\034;\031E\262"
 418      2447EE6A 
 418      C11D102D 
 418      681C3B19 
 418      45B2
 419 125c 24536B17 		.ascii	"$Sk\027\267\271\3034\"\336\310\027\355\235\3009\316"
 419      B7B9C334 
 419      22DEC817 
 419      ED9DC039 
 419      CE
 420 126d 09CB64B6 		.ascii	"\011\313d\266P\310\252D\245\250\227H\301;\273Fza\311"
 420      50C8AA44 
 420      A5A89748 
 420      C13BBB46 
 420      7A61C9
 421 1280 B603893A 		.ascii	"\266\003\211:\020c\003\270v\277(\306FN\257\020\031\216"
 421      106303B8 
 421      76BF28C6 
 421      464EAF10 
 421      198E
 422 1292 1575D0DC 		.ascii	"\025u\320\334@\276\032\255\027\354#\344\006\247{\204"
 422      40BE1AAD 
 422      17EC23E4 
 422      06A77B84 
 423 12a2 8E22926F 		.ascii	"\216\"\222o\010\263\003\202\243'\273q\030\260\207\304"
 423      08B30382 
 423      A327BB71 
 423      18B087C4 
 424 12b2 03F990A0 		.ascii	"\003\371\220\240\244\251\302\211\377%N\372\201\214\002"
 424      A4A9C289 
 424      FF254EFA 
 424      818C02
 425 12c1 A572AFC1 		.ascii	"\245r\257\301\337\325\034\347\024\333P/\216\270\026"
 425      DFD51CE7 
 425      14DB502F 
 425      8EB816
 426 12d0 AC058AC8 		.ascii	"\254\005\212\310\334*J\311\024\022\032\331\210H\002"
 426      DC2A4AC9 
ARM GAS  C:\Users\ajink\AppData\Local\Temp\ccEvefQy.s 			page 34


 426      14121AD9 
 426      884802
 427 12df 36FF6C44 		.ascii	"6\377lDX\326\224\020\203\220K\255]\316\361\340\234V"
 427      58D69410 
 427      83904BAD 
 427      5DCEF1E0 
 427      9C56
 428 12f1 1F2792B4 		.ascii	"\037'\222\264J\002@\346\340|\244\2104\306Oh$\007gkf"
 428      4A0240E6 
 428      E07CA488 
 428      34C64F68 
 428      2407676B 
 429 1306 C93CE26F 		.ascii	"\311<\342or\231T&\214b_\260'|\377r\216\272\210|C7(\353"
 429      72995426 
 429      8C625FB0 
 429      277CFF72 
 429      8EBA887C 
 430 131e A2890963 		.ascii	"\242\211\011c\215C\302\330\302\211\267'\305B\244\301"
 430      8D43C2D8 
 430      C289B727 
 430      C542A4C1 
 431 132e 060D5D70 		.ascii	"\006\015]p\326Oz\206#\251\003\222biS\323+8\305\235\256"
 431      D64F7A86 
 431      23A90392 
 431      626953D3 
 431      2B38C59D 
 432 1343 0EABB247 		.ascii	"\016\253\262G\363\335l\357X3;\036\317'\267\012[9\035"
 432      F3DD6CEF 
 432      58333B1E 
 432      CF27B70A 
 432      5B391D
 433 1356 B2702FFA 		.ascii	"\262p/\372YW67\361\215\036aA^\\?\271|\222{m\262\360"
 433      59573637 
 433      F18D1E61 
 433      415E5C3F 
 433      B97C927B 
 434 136d C9A1E1F3 		.ascii	"\311\241\341\363\027\216e\364\241&\013\217\360fw\366"
 434      178E65F4 
 434      A1260B8F 
 434      F06677F6 
 435 137d 6DDBB59A 		.ascii	"m\333\265\232\006<u\013o)\035\352x44\003v\203\021\374"
 435      063C750B 
 435      6F291DEA 
 435      78343403 
 435      768311FC 
 436 1391 D8F838A2 		.ascii	"\330\3708\242\235P\256]6\005)S\331\3206n*9s\267\247"
 436      9D50AE5D 
 436      36052953 
 436      D9D0366E 
 436      2A3973B7 
 437 13a6 5FD4E1DD 		.ascii	"_\324\341\335\214K}\365\223$D\271X\236\226\361\237E"
 437      8C4B7DF5 
 437      932444B9 
 437      589E96F1 
 437      9F45
 438 13b8 F1A3E3E3 		.ascii	"\361\243\343\343\230r\330.\341\260\335\306a\007\345"
 438      9872D82E 
ARM GAS  C:\Users\ajink\AppData\Local\Temp\ccEvefQy.s 			page 35


 438      E1B0DDC6 
 438      6107E5
 439 13c7 D0D451B9 		.ascii	"\320\324Q\271\001q$\321~\245#\302\221\317\263Rj\326"
 439      017124D1 
 439      7EA523C2 
 439      91CFB352 
 439      6AD6
 440 13d9 696C5579 		.ascii	"ilUy\034\255[\177-\265\313\305V\227\317\3526\335xP\215"
 440      1CAD5B7F 
 440      2DB5CBC5 
 440      5697CFEA 
 440      36DD7850 
 441 13ee A5EA7E25 		.ascii	"\245\352~%\335\024\355\244\352\026p\202\276\335\225"
 441      DD14EDA4 
 441      EA167082 
 441      BEDD95
 442 13fd 69575D70 		.ascii	"iW]p#\223\264\342dS\266\016$--\265\326\347\030\033\230"
 442      2393B4E2 
 442      6453B60E 
 442      242D2DB5 
 442      D6E7181B 
 443 1412 A4B40B2A 		.ascii	"\244\264\013*\224\210Zh\023\265\210\212\372\260ow\254"
 443      94885A68 
 443      13B5888A 
 443      FAB06F77 
 443      AC
 444 1423 3B95610B 		.ascii	";\225a\013[\023\3107r+-\2539\316\266N\024\013\302&\217"
 444      5B13C837 
 444      722B2DAB 
 444      39CEB64E 
 444      140BC226 
 445 1438 DDF498D4 		.ascii	"\335\364\230\324\017\245T\260\022\233`\321w\316mD\270"
 445      0FA554B0 
 445      129B60D1 
 445      77CE6D44 
 445      B8
 446 1449 9B095696 		.ascii	"\233\011V\226\334qA\015\202Y\371\241\302\310\355_\254"
 446      DC71410D 
 446      8259F9A1 
 446      C2C8ED5F 
 446      AC
 447 145a 8D4CCEE5 		.ascii	"\215L\316\345\255\343\343o\322^h\227D\266]6\331\312"
 447      ADE3E36F 
 447      D25E6897 
 447      44B65D36 
 447      D9CA
 448 146c A86C299D 		.ascii	"\250l)\235G\313]\261\225EYq\345\305\333\032{\224\225"
 448      47CB5DB1 
 448      95455971 
 448      E5C5DB1A 
 448      7B9495
 449 147f 0CD328DB 		.ascii	"\014\323(\333\015QV\376\302QV!\023e\344\335\375\311"
 449      0D5156FE 
 449      C2515621 
 449      1365E4DD 
 449      FDC9
 450 1491 C7FB3155 		.ascii	"\307\3731U\227\004-3\301\2325\267\352\324\264\216\014"
ARM GAS  C:\Users\ajink\AppData\Local\Temp\ccEvefQy.s 			page 36


 450      97042D33 
 450      C19A35B7 
 450      EAD4B48E 
 450      0C
 451 14a2 B18799A0 		.ascii	"\261\207\231\240-\341n;\253$\223n/\253\254\252\275\364"
 451      2DE16E3B 
 451      AB24936E 
 451      2FABACAA 
 451      BDF4
 452 14b4 5433A95D 		.ascii	"T3\251]\252\250]*mv\351h\254M\365\3007\231]\356\265"
 452      AAA85D2A 
 452      6D76E968 
 452      AC4DF5C0 
 452      37995DEE 
 453 14c9 0FA5ABA8 		.ascii	"\017\245\253\250]\254\361\361\315z\313a\276a|\374S\332"
 453      5DACF1F1 
 453      CD7ACB61 
 453      BE617CFC 
 453      53DA
 454 14db 07554BAC 		.ascii	"\007UK\254Rm\263J\015\265J\373\026K\205\007\216\364"
 454      526DB34A 
 454      0DB54AFB 
 454      164B8507 
 454      8EF4
 455 14ed A05669DC 		.ascii	"\240Vi\334u2\035\333\254r\246\247b\001\261J=\210\\+"
 455      75321DDB 
 455      AC72A6A7 
 455      6201B14A 
 455      3D885C2B 
 456 1501 5AE5FEB3 		.ascii	"Z\345\376\263\277 \255\343d/\317\366\247_\212v\243\312"
 456      BF20ADE3 
 456      642FCFF6 
 456      A75F8A76 
 456      A3CA
 457 1513 D6DBAD92 		.ascii	"\326\333\255\222\323VS\240\233T\327\006\252\353>\233"
 457      D35653A0 
 457      9B54D706 
 457      AAEB3E9B 
 458 1523 AEB7872A 		.ascii	"\256\267\207*\007\2258\321\203\275`o?X\256c1P\371\264"
 458      079538D1 
 458      83BD606F 
 458      3F58AE63 
 458      3150F9B4 
 459 1537 F295B432 		.ascii	"\362\225\2642\276\211\006(B\244\033j\224\250\333hS\267"
 459      BE890628 
 459      42A41B6A 
 459      94A8DB68 
 459      53B7
 460 1549 89AA9BDA 		.ascii	"\211\252\233\332\227Y\214q\023c\3037\327\014\342\237"
 460      97598C71 
 460      1363C337 
 460      D70CE29F 
 461 1559 65133635 		.ascii	"e\02365\303y\237\026D\0206\374\330\2470%\311\362\273"
 461      C3799F16 
 461      441036FC 
 461      D8A73025 
 461      C9F2BB
ARM GAS  C:\Users\ajink\AppData\Local\Temp\ccEvefQy.s 			page 37


 462 156c 9FB1B167 		.ascii	"\237\261\261g|\005\251\241\274\016p?\203\356\333\206"
 462      7C05A9A1 
 462      BC0E703F 
 462      83EEDB86 
 463 157c C6F679E0 		.ascii	"\306\366y\340\303\214W\356\236\262A\374f\247G&\257\241"
 463      C38C57EE 
 463      9EB241FC 
 463      66A74726 
 463      AFA1
 464 158e F216DDCE 		.ascii	"\362\026\335\316\277J\336\347\323\025\023\360\343\251"
 464      BF4ADEE7 
 464      D31513F0 
 464      E3A9
 465 159c 96CBE44D 		.ascii	"\226\313\344M\375U\244\347\223\243xj\000\333\377\214"
 465      FD55A4E7 
 465      93A3786A 
 465      00DBFF8C 
 466 15ac 98CAFE67 		.ascii	"\230\312\376g\204\355\203\233\251\354\203\233\254\252"
 466      84ED839B 
 466      A9EC839B 
 466      ACAA
 467 15ba FE28CD87 		.ascii	"\376(\315\207\025|\214e*M\265d]?\304M\241k\373ax\222"
 467      157C8C65 
 467      2A4DB564 
 467      5D3FC44D 
 467      A16BFB61 
 468 15d0 F5BD059E 		.ascii	"\365\275\005\236\260\306\243V\216Zy<\267\377\270\007"
 468      B0C6A356 
 468      8E5A793C 
 468      B7FFB807 
 469 15e0 28346481 		.ascii	"(4d\201$\225;7\205\347\301\223C\343\237\276I\031\034"
 469      24953B37 
 469      85E7C193 
 469      43E39FBE 
 469      49191C
 470 15f3 14F41177 		.ascii	"\024\364\021wB\244\246\231\203\251s\204\373P\201\216"
 470      42A4A699 
 470      83A97384 
 470      FB50818E 
 471 1603 52AD366E 		.ascii	"R\2556n8\222\241\306}T+\256\357\321\205a5\232\242\365"
 471      3892A1C6 
 471      7D542BAE 
 471      EFD18561 
 471      359AA2F5 
 472 1617 9A42BE60 		.ascii	"\232B\276`\353\340\264\212\325\354\277\226$\277\364"
 472      EBE0B48A 
 472      D5ECBF96 
 472      24BFF4
 473 1626 37FBD746 		.ascii	"7\373\327F\307\300\345\244\011f\014\210s\234c\237O\220"
 473      C7C0E5A4 
 473      09660C88 
 473      739C639F 
 473      4F90
 474 1638 6FE2A016 		.ascii	"o\342\240\026\265q\316\337\3041F0\324\276\301\366&5"
 474      B571CEDF 
 474      C4314630 
 474      D4BEC1F6 
ARM GAS  C:\Users\ajink\AppData\Local\Temp\ccEvefQy.s 			page 38


 474      2635
 475 164a 1E64066C 		.ascii	"\036d\006lNo\276\253\006\331\371\255\326\314\352E\015"
 475      4E6FBEAB 
 475      06D9F9AD 
 475      D6CCEA45 
 475      0D
 476 165b 2B799A5E 		.ascii	"+y\232^)\213NAp\333\177\220\351$,\311`\012t\202\312"
 476      298B4E41 
 476      70DB7F90 
 476      E9242CC9 
 476      600A7482 
 477 1670 5CD09B17 		.ascii	"\\\320\233\027\357xflpX\311O\262\265\211<\211\225\212"
 477      EF78666C 
 477      7058C94F 
 477      B2B5893C 
 477      89958A
 478 1683 0B963810 		.ascii	"\013\2268\020W9\020w\011\304]\224x\250\272\260_\347"
 478      57391077 
 478      09C45D94 
 478      78A8BAB0 
 478      5FE7
 479 1695 405DEA40 		.ascii	"@]\352@}J\240>E\251[\353\353\312\035\217\241D~\221\272"
 479      7D4AA03E 
 479      45A95BEB 
 479      EBCA1D8F 
 479      A1447E91 
 480 16aa 5BA0264F 		.ascii	"[\240&O\355\202\371sg\233\002\2777\232\\\276\374\366"
 480      ED82F973 
 480      679B02BF 
 480      379A5CBE 
 480      FCF6
 481 16bc 4F537D14 		.ascii	"OS}\024\272\360\260\300p\263\237\331h0\353\240\315\360"
 481      BAF0B0C0 
 481      70B39FD9 
 481      6830EBA0 
 481      CDF0
 482 16ce A76FE77E 		.ascii	"\247o\347~;w\241\206\024\027,\2347\237\320\033|\347"
 482      3B77A186 
 482      14172C9C 
 482      379FD01B 
 482      7CE7
 483 16e0 7C3EFBBF 		.ascii	"|>\373\277i\353\347>\013\347\376y\216\236\024}\346}"
 483      69EBE73E 
 483      0BE7FE79 
 483      8E9E147D 
 483      E67D
 484 16f2 33FFEB39 		.ascii	"3\377\3539\013\347\274\365\376\373\336\360\317\177i"
 484      0BE7BCF5 
 484      FEFBDEF0 
 484      CF7F69
 485 1701 E07781A1 		.ascii	"\340w\201\241\341\263\274C\303\275\227\372\005y\007"
 485      E1B3BC43 
 485      C3BD97FA 
 485      057907
 486 1710 86F8072D 		.ascii	"\206\370\007-\0130z\003\373\367\227*Tt\0107@\374\375"
 486      0B307A03 
 486      FBF7972A 
ARM GAS  C:\Users\ajink\AppData\Local\Temp\ccEvefQy.s 			page 39


 486      54740837 
 486      40FCFD
 487 1723 8282BEF3 		.ascii	"\202\202\276\363\363\377_\203\331\305\030\022`\360\377"
 487      F3FF5F83 
 487      D9C51812 
 487      60F0FF
 488 1732 4EFFE5FC 		.ascii	"N\377\345\374\271\363\014\013\177\0103\3166.\326,\013"
 488      B9F30C0B 
 488      7F0833CE 
 488      362ED62C 
 488      0B
 489 1743 0C31CF9A 		.ascii	"\0141\317\232\011\262\030\014\266\342b\377\337,\242"
 489      09B2180C 
 489      B6E262FF 
 489      DF2CA2
 490 1752 DCC3CDCB 		.ascii	"\334\303\315\313\002\002C\027\231CC\203\302\027-\011"
 490      02024317 
 490      99434383 
 490      C2172D09 
 491 1762 59369596 		.ascii	"Y6\225\226\246\372\231\202\247\032\203\2773\006\004"
 491      A6FA9982 
 491      A71A83BF 
 491      330604
 492 1771 180316FD 		.ascii	"\030\003\026\375\372\375O\246\316\234>\343\203\277\315"
 492      FAFD4FA6 
 492      CE9C3EE3 
 492      83BFCD
 493 1780 5A04F5EF 		.ascii	"Z\004\365\357\205\204\206\030\3373\372}\027\270H\220"
 493      85848618 
 493      DF33FA7D 
 493      17B84890 
 494 1790 6751B01F 		.ascii	"gQ\260\037\360\0121.2\004\030\027\373-\0132\033\314"
 494      F00A312E 
 494      32041817 
 494      FB2D0B32 
 494      1BCC
 495 17a2 30723888 		.ascii	"0r8\210\370\227\377\327a\302\177\010_d\0107\007\200"
 495      F897FFD7 
 495      61C27F08 
 495      5F640837 
 495      0780
 496 17b4 0EC01BFB 		.ascii	"\016\300\033\373\370~\015\360\007<w\266/\2367\333\227"
 496      F87E0DF0 
 496      073C77B6 
 496      2F9E37DB 
 496      97
 497 17c5 FB6281AF 		.ascii	"\373b\201\257/\376\302\327\227\373\332"
 497      2FFEC2D7 
 497      97FBDA
 498 17d0 E78FBEBF 		.ascii	"\347\217\276\277\232hA\343\012\263\267\3177\013\346"
 498      9A6841E3 
 498      0AB3B7CF 
 498      370BE6
 499 17df 2EF05EB0 		.ascii	".\360^\260\320;\334\034<k\346\342\031\323W\000']`hX"
 499      D03BDC1C 
 499      3C6BE6E2 
 499      19D35700 
ARM GAS  C:\Users\ajink\AppData\Local\Temp\ccEvefQy.s 			page 40


 499      275D6068 
 500 17f4 A8C91C18 		.ascii	"\250\311\034\030`0\177$ox\322\034\016\335\276\2315\323"
 500      60307F24 
 500      6F78D21C 
 500      0EDDBE99 
 500      35D3
 501 1806 FBEBAF67 		.ascii	"\373\353\257g{\023\363~?\303;\314/\310\020\024\024\000"
 501      7B13F37E 
 501      3FC33BCC 
 501      2FC81014 
 501      1400
 502 1818 2C5CC2C3 		.ascii	",\\\302\303\011\0155\365\214\017\355\246&E\0254\371"
 502      090D35F5 
 502      8C0FEDA6 
 502      26451534 
 502      F9
 503 1829 05607FD3 		.ascii	"\005`\177\323\014\342w\237\320\220\305\201K\\\374\351"
 503      0CE2779F 
 503      D090C581 
 503      4B5CFCE9 
 504 1839 43635E6A 		.ascii	"Cc^j2\372\301\260Z\377\245\006Vv\0113\204\200\240\360"
 504      32FAC1B0 
 504      5AFFA506 
 504      56760933 
 504      8480A0F0 
 505 184d 083319BF 		.ascii	"\0103\031\277W\233\303L\201\241\006\363o&\212e2\013"
 505      579BC34C 
 505      81A106F3 
 505      6F268A65 
 505      320B
 506 185f 527DEEFB 		.ascii	"R}\356\373\215\3177+\274\375C\203\303\002\203\214\246"
 506      8DCF372B 
 506      BCFD4383 
 506      C302838C 
 506      A6
 507 1870 70EF2F7D 		.ascii	"p\357/}|\200\322\346\002\312)0T\015#\232\201\261+\351"
 507      7C80D2E6 
 507      02CA2930 
 507      540D239A 
 507      81B12BE9 
 508 1884 6400D1FC 		.ascii	"d\000\321\374\315+4&\343\022\260\264\301,c\254\011\354"
 508      CD2B3426 
 508      E312B0B4 
 508      C12C63AC 
 508      09EC
 509 1896 97FA879A 		.ascii	"\227\372\207\232\214\300Oi\372\265\322\364\201\322\364"
 509      8CC04F69 
 509      FAB5D2F4 
 509      81D2F4
 510 18a5 A1D2F491 		.ascii	"\241\322\364\221\322\364\261\322\364\0116\315\230\016"
 510      D2F4B1D2 
 510      F40936CD 
 510      980E
 511 18b3 30431964 		.ascii	"0C\031d\362~QF\206\357?\012&>4\315\230\245\0123\200"
 511      F27E5146 
 511      86EF3F0A 
 511      263E34CD 
ARM GAS  C:\Users\ajink\AppData\Local\Temp\ccEvefQy.s 			page 41


 511      98A50A33 
 512 18c8 2C6AA2F7 		.ascii	",j\242\367r\243\011\236\241A\001F\023\347\277\324\317"
 512      72A3099E 
 512      A1410146 
 512      13E7BFD4 
 512      CF
 513 18d9 448CE117 		.ascii	"D\214\341\027l\324\230\205\311\244&6\375\030\314\305"
 513      6CD49885 
 513      C9A42636 
 513      FD18CCC5 
 514 18e9 AC0B2520 		.ascii	"\254\013% \247mjsph\200\221\342\213\203\374\226\204"
 514      A76D6A73 
 514      70688091 
 514      E28B83FC 
 514      9684
 515 18fb ABCD26E3 		.ascii	"\253\315&\343\342p\003\261#)\250\202\303\227@\243\020"
 515      E27003B1 
 515      2329A882 
 515      C39740A3 
 515      10
 516 190c FCD05D28 		.ascii	"\374\320](\271\230\002~\200&\215qE\240\331\037\030\270"
 516      B998027E 
 516      80268D71 
 516      45A0D91F 
 516      18B8
 517 191e 2C37877E 		.ascii	",7\207~\367?a\252\345f\263)L\017N\0117\006\373\205-"
 517      F73F61AA 
 517      E566B329 
 517      4C0F4E09 
 517      3706FB85 
 518 1933 05813D98 		.ascii	"\005\201=\230{\302\015\177[f\\\006\003\275d\367\230"
 518      7BC20D7F 
 518      5B665C06 
 518      03BD64F7 
 518      98
 519 1944 50A5169E 		.ascii	"P\245\026\236*\377\0203q\272\001\236\300\016\030\204"
 519      2AFF1033 
 519      71BA019E 
 519      C00E1884 
 520 1954 69803678 		.ascii	"i\2006x\031X_\035,\320\006\033B\227\207\200\262\264"
 520      19585F1D 
 520      2CD0061B 
 520      42978780 
 520      B2B4
 521 1966 16C40866 		.ascii	"\026\304\010fN_n\0166\257\010s5~o\0141\007\373\205\323"
 521      4E5F6E0E 
 521      36AF0873 
 521      357E6F0C 
 521      3107FB85 
 522 197b F9BC9C14 		.ascii	"\371\274\234\024p\230a\231\273m\270 \230M\006\263\207"
 522      70986199 
 522      BB6DB820 
 522      984D06B3 
 522      87
 523 198c 440052A3 		.ascii	"D\000R\243\0153,\367\0134\007\206,\321\205\031@'&\014"
 523      0D332CF7 
 523      0B340786 
ARM GAS  C:\Users\ajink\AppData\Local\Temp\ccEvefQy.s 			page 42


 523      2CD18519 
 523      4027260C 
 524 19a0 2D428531 		.ascii	"-B\2051\014\022\003\264\001\025\014A\350u\3042~A46\240"
 524      0C1203B4 
 524      01150C41 
 524      E875C432 
 524      7E413436 
 525 19b5 320CE6E3 		.ascii	"2\014\346\343\217\204p\004\213\031M\306\020\177P\323"
 525      8F847004 
 525      8B194DC6 
 525      107F50D3 
 526 19c5 4BD6A1B6 		.ascii	"K\326\241\266<\344\2774\334\177)\011\377\267\237C\006"
 526      3CE4BF34 
 526      DC7F2909 
 526      FFB79F43 
 526      06
 527 19d6 6302D52F 		.ascii	"c\002\325/\237\307\354\207p[\324>\217!\230\225\3046"
 527      9FC7EC87 
 527      705BD43E 
 527      8F219895 
 527      C436
 528 19e8 135845CD 		.ascii	"\023XE\315\350J\022\250\220\362 /\314\320\372\316Y0"
 528      E84A12A8 
 528      90F2202F 
 528      CCD0FACE 
 528      5930
 529 19fa C7F7CF73 		.ascii	"\307\367\317sfO\007l\246\035\233\241\\\340kGf*g\213"
 529      664F076C 
 529      A61D9BA1 
 529      5CE06B47 
 529      662A678B 
 530 1a0e C82C958F 		.ascii	"\310,\225\217\257\317|\021\377\265\213\357\177A\215"
 530      AFCF7C11 
 530      FFB58BEF 
 530      7F418D
 531 1a1d 58F181CB 		.ascii	"X\361\201\313B\307\212\017\325sg.\360\371\375\227b\315"
 531      42C78A0F 
 531      D573672E 
 531      F0F9FD97 
 531      62CD
 532 1a2f 472AA891 		.ascii	"G*\250\221\360\370\030Cz\366\234\375\315\347\006\237"
 532      F0F81843 
 532      7AF69CFD 
 532      CDE7069F 
 533 1a3f A57E2121 		.ascii	"\245~!!\306 QB\037_\225\317\267\263\027\372r>\363?\207"
 533      C6205142 
 533      1F5F95CF 
 533      B7B317FA 
 533      723EF33F 
 534 1a54 3FDF7CEE 		.ascii	"?\337|\356\253\366g4\\\340b\177\223K`\370\322\300\305"
 534      ABF66734 
 534      5CE0627F 
 534      934B60F8 
 534      D2C0C5
 535 1a67 666DB831 		.ascii	"fm\2701hq`H\200q\205\313\367F\177s\250\351\343\347g"
 535      68716048 
 535      807185CB 
ARM GAS  C:\Users\ajink\AppData\Local\Temp\ccEvefQy.s 			page 43


 535      F7467F73 
 535      A8E9E3E7 
 536 1a7c 28FAF7F7 		.ascii	"(\372\367\3673V\254`Y\316\020\020\354\007\306\372\221"
 536      3356AC60 
 536      59CE1010 
 536      EC07C6FA 
 536      91
 537 1a8d 1D812903 		.ascii	"\035\201)\003f\203y\257\002\304\264\202\3745\257\320"
 537      668379AF 
 537      02C4B482 
 537      FC35AFD0 
 538 1a9d 9A56C093 		.ascii	"\232V\300\223\314\"\255\331V\372\360\305\262!\030\036"
 538      CC22ADD9 
 538      56FAF0C5 
 538      B221181E 
 539 1aad 9221282A 		.ascii	"\222!(*$CM`(\233\215\256\244.|9\314\266@\263[\210i\261"
 539      24434D60 
 539      289B8DAE 
 539      A42E7C39 
 539      CCB640B3 
 540 1ac5 37C3DFF7 		.ascii	"7\303\337\367W\330Z\302\315\241a\257,3\007\006\205\033"
 540      57D85AC2 
 540      CDA161AF 
 540      2C330706 
 540      851B
 541 1ad7 82030302 		.ascii	"\202\003\003\002\202\214\206\320\305\206Ydzj\200b\201"
 541      828C86D0 
 541      C5865964 
 541      7A6A8062 
 541      81
 542 1ae8 D9CF64D6 		.ascii	"\331\317d\326\263\354\314\346\303+\006!\347\302\314"
 542      B3ECCCE6 
 542      C32B0621 
 542      E7C2CC
 543 1af7 342F3185 		.ascii	"4/1\205.\013\243\022\223\310\011\014&\313\255\377\322"
 543      2E0BA312 
 543      93C8090C 
 543      26CBADFF 
 543      D2
 544 1b08 854B0316 		.ascii	"\205K\003\026\004\031\215a\357<'\204\204\311C\026R\262"
 544      04198D61 
 544      EF3C2784 
 544      84C94316 
 544      52B2
 545 1b1a 7ECFD082 		.ascii	"~\317\320\202\014d-]\274\344\337\3367\205\006\370\231"
 545      0C642D5D 
 545      BCE4DFDE 
 545      378506F8 
 545      99
 546 1b2b FDDEB7D7 		.ascii	"\375\336\267\327\250\014_\300\374p\015\246\232\030\002"
 546      A80C5FC0 
 546      FC700DA6 
 546      9A1802
 547 1b3a 6065FA3F 		.ascii	"`e\372?\270K\271\254"
 547      B84BB9AC 
 548              		.text
 549              		.section	.gnu.lto_.symtab.a3dd89,"",%progbits
ARM GAS  C:\Users\ajink\AppData\Local\Temp\ccEvefQy.s 			page 44


 550 0000 7370695F 		.ascii	"spi_sw_init\000\000\000\000\000\000\000\000\000\000"
 550      73775F69 
 550      6E697400 
 550      00000000 
 550      00000000 
 551 0015 00002502 		.ascii	"\000\000%\002\000\000ls_spicfg\000\000\000\000\000\000"
 551      00006C73 
 551      5F737069 
 551      63666700 
 551      00000000 
 552 002a 00000000 		.ascii	"\000\000\000\000\000\000L\002\000\000spi_sw_stop\000"
 552      00004C02 
 552      00007370 
 552      695F7377 
 552      5F73746F 
 553 0040 00000000 		.ascii	"\000\000\000\000\000\000\000\000\000\000\000'\002\000"
 553      00000000 
 553      00000027 
 553      0200
 554 004e 00757469 		.ascii	"\000utils_middle_of_3_int\000\000\000\000\000\000\000"
 554      6C735F6D 
 554      6964646C 
 554      655F6F66 
 554      5F335F69 
 555 006b 00000000 		.ascii	"\000\000\000\000\000-\002\000\000SPID1\000\000\002\000"
 555      002D0200 
 555      00535049 
 555      44310000 
 555      0200
 556 007d 00000000 		.ascii	"\000\000\000\000\000\000\000\000D\002\000\000spiSta"
 556      00000000 
 556      44020000 
 556      73706953 
 556      7461
 557 008f 72740000 		.ascii	"rt\000\000\002\000\000\000\000\000\000\000\000\0002"
 557      02000000 
 557      00000000 
 557      000032
 558 009e 0200005F 		.ascii	"\002\000\000_pal_lld_setgroupmode\000\000\002\000\000"
 558      70616C5F 
 558      6C6C645F 
 558      73657467 
 558      726F7570 
 559 00bb 00000000 		.ascii	"\000\000\000\000\000\000\000;\002\000\000chThdSleep"
 559      0000003B 
 559      02000063 
 559      68546864 
 559      536C6565 
 560 00d0 00000200 		.ascii	"\000\000\002\000\000\000\000\000\000\000\000\000B\002"
 560      00000000 
 560      00000000 
 560      4202
 561 00de 0000     		.ascii	"\000\000"
 562              		.text
 563              		.section	.gnu.lto_.opts,"",%progbits
 564 0000 272D666E 		.ascii	"'-fno-trapv' '-mcpu=cortex-m3' '-mno-thumb-interwor"
 564      6F2D7472 
ARM GAS  C:\Users\ajink\AppData\Local\Temp\ccEvefQy.s 			page 45


 564      61707627 
 564      20272D6D 
 564      6370753D 
 565 0033 6B272027 		.ascii	"k' '-mthumb' '-ggdb' '-O2' '-fomit-frame-pointer' '"
 565      2D6D7468 
 565      756D6227 
 565      20272D67 
 565      67646227 
 566 0066 2D66616C 		.ascii	"-falign-functions=16' '-ffunction-sections' '-fdata"
 566      69676E2D 
 566      66756E63 
 566      74696F6E 
 566      733D3136 
 567 0099 2D736563 		.ascii	"-sections' '-fno-common' '-flto'\000"
 567      74696F6E 
 567      73272027 
 567      2D666E6F 
 567      2D636F6D 
 568              		.text
 569              		.comm	__gnu_lto_v1,1,1
 570              		.comm	__gnu_lto_slim,1,1
 571              		.ident	"GCC: (GNU Tools for ARM Embedded Processors) 4.9.3 20150529 (release) [ARM/embedded-4_9-br
ARM GAS  C:\Users\ajink\AppData\Local\Temp\ccEvefQy.s 			page 46


DEFINED SYMBOLS
                            *ABS*:00000000 spi_sw.c
                            *COM*:00000001 __gnu_lto_v1
                            *COM*:00000001 __gnu_lto_slim

NO UNDEFINED SYMBOLS
