ARM GAS  C:\Users\ajink\AppData\Local\Temp\ccTFAUD6.s 			page 1


   1              		.syntax unified
   2              		.cpu cortex-m3
   3              		.fpu softvfp
   4              		.eabi_attribute 20, 1
   5              		.eabi_attribute 21, 1
   6              		.eabi_attribute 23, 3
   7              		.eabi_attribute 24, 1
   8              		.eabi_attribute 25, 1
   9              		.eabi_attribute 26, 1
  10              		.eabi_attribute 30, 2
  11              		.eabi_attribute 34, 1
  12              		.eabi_attribute 18, 4
  13              		.thumb
  14              		.file	"st.c"
  15              		.text
  16              	.Ltext0:
  17              		.section	.gnu.lto_.profile.a3e627,"",%progbits
  18 0000 789C6366 		.ascii	"x\234cf```a\200\000F\006)\036\000\000\264\000/"
  18      60606061 
  18      80004606 
  18      291E0000 
  18      B4002F
  19              		.text
  20              		.section	.gnu.lto_.jmpfuncs.a3e627,"",%progbits
  21 0000 789C6366 		.ascii	"x\234cf\300\016\304\2404+\210`\004\202z&\006\006f\020"
  21      C00EC4A0 
  21      342B8860 
  21      04827A26 
  21      06066610 
  22 0014 CD021400 		.ascii	"\315\002\024\000\000\015^\001-"
  22      000D5E01 
  22      2D
  23              		.text
  24              		.section	.gnu.lto_.inline.a3e627,"",%progbits
  25 0000 789C6366 		.ascii	"x\234cf\300\016r\2414+\003\003\013\017#\003\023\220"
  25      C00E72A1 
  25      342B0303 
  25      0B0F2303 
  25      1390
  26 0012 C9B6401E 		.ascii	"\311\266@\036D10r\201\010\0066VFF \305\300\304\366A"
  26      44313072 
  26      81080636 
  26      56464620 
  26      C5C0C4F6 
  27 0027 0F2EC7C4 		.ascii	"\017.\307\304\300\302\014T\315t\201\037.\304\014\022"
  27      C0C20C54 
  27      CD74811F 
  27      2EC40C12 
  28 0037 82A84416 		.ascii	"\202\250D\026f\301T\311\000\000\270\007\010x"
  28      66C154C9 
  28      0000B807 
  28      0878
  29              		.text
  30              		.section	.gnu.lto_.pureconst.a3e627,"",%progbits
  31 0000 789C6366 		.ascii	"x\234cf``\340f\200\000V\006\011F)&)f)\026)\000\004\004"
  31      6060E066 
  31      80005606 
ARM GAS  C:\Users\ajink\AppData\Local\Temp\ccTFAUD6.s 			page 2


  31      09462926 
  31      29662916 
  32 0018 009E     		.ascii	"\000\236"
  33              		.text
  34              		.section	.gnu.lto_stInit.a3e627,"",%progbits
  35 0000 789C6366 		.ascii	"x\234cf\300\004R@\274\020\210\025\201\230\221\231\201"
  35      C0045240 
  35      BC108815 
  35      81989199 
  35      81
  36 0011 9169C239 		.ascii	"\221i\3029\006\206F\016&FF\020\203\201\221\241\236\211"
  36      0686460E 
  36      26464610 
  36      838191A1 
  36      9E89
  37 0023 B19EF125 		.ascii	"\261\236\361%\323G&\306\011\007V\317\340V_\332\320\320"
  37      D34726C6 
  37      090756CF 
  37      E0565FDA 
  37      D0D0
  38 0035 F0E1D0F9 		.ascii	"\360\341\320\371\306\200\003\214?\231\030\030>3A\314"
  38      C680038C 
  38      3F991818 
  38      3E3341CC 
  39 0045 615CCEA8 		.ascii	"a\\\316\250\316\000T\364\261\345\357un\266\026\240\""
  39      CE0054F4 
  39      B1E5EF75 
  39      6EB616A0 
  39      22
  40 0056 01881CE3 		.ascii	"\001\210\034\343\012F6F \275^\350@\303\377\377\217\247"
  40      0A463646 
  40      20BD5EE8 
  40      40C3FFFF 
  40      8FA7
  41 0068 FED16766 		.ascii	"\376\321gf`x\002\224\001\231\377\224\211\011D3\337a"
  41      60780294 
  41      0199FF94 
  41      89094433 
  41      DF61
  42 007a 6C3EF097 		.ascii	"l>\360\227\027\244\024d\306\274\313}\353\230j\1777t"
  42      17A41464 
  42      C6BCCB7D 
  42      EB986A7F 
  42      3774
  43 008c 3470FC64 		.ascii	"4p\374db\374\314\004\324\316\270\222\261\226\341'P\365"
  43      62FCCC04 
  43      D4CEB892 
  43      B196E127 
  43      50F5
  44 009e 3DC6C603 		.ascii	"=\306\306\003\377Y\301*\031@\3460\202\364\003M\223\327"
  44      FF59C12A 
  44      1940E630 
  44      82F4034D 
  44      93D7
  45 00b0 D3D307A2 		.ascii	"\323\323\007\242\344\214\314\244\314\374bc\375\374b"
  45      E48CCCA4 
  45      CCFC6263 
ARM GAS  C:\Users\ajink\AppData\Local\Temp\ccTFAUD6.s 			page 3


  45      FDFC62
  46 00bf FD8CC41C 		.ascii	"\375\214\304\034\375\342\242d\375\342\022\275d\006\000"
  46      FDE2A264 
  46      FDE212BD 
  46      640600
  47 00ce DCCB449D 		.ascii	"\334\313D\235"
  48              		.text
  49              		.section	.gnu.lto_stStartAlarm.a3e627,"",%progbits
  50 0000 789C9D92 		.ascii	"x\234\235\222Kh\023A\030\307\347?\273\335,VJ\361\024"
  50      4B681341 
  50      18C7E73F 
  50      BBDD2C56 
  50      4AF114
  51 0013 7229184A 		.ascii	"r)\030JAL\026-\336=x\021\332\223\275K\232\012\011D\""
  51      414C162D 
  51      DE3D7811 
  51      DA93BD4B 
  51      9A0A0944 
  52 0028 DDE0B593 		.ascii	"\335\340\265\223\230((\332`\017\212\022Z-\241\3324&"
  52      982828DA 
  52      600F8A12 
  52      5A2DA1DA 
  52      3426
  53 003a 1AEB1321 		.ascii	"\032\353\023!ZE\241`\360\201\005\0175H\012\265\202$"
  53      5A45A160 
  53      F081050F 
  53      35480AB5 
  53      8224
  54 004c 4D4B5CA1 		.ascii	"MK\\\241\306o\266\021\254z\020\227\335\235\371^\377"
  54      C66FB611 
  54      AC7A1097 
  54      DD9DF95E 
  54      FF
  55 005d EF370F85 		.ascii	"\3577\017\205\375\371\270\350{\312\031\033\242\021\012"
  55      FDF9B8E8 
  55      7BCA191B 
  55      A2110A
  56 006c 034FBE64 		.ascii	"\003O\276d,\252s@N\030\330\010\307\010>\361\032G\262"
  56      2CAA7340 
  56      4E18D808 
  56      C7083EF1 
  56      1A47B2
  57 007f 98B9D8DE 		.ascii	"\230\271\330\336\223\026BT_\027\234\011\247Eeu\276)"
  57      93164254 
  57      5F179C09 
  57      A7456575 
  57      BE29
  58 0091 8329F450 		.ascii	"\203)\364P\312\350\271\304Y(;\301h>\377\361k}\3732\267"
  58      CAE8B9C4 
  58      59283BC1 
  58      683EFFF1 
  58      6B7DFB32 
  59 00a6 383AA579 		.ascii	"8:\245yiaiM\221&\347\322<q\246V\337\326=)D\254\370("
  59      6961694D 
  59      9126E7D2 
  59      3C71A656 
  59      DFD63D29 
ARM GAS  C:\Users\ajink\AppData\Local\Temp\ccTFAUD6.s 			page 4


  60 00be 2FF6935F 		.ascii	"/\366\223_\3015(\244\207\353pa\032.F.\206\014\272ez"
  60      C13528A4 
  60      87EB7061 
  60      1A2E462E 
  60      860CBA65 
  61 00d3 2DBEB1D0 		.ascii	"-\276\261\320\256\305\251w\347\306\317\266\230\201\006"
  61      AEC5A977 
  61      E7C6CFB6 
  61      988106
  62 00e2 1A733B8A 		.ascii	"\032s;\212\242\331\234\234\232\231U\035\304M\025*\325"
  62      A2D99C9C 
  62      9A99551D 
  62      C44D152A 
  62      D5
  63 00f3 AA8C5528 		.ascii	"\252\214U(K\256b\211Z\322\250\274C\314F)\244\277\235"
  63      4BAE6289 
  63      5AD2A8BC 
  63      43CC4629 
  63      A4BF9D
  64 0106 86B2CBA6 		.ascii	"\206\262\313\246\274:1\376\202\273\257\020G95\347+\306"
  64      BC3A31FE 
  64      82BBAF10 
  64      473935E7 
  64      2BC6
  65 0118 26C4F766 		.ascii	"&\304\367f\023\222&\273\225\246\265\316\033p7H\356="
  65      139226BB 
  65      95A6B5CE 
  65      1B703748 
  65      EE3D
  66 012a 628BA79A 		.ascii	"b\213\247\232\353o\226\261\005\256\234^q\312\024\233"
  66      EB6F96B1 
  66      05AE9C5E 
  66      71CA149B 
  67 013a ADCEF11B 		.ascii	"\255\316\361\033:C\016\032\211\344\2415\270\272\251"
  67      3A430E1A 
  67      89E4A135 
  67      B8BAA9
  68 0149 F3E4BC95 		.ascii	"\363\344\274\225\033OtH\037%\177\231\177~\262M\356R"
  68      1B4F7448 
  68      1F257F99 
  68      7F7EB24D 
  68      EE52
  69 015b 1BE50B55 		.ascii	"\033\345\013U\326\177\250\224^\351\266\213I\363B\351"
  69      D67FA894 
  69      5EE9B68B 
  69      49F342E9 
  70 016b F3344FE1 		.ascii	"\3634O\341r4)t\213k\270I|\267$\037\305\032c\225l\207"
  70      72342974 
  70      8B6BB849 
  70      7CB7241F 
  70      C51A6395 
  71 0181 2723E2D1 		.ascii	"'#\342\321b\227\305\035( \205U\332\004\273-\305\037"
  71      6297C51D 
  71      28208555 
  71      DA04BB2D 
  71      C51F
  72 0193 8FADA5B9 		.ascii	"\217\255\245\271\221\225\361\335\026\327q\033\036\270"
ARM GAS  C:\Users\ajink\AppData\Local\Temp\ccTFAUD6.s 			page 5


  72      9195F1DD 
  72      16D7711B 
  72      1EB8
  73 01a1 5DAD3866 		.ascii	"]\2558fa\020\225D\252\346\337\306\034-\242\177\357\247"
  73      61109544 
  73      AAE6DFC6 
  73      1C2DA27F 
  73      EFA7
  74 01b3 E38EDD0F 		.ascii	"\343\216\335\017-\275\273\360\374\212\257S\237{T(\365"
  74      2DBDBBF0 
  74      FC8AAF53 
  74      9F7B5428 
  74      F5
  75 01c4 ABFFA77F 		.ascii	"\253\377\247\177\337\326\347-\375\007\266~\251<7j_3"
  75      DFD6E72D 
  75      FD07B67E 
  75      A93C376A 
  75      5F33
  76 01d6 9DFC0FA9 		.ascii	"\235\374\017\251p\021\321\362\263\025]\236\200<\261"
  76      7011D1F2 
  76      B3155D9E 
  76      803CB1
  77 01e5 0AF1D0E1 		.ascii	"\012\361\320\341\323.ty\275\006\275\376@p0\0306{\215"
  77      D32E7479 
  77      BD06BDFE 
  77      40703018 
  77      367B8D
  78 01f8 B069047C 		.ascii	"\260i\004|!\303\034\366\033f\304\353g\016\337\240\031"
  78      21C31CF6 
  78      1B66C4EB 
  78      670EDFA0 
  78      19
  79 0209 091E3DA2 		.ascii	"\011\036=\242\312\337\276\277'\037\013\017GL\343\320"
  79      CADFBEBF 
  79      271F0B0F 
  79      474CE3D0 
  80 0219 407FEF5E 		.ascii	"@\177\357^\243\257\357\2001p\260\377\370\036*?\034\012"
  80      A3AFEF80 
  80      3170B0FF 
  80      F81E2A3F 
  80      1C0A
  81 022b 0D7903EC 		.ascii	"\015y\003\354\007\261\032\033|"
  81      07B11A1B 
  81      7C
  82              		.text
  83              		.section	.gnu.lto_stStopAlarm.a3e627,"",%progbits
  84 0000 789C6366 		.ascii	"x\234cf\300\004R@\254\313\310\300\020\016\244\031\231"
  84      C0045240 
  84      ACCBC8C0 
  84      100EA419 
  84      99
  85 0011 19189926 		.ascii	"\031\030\231&\234c`h\344`bd\0041\030\030\031\352\231"
  85      9C636068 
  85      E4606264 
  85      04311818 
  85      19EA99
  86 0024 18EB195F 		.ascii	"\030\353\031_2}db\234p`\365\014n\365\245\015\015\015"
ARM GAS  C:\Users\ajink\AppData\Local\Temp\ccTFAUD6.s 			page 6


  86      327D6462 
  86      9C7060F5 
  86      0C6EF5A5 
  86      0D0D0D
  87 0037 1F366D97 		.ascii	"\0376m\227h\225\370\311\304\300\360\231\011b\014\343"
  87      6895F8C9 
  87      C4C0F099 
  87      09620CE3 
  88 0047 72467506 		.ascii	"rFu\006\240\232\217-\177\257s\263\265\000\325\010@\344"
  88      A09A8F2D 
  88      7FAF73B3 
  88      B500D508 
  88      40E4
  89 0059 185730B2 		.ascii	"\030W0\262\001\215gX/t\240\341\377\377\305s\336lgaf"
  89      018D6758 
  89      2F74A0E1 
  89      FFFFC573 
  89      DE6C6761 
  90 006e 60780294 		.ascii	"`x\002\224\002\231\377\224\211\011D3\337b<\364a\307"
  90      0299FF94 
  90      89094433 
  90      DF623CF4 
  90      61C7
  91 0080 D2DD47B9 		.ascii	"\322\335G\271Q\214x\260\364\275\004\330\200\317L\214"
  91      518C78B0 
  91      F4BD04D8 
  91      80CF4C8C 
  92 0090 E88633AE 		.ascii	"\350\2063\256dd\003\232\276\212\221\015(\361\356\364"
  92      6464039A 
  92      BE8A910D 
  92      28F1EEF4 
  93 00a0 F136D617 		.ascii	"\3616\326\027L?\231\030\201r\015, \265\367\237\234\277"
  93      4C3F9918 
  93      81720D2C 
  93      20B5F79F 
  93      9CBF
  94 00b2 C8011662 		.ascii	"\310\001\026b\000q\247\237\177\275\212i.\343\354\306"
  94      0071A79F 
  94      7FBD8A69 
  94      2EE3ECC6 
  95 00c2 090D1C3F 		.ascii	"\011\015\034?\231\230\030W3J1\256a\224\002\313}\237"
  95      99981857 
  95      334A31AE 
  95      619402CB 
  95      7D9F
  96 00d4 FC642D9F 		.ascii	"\374d-\237\356\352\206\226\306\017\247\276\235\342\377"
  96      EEEA8696 
  96      C60FA7BE 
  96      9DE2FF
  97 00e3 C9C4CCB8 		.ascii	"\311\304\314\270\226q.\343'\240\033\301\2660\256c\324"
  97      96712EE3 
  97      27A01BC1 
  97      B630AE63 
  97      D4
  98 00f4 453611E8 		.ascii	"E6\021\350~\306\365@\275\367\030\033\037\034}\317\001"
  98      7EC6F540 
  98      BDF7181B 
ARM GAS  C:\Users\ajink\AppData\Local\Temp\ccTFAUD6.s 			page 7


  98      1F1C7DCF 
  98      01
  99 0105 72202808 		.ascii	"r (\010\236\000\255\002\372\005\250K^OO\037\210\222"
  99      9E00AD02 
  99      FA05A84B 
  99      5E4F4F1F 
  99      8892
 100 0117 33329332 		.ascii	"32\2232\363\213\215\365\363\213\3653\022s\364\213\213"
 100      F38B8DF5 
 100      F38BF533 
 100      1273F48B 
 100      8B
 101 0128 92F58B4B 		.ascii	"\222\365\213K\364\222\031L\261\313\027\344\027\225\024"
 101      F492194C 
 101      B1CB17E4 
 101      179514
 102 0137 EB0787F8 		.ascii	"\353\007\207\370\032\033\351\373\370\270\350\207x\372"
 102      1A1BE9FB 
 102      F8B8E887 
 102      78FA
 103 0145 96190275 		.ascii	"\226\031\002u\304\347\344\244\350e0\000\000[\331\213"
 103      C4E7E4A4 
 103      E8653000 
 103      005BD98B 
 104 0155 CC       		.ascii	"\314"
 105              		.text
 106              		.section	.gnu.lto_stSetAlarm.a3e627,"",%progbits
 107 0000 789C6D90 		.ascii	"x\234m\220Oh\023Q\020\306\3377\273\331.VJ\361\024r)"
 107      4F681351 
 107      10C6DF37 
 107      BBD92E56 
 107      4AF11472 
 108 0015 184A416C 		.ascii	"\030JAl\026-\336=x\021\332\223\275K\232\012\011D\"\335"
 108      162DDE3D 
 108      7811DA93 
 108      BD4B9A0A 
 108      094422DD 
 109 0029 E0B52F31 		.ascii	"\340\265/1QP\324\320\036\024\245X-\361OcL\265z\312e"
 109      5150D4D0 
 109      1E14A558 
 109      2DF14F63 
 109      4CB57ACA 
 110 003e 5544A160 		.ascii	"UD\241`\360b\251\207\032$\205\212\"\306T\326\025\352"
 110      F062A987 
 110      1A24858A 
 110      22C654D6 
 110      15EA
 111 0050 3A6F5B0F 		.ascii	":o[\017U\227\335}of\276\231\371\315h\342\337'\302\237"
 111      5597DD7D 
 111      6F66BE99 
 111      F9CD68E2 
 111      DF27C29F 
 112 0064 4E428CF3 		.ascii	"NB\214\363\011M\200J\257\205\310\231\004\250\213\200"
 112      094D804A 
 112      AF85C899 
 112      04A88B80 
 113 0074 98244CE2 		.ascii	"\230$L\342#\265\011%\247r\265{\240,\245\374:U\017\027"
ARM GAS  C:\Users\ajink\AppData\Local\Temp\ccTFAUD6.s 			page 8


 113      23B50925 
 113      A772B57B 
 113      A02CA5FC 
 113      3A550F17 
 114 0088 C31EA775 		.ascii	"\303\036\247uh\253\014\356`\200%\227/\025/B\333\013"
 114      68AB0CEE 
 114      60802597 
 114      2F152F42 
 114      DB0B
 115 009a C1F7A50F 		.ascii	"\301\367\245\017?:\273\327\311#\364*\363\332\362\332"
 115      3F3ABBD7 
 115      C923F42A 
 115      F3DAF2DA 
 116 00aa 86A64C22 		.ascii	"\206\246L\"e\236\271\320\356\354\352\237\2232\357\324"
 116      659EB9D0 
 116      EEECEA9F 
 116      9332EFD4 
 117 00ba 17E461F6 		.ascii	"\027\344a\366k\270\013\215\353\341\036\"\230GD\260K"
 117      6BB80B8D 
 117      EBE11E22 
 117      984744B0 
 117      4B
 118 00cb A0827E25 		.ascii	"\240\202~%o\0276\227\273\215\002\367\356\335\374\323"
 118      6F173697 
 118      BB8D02F7 
 118      EEDDFCD3 
 119 00db 16F76180 		.ascii	"\026\367a\200\317\332\036G\372\376\334\355\317u=\304"
 119      CFDA1E47 
 119      FAFEDCED 
 119      CF753DC4 
 120 00eb DC9CA173 		.ascii	"\334\234\241s\256.D\213Uj\2125n\311\247\366\026\371"
 120      AE2E448B 
 120      556A8A35 
 120      6EC9A7F6 
 120      16F9
 121 00fd 0065B1FC 		.ascii	"\000e\261\374\363<\264}\001\345\255\331\033\257(z\223"
 121      F33CB47D 
 121      01E5ADD9 
 121      1BAF287A 
 121      93
 122 010e 399A2BCF 		.ascii	"9\232+\317\343N~V\376\362}(\232\352N\232\3559\037 \352"
 122      E34E7E56 
 122      FEF27D28 
 122      9AEA4E9A 
 122      ED391F20 
 123 0123 72B977C8 		.ascii	"r\271w\310\257\236\363\277\257\254c\007\\\263\354\206"
 123      AF9EF3BF 
 123      AFAC6307 
 123      5CB3EC86 
 124 0133 952460EB 		.ascii	"\225$`\353\020\376B\027\250\301\340\"\0130\\\322\267"
 124      10FE4217 
 124      A8C1E022 
 124      0B305CD2 
 124      B7
 125 0144 EA3C9BF2 		.ascii	"\352<\233\362j\215b\217\362\261\370\313\322\313\263"
 125      6A8D628F 
 125      F2B1F8CB 
ARM GAS  C:\Users\ajink\AppData\Local\Temp\ccTFAUD6.s 			page 9


 125      D2CBB3
 126 0153 21B5A510 		.ascii	"!\265\245\020\353\245\256\362\337\267\032o\314\300%"
 126      EBA5AEF2 
 126      DFB71A6F 
 126      CCC025
 127 0162 9479A5F1 		.ascii	"\224y\245\361i\236fp=W\222\246G\006\0362\337#\305\307"
 127      699E6670 
 127      3D5792A6 
 127      47061E32 
 127      DF23C5C7 
 128 0176 3177BA55 		.ascii	"1w\272U\355\031\254\310B\316\351\363\250\013\213\230"
 128      ED19ACC8 
 128      42CEE9F3 
 128      A80B8B98 
 129 0186 C1375E42 		.ascii	"\3017^B\320\226\343O\2477\312dUU|\277G&\036c\020\321"
 129      D096E34F 
 129      A737CA64 
 129      55557CBF 
 129      47261E63 
 130 019c C8761C4F 		.ascii	"\310v\034O`1\225XE\256\371\3025\325\004j\342\026O\301"
 130      60319558 
 130      45AEF9C2 
 130      35D5046A 
 130      E2164FC1 
 131 01b0 CBE32A7D 		.ascii	"\313\343*}\261\230\305o\"\231\032Ke\354!+c[\311x\332"
 131      B198C56F 
 131      22991A4B 
 131      65EC212B 
 131      635BC978 
 132 01c5 B2271296 		.ascii	"\262'\022\226\235\215%DW|\314\316\246N\236\320\325\357"
 132      9D8D2544 
 132      577CCCCE 
 132      A64E9ED0 
 132      D5EF
 133 01d7 D0FFC5A7 		.ascii	"\320\377\305\2472\023Y\333:6:2t\320\032\036>b\215\036"
 133      321359DB 
 133      3A363A32 
 133      74D01A1E 
 133      3E628D1E 
 134 01eb 1D397D80 		.ascii	"\0359}\200\323\217\247\323\343\261\244\370\015\234\230"
 134      D38FA7D3 
 134      E3B1A4F8 
 134      0D9C98
 135 01fa D72A     		.ascii	"\327*"
 136              		.text
 137              		.section	.gnu.lto_stGetAlarm.a3e627,"",%progbits
 138 0000 789C6D4F 		.ascii	"x\234mOMK[A\024\275\347\276\344\031\250\210\264\033"
 138      4D4B5B41 
 138      14BDE7BE 
 138      E419A888 
 138      B41B
 139 0012 09820B0B 		.ascii	"\011\202\013\013\256\314\240\241\377\300MA\335(\270"
 139      AECCA0A1 
 139      FFC04D41 
 139      DD28B8
 140 0021 144D1711 		.ascii	"\024M\027\021\002\021\237\270\315$\204\272\025\025\024"
 140      02119FB8 
ARM GAS  C:\Users\ajink\AppData\Local\Temp\ccTFAUD6.s 			page 10


 140      CD2484BA 
 140      151514
 141 0030 451134F8 		.ascii	"E\0214\370\031?\226m\027\332\202\010\006\0247\025\262"
 141      193F966D 
 141      17DA8208 
 141      06143715 
 141      B2
 142 0041 B0221114 		.ascii	"\260\"\021\024EL\023\320\267\220x'\272\361c\230\341"
 142      454C13D0 
 142      B7907827 
 142      BAF16398 
 142      E1
 143 0052 CE9973E6 		.ascii	"\316\231s\346\336s,z\273\374r\022 \352\222\012\213\300"
 143      DE732C7A 
 143      BBFC7212 
 143      20EA920A 
 143      8BC0
 144 0064 23074471 		.ascii	"#\007Dq\037\003\346B\240\030#\206K\31632g\367\205\312"
 144      1F03E642 
 144      A0182386 
 144      4BCE3332 
 144      67F785CA 
 145 0078 0B7699AA 		.ascii	"\013v\231\252I\340\324\361y\3212\020l\340\257\302\301"
 145      49E0D4F1 
 145      79D13210 
 145      6CE0AFC2 
 145      C1
 146 0089 99DD90D2 		.ascii	"\231\335\220\322:q;\272\035\231\034\237\203\313L\005"
 146      3A713BBA 
 146      1D991C9F 
 146      83CB4C05 
 147 0099 262CC28F 		.ascii	"&,\302\217%\230AXF\203\321\346\223\017\307\037\354\244"
 147      25984158 
 147      4683D1E6 
 147      930FC71F 
 147      ECA4
 148 00ab D6BAFA81 		.ascii	"\326\272\372\201\311\210\204[\201->h\343\343\216.\225"
 148      C988845B 
 148      812D3E68 
 148      E3E38E2E 
 148      95
 149 00bc E667AFB7 		.ascii	"\346g\257\267=\036&\227-\213L#\312\3111\226\316\005"
 149      3D1E2697 
 149      2D8B4C23 
 149      CAC93196 
 149      CE05
 150 00ce 48B5B2F8 		.ascii	"H\265\262\370\363\363G\352j\367\323\213~\247\251RM\271"
 150      F3F347EA 
 150      6AF7D38B 
 150      7EA7A952 
 150      4DB9
 151 00e0 5581F16A 		.ascii	"U\201\361j\022a\025\266\314Y\203}\307&\317Mf\357\273"
 151      126115B6 
 151      CC59837D 
 151      C726CF4D 
 151      66EFBB
 152 00f3 D704F008 		.ascii	"\327\004\360\010\255=F\376/wx\344+?\221\201\023\207"
ARM GAS  C:\Users\ajink\AppData\Local\Temp\ccTFAUD6.s 			page 11


 152      AD3D46FE 
 152      2F7778E4 
 152      2B3F9181 
 152      1387
 153 0105 572B3C83 		.ascii	"W+<\203\351\370\210\366\271\354EZ\222\254\233$\302\335"
 153      E9F888F6 
 153      B9EC455A 
 153      92AC9B24 
 153      C2DD
 154 0117 8DE5D255 		.ascii	"\215\345\322U\215\253:\031\277\335\377\233\371\354\262"
 154      8DAB3A19 
 154      BFDDFF9B 
 154      F9ECB2
 155 0126 8D0DCCE0 		.ascii	"\215\015\314\340\277\330,\017\022\311\357\261b\212U"
 155      BFD82C0F 
 155      12C9EFB1 
 155      628A55
 156 0135 5A243BED 		.ascii	"Z$;\355.W`\023\215\250\367?\363\330\202\242,\022'\303"
 156      2E576013 
 156      8DA8F73F 
 156      F3D882A2 
 156      2C1227C3 
 157 0149 B54F962C 		.ascii	"\265O\226,qE'\210\237.\304L\000y \223\032&\2554\255"
 157      71452788 
 157      9F2EC44C 
 157      00792093 
 157      1A26AD34 
 158 015e 0B0494EC 		.ascii	"\013\004\224\354P\270\257\267/\352\004U\324Q\341\236"
 158      50B8AFB7 
 158      2FEA0455 
 158      D451E19E 
 159 016e 88720642 		.ascii	"\210r\006B\312\031\014\204\350\313\373|\177t`\320Q\035"
 159      CA190C84 
 159      E8CBFB7C 
 159      7F7460D0 
 159      511D
 160 0180 9D6DC166 		.ascii	"\235m\301f\325\332\332\242:\277\266\0155\311\217\356"
 160      D5DADAA2 
 160      3ABFB60D 
 160      35C98FEE 
 161 0190 48E45B20 		.ascii	"H\344[ L\217I\355\251\305"
 161      4C8F49ED 
 161      A9C5
 162              		.text
 163              		.section	.gnu.lto_.symbol_nodes.a3e627,"",%progbits
 164 0000 789C55C8 		.ascii	"x\234U\310\261\015\200 \000D\321\177 \011\333:\3021"
 164      B10D8020 
 164      0044D17F 
 164      2009DB3A 
 164      C231
 165 0012 8213180B 		.ascii	"\202\023\030\013\307\021\324\015\234\304Xh!\257|\021"
 165      C711D40D 
 165      9CC45868 
 165      21AF7C11 
 166 0022 18F9844D 		.ascii	"\030\371\204M\206\251\201\315\274dB\225\325E\223C\027"
 166      86A981CD 
 166      BC644295 
ARM GAS  C:\Users\ajink\AppData\Local\Temp\ccTFAUD6.s 			page 12


 166      D5459343 
 166      17
 167 0033 BB1CBB38 		.ascii	"\273\034\2738\344\341\037:\345\364\006\245d\"\211\365"
 167      E4E11F3A 
 167      E5F406A5 
 167      642289F5 
 168 0043 BAC50322 		.ascii	"\272\305\003\"H\037\376"
 168      481FFE
 169              		.text
 170              		.section	.gnu.lto_.refs.a3e627,"",%progbits
 171 0000 789C6366 		.ascii	"x\234cf```d\200\002\000\000=\000\005"
 171      60606064 
 171      80020000 
 171      3D0005
 172              		.text
 173              		.section	.gnu.lto_.decls.a3e627,"",%progbits
 174 0000 789CB557 		.ascii	"x\234\265WkPTG\026\276}{x\015\003(VL\212\332\252 \331"
 174      6B505447 
 174      16BE7D7B 
 174      780D0328 
 174      564C8ADA 
 175 0017 A2DC94F2 		.ascii	"\242\334\224\362\322\254\331\374\211\356h\031\253b\326"
 175      D2ACD9FC 
 175      89EE6819 
 175      AB62D6
 176 0026 1ADCAA54 		.ascii	"\032\334\252TI\325\004a\214T\361p\231ak\363\357\"\030"
 176      49D50461 
 176      8C54F170 
 176      99616BF3 
 176      EF2218
 177 0039 515410D1 		.ascii	"QT\020\321\010\370\030\005\344\375\364\301\362\020\360"
 177      08F81805 
 177      E4FDF4C1 
 177      F210F0
 178 0048 C5434540 		.ascii	"\305CE@\30072`|\202:\210\012Hd\366t\367\275w\206\311"
 178      C0373260 
 178      7C823A88 
 178      0A4864F6 
 178      74F7BD77 
 179 005e E82655BB 		.ascii	"\350&U\273\2678\334>\335\337\371\372\3649\247o\367`"
 179      B738DC3E 
 179      DDDFF9FA 
 179      F439A76F 
 179      F760
 180 0070 8EE34A11 		.ascii	"\216\343J\021\307Y\340\011\232\315qwy\216s\206\2765"
 180      C759E009 
 180      9ACD7177 
 180      798E7386 
 180      BE35
 181 0082 9CF5217A 		.ascii	"\234\365!z)\310i\220&\2203 \347AZ\270_?\004\207E\373"
 181      29C86990 
 181      26903320 
 181      E7415AB8 
 181      5F3F0487 
 182 0098 569022B1 		.ascii	"V\220\"\261\237\027\307\034\331\020^7\321\306\023D\005"
 182      9F17C71C 
 182      D9105E37 
ARM GAS  C:\Users\ajink\AppData\Local\Temp\ccTFAUD6.s 			page 13


 182      D1C61344 
 182      05
 183 00a9 520B320F 		.ascii	"R\0132\017d\016\3706\033d\030\332=\"\267\012\364ix;"
 183      640EF836 
 183      1B6418DA 
 183      3D22B70A 
 183      F469783B 
 184 00bd 21C64BEC 		.ascii	"!\306K\354?\2006\374q\177D3\271\211\277\012\221[\342"
 184      3F8036FC 
 184      717F4433 
 184      B989BF0A 
 184      915BE2
 185 00d0 223CC8C6 		.ascii	"\"<\310\306\236`\374\355\3548q\235\277\325/$\372\305"
 185      9E60FCED 
 185      EC38719D 
 185      BFD52F24 
 185      FAC5
 186 00e2 8B76F345 		.ascii	"\213v\363E\177\202\354xI\334\\\177'\037\261\011\021"
 186      7F82EC78 
 186      49DC5C7F 
 186      271FB109 
 186      11
 187 00f3 F916DBF1 		.ascii	"\371\026\333\361\215\362\250\266\374e\207\373#\036y"
 187      8DF2A8B6 
 187      FC6587FB 
 187      231E79
 188 0102 2A7D895A 		.ascii	"*}\211Z\227\321\266\337\031T\225RA\324\372\251\241^"
 188      97D1B6DF 
 188      19549552 
 188      41D4FAA9 
 188      A15E
 189 0114 C5877B05 		.ascii	"\305\207{\005x\322\223\204Y\012\264f.*@>\250\020\371"
 189      78D29384 
 189      590AB466 
 189      2E2A403E 
 189      A810F9
 190 0127 006311FA 		.ascii	"\000c\021\372\020\376\257S0&cM\362\013\005\346\021i"
 190      10FEAF53 
 190      3026634D 
 190      F20B05E6 
 190      1169
 191 0139 E7EE1FEC 		.ascii	"\347\356\037\354U.(\006\263\024\241\271\015Y\247{P~"
 191      552E2806 
 191      B314A1B9 
 191      0D59A77B 
 191      507E
 192 014b 3F9BF73D 		.ascii	"?\233\367=$\030+\315\205\0237UB\233\320l\261|I\251P"
 192      24182BCD 
 192      85133755 
 192      429BD06C 
 192      B17C49A9 
 193 0160 31C2A804 		.ascii	"1\302\250\004- H\322\246&\250\024\371\202\331\245\241"
 193      2D2048D2 
 193      A626A814 
 193      F982D9A5 
 193      A1
 194 0171 893115F5 		.ascii	"\2111\025\365r\026a\311\276~\377%\246^\362D\275r\310"
ARM GAS  C:\Users\ajink\AppData\Local\Temp\ccTFAUD6.s 			page 14


 194      721661C9 
 194      BE7EFF25 
 194      A65EF244 
 194      BD72C8
 195 0184 78C20B07 		.ascii	"x\302\013\007\321\231\367^\314Is\302_\320v\372`F\217"
 195      D199F75E 
 195      CC4973C2 
 195      5FD076FA 
 195      60468F
 196 0197 02AB693B 		.ascii	"\002\253i;\361X\375\016\0270\361UR?~\032\2368\341JU"
 196      F158FD0E 
 196      1730F155 
 196      523F7E1A 
 196      9E38E14A 
 197 01ac 8B054307 		.ascii	"\213\005C\007\177\264\277k\320\015\371+\363\300g\363"
 197      7FB4BF6B 
 197      D00DF92B 
 197      F3C067F3 
 198 01bc A17BD7FE 		.ascii	"\241{\327\376 \010\012t\022)Q\225\354\025\265%O\212"
 198      20080A74 
 198      12295195 
 198      EC15B525 
 198      4F8A
 199 01ce 206C1684 		.ascii	" l\026\204$\301\251\320\223Ce\020\216r\010\007:\201"
 199      24C1A9D0 
 199      93436510 
 199      8E720807 
 199      3A81
 200 01e0 FC0141B1 		.ascii	"\374\001A\261\250\032:\217C'\020\037\037z\226\252\224"
 200      A81A3A8F 
 200      4327101F 
 200      1F7A96AA 
 200      94
 201 01f1 889F5ED8 		.ascii	"\210\237^\3305\227\020\327\000q\245\225\030\346y\037"
 201      359710D7 
 201      0071A595 
 201      18E6791F 
 202 0201 F329C7CC 		.ascii	"\363)\307\314g\252z\263\261\304\\T\224\363\001a\256"
 202      67AA7AB3 
 202      B1C45C54 
 202      94F30161 
 202      AE
 203 0212 05E60A2B 		.ascii	"\005\346\012+s\315\373\231\377\355\220\031\235\313\036"
 203      73CDFB99 
 203      FFED9019 
 203      9DCB1E
 204 0221 DCE2A180 		.ascii	"\334\342\241\200\352\241t\353h)\344v\324\027+\337Y\012"
 204      EAA174EB 
 204      6829E476 
 204      D4172BDF 
 204      590A
 205 0233 F5B414EA 		.ascii	"\365\264\024\352\220X\013'\353\272F\224\270\201\025"
 205      90580B27 
 205      EBBA4694 
 205      B88115
 206 0242 83A9F6E9 		.ascii	"\203\251\366\351s7\310\271\011r^\367#\316\022\214\233"
 206      7337C8B9 
ARM GAS  C:\Users\ajink\AppData\Local\Temp\ccTFAUD6.s 			page 15


 206      09725EF7 
 206      23CE128C 
 206      9B
 207 0253 85698B05 		.ascii	"\205i\213\005Q+\324`\223\365\006)\353\247i\326\323R"
 207      512BD460 
 207      93F50629 
 207      EBA769D6 
 207      D352
 208 0265 9F6CE171 		.ascii	"\237l\341q;c\271\224x.\321\231\262\030\353s\235Y\335"
 208      3B63B994 
 208      782ED199 
 208      B218EB73 
 208      9D59DD
 209 0278 D0B269B4 		.ascii	"\320\262i\264!h\224\010\232(Ae\241\271\321\003\3671"
 209      21689408 
 209      9A284165 
 209      A1B9D103 
 209      F731
 210 028a 82AB59F9 		.ascii	"\202\253Y\371{T\214\340\246L@<h\266!h\226\010\316P\202"
 210      7B548CE0 
 210      A64C403C 
 210      68B62168 
 210      9608CE50 
 211 029f 9686BE4E 		.ascii	"\226\206\276NO\333E\223xXW}v\306\006(3M\014\253\260"
 211      4FDB4593 
 211      7858577D 
 211      76C60628 
 211      334D0CAB 
 212 02b4 89CD5632 		.ascii	"\211\315V28\232\255\244\263\231&\357\265X\013\035L\320"
 212      389AADA4 
 212      B39926EF 
 212      B5580B1D 
 212      4CD0
 213 02c6 399B09CF 		.ascii	"9\233\011\317I\023\236\247\023\366dg\234@x\230q\324"
 213      49139EA7 
 213      13F66467 
 213      9C407898 
 213      71D4
 214 02d8 E44C6662 		.ascii	"\344Lfb\302!\230\237\017\217/\335\235\224\236'\230,"
 214      C221989F 
 214      0F8F2FDD 
 214      9D949E27 
 214      982C
 215 02ea 968FD976 		.ascii	"\226\217\331v\271`\303rAbi\241,w\3677oW\250\266\223"
 215      B960C372 
 215      416269A1 
 215      2C77F737 
 215      6F57A8B6 
 216 02ff 9483DB6E 		.ascii	"\224\203\333nm\236\324\300\352w+RQ4\274\311\"\0377\356"
 216      6D9ED4C0 
 216      EA772B52 
 216      5134BCC9 
 216      221F37EE 
 217 0313 629B4B70 		.ascii	"b\233Kp&\323V6\225ls\243\273\353;\242\236\255\335zP"
 217      26D35636 
 217      956C73A3 
 217      BBEB3BA2 
ARM GAS  C:\Users\ajink\AppData\Local\Temp\ccTFAUD6.s 			page 16


 217      9EADDD7A 
 218 0328 81CBF08C 		.ascii	"\201\313\360\214m4\217m\243\201\234\311<7\252\222#\300"
 218      6D348F6D 
 218      A3819CC9 
 218      3C37AA92 
 218      23C0
 219 033a 8B743535 		.ascii	"\213t55N\264(q-\203\357H1\265+\361Y\252\360m\017\204"
 219      4EB42871 
 219      2D83EF48 
 219      31B52BF1 
 219      59AAF06D 
 220 0350 5C4F798B 		.ascii	"\\Oy\213\345\016}\225$,E]\020\320+\326z\235g[\256\314"
 220      E50E7D95 
 220      242C455D 
 220      10D02BD6 
 220      7A9D675B 
 221 0366 774E761C 		.ascii	"wNv\034uB\271\316\023\313\365\022t^f\033\341\302/\215"
 221      7542B9CE 
 221      13CBF512 
 221      745E661B 
 221      E1C22F8D 
 222 037a C94E48E9 		.ascii	"\311NH\351\357\330\350\252\003#\266\031\267d\320\315"
 222      EFD8E8AA 
 222      0323B619 
 222      B764D0CD 
 223 038a D80D2E74 		.ascii	"\330\015.tX]\350\222\266\014\370\377\364l\336\277\224"
 223      585DE892 
 223      B60CF8FF 
 223      F46CDEBF 
 223      94
 224 039b 2964DFFC 		.ascii	")d\337\374&Z\260H\316\262\274\302\270\203-?{\262\242"
 224      265AB048 
 224      CEB2BCC2 
 224      B8832D3F 
 224      7BB2A2
 225 03ae C81D778B 		.ascii	"\310\035w\213JV\353m\005\356cJ\336\336}\245N4\306\256"
 225      4A56EB6D 
 225      05EE634A 
 225      DEDE7DA5 
 225      4E34C6AE 
 226 03c2 344E9DBD 		.ascii	"4N\235\275in\370\026\033;\2269\276\315\013\0170E\372"
 226      696EF816 
 226      1B3B9639 
 226      BECD0B0F 
 226      3045FA
 227 03d5 F2A9D897 		.ascii	"\362\251\330\227or\252\367&\217\207\330\330\305k\203"
 227      6F72AAF7 
 227      268F87D8 
 227      D8C56B83 
 228 03e5 479DF003 		.ascii	"G\235\360\003\246d\215_n\361\242\300\217\210:\236\223"
 228      A6648D5F 
 228      6EF1A2C0 
 228      8F883A9E 
 228      93
 229 03f6 94E48547 		.ascii	"\224\344\205G\330\230\261\340\255\305\023\277`\212\364"
 229      D898B1E0 
 229      ADC513BF 
ARM GAS  C:\Users\ajink\AppData\Local\Temp\ccTFAUD6.s 			page 17


 229      608AF4
 230 0405 C557B12F 		.ascii	"\305W\261/\376\2013O\272=\3608\033\033\033\332<\215"
 230      FE81334F 
 230      BA3DF038 
 230      1B1B1BDA 
 230      3C8D
 231 0417 F014530A 		.ascii	"\360\024S\012\207\256dxP\340|\242\036\316\234Tc\013"
 231      87AE6478 
 231      50E07CA2 
 231      1ECE9C54 
 231      630B
 232 0429 1BAA1B4D 		.ascii	"\033\252\033M}\351\212\223\024T\031\030\0378\353BqA"
 232      7DE98A93 
 232      14541918 
 232      1F38EB42 
 232      7141
 233 043b F40BDC70 		.ascii	"\364\013\334p \303\215\225\023\035\336U\2367\306\034"
 233      20C38D95 
 233      131DDE55 
 233      9E37C61C 
 234 044b C394F5C8 		.ascii	"\303\224\365\310\235\313\230\304T\220jSe\273\245\036"
 234      9DCB98C4 
 234      54906A53 
 234      65BBA51E 
 235 045b 93E8A3F9 		.ascii	"\223\350\243\371>\350\021\213\347\301\341\256b/\357"
 235      3EE8118B 
 235      E7C1E1AE 
 235      622FEF
 236 046a 740A1704 		.ascii	"t\012\027\004_\003\315\326C\200\337\242\360'\310[2\242"
 236      5F03CDD6 
 236      4380DFA2 
 236      F027C85B 
 236      32A2
 237 047c 9FF5BE42 		.ascii	"\237\365\276B\263\213-\272\347}\350\355\3732[\020\336"
 237      B38B2DBA 
 237      E77DE8ED 
 237      FB325B10 
 237      DE
 238 048d CA56D197 		.ascii	"\312V\321\227\370\340\032\217S\231R\235\233\177\212"
 238      F8E01A8F 
 238      5399529D 
 238      9B7F8A
 239 049c 6D81A574 		.ascii	"m\201\245t\011\327\273\373\\p:\033\253\255J\237\364"
 239      09D7BBFB 
 239      5C703A1B 
 239      ABAD4A9F 
 239      F4
 240 04ad A4635F11 		.ascii	"\244c_\021\265\375\344\316f%\316dcoK~\236\340q\026S"
 240      B5FDE4CE 
 240      6625CE64 
 240      636F4B7E 
 240      9EE07116 
 241 04c2 1E368E08 		.ascii	"\0366\216\010<\005\256!\352\335\247;\007\\\361\201\231"
 241      3C05AE21 
 241      EADDA73B 
 241      075CF181 
 241      99
ARM GAS  C:\Users\ajink\AppData\Local\Temp\ccTFAUD6.s 			page 18


 242 04d3 1378B209 		.ascii	"\023x\262\011\266\247VY\\\336\035\224\327RP\376Dc\222"
 242      B6A75659 
 242      5CDE1D94 
 242      D75250FE 
 242      446392
 243 04e6 7830DF84 		.ascii	"x0\337\204\305U\032\245\230\274\002\364u\212\036\247"
 243      C5551AA5 
 243      98BC02F4 
 243      758A1EA7 
 244 04f6 AB7C2DAD 		.ascii	"\253|-\255r\364Fr\247\273-\272\347}\350\216\327\205"
 244      72F44672 
 244      A7BB2DBA 
 244      E77DE88E 
 244      D785
 245 0508 079DF151 		.ascii	"\007\235\361Q\346eJC\3461\026\206oA\235{\273sk\205\007"
 245      E6654A43 
 245      E6311686 
 245      6F419D7B 
 245      BB736B85 
 246 051d F263CF1C 		.ascii	"\362c\317\034?\233\307\337\317($'\231;\253\214Kj\253"
 246      3F9BC7DF 
 246      CF282427 
 246      993BAB8C 
 246      4B6AAB
 247 0530 85E6644C 		.ascii	"\205\346dL'y\001\233j3?\307\272g\306\350\214\237\302"
 247      2779019B 
 247      6A333FC7 
 247      BA67C6E8 
 247      8C9FC2
 248 0543 3F8EE08D 		.ascii	"?\216\340\215\003e\316mA\024:j\0175Sh\001\222\261\235"
 248      0365CE6D 
 248      41143A6A 
 248      0F355368 
 248      0192B19D 
 249 0557 3276C01E 		.ascii	"2v\300\036k\262\243\275$Co\332Co\331Ao\311\320\237\355"
 249      6BB2A3BD 
 249      24436FDA 
 249      436FD941 
 249      6FC9D09F 
 250 056c A1F7EC3D 		.ascii	"\241\367\354=\270\"c\357\332c\373\355\261\0352\366\216"
 250      B82263EF 
 250      DA63FBED 
 250      B11D32F6 
 250      8E
 251 057d 632C7561 		.ascii	"c,ua\267X\250K\015\034j\203\361v:D\320\360YAi\274?J"
 251      B758A84B 
 251      0D1C6A83 
 251      F1763A44 
 251      D0F05941 
 252 0595 E6FD5012 		.ascii	"\346\375P\022\310v\220- \323\310\017\245\302;\021D\000"
 252      C876902D 
 252      20D3C80F 
 252      A5C23B11 
 252      4400
 253 05a7 790BFA56 		.ascii	"y\013\372Vx\357\002\261@;\005\336;@v\202\374\010\362"
 253      78EF02B1 
 253      403B05DE 
ARM GAS  C:\Users\ajink\AppData\Local\Temp\ccTFAUD6.s 			page 19


 253      3B407682 
 253      FC08F2
 254 05ba 0BF44D81 		.ascii	"\013\364M\201\244C{\033\357G\277k\324\3016\331\301>"
 254      A4437B1B 
 254      EF47BF6B 
 254      D4C136D9 
 254      C13E
 255 05cc 7B07E7DB 		.ascii	"{\007\347\333\255\245I\206\366:\204Z\243yQF\336\260"
 255      ADA54986 
 255      F63A845A 
 255      A3795146 
 255      DEB0
 256 05de 475EB78F 		.ascii	"G^\267\217\320]\031\373\334q\356\255\2647d\350\240\343"
 256      D05D19FB 
 256      DC71EEAD 
 256      B43764E8 
 256      A0E3
 257 05f0 D4DBD0DE 		.ascii	"\324\333\320\336\226\261\367\355\261\017f\320&\032\237"
 257      96B1F7ED 
 257      B10F66D0 
 257      261A9F
 258 05ff 2C04E404 		.ascii	",\004\344\004\362F\223\"R\332\024\350\215\235\003\355"
 258      F2469322 
 258      52DA14E8 
 258      8D9D03ED 
 259 060f 32E935C7 		.ascii	"2\3515\307\353\262B/\313\320\333\216kO\3665\321x\207"
 259      EBB2422F 
 259      CBD0DB8E 
 259      6B4FF635 
 259      D17887
 260 0622 38300C0E 		.ascii	"80\014\016\214\210P\351K%\272j\263\254~\231\366\251"
 260      8C8850E9 
 260      4B25BA6A 
 260      B3AC7E99 
 260      F6A9
 261 0634 3DED337B 		.ascii	"=\3553{\354M\031;\344\270\246\251\267\344\01045\226"
 261      EC4D193B 
 261      E4B8A6A9 
 261      B7E40834 
 261      3596
 262 0646 390B8840 		.ascii	"9\013\210@8\351*\301\311%bz\\v\005\356-\214\351\245"
 262      38E92AC1 
 262      C925627A 
 262      5C7605EE 
 262      2D8CE9A5 
 263 065a E3ADCC66 		.ascii	"\343\255\314f\205#\270\325\\;\215\321\034\177G\025\215"
 263      8523B8D5 
 263      5C3B8DD1 
 263      1C7F4715 
 263      8D
 264 066b 32A090FF 		.ascii	"2\240\220\377\337EM\2273\034\343\212v\303D\027\255\247"
 264      DF454D97 
 264      331CE38A 
 264      76C34417 
 264      ADA7
 265 067d 39599B74 		.ascii	"9Y\233t\232\237>\3342\3522\343Z\264\333fI\034\332\303"
 265      9A9F3EDC 
ARM GAS  C:\Users\ajink\AppData\Local\Temp\ccTFAUD6.s 			page 20


 265      32EA32E3 
 265      5AB4DB66 
 265      491CDAC3 
 266 0691 B36B11BC 		.ascii	"\263k\021\274\001\275\357\344\303Plb\037\302\344\347"
 266      01BDEFE4 
 266      C3506C62 
 266      1FC2E4E7 
 267 06a1 E38F3CE1 		.ascii	"\343\217<\341&\326\\i~^R\020\236\221$\260\233\230\321"
 267      26D65C69 
 267      7E5E5210 
 267      9E9124B0 
 267      9B98D1
 268 06b4 95DE2033 		.ascii	"\225\336 3y\353U\014\332\354*\266\227'W\261\266\222"
 268      79EB550C 
 268      DAEC2AB6 
 268      972757B1 
 268      B692
 269 06c6 83DFE131 		.ascii	"\203\337\3411\312\242\270w\240\362\224\027\362\367\361"
 269      CAA2B877 
 269      A0F29417 
 269      F2F7F1
 270 06d5 A157A014 		.ascii	"\241W\240\024\270\375d\363J\264O4`\317~\350\237\370"
 270      B8FD64F3 
 270      4AB44F34 
 270      60CF7EE8 
 270      9FF8
 271 06e7 920C40D3 		.ascii	"\222\014@\323\225\276\351\265\306\234!\340\2178\264"
 271      95BEE9B5 
 271      C69C21E0 
 271      8F38B4
 272 06f6 809E01E8 		.ascii	"\200\236\001\350'\210\"\031\342P\026\357\203\366\363"
 272      27882219 
 272      E25016EF 
 272      83F6F3
 273 0705 F45818DA 		.ascii	"\364X\030\3323\272\315I)\242S\376\033:'\375j\026\273"
 273      33BACD49 
 273      29A253FE 
 273      1B3A27FD 
 273      6A16BB
 274 0718 F56D24EA 		.ascii	"\365m$\352H\265\261\305\225~\352=\350\365a\213y\233"
 274      48B5B1C5 
 274      957EEA3D 
 274      E8F5618B 
 274      799B
 275 072a 92AA2AAA 		.ascii	"\222\252*\252\276(\231R\274\373|:\314\213\347\323!\306"
 275      BE289952 
 275      BCFB7C3A 
 275      CC8BE7D3 
 275      21C6
 276 073c 7D39EDC2 		.ascii	"}9\355\302\015\225\365\030Ft\235\007`\356\203<\201\033"
 276      0D95F518 
 276      46749D07 
 276      60EE833C 
 276      811B
 277 074e 796FC988 		.ascii	"yo\311\210^\225\037\235\254\340m\3219\357C\337\317\330"
 277      5E951F9D 
 277      ACE06DD1 
ARM GAS  C:\Users\ajink\AppData\Local\Temp\ccTFAUD6.s 			page 21


 277      39EF43DF 
 277      CFD8
 278 0760 6BC67882 		.ascii	"k\306x\202\345\245\365a\217\017Nt\242m\363\233\211G"
 278      E5A5F561 
 278      8F0F4E74 
 278      A26DF39B 
 278      8947
 279 0772 2E9F1C11 		.ascii	".\237\034\021\272\214\346\302\306\026\224\230n\002:"
 279      BA8CE6C2 
 279      C6169498 
 279      6E023A
 280 0781 72C74747 		.ascii	"r\307GGxot\024R\004\277*lxsI\334\3211\304s(\217\377"
 280      786F7414 
 280      5204BF2A 
 280      6C787349 
 280      DCD131C4 
 281 0799 84FCC279 		.ascii	"\204\374\302yUS\343\204\323\030[m\366\341\255^R\306"
 281      5553E384 
 281      D3185B6D 
 281      F6E1AD5E 
 281      52C6
 282 07ab CB67649C 		.ascii	"\313gd\234\334\245\363m2\236/e\374\030\315x\177wq\261"
 282      DCA5F36D 
 282      329E2F65 
 282      FC18CD78 
 282      7F7771B1 
 283 07bf 273EC268 		.ascii	"'>\302h\236\245\344\327\363\224\306\330\221\317~t4"
 283      9EA5E4D7 
 283      F394C6D8 
 283      91CF7E74 
 283      34
 284 07d0 09F368D1 		.ascii	"\011\363h\321\024\330P\024H\024\205\224B:w=\351\271"
 284      14D85014 
 284      48148594 
 284      423A773D 
 284      E9B9
 285 07e2 8B1EA617 		.ascii	"\213\036\246\027V\260;\240;Qw\276\031\355`\027\020%"
 285      56B03BA0 
 285      3B5177BE 
 285      19ED6017 
 285      1025
 286 07f4 51DF4CB6 		.ascii	"Q\337L\266&:\277;7\245RnJXn\332\222\213;=\354sS\004"
 286      263ABF3B 
 286      37A5526E 
 286      4A586EDA 
 286      928B3B3D 
 287 080c 5129A651 		.ascii	"Q)\246Q)\243\321.\225\242==bi\367\262\317\315;\321\231"
 287      29A3D12E 
 287      95A23D3D 
 287      6269F7B2 
 287      CFCD3BD1 
 288 0821 97FAA714 		.ascii	"\227\372\247\024\270\232-\275\270\242<_!\346\343T\253"
 288      B89A2DBD 
 288      B8A23C5F 
 288      21E6E354 
 288      AB
 289 0832 6D3ECAC5 		.ascii	"m>\312\305|\300o,\033\256\012k>*i>\332\214\343\375^"
ARM GAS  C:\Users\ajink\AppData\Local\Temp\ccTFAUD6.s 			page 22


 289      7CC06F2C 
 289      1BAE0A6B 
 289      3E2A693E 
 289      DA8CE3FD 
 290 0847 B899B1E5 		.ascii	"\270\231\261\345\017\246\0248I\371\250[\265\307&\037"
 290      0FA61438 
 290      49F9A85B 
 290      B5C7261F 
 291 0857 E4275595 		.ascii	"\344'U\225M0\253\244`V\323`\226\336\033\271\345\206"
 291      4D30ABA4 
 291      6056D360 
 291      96DE1BB9 
 291      E586
 292 0869 BB19CDD4 		.ascii	"\273\031\315\324Xw\277\273\350\324k\207N\235\237\341"
 292      5877BFBB 
 292      E8D46B87 
 292      4E9D9FE1 
 293 0879 D471AB53 		.ascii	"\324q\253S'\370O8g\275aUl\224\301y\3457\177\367Us\037"
 293      27F84F38 
 293      67BD6155 
 293      6C94C179 
 293      E5377FF7 
 294 0890 070404C2 		.ascii	"\007\004\004\302_\304\306\250\365Qq\372E\201q\372\300"
 294      5FC4C6A8 
 294      F55171FA 
 294      458171FA 
 294      C0
 295 08a1 8DE1D181 		.ascii	"\215\341\321\201\372\370\210@\275! \202s\323\377\240"
 295      FAF88840 
 295      BD212082 
 295      73D3FFA0 
 296 08b1 3744C5E8 		.ascii	"7D\305\350\264\006\327\204\250XC\360\237\265\006\245"
 296      B406D784 
 296      A85843F0 
 296      9FB506A5 
 297 08c1 562B3537 		.ascii	"V+57D|\021FM\365\206\204\310\250\2700C\\\\\264>\354"
 297      447C1146 
 297      4DF58684 
 297      C8A8B830 
 297      435C5CB4 
 298 08d7 FBD8045F 		.ascii	"\373\330\004_\332\362\015\217\217\361\325\305\254\327"
 298      DAF20D8F 
 298      8FF1D5C5 
 298      ACD7
 299 08e5 4546EA22 		.ascii	"EF\352\"\303\026\007\374\3057$(\370\263\177,\012\203"
 299      C31607FC 
 299      C5372428 
 299      F8B37F2C 
 299      0A83
 300 08f7 FE85B171 		.ascii	"\376\205\261q\261\272\205\272\360\365QaQ\261\021\321"
 300      B1BA85BA 
 300      F0F55161 
 300      51B111D1 
 301 0907 0991BAB0 		.ascii	"\011\221\272\260\230p\340\212\325\205i#u\033\302\023"
 301      9870E08A 
 301      D5856923 
 301      751BC213 
ARM GAS  C:\Users\ajink\AppData\Local\Temp\ccTFAUD6.s 			page 23


 302 0917 A20D5AC3 		.ascii	"\242\015Z\303\017\233t\372\200\215\334\272\377\3514"
 302      0F9B74FA 
 302      808DDCBA 
 302      FFE934
 303 0926 B0A230AD 		.ascii	"\260\2420\255\336\020\011k\000\356O\177\035\200xC\240"
 303      DE10096B 
 303      00EE4F7F 
 303      1D807843 
 303      A0
 304 0937 88856EB2 		.ascii	"\210\205n\262~\321\015\225\336\020j\010\2177,\213\006"
 304      7ED10D95 
 304      DE106A08 
 304      8F372C8B 
 304      06
 305 0948 6277A2C4 		.ascii	"bw\242\304m\242m%\264u\006\251\271R'#\264\321\321\221"
 305      6DA26D25 
 305      B47506A9 
 305      B9522723 
 305      B4D1D191 
 306 095c DA2888F6 		.ascii	"\332(\210\366g\216\303\274).\336\240\017\014]\273zQ"
 306      678EC3BC 
 306      292EDEA0 
 306      0F0C5DBB 
 306      7A51
 307 096e 48E0D75F 		.ascii	"H\340\327_/\017\\\273j\365?\203\003\231\035L\010\014"
 307      2F0F5CBB 
 307      6AF53F83 
 307      03991D4C 
 307      080C
 308 0980 318B42B4 		.ascii	"1\213B\264\020\1771\374D\021\303O\232X\255\011\006\011"
 308      107F31FC 
 308      4411C34F 
 308      9A58AD09 
 308      0609
 309 0992 5184AE56 		.ascii	"Q\204\256Vk\024\313W\255\320\360\241\032\274b\245\306"
 309      6B14CB57 
 309      ADD0F0A1 
 309      1ABC62A5 
 309      C6
 310 09a3 49AD5EAD 		.ascii	"I\255^\255\011\246\377C\024j\365\012\015V\177\263\026"
 310      09A6FF43 
 310      146AF50A 
 310      0D567FB3 
 310      16
 311 09b4 AF0955E3 		.ascii	"\257\011U\343e\032\015\326\250A\007\203\277._\253\301"
 311      651A0DD6 
 311      A8410783 
 311      BF2E5FAB 
 311      C1
 312 09c5 CB89E5EA 		.ascii	"\313\211\345\352e\032\376o\314j\021\340\277\325|\376"
 312      651AFE6F 
 312      CC6A11E0 
 312      BFD57CFE 
 313 09d5 FBFC15BD 		.ascii	"\373\374\025\275\004\227\275\305E\353I\240\264\341$"
 313      0497BDC5 
 313      45EB49A0 
 313      B4E124
ARM GAS  C:\Users\ajink\AppData\Local\Temp\ccTFAUD6.s 			page 24


 314 09e4 0E8A888D 		.ascii	"\016\212\210\215\341\361\256Z\355\206\204\330\010\255"
 314      E1F1AE5A 
 314      ED8684D8 
 314      08AD
 315 09f2 D6436A04 		.ascii	"\326Cj\004,\011\012Z2[\206\307mb\350YR\217N4\2675\010"
 315      2C090A5A 
 315      325B86C7 
 315      6D62E859 
 315      528F4E34 
 316 0a09 5E2C0D7F 		.ascii	"^,\015\177\357p\370\363\377\000\255\364\034\342"
 316      EF70F8F3 
 316      FF00ADF4 
 316      1CE2
 317              		.text
 318              		.section	.gnu.lto_.symtab.a3e627,"",%progbits
 319 0000 7374496E 		.ascii	"stInit\000\000\000\000\000\000\000\000\000\000\000\000"
 319      69740000 
 319      00000000 
 319      00000000 
 319      0000
 320 0012 AC000000 		.ascii	"\254\000\000\000stStartAlarm\000\000\000\000\000\000"
 320      73745374 
 320      61727441 
 320      6C61726D 
 320      00000000 
 321 0028 00000000 		.ascii	"\000\000\000\000\000\000\275\000\000\000stStopAlarm"
 321      0000BD00 
 321      00007374 
 321      53746F70 
 321      416C6172 
 322 003d 00000000 		.ascii	"\000\000\000\000\000\000\000\000\000\000\000\000\277"
 322      00000000 
 322      00000000 
 322      BF
 323 004a 00000073 		.ascii	"\000\000\000stSetAlarm\000\000\000\000\000\000\000\000"
 323      74536574 
 323      416C6172 
 323      6D000000 
 323      00000000 
 324 005f 00000000 		.ascii	"\000\000\000\000\301\000\000\000stGetAlarm\000\000\000"
 324      C1000000 
 324      73744765 
 324      74416C61 
 324      726D0000 
 325 0074 00000000 		.ascii	"\000\000\000\000\000\000\000\000\000\304\000\000\000"
 325      00000000 
 325      00C40000 
 325      00
 326 0081 73745F6C 		.ascii	"st_lld_init\000\000\002\000\000\000\000\000\000\000"
 326      6C645F69 
 326      6E697400 
 326      00020000 
 326      00000000 
 327 0096 0000C600 		.ascii	"\000\000\306\000\000\000"
 327      0000
 328              		.text
 329              		.section	.gnu.lto_.opts,"",%progbits
ARM GAS  C:\Users\ajink\AppData\Local\Temp\ccTFAUD6.s 			page 25


 330 0000 272D666E 		.ascii	"'-fno-trapv' '-mcpu=cortex-m3' '-mno-thumb-interwor"
 330      6F2D7472 
 330      61707627 
 330      20272D6D 
 330      6370753D 
 331 0033 6B272027 		.ascii	"k' '-mthumb' '-ggdb' '-O2' '-fomit-frame-pointer' '"
 331      2D6D7468 
 331      756D6227 
 331      20272D67 
 331      67646227 
 332 0066 2D66616C 		.ascii	"-falign-functions=16' '-ffunction-sections' '-fdata"
 332      69676E2D 
 332      66756E63 
 332      74696F6E 
 332      733D3136 
 333 0099 2D736563 		.ascii	"-sections' '-fno-common' '-flto'\000"
 333      74696F6E 
 333      73272027 
 333      2D666E6F 
 333      2D636F6D 
 334              		.text
 335              		.comm	__gnu_lto_v1,1,1
 336              		.comm	__gnu_lto_slim,1,1
 337              		.ident	"GCC: (GNU Tools for ARM Embedded Processors) 4.9.3 20150529 (release) [ARM/embedded-4_9-br
ARM GAS  C:\Users\ajink\AppData\Local\Temp\ccTFAUD6.s 			page 26


DEFINED SYMBOLS
                            *ABS*:00000000 st.c
                            *COM*:00000001 __gnu_lto_v1
                            *COM*:00000001 __gnu_lto_slim

NO UNDEFINED SYMBOLS
